[2026-04-06T02:17:07.569+0000] {taskinstance.py:1957} INFO - Dependencies all met for dep_context=non-requeueable deps ti=<TaskInstance: market_intelligence_pipeline.bronze_to_silver manual__2026-04-06T02:12:02.840004+00:00 [queued]>
[2026-04-06T02:17:07.571+0000] {taskinstance.py:1957} INFO - Dependencies all met for dep_context=requeueable deps ti=<TaskInstance: market_intelligence_pipeline.bronze_to_silver manual__2026-04-06T02:12:02.840004+00:00 [queued]>
[2026-04-06T02:17:07.571+0000] {taskinstance.py:2171} INFO - Starting attempt 2 of 2
[2026-04-06T02:17:07.575+0000] {taskinstance.py:2192} INFO - Executing <Task(BashOperator): bronze_to_silver> on 2026-04-06 02:12:02.840004+00:00
[2026-04-06T02:17:07.577+0000] {standard_task_runner.py:60} INFO - Started process 185 to run task
[2026-04-06T02:17:07.578+0000] {standard_task_runner.py:87} INFO - Running: ['***', 'tasks', 'run', 'market_intelligence_pipeline', 'bronze_to_silver', 'manual__2026-04-06T02:12:02.840004+00:00', '--job-id', '81', '--raw', '--subdir', 'DAGS_FOLDER/***/dags/market_intelligence_dag.py', '--cfg-path', '/tmp/tmpgjea23ox']
[2026-04-06T02:17:07.579+0000] {standard_task_runner.py:88} INFO - Job 81: Subtask bronze_to_silver
[2026-04-06T02:17:07.594+0000] {task_command.py:423} INFO - Running <TaskInstance: market_intelligence_pipeline.bronze_to_silver manual__2026-04-06T02:12:02.840004+00:00 [running]> on host 2232e66fe841
[2026-04-06T02:17:07.615+0000] {taskinstance.py:2481} INFO - Exporting env vars: AIRFLOW_CTX_DAG_OWNER='andres' AIRFLOW_CTX_DAG_ID='market_intelligence_pipeline' AIRFLOW_CTX_TASK_ID='bronze_to_silver' AIRFLOW_CTX_EXECUTION_DATE='2026-04-06T02:12:02.840004+00:00' AIRFLOW_CTX_TRY_NUMBER='2' AIRFLOW_CTX_DAG_RUN_ID='manual__2026-04-06T02:12:02.840004+00:00'
[2026-04-06T02:17:07.616+0000] {subprocess.py:63} INFO - Tmp dir root location: /tmp
[2026-04-06T02:17:07.616+0000] {subprocess.py:75} INFO - Running command: ['/usr/bin/bash', '-c', 'cd /opt/***/dags && python3 spark/bronze_to_silver.py']
[2026-04-06T02:17:07.619+0000] {subprocess.py:86} INFO - Output:
[2026-04-06T02:17:07.799+0000] {subprocess.py:93} INFO - Traceback (most recent call last):
[2026-04-06T02:17:07.799+0000] {subprocess.py:93} INFO -   File "spark/bronze_to_silver.py", line 96, in <module>
[2026-04-06T02:17:07.800+0000] {subprocess.py:93} INFO -     def transform_yahoo(df: pd.DataFrame) -> tuple[pd.DataFrame, pd.DataFrame]:
[2026-04-06T02:17:07.802+0000] {subprocess.py:93} INFO - TypeError: 'type' object is not subscriptable
[2026-04-06T02:17:07.822+0000] {subprocess.py:97} INFO - Command exited with return code 1
[2026-04-06T02:17:07.826+0000] {taskinstance.py:2699} ERROR - Task failed with exception
Traceback (most recent call last):
  File "/home/airflow/.local/lib/python3.8/site-packages/airflow/models/taskinstance.py", line 433, in _execute_task
    result = execute_callable(context=context, **execute_callable_kwargs)
  File "/home/airflow/.local/lib/python3.8/site-packages/airflow/operators/bash.py", line 212, in execute
    raise AirflowException(
airflow.exceptions.AirflowException: Bash command failed. The command returned a non-zero exit code 1.
[2026-04-06T02:17:07.828+0000] {taskinstance.py:1138} INFO - Marking task as FAILED. dag_id=market_intelligence_pipeline, task_id=bronze_to_silver, execution_date=20260406T021202, start_date=20260406T021707, end_date=20260406T021707
[2026-04-06T02:17:07.831+0000] {standard_task_runner.py:107} ERROR - Failed to execute job 81 for task bronze_to_silver (Bash command failed. The command returned a non-zero exit code 1.; 185)
[2026-04-06T02:17:07.840+0000] {local_task_job_runner.py:234} INFO - Task exited with return code 1
[2026-04-06T02:17:07.848+0000] {taskinstance.py:3281} INFO - 0 downstream tasks scheduled from follow-on schedule check
