[2026-04-01T22:36:38.211+0000] {taskinstance.py:1957} INFO - Dependencies all met for dep_context=non-requeueable deps ti=<TaskInstance: market_intelligence_pipeline.ingest_fred_macro scheduled__2026-03-31T18:00:00+00:00 [queued]>
[2026-04-01T22:36:38.218+0000] {taskinstance.py:1957} INFO - Dependencies all met for dep_context=requeueable deps ti=<TaskInstance: market_intelligence_pipeline.ingest_fred_macro scheduled__2026-03-31T18:00:00+00:00 [queued]>
[2026-04-01T22:36:38.218+0000] {taskinstance.py:2171} INFO - Starting attempt 1 of 2
[2026-04-01T22:36:38.223+0000] {taskinstance.py:2192} INFO - Executing <Task(BashOperator): ingest_fred_macro> on 2026-03-31 18:00:00+00:00
[2026-04-01T22:36:38.225+0000] {standard_task_runner.py:60} INFO - Started process 196 to run task
[2026-04-01T22:36:38.227+0000] {standard_task_runner.py:87} INFO - Running: ['***', 'tasks', 'run', 'market_intelligence_pipeline', 'ingest_fred_macro', 'scheduled__2026-03-31T18:00:00+00:00', '--job-id', '5', '--raw', '--subdir', 'DAGS_FOLDER/market_intelligence_dag.py', '--cfg-path', '/tmp/tmpoy_hxdrn']
[2026-04-01T22:36:38.228+0000] {standard_task_runner.py:88} INFO - Job 5: Subtask ingest_fred_macro
[2026-04-01T22:36:38.249+0000] {task_command.py:423} INFO - Running <TaskInstance: market_intelligence_pipeline.ingest_fred_macro scheduled__2026-03-31T18:00:00+00:00 [running]> on host be716571b38f
[2026-04-01T22:36:38.279+0000] {taskinstance.py:2481} INFO - Exporting env vars: AIRFLOW_CTX_DAG_OWNER='andres' AIRFLOW_CTX_DAG_ID='market_intelligence_pipeline' AIRFLOW_CTX_TASK_ID='ingest_fred_macro' AIRFLOW_CTX_EXECUTION_DATE='2026-03-31T18:00:00+00:00' AIRFLOW_CTX_TRY_NUMBER='1' AIRFLOW_CTX_DAG_RUN_ID='scheduled__2026-03-31T18:00:00+00:00'
[2026-04-01T22:36:38.280+0000] {subprocess.py:63} INFO - Tmp dir root location: /tmp
[2026-04-01T22:36:38.280+0000] {subprocess.py:75} INFO - Running command: ['/usr/bin/bash', '-c', 'cd /opt/*** && /opt/***/dbt-env/bin/python3 ingestion/fred_macro.py']
[2026-04-01T22:36:38.285+0000] {subprocess.py:86} INFO - Output:
[2026-04-01T22:36:38.285+0000] {subprocess.py:93} INFO - /usr/bin/bash: line 1: /opt/***/dbt-env/bin/python3: No such file or directory
[2026-04-01T22:36:38.286+0000] {subprocess.py:97} INFO - Command exited with return code 127
[2026-04-01T22:36:38.290+0000] {taskinstance.py:2699} ERROR - Task failed with exception
Traceback (most recent call last):
  File "/home/airflow/.local/lib/python3.8/site-packages/airflow/models/taskinstance.py", line 433, in _execute_task
    result = execute_callable(context=context, **execute_callable_kwargs)
  File "/home/airflow/.local/lib/python3.8/site-packages/airflow/operators/bash.py", line 212, in execute
    raise AirflowException(
airflow.exceptions.AirflowException: Bash command failed. The command returned a non-zero exit code 127.
[2026-04-01T22:36:38.292+0000] {taskinstance.py:1138} INFO - Marking task as UP_FOR_RETRY. dag_id=market_intelligence_pipeline, task_id=ingest_fred_macro, execution_date=20260331T180000, start_date=20260401T223638, end_date=20260401T223638
[2026-04-01T22:36:38.297+0000] {standard_task_runner.py:107} ERROR - Failed to execute job 5 for task ingest_fred_macro (Bash command failed. The command returned a non-zero exit code 127.; 196)
[2026-04-01T22:36:38.326+0000] {local_task_job_runner.py:234} INFO - Task exited with return code 1
[2026-04-01T22:36:38.337+0000] {taskinstance.py:3281} INFO - 0 downstream tasks scheduled from follow-on schedule check
