[2026-04-06T02:12:04.210+0000] {taskinstance.py:1957} INFO - Dependencies all met for dep_context=non-requeueable deps ti=<TaskInstance: market_intelligence_pipeline.ingest_fred_macro manual__2026-04-06T02:12:02.840004+00:00 [queued]>
[2026-04-06T02:12:04.216+0000] {taskinstance.py:1957} INFO - Dependencies all met for dep_context=requeueable deps ti=<TaskInstance: market_intelligence_pipeline.ingest_fred_macro manual__2026-04-06T02:12:02.840004+00:00 [queued]>
[2026-04-06T02:12:04.217+0000] {taskinstance.py:2171} INFO - Starting attempt 1 of 2
[2026-04-06T02:12:04.223+0000] {taskinstance.py:2192} INFO - Executing <Task(BashOperator): ingest_fred_macro> on 2026-04-06 02:12:02.840004+00:00
[2026-04-06T02:12:04.225+0000] {standard_task_runner.py:60} INFO - Started process 74 to run task
[2026-04-06T02:12:04.227+0000] {standard_task_runner.py:87} INFO - Running: ['***', 'tasks', 'run', 'market_intelligence_pipeline', 'ingest_fred_macro', 'manual__2026-04-06T02:12:02.840004+00:00', '--job-id', '78', '--raw', '--subdir', 'DAGS_FOLDER/***/dags/market_intelligence_dag.py', '--cfg-path', '/tmp/tmpb2d5r69s']
[2026-04-06T02:12:04.228+0000] {standard_task_runner.py:88} INFO - Job 78: Subtask ingest_fred_macro
[2026-04-06T02:12:04.248+0000] {task_command.py:423} INFO - Running <TaskInstance: market_intelligence_pipeline.ingest_fred_macro manual__2026-04-06T02:12:02.840004+00:00 [running]> on host 2232e66fe841
[2026-04-06T02:12:04.275+0000] {taskinstance.py:2481} INFO - Exporting env vars: AIRFLOW_CTX_DAG_OWNER='andres' AIRFLOW_CTX_DAG_ID='market_intelligence_pipeline' AIRFLOW_CTX_TASK_ID='ingest_fred_macro' AIRFLOW_CTX_EXECUTION_DATE='2026-04-06T02:12:02.840004+00:00' AIRFLOW_CTX_TRY_NUMBER='1' AIRFLOW_CTX_DAG_RUN_ID='manual__2026-04-06T02:12:02.840004+00:00'
[2026-04-06T02:12:04.276+0000] {subprocess.py:63} INFO - Tmp dir root location: /tmp
[2026-04-06T02:12:04.276+0000] {subprocess.py:75} INFO - Running command: ['/usr/bin/bash', '-c', 'cd /opt/***/dags && python3 ingestion/fred_macro.py']
[2026-04-06T02:12:04.281+0000] {subprocess.py:86} INFO - Output:
[2026-04-06T02:12:04.793+0000] {subprocess.py:93} INFO - 2026-04-06 02:12:04,793 | INFO | ============================================================
[2026-04-06T02:12:04.796+0000] {subprocess.py:93} INFO - 2026-04-06 02:12:04,793 | INFO | Starting FRED macro ingestion
[2026-04-06T02:12:04.797+0000] {subprocess.py:93} INFO - 2026-04-06 02:12:04,793 | INFO | Indicators: ['FEDFUNDS', 'CPIAUCSL', 'GS10', 'UNRATE', 'GDP']
[2026-04-06T02:12:04.797+0000] {subprocess.py:93} INFO - 2026-04-06 02:12:04,793 | INFO | Date range: 2024-01-01 to 2026-04-06
[2026-04-06T02:12:04.797+0000] {subprocess.py:93} INFO - 2026-04-06 02:12:04,793 | INFO | ============================================================
[2026-04-06T02:12:04.797+0000] {subprocess.py:93} INFO - 2026-04-06 02:12:04,793 | INFO | Output directory ready: data/bronze/fred_macro
[2026-04-06T02:12:04.797+0000] {subprocess.py:93} INFO - 2026-04-06 02:12:04,793 | INFO | Fetching FEDFUNDS (federal_funds_rate)...
[2026-04-06T02:12:05.175+0000] {subprocess.py:93} INFO - 2026-04-06 02:12:05,174 | INFO |   -> 27 rows fetched for FEDFUNDS
[2026-04-06T02:12:05.177+0000] {subprocess.py:93} INFO - 2026-04-06 02:12:05,175 | INFO | Fetching CPIAUCSL (consumer_price_index)...
[2026-04-06T02:12:05.412+0000] {subprocess.py:93} INFO - 2026-04-06 02:12:05,412 | WARNING |   -> 1 null values dropped for CPIAUCSL
[2026-04-06T02:12:05.415+0000] {subprocess.py:93} INFO - 2026-04-06 02:12:05,415 | INFO |   -> 25 rows fetched for CPIAUCSL
[2026-04-06T02:12:05.415+0000] {subprocess.py:93} INFO - 2026-04-06 02:12:05,415 | INFO | Fetching GS10 (treasury_yield_10y)...
[2026-04-06T02:12:05.605+0000] {subprocess.py:93} INFO - 2026-04-06 02:12:05,604 | INFO |   -> 27 rows fetched for GS10
[2026-04-06T02:12:05.607+0000] {subprocess.py:93} INFO - 2026-04-06 02:12:05,604 | INFO | Fetching UNRATE (unemployment_rate)...
[2026-04-06T02:12:05.801+0000] {subprocess.py:93} INFO - 2026-04-06 02:12:05,800 | WARNING |   -> 1 null values dropped for UNRATE
[2026-04-06T02:12:05.801+0000] {subprocess.py:93} INFO - 2026-04-06 02:12:05,801 | INFO |   -> 26 rows fetched for UNRATE
[2026-04-06T02:12:05.802+0000] {subprocess.py:93} INFO - 2026-04-06 02:12:05,801 | INFO | Fetching GDP (gross_domestic_product)...
[2026-04-06T02:12:06.016+0000] {subprocess.py:93} INFO - 2026-04-06 02:12:06,015 | INFO |   -> 8 rows fetched for GDP
[2026-04-06T02:12:06.018+0000] {subprocess.py:93} INFO - 2026-04-06 02:12:06,018 | INFO | Total rows fetched: 113
[2026-04-06T02:12:06.019+0000] {subprocess.py:93} INFO - 2026-04-06 02:12:06,019 | INFO | Running data quality checks...
[2026-04-06T02:12:06.027+0000] {subprocess.py:93} INFO - 2026-04-06 02:12:06,027 | INFO | Summary by indicator:
[2026-04-06T02:12:06.028+0000] {subprocess.py:93} INFO -            count        min        max
[2026-04-06T02:12:06.030+0000] {subprocess.py:93} INFO - series_id
[2026-04-06T02:12:06.030+0000] {subprocess.py:93} INFO - CPIAUCSL      25    309.698    327.460
[2026-04-06T02:12:06.031+0000] {subprocess.py:93} INFO - FEDFUNDS      27      3.640      5.330
[2026-04-06T02:12:06.031+0000] {subprocess.py:93} INFO - GDP            8  28708.161  31442.483
[2026-04-06T02:12:06.031+0000] {subprocess.py:93} INFO - GS10          27      3.720      4.630
[2026-04-06T02:12:06.031+0000] {subprocess.py:93} INFO - UNRATE        26      3.700      4.500
[2026-04-06T02:12:06.031+0000] {subprocess.py:93} INFO - 2026-04-06 02:12:06,028 | INFO | Quality checks passed. Shape: (113, 6)
[2026-04-06T02:12:06.034+0000] {subprocess.py:93} INFO - 2026-04-06 02:12:06,034 | INFO | Data saved to: data/bronze/fred_macro/fred_macro_2026-04-06.csv
[2026-04-06T02:12:06.034+0000] {subprocess.py:93} INFO - 2026-04-06 02:12:06,034 | INFO | ============================================================
[2026-04-06T02:12:06.034+0000] {subprocess.py:93} INFO - 2026-04-06 02:12:06,034 | INFO | Ingestion complete!
[2026-04-06T02:12:06.034+0000] {subprocess.py:93} INFO - 2026-04-06 02:12:06,034 | INFO | File: data/bronze/fred_macro/fred_macro_2026-04-06.csv
[2026-04-06T02:12:06.035+0000] {subprocess.py:93} INFO - 2026-04-06 02:12:06,035 | INFO | Rows: 113
[2026-04-06T02:12:06.035+0000] {subprocess.py:93} INFO - 2026-04-06 02:12:06,035 | INFO | Indicators: 5 series
[2026-04-06T02:12:06.035+0000] {subprocess.py:93} INFO - 2026-04-06 02:12:06,035 | INFO | ============================================================
[2026-04-06T02:12:06.070+0000] {subprocess.py:97} INFO - Command exited with return code 0
[2026-04-06T02:12:06.080+0000] {taskinstance.py:1138} INFO - Marking task as SUCCESS. dag_id=market_intelligence_pipeline, task_id=ingest_fred_macro, execution_date=20260406T021202, start_date=20260406T021204, end_date=20260406T021206
[2026-04-06T02:12:06.089+0000] {local_task_job_runner.py:234} INFO - Task exited with return code 0
[2026-04-06T02:12:06.099+0000] {taskinstance.py:3281} INFO - 1 downstream tasks scheduled from follow-on schedule check
