[2026-04-03T23:37:20.808+0000] {taskinstance.py:1957} INFO - Dependencies all met for dep_context=non-requeueable deps ti=<TaskInstance: market_intelligence_pipeline.ingest_fred_macro manual__2026-04-03T23:32:19.474801+00:00 [queued]>
[2026-04-03T23:37:20.812+0000] {taskinstance.py:1957} INFO - Dependencies all met for dep_context=requeueable deps ti=<TaskInstance: market_intelligence_pipeline.ingest_fred_macro manual__2026-04-03T23:32:19.474801+00:00 [queued]>
[2026-04-03T23:37:20.812+0000] {taskinstance.py:2171} INFO - Starting attempt 2 of 2
[2026-04-03T23:37:20.816+0000] {taskinstance.py:2192} INFO - Executing <Task(BashOperator): ingest_fred_macro> on 2026-04-03 23:32:19.474801+00:00
[2026-04-03T23:37:20.818+0000] {standard_task_runner.py:60} INFO - Started process 574 to run task
[2026-04-03T23:37:20.819+0000] {standard_task_runner.py:87} INFO - Running: ['***', 'tasks', 'run', 'market_intelligence_pipeline', 'ingest_fred_macro', 'manual__2026-04-03T23:32:19.474801+00:00', '--job-id', '31', '--raw', '--subdir', 'DAGS_FOLDER/market_intelligence_dag.py', '--cfg-path', '/tmp/tmphelx814b']
[2026-04-03T23:37:20.820+0000] {standard_task_runner.py:88} INFO - Job 31: Subtask ingest_fred_macro
[2026-04-03T23:37:20.835+0000] {task_command.py:423} INFO - Running <TaskInstance: market_intelligence_pipeline.ingest_fred_macro manual__2026-04-03T23:32:19.474801+00:00 [running]> on host 3756d92898d0
[2026-04-03T23:37:20.857+0000] {taskinstance.py:2481} INFO - Exporting env vars: AIRFLOW_CTX_DAG_OWNER='andres' AIRFLOW_CTX_DAG_ID='market_intelligence_pipeline' AIRFLOW_CTX_TASK_ID='ingest_fred_macro' AIRFLOW_CTX_EXECUTION_DATE='2026-04-03T23:32:19.474801+00:00' AIRFLOW_CTX_TRY_NUMBER='2' AIRFLOW_CTX_DAG_RUN_ID='manual__2026-04-03T23:32:19.474801+00:00'
[2026-04-03T23:37:20.858+0000] {subprocess.py:63} INFO - Tmp dir root location: /tmp
[2026-04-03T23:37:20.858+0000] {subprocess.py:75} INFO - Running command: ['/usr/bin/bash', '-c', 'cd /opt/*** && python3 ingestion/fred_macro.py']
[2026-04-03T23:37:20.862+0000] {subprocess.py:86} INFO - Output:
[2026-04-03T23:37:20.870+0000] {subprocess.py:93} INFO - python3: can't open file 'ingestion/fred_macro.py': [Errno 2] No such file or directory
[2026-04-03T23:37:20.871+0000] {subprocess.py:97} INFO - Command exited with return code 2
[2026-04-03T23:37:20.875+0000] {taskinstance.py:2699} ERROR - Task failed with exception
Traceback (most recent call last):
  File "/home/airflow/.local/lib/python3.8/site-packages/airflow/models/taskinstance.py", line 433, in _execute_task
    result = execute_callable(context=context, **execute_callable_kwargs)
  File "/home/airflow/.local/lib/python3.8/site-packages/airflow/operators/bash.py", line 212, in execute
    raise AirflowException(
airflow.exceptions.AirflowException: Bash command failed. The command returned a non-zero exit code 2.
[2026-04-03T23:37:20.876+0000] {taskinstance.py:1138} INFO - Marking task as FAILED. dag_id=market_intelligence_pipeline, task_id=ingest_fred_macro, execution_date=20260403T233219, start_date=20260403T233720, end_date=20260403T233720
[2026-04-03T23:37:20.880+0000] {standard_task_runner.py:107} ERROR - Failed to execute job 31 for task ingest_fred_macro (Bash command failed. The command returned a non-zero exit code 2.; 574)
[2026-04-03T23:37:20.920+0000] {local_task_job_runner.py:234} INFO - Task exited with return code 1
[2026-04-03T23:37:20.928+0000] {taskinstance.py:3281} INFO - 0 downstream tasks scheduled from follow-on schedule check
