[2026-04-01T22:24:02.676+0000] {processor.py:161} INFO - Started process (PID=59) to work on /home/airflow/.local/lib/python3.8/site-packages/airflow/example_dags/example_sensors.py
[2026-04-01T22:24:02.677+0000] {processor.py:830} INFO - Processing file /home/airflow/.local/lib/python3.8/site-packages/airflow/example_dags/example_sensors.py for tasks to queue
[2026-04-01T22:24:02.680+0000] {logging_mixin.py:188} INFO - [2026-04-01T22:24:02.679+0000] {dagbag.py:538} INFO - Filling up the DagBag from /home/airflow/.local/lib/python3.8/site-packages/airflow/example_dags/example_sensors.py
[2026-04-01T22:24:02.689+0000] {processor.py:840} INFO - DAG(s) 'example_sensors' retrieved from /home/airflow/.local/lib/python3.8/site-packages/airflow/example_dags/example_sensors.py
[2026-04-01T22:24:02.701+0000] {logging_mixin.py:188} INFO - [2026-04-01T22:24:02.700+0000] {dag.py:3033} INFO - Sync 1 DAGs
[2026-04-01T22:24:02.711+0000] {logging_mixin.py:188} INFO - [2026-04-01T22:24:02.711+0000] {dag.py:3820} INFO - Setting next_dagrun for example_sensors to None, run_after=None
[2026-04-01T22:24:02.729+0000] {processor.py:183} INFO - Processing /home/airflow/.local/lib/python3.8/site-packages/airflow/example_dags/example_sensors.py took 0.056 seconds
[2026-04-01T22:24:32.898+0000] {processor.py:161} INFO - Started process (PID=114) to work on /home/airflow/.local/lib/python3.8/site-packages/airflow/example_dags/example_sensors.py
[2026-04-01T22:24:32.898+0000] {processor.py:830} INFO - Processing file /home/airflow/.local/lib/python3.8/site-packages/airflow/example_dags/example_sensors.py for tasks to queue
[2026-04-01T22:24:32.899+0000] {logging_mixin.py:188} INFO - [2026-04-01T22:24:32.899+0000] {dagbag.py:538} INFO - Filling up the DagBag from /home/airflow/.local/lib/python3.8/site-packages/airflow/example_dags/example_sensors.py
[2026-04-01T22:24:32.903+0000] {processor.py:840} INFO - DAG(s) 'example_sensors' retrieved from /home/airflow/.local/lib/python3.8/site-packages/airflow/example_dags/example_sensors.py
[2026-04-01T22:24:32.940+0000] {logging_mixin.py:188} INFO - [2026-04-01T22:24:32.940+0000] {dag.py:3033} INFO - Sync 1 DAGs
[2026-04-01T22:24:32.944+0000] {logging_mixin.py:188} INFO - [2026-04-01T22:24:32.944+0000] {dag.py:3820} INFO - Setting next_dagrun for example_sensors to None, run_after=None
[2026-04-01T22:24:32.951+0000] {processor.py:183} INFO - Processing /home/airflow/.local/lib/python3.8/site-packages/airflow/example_dags/example_sensors.py took 0.055 seconds
[2026-04-01T22:25:03.163+0000] {processor.py:161} INFO - Started process (PID=169) to work on /home/airflow/.local/lib/python3.8/site-packages/airflow/example_dags/example_sensors.py
[2026-04-01T22:25:03.164+0000] {processor.py:830} INFO - Processing file /home/airflow/.local/lib/python3.8/site-packages/airflow/example_dags/example_sensors.py for tasks to queue
[2026-04-01T22:25:03.166+0000] {logging_mixin.py:188} INFO - [2026-04-01T22:25:03.165+0000] {dagbag.py:538} INFO - Filling up the DagBag from /home/airflow/.local/lib/python3.8/site-packages/airflow/example_dags/example_sensors.py
[2026-04-01T22:25:03.171+0000] {processor.py:840} INFO - DAG(s) 'example_sensors' retrieved from /home/airflow/.local/lib/python3.8/site-packages/airflow/example_dags/example_sensors.py
[2026-04-01T22:25:03.184+0000] {logging_mixin.py:188} INFO - [2026-04-01T22:25:03.184+0000] {dag.py:3033} INFO - Sync 1 DAGs
[2026-04-01T22:25:03.196+0000] {logging_mixin.py:188} INFO - [2026-04-01T22:25:03.195+0000] {dag.py:3820} INFO - Setting next_dagrun for example_sensors to None, run_after=None
[2026-04-01T22:25:03.219+0000] {processor.py:183} INFO - Processing /home/airflow/.local/lib/python3.8/site-packages/airflow/example_dags/example_sensors.py took 0.058 seconds
[2026-04-01T22:25:33.692+0000] {processor.py:161} INFO - Started process (PID=224) to work on /home/airflow/.local/lib/python3.8/site-packages/airflow/example_dags/example_sensors.py
[2026-04-01T22:25:33.693+0000] {processor.py:830} INFO - Processing file /home/airflow/.local/lib/python3.8/site-packages/airflow/example_dags/example_sensors.py for tasks to queue
[2026-04-01T22:25:33.694+0000] {logging_mixin.py:188} INFO - [2026-04-01T22:25:33.694+0000] {dagbag.py:538} INFO - Filling up the DagBag from /home/airflow/.local/lib/python3.8/site-packages/airflow/example_dags/example_sensors.py
[2026-04-01T22:25:33.698+0000] {processor.py:840} INFO - DAG(s) 'example_sensors' retrieved from /home/airflow/.local/lib/python3.8/site-packages/airflow/example_dags/example_sensors.py
[2026-04-01T22:25:33.712+0000] {logging_mixin.py:188} INFO - [2026-04-01T22:25:33.712+0000] {dag.py:3033} INFO - Sync 1 DAGs
[2026-04-01T22:25:33.719+0000] {logging_mixin.py:188} INFO - [2026-04-01T22:25:33.719+0000] {dag.py:3820} INFO - Setting next_dagrun for example_sensors to None, run_after=None
[2026-04-01T22:25:33.729+0000] {processor.py:183} INFO - Processing /home/airflow/.local/lib/python3.8/site-packages/airflow/example_dags/example_sensors.py took 0.039 seconds
[2026-04-01T22:26:04.046+0000] {processor.py:161} INFO - Started process (PID=279) to work on /home/airflow/.local/lib/python3.8/site-packages/airflow/example_dags/example_sensors.py
[2026-04-01T22:26:04.046+0000] {processor.py:830} INFO - Processing file /home/airflow/.local/lib/python3.8/site-packages/airflow/example_dags/example_sensors.py for tasks to queue
[2026-04-01T22:26:04.047+0000] {logging_mixin.py:188} INFO - [2026-04-01T22:26:04.047+0000] {dagbag.py:538} INFO - Filling up the DagBag from /home/airflow/.local/lib/python3.8/site-packages/airflow/example_dags/example_sensors.py
[2026-04-01T22:26:04.050+0000] {processor.py:840} INFO - DAG(s) 'example_sensors' retrieved from /home/airflow/.local/lib/python3.8/site-packages/airflow/example_dags/example_sensors.py
[2026-04-01T22:26:04.059+0000] {logging_mixin.py:188} INFO - [2026-04-01T22:26:04.059+0000] {dag.py:3033} INFO - Sync 1 DAGs
[2026-04-01T22:26:04.065+0000] {logging_mixin.py:188} INFO - [2026-04-01T22:26:04.065+0000] {dag.py:3820} INFO - Setting next_dagrun for example_sensors to None, run_after=None
[2026-04-01T22:26:04.071+0000] {processor.py:183} INFO - Processing /home/airflow/.local/lib/python3.8/site-packages/airflow/example_dags/example_sensors.py took 0.027 seconds
[2026-04-01T22:26:34.374+0000] {processor.py:161} INFO - Started process (PID=334) to work on /home/airflow/.local/lib/python3.8/site-packages/airflow/example_dags/example_sensors.py
[2026-04-01T22:26:34.374+0000] {processor.py:830} INFO - Processing file /home/airflow/.local/lib/python3.8/site-packages/airflow/example_dags/example_sensors.py for tasks to queue
[2026-04-01T22:26:34.377+0000] {logging_mixin.py:188} INFO - [2026-04-01T22:26:34.376+0000] {dagbag.py:538} INFO - Filling up the DagBag from /home/airflow/.local/lib/python3.8/site-packages/airflow/example_dags/example_sensors.py
[2026-04-01T22:26:34.382+0000] {processor.py:840} INFO - DAG(s) 'example_sensors' retrieved from /home/airflow/.local/lib/python3.8/site-packages/airflow/example_dags/example_sensors.py
[2026-04-01T22:26:34.393+0000] {logging_mixin.py:188} INFO - [2026-04-01T22:26:34.393+0000] {dag.py:3033} INFO - Sync 1 DAGs
[2026-04-01T22:26:34.399+0000] {logging_mixin.py:188} INFO - [2026-04-01T22:26:34.399+0000] {dag.py:3820} INFO - Setting next_dagrun for example_sensors to None, run_after=None
[2026-04-01T22:26:34.406+0000] {processor.py:183} INFO - Processing /home/airflow/.local/lib/python3.8/site-packages/airflow/example_dags/example_sensors.py took 0.034 seconds
[2026-04-01T22:27:04.613+0000] {processor.py:161} INFO - Started process (PID=389) to work on /home/airflow/.local/lib/python3.8/site-packages/airflow/example_dags/example_sensors.py
[2026-04-01T22:27:04.614+0000] {processor.py:830} INFO - Processing file /home/airflow/.local/lib/python3.8/site-packages/airflow/example_dags/example_sensors.py for tasks to queue
[2026-04-01T22:27:04.615+0000] {logging_mixin.py:188} INFO - [2026-04-01T22:27:04.615+0000] {dagbag.py:538} INFO - Filling up the DagBag from /home/airflow/.local/lib/python3.8/site-packages/airflow/example_dags/example_sensors.py
[2026-04-01T22:27:04.618+0000] {processor.py:840} INFO - DAG(s) 'example_sensors' retrieved from /home/airflow/.local/lib/python3.8/site-packages/airflow/example_dags/example_sensors.py
[2026-04-01T22:27:04.628+0000] {logging_mixin.py:188} INFO - [2026-04-01T22:27:04.628+0000] {dag.py:3033} INFO - Sync 1 DAGs
[2026-04-01T22:27:04.635+0000] {logging_mixin.py:188} INFO - [2026-04-01T22:27:04.635+0000] {dag.py:3820} INFO - Setting next_dagrun for example_sensors to None, run_after=None
[2026-04-01T22:27:04.642+0000] {processor.py:183} INFO - Processing /home/airflow/.local/lib/python3.8/site-packages/airflow/example_dags/example_sensors.py took 0.030 seconds
[2026-04-01T22:27:34.916+0000] {processor.py:161} INFO - Started process (PID=444) to work on /home/airflow/.local/lib/python3.8/site-packages/airflow/example_dags/example_sensors.py
[2026-04-01T22:27:34.917+0000] {processor.py:830} INFO - Processing file /home/airflow/.local/lib/python3.8/site-packages/airflow/example_dags/example_sensors.py for tasks to queue
[2026-04-01T22:27:34.918+0000] {logging_mixin.py:188} INFO - [2026-04-01T22:27:34.917+0000] {dagbag.py:538} INFO - Filling up the DagBag from /home/airflow/.local/lib/python3.8/site-packages/airflow/example_dags/example_sensors.py
[2026-04-01T22:27:34.921+0000] {processor.py:840} INFO - DAG(s) 'example_sensors' retrieved from /home/airflow/.local/lib/python3.8/site-packages/airflow/example_dags/example_sensors.py
[2026-04-01T22:27:34.932+0000] {logging_mixin.py:188} INFO - [2026-04-01T22:27:34.932+0000] {dag.py:3033} INFO - Sync 1 DAGs
[2026-04-01T22:27:34.939+0000] {logging_mixin.py:188} INFO - [2026-04-01T22:27:34.939+0000] {dag.py:3820} INFO - Setting next_dagrun for example_sensors to None, run_after=None
[2026-04-01T22:27:34.947+0000] {processor.py:183} INFO - Processing /home/airflow/.local/lib/python3.8/site-packages/airflow/example_dags/example_sensors.py took 0.032 seconds
[2026-04-01T22:28:05.239+0000] {processor.py:161} INFO - Started process (PID=499) to work on /home/airflow/.local/lib/python3.8/site-packages/airflow/example_dags/example_sensors.py
[2026-04-01T22:28:05.239+0000] {processor.py:830} INFO - Processing file /home/airflow/.local/lib/python3.8/site-packages/airflow/example_dags/example_sensors.py for tasks to queue
[2026-04-01T22:28:05.240+0000] {logging_mixin.py:188} INFO - [2026-04-01T22:28:05.240+0000] {dagbag.py:538} INFO - Filling up the DagBag from /home/airflow/.local/lib/python3.8/site-packages/airflow/example_dags/example_sensors.py
[2026-04-01T22:28:05.244+0000] {processor.py:840} INFO - DAG(s) 'example_sensors' retrieved from /home/airflow/.local/lib/python3.8/site-packages/airflow/example_dags/example_sensors.py
[2026-04-01T22:28:05.253+0000] {logging_mixin.py:188} INFO - [2026-04-01T22:28:05.253+0000] {dag.py:3033} INFO - Sync 1 DAGs
[2026-04-01T22:28:05.258+0000] {logging_mixin.py:188} INFO - [2026-04-01T22:28:05.258+0000] {dag.py:3820} INFO - Setting next_dagrun for example_sensors to None, run_after=None
[2026-04-01T22:28:05.268+0000] {processor.py:183} INFO - Processing /home/airflow/.local/lib/python3.8/site-packages/airflow/example_dags/example_sensors.py took 0.031 seconds
