[2026-04-01T22:24:02.504+0000] {processor.py:161} INFO - Started process (PID=56) to work on /home/airflow/.local/lib/python3.8/site-packages/airflow/example_dags/example_trigger_target_dag.py
[2026-04-01T22:24:02.505+0000] {processor.py:830} INFO - Processing file /home/airflow/.local/lib/python3.8/site-packages/airflow/example_dags/example_trigger_target_dag.py for tasks to queue
[2026-04-01T22:24:02.509+0000] {logging_mixin.py:188} INFO - [2026-04-01T22:24:02.508+0000] {dagbag.py:538} INFO - Filling up the DagBag from /home/airflow/.local/lib/python3.8/site-packages/airflow/example_dags/example_trigger_target_dag.py
[2026-04-01T22:24:02.517+0000] {processor.py:840} INFO - DAG(s) 'example_trigger_target_dag' retrieved from /home/airflow/.local/lib/python3.8/site-packages/airflow/example_dags/example_trigger_target_dag.py
[2026-04-01T22:24:02.528+0000] {logging_mixin.py:188} INFO - [2026-04-01T22:24:02.528+0000] {dag.py:3033} INFO - Sync 1 DAGs
[2026-04-01T22:24:02.537+0000] {logging_mixin.py:188} INFO - [2026-04-01T22:24:02.537+0000] {dag.py:3820} INFO - Setting next_dagrun for example_trigger_target_dag to None, run_after=None
[2026-04-01T22:24:02.560+0000] {processor.py:183} INFO - Processing /home/airflow/.local/lib/python3.8/site-packages/airflow/example_dags/example_trigger_target_dag.py took 0.059 seconds
[2026-04-01T22:24:32.815+0000] {processor.py:161} INFO - Started process (PID=111) to work on /home/airflow/.local/lib/python3.8/site-packages/airflow/example_dags/example_trigger_target_dag.py
[2026-04-01T22:24:32.816+0000] {processor.py:830} INFO - Processing file /home/airflow/.local/lib/python3.8/site-packages/airflow/example_dags/example_trigger_target_dag.py for tasks to queue
[2026-04-01T22:24:32.817+0000] {logging_mixin.py:188} INFO - [2026-04-01T22:24:32.817+0000] {dagbag.py:538} INFO - Filling up the DagBag from /home/airflow/.local/lib/python3.8/site-packages/airflow/example_dags/example_trigger_target_dag.py
[2026-04-01T22:24:32.821+0000] {processor.py:840} INFO - DAG(s) 'example_trigger_target_dag' retrieved from /home/airflow/.local/lib/python3.8/site-packages/airflow/example_dags/example_trigger_target_dag.py
[2026-04-01T22:24:32.862+0000] {logging_mixin.py:188} INFO - [2026-04-01T22:24:32.862+0000] {dag.py:3033} INFO - Sync 1 DAGs
[2026-04-01T22:24:32.866+0000] {logging_mixin.py:188} INFO - [2026-04-01T22:24:32.866+0000] {dag.py:3820} INFO - Setting next_dagrun for example_trigger_target_dag to None, run_after=None
[2026-04-01T22:24:32.874+0000] {processor.py:183} INFO - Processing /home/airflow/.local/lib/python3.8/site-packages/airflow/example_dags/example_trigger_target_dag.py took 0.060 seconds
[2026-04-01T22:25:03.085+0000] {processor.py:161} INFO - Started process (PID=166) to work on /home/airflow/.local/lib/python3.8/site-packages/airflow/example_dags/example_trigger_target_dag.py
[2026-04-01T22:25:03.086+0000] {processor.py:830} INFO - Processing file /home/airflow/.local/lib/python3.8/site-packages/airflow/example_dags/example_trigger_target_dag.py for tasks to queue
[2026-04-01T22:25:03.088+0000] {logging_mixin.py:188} INFO - [2026-04-01T22:25:03.088+0000] {dagbag.py:538} INFO - Filling up the DagBag from /home/airflow/.local/lib/python3.8/site-packages/airflow/example_dags/example_trigger_target_dag.py
[2026-04-01T22:25:03.092+0000] {processor.py:840} INFO - DAG(s) 'example_trigger_target_dag' retrieved from /home/airflow/.local/lib/python3.8/site-packages/airflow/example_dags/example_trigger_target_dag.py
[2026-04-01T22:25:03.106+0000] {logging_mixin.py:188} INFO - [2026-04-01T22:25:03.106+0000] {dag.py:3033} INFO - Sync 1 DAGs
[2026-04-01T22:25:03.116+0000] {logging_mixin.py:188} INFO - [2026-04-01T22:25:03.115+0000] {dag.py:3820} INFO - Setting next_dagrun for example_trigger_target_dag to None, run_after=None
[2026-04-01T22:25:03.126+0000] {processor.py:183} INFO - Processing /home/airflow/.local/lib/python3.8/site-packages/airflow/example_dags/example_trigger_target_dag.py took 0.043 seconds
[2026-04-01T22:25:33.626+0000] {processor.py:161} INFO - Started process (PID=221) to work on /home/airflow/.local/lib/python3.8/site-packages/airflow/example_dags/example_trigger_target_dag.py
[2026-04-01T22:25:33.626+0000] {processor.py:830} INFO - Processing file /home/airflow/.local/lib/python3.8/site-packages/airflow/example_dags/example_trigger_target_dag.py for tasks to queue
[2026-04-01T22:25:33.628+0000] {logging_mixin.py:188} INFO - [2026-04-01T22:25:33.627+0000] {dagbag.py:538} INFO - Filling up the DagBag from /home/airflow/.local/lib/python3.8/site-packages/airflow/example_dags/example_trigger_target_dag.py
[2026-04-01T22:25:33.630+0000] {processor.py:840} INFO - DAG(s) 'example_trigger_target_dag' retrieved from /home/airflow/.local/lib/python3.8/site-packages/airflow/example_dags/example_trigger_target_dag.py
[2026-04-01T22:25:33.638+0000] {logging_mixin.py:188} INFO - [2026-04-01T22:25:33.638+0000] {dag.py:3033} INFO - Sync 1 DAGs
[2026-04-01T22:25:33.643+0000] {logging_mixin.py:188} INFO - [2026-04-01T22:25:33.643+0000] {dag.py:3820} INFO - Setting next_dagrun for example_trigger_target_dag to None, run_after=None
[2026-04-01T22:25:33.649+0000] {processor.py:183} INFO - Processing /home/airflow/.local/lib/python3.8/site-packages/airflow/example_dags/example_trigger_target_dag.py took 0.025 seconds
[2026-04-01T22:26:03.989+0000] {processor.py:161} INFO - Started process (PID=276) to work on /home/airflow/.local/lib/python3.8/site-packages/airflow/example_dags/example_trigger_target_dag.py
[2026-04-01T22:26:03.989+0000] {processor.py:830} INFO - Processing file /home/airflow/.local/lib/python3.8/site-packages/airflow/example_dags/example_trigger_target_dag.py for tasks to queue
[2026-04-01T22:26:03.990+0000] {logging_mixin.py:188} INFO - [2026-04-01T22:26:03.990+0000] {dagbag.py:538} INFO - Filling up the DagBag from /home/airflow/.local/lib/python3.8/site-packages/airflow/example_dags/example_trigger_target_dag.py
[2026-04-01T22:26:03.992+0000] {processor.py:840} INFO - DAG(s) 'example_trigger_target_dag' retrieved from /home/airflow/.local/lib/python3.8/site-packages/airflow/example_dags/example_trigger_target_dag.py
[2026-04-01T22:26:03.999+0000] {logging_mixin.py:188} INFO - [2026-04-01T22:26:03.999+0000] {dag.py:3033} INFO - Sync 1 DAGs
[2026-04-01T22:26:04.004+0000] {logging_mixin.py:188} INFO - [2026-04-01T22:26:04.004+0000] {dag.py:3820} INFO - Setting next_dagrun for example_trigger_target_dag to None, run_after=None
[2026-04-01T22:26:04.010+0000] {processor.py:183} INFO - Processing /home/airflow/.local/lib/python3.8/site-packages/airflow/example_dags/example_trigger_target_dag.py took 0.022 seconds
[2026-04-01T22:26:34.315+0000] {processor.py:161} INFO - Started process (PID=331) to work on /home/airflow/.local/lib/python3.8/site-packages/airflow/example_dags/example_trigger_target_dag.py
[2026-04-01T22:26:34.316+0000] {processor.py:830} INFO - Processing file /home/airflow/.local/lib/python3.8/site-packages/airflow/example_dags/example_trigger_target_dag.py for tasks to queue
[2026-04-01T22:26:34.318+0000] {logging_mixin.py:188} INFO - [2026-04-01T22:26:34.318+0000] {dagbag.py:538} INFO - Filling up the DagBag from /home/airflow/.local/lib/python3.8/site-packages/airflow/example_dags/example_trigger_target_dag.py
[2026-04-01T22:26:34.321+0000] {processor.py:840} INFO - DAG(s) 'example_trigger_target_dag' retrieved from /home/airflow/.local/lib/python3.8/site-packages/airflow/example_dags/example_trigger_target_dag.py
[2026-04-01T22:26:34.330+0000] {logging_mixin.py:188} INFO - [2026-04-01T22:26:34.330+0000] {dag.py:3033} INFO - Sync 1 DAGs
[2026-04-01T22:26:34.336+0000] {logging_mixin.py:188} INFO - [2026-04-01T22:26:34.336+0000] {dag.py:3820} INFO - Setting next_dagrun for example_trigger_target_dag to None, run_after=None
[2026-04-01T22:26:34.342+0000] {processor.py:183} INFO - Processing /home/airflow/.local/lib/python3.8/site-packages/airflow/example_dags/example_trigger_target_dag.py took 0.028 seconds
[2026-04-01T22:27:04.558+0000] {processor.py:161} INFO - Started process (PID=386) to work on /home/airflow/.local/lib/python3.8/site-packages/airflow/example_dags/example_trigger_target_dag.py
[2026-04-01T22:27:04.558+0000] {processor.py:830} INFO - Processing file /home/airflow/.local/lib/python3.8/site-packages/airflow/example_dags/example_trigger_target_dag.py for tasks to queue
[2026-04-01T22:27:04.559+0000] {logging_mixin.py:188} INFO - [2026-04-01T22:27:04.559+0000] {dagbag.py:538} INFO - Filling up the DagBag from /home/airflow/.local/lib/python3.8/site-packages/airflow/example_dags/example_trigger_target_dag.py
[2026-04-01T22:27:04.561+0000] {processor.py:840} INFO - DAG(s) 'example_trigger_target_dag' retrieved from /home/airflow/.local/lib/python3.8/site-packages/airflow/example_dags/example_trigger_target_dag.py
[2026-04-01T22:27:04.568+0000] {logging_mixin.py:188} INFO - [2026-04-01T22:27:04.568+0000] {dag.py:3033} INFO - Sync 1 DAGs
[2026-04-01T22:27:04.572+0000] {logging_mixin.py:188} INFO - [2026-04-01T22:27:04.572+0000] {dag.py:3820} INFO - Setting next_dagrun for example_trigger_target_dag to None, run_after=None
[2026-04-01T22:27:04.578+0000] {processor.py:183} INFO - Processing /home/airflow/.local/lib/python3.8/site-packages/airflow/example_dags/example_trigger_target_dag.py took 0.022 seconds
[2026-04-01T22:27:34.852+0000] {processor.py:161} INFO - Started process (PID=441) to work on /home/airflow/.local/lib/python3.8/site-packages/airflow/example_dags/example_trigger_target_dag.py
[2026-04-01T22:27:34.852+0000] {processor.py:830} INFO - Processing file /home/airflow/.local/lib/python3.8/site-packages/airflow/example_dags/example_trigger_target_dag.py for tasks to queue
[2026-04-01T22:27:34.853+0000] {logging_mixin.py:188} INFO - [2026-04-01T22:27:34.853+0000] {dagbag.py:538} INFO - Filling up the DagBag from /home/airflow/.local/lib/python3.8/site-packages/airflow/example_dags/example_trigger_target_dag.py
[2026-04-01T22:27:34.855+0000] {processor.py:840} INFO - DAG(s) 'example_trigger_target_dag' retrieved from /home/airflow/.local/lib/python3.8/site-packages/airflow/example_dags/example_trigger_target_dag.py
[2026-04-01T22:27:34.864+0000] {logging_mixin.py:188} INFO - [2026-04-01T22:27:34.864+0000] {dag.py:3033} INFO - Sync 1 DAGs
[2026-04-01T22:27:34.870+0000] {logging_mixin.py:188} INFO - [2026-04-01T22:27:34.870+0000] {dag.py:3820} INFO - Setting next_dagrun for example_trigger_target_dag to None, run_after=None
[2026-04-01T22:27:34.879+0000] {processor.py:183} INFO - Processing /home/airflow/.local/lib/python3.8/site-packages/airflow/example_dags/example_trigger_target_dag.py took 0.029 seconds
[2026-04-01T22:28:05.189+0000] {processor.py:161} INFO - Started process (PID=496) to work on /home/airflow/.local/lib/python3.8/site-packages/airflow/example_dags/example_trigger_target_dag.py
[2026-04-01T22:28:05.190+0000] {processor.py:830} INFO - Processing file /home/airflow/.local/lib/python3.8/site-packages/airflow/example_dags/example_trigger_target_dag.py for tasks to queue
[2026-04-01T22:28:05.191+0000] {logging_mixin.py:188} INFO - [2026-04-01T22:28:05.191+0000] {dagbag.py:538} INFO - Filling up the DagBag from /home/airflow/.local/lib/python3.8/site-packages/airflow/example_dags/example_trigger_target_dag.py
[2026-04-01T22:28:05.195+0000] {processor.py:840} INFO - DAG(s) 'example_trigger_target_dag' retrieved from /home/airflow/.local/lib/python3.8/site-packages/airflow/example_dags/example_trigger_target_dag.py
[2026-04-01T22:28:05.203+0000] {logging_mixin.py:188} INFO - [2026-04-01T22:28:05.203+0000] {dag.py:3033} INFO - Sync 1 DAGs
[2026-04-01T22:28:05.210+0000] {logging_mixin.py:188} INFO - [2026-04-01T22:28:05.210+0000] {dag.py:3820} INFO - Setting next_dagrun for example_trigger_target_dag to None, run_after=None
[2026-04-01T22:28:05.216+0000] {processor.py:183} INFO - Processing /home/airflow/.local/lib/python3.8/site-packages/airflow/example_dags/example_trigger_target_dag.py took 0.028 seconds
