[2026-04-01T22:24:03.190+0000] {processor.py:161} INFO - Started process (PID=71) to work on /home/airflow/.local/lib/python3.8/site-packages/airflow/example_dags/example_dag_decorator.py
[2026-04-01T22:24:03.192+0000] {processor.py:830} INFO - Processing file /home/airflow/.local/lib/python3.8/site-packages/airflow/example_dags/example_dag_decorator.py for tasks to queue
[2026-04-01T22:24:03.195+0000] {logging_mixin.py:188} INFO - [2026-04-01T22:24:03.195+0000] {dagbag.py:538} INFO - Filling up the DagBag from /home/airflow/.local/lib/python3.8/site-packages/airflow/example_dags/example_dag_decorator.py
[2026-04-01T22:24:03.383+0000] {processor.py:840} INFO - DAG(s) 'example_dag_decorator' retrieved from /home/airflow/.local/lib/python3.8/site-packages/airflow/example_dags/example_dag_decorator.py
[2026-04-01T22:24:03.394+0000] {logging_mixin.py:188} INFO - [2026-04-01T22:24:03.393+0000] {dag.py:3033} INFO - Sync 1 DAGs
[2026-04-01T22:24:03.402+0000] {logging_mixin.py:188} INFO - [2026-04-01T22:24:03.402+0000] {dag.py:3820} INFO - Setting next_dagrun for example_dag_decorator to None, run_after=None
[2026-04-01T22:24:03.422+0000] {processor.py:183} INFO - Processing /home/airflow/.local/lib/python3.8/site-packages/airflow/example_dags/example_dag_decorator.py took 0.235 seconds
[2026-04-01T22:24:33.448+0000] {processor.py:161} INFO - Started process (PID=127) to work on /home/airflow/.local/lib/python3.8/site-packages/airflow/example_dags/example_dag_decorator.py
[2026-04-01T22:24:33.448+0000] {processor.py:830} INFO - Processing file /home/airflow/.local/lib/python3.8/site-packages/airflow/example_dags/example_dag_decorator.py for tasks to queue
[2026-04-01T22:24:33.449+0000] {logging_mixin.py:188} INFO - [2026-04-01T22:24:33.449+0000] {dagbag.py:538} INFO - Filling up the DagBag from /home/airflow/.local/lib/python3.8/site-packages/airflow/example_dags/example_dag_decorator.py
[2026-04-01T22:24:33.488+0000] {processor.py:840} INFO - DAG(s) 'example_dag_decorator' retrieved from /home/airflow/.local/lib/python3.8/site-packages/airflow/example_dags/example_dag_decorator.py
[2026-04-01T22:24:33.527+0000] {logging_mixin.py:188} INFO - [2026-04-01T22:24:33.527+0000] {dag.py:3033} INFO - Sync 1 DAGs
[2026-04-01T22:24:33.531+0000] {logging_mixin.py:188} INFO - [2026-04-01T22:24:33.531+0000] {dag.py:3820} INFO - Setting next_dagrun for example_dag_decorator to None, run_after=None
[2026-04-01T22:24:33.536+0000] {processor.py:183} INFO - Processing /home/airflow/.local/lib/python3.8/site-packages/airflow/example_dags/example_dag_decorator.py took 0.092 seconds
[2026-04-01T22:25:03.618+0000] {processor.py:161} INFO - Started process (PID=183) to work on /home/airflow/.local/lib/python3.8/site-packages/airflow/example_dags/example_dag_decorator.py
[2026-04-01T22:25:03.619+0000] {processor.py:830} INFO - Processing file /home/airflow/.local/lib/python3.8/site-packages/airflow/example_dags/example_dag_decorator.py for tasks to queue
[2026-04-01T22:25:03.620+0000] {logging_mixin.py:188} INFO - [2026-04-01T22:25:03.620+0000] {dagbag.py:538} INFO - Filling up the DagBag from /home/airflow/.local/lib/python3.8/site-packages/airflow/example_dags/example_dag_decorator.py
[2026-04-01T22:25:03.669+0000] {processor.py:840} INFO - DAG(s) 'example_dag_decorator' retrieved from /home/airflow/.local/lib/python3.8/site-packages/airflow/example_dags/example_dag_decorator.py
[2026-04-01T22:25:03.717+0000] {logging_mixin.py:188} INFO - [2026-04-01T22:25:03.717+0000] {dag.py:3033} INFO - Sync 1 DAGs
[2026-04-01T22:25:03.722+0000] {logging_mixin.py:188} INFO - [2026-04-01T22:25:03.721+0000] {dag.py:3820} INFO - Setting next_dagrun for example_dag_decorator to None, run_after=None
[2026-04-01T22:25:03.730+0000] {processor.py:183} INFO - Processing /home/airflow/.local/lib/python3.8/site-packages/airflow/example_dags/example_dag_decorator.py took 0.113 seconds
[2026-04-01T22:25:33.954+0000] {processor.py:161} INFO - Started process (PID=236) to work on /home/airflow/.local/lib/python3.8/site-packages/airflow/example_dags/example_dag_decorator.py
[2026-04-01T22:25:33.954+0000] {processor.py:830} INFO - Processing file /home/airflow/.local/lib/python3.8/site-packages/airflow/example_dags/example_dag_decorator.py for tasks to queue
[2026-04-01T22:25:33.956+0000] {logging_mixin.py:188} INFO - [2026-04-01T22:25:33.956+0000] {dagbag.py:538} INFO - Filling up the DagBag from /home/airflow/.local/lib/python3.8/site-packages/airflow/example_dags/example_dag_decorator.py
[2026-04-01T22:25:34.005+0000] {processor.py:840} INFO - DAG(s) 'example_dag_decorator' retrieved from /home/airflow/.local/lib/python3.8/site-packages/airflow/example_dags/example_dag_decorator.py
[2026-04-01T22:25:34.051+0000] {logging_mixin.py:188} INFO - [2026-04-01T22:25:34.051+0000] {dag.py:3033} INFO - Sync 1 DAGs
[2026-04-01T22:25:34.059+0000] {logging_mixin.py:188} INFO - [2026-04-01T22:25:34.059+0000] {dag.py:3820} INFO - Setting next_dagrun for example_dag_decorator to None, run_after=None
[2026-04-01T22:25:34.066+0000] {processor.py:183} INFO - Processing /home/airflow/.local/lib/python3.8/site-packages/airflow/example_dags/example_dag_decorator.py took 0.115 seconds
[2026-04-01T22:26:04.316+0000] {processor.py:161} INFO - Started process (PID=291) to work on /home/airflow/.local/lib/python3.8/site-packages/airflow/example_dags/example_dag_decorator.py
[2026-04-01T22:26:04.317+0000] {processor.py:830} INFO - Processing file /home/airflow/.local/lib/python3.8/site-packages/airflow/example_dags/example_dag_decorator.py for tasks to queue
[2026-04-01T22:26:04.318+0000] {logging_mixin.py:188} INFO - [2026-04-01T22:26:04.318+0000] {dagbag.py:538} INFO - Filling up the DagBag from /home/airflow/.local/lib/python3.8/site-packages/airflow/example_dags/example_dag_decorator.py
[2026-04-01T22:26:04.360+0000] {processor.py:840} INFO - DAG(s) 'example_dag_decorator' retrieved from /home/airflow/.local/lib/python3.8/site-packages/airflow/example_dags/example_dag_decorator.py
[2026-04-01T22:26:04.400+0000] {logging_mixin.py:188} INFO - [2026-04-01T22:26:04.399+0000] {dag.py:3033} INFO - Sync 1 DAGs
[2026-04-01T22:26:04.403+0000] {logging_mixin.py:188} INFO - [2026-04-01T22:26:04.403+0000] {dag.py:3820} INFO - Setting next_dagrun for example_dag_decorator to None, run_after=None
[2026-04-01T22:26:04.412+0000] {processor.py:183} INFO - Processing /home/airflow/.local/lib/python3.8/site-packages/airflow/example_dags/example_dag_decorator.py took 0.097 seconds
[2026-04-01T22:26:34.622+0000] {processor.py:161} INFO - Started process (PID=346) to work on /home/airflow/.local/lib/python3.8/site-packages/airflow/example_dags/example_dag_decorator.py
[2026-04-01T22:26:34.622+0000] {processor.py:830} INFO - Processing file /home/airflow/.local/lib/python3.8/site-packages/airflow/example_dags/example_dag_decorator.py for tasks to queue
[2026-04-01T22:26:34.623+0000] {logging_mixin.py:188} INFO - [2026-04-01T22:26:34.623+0000] {dagbag.py:538} INFO - Filling up the DagBag from /home/airflow/.local/lib/python3.8/site-packages/airflow/example_dags/example_dag_decorator.py
[2026-04-01T22:26:34.660+0000] {processor.py:840} INFO - DAG(s) 'example_dag_decorator' retrieved from /home/airflow/.local/lib/python3.8/site-packages/airflow/example_dags/example_dag_decorator.py
[2026-04-01T22:26:34.696+0000] {logging_mixin.py:188} INFO - [2026-04-01T22:26:34.696+0000] {dag.py:3033} INFO - Sync 1 DAGs
[2026-04-01T22:26:34.700+0000] {logging_mixin.py:188} INFO - [2026-04-01T22:26:34.700+0000] {dag.py:3820} INFO - Setting next_dagrun for example_dag_decorator to None, run_after=None
[2026-04-01T22:26:34.706+0000] {processor.py:183} INFO - Processing /home/airflow/.local/lib/python3.8/site-packages/airflow/example_dags/example_dag_decorator.py took 0.085 seconds
[2026-04-01T22:27:04.863+0000] {processor.py:161} INFO - Started process (PID=401) to work on /home/airflow/.local/lib/python3.8/site-packages/airflow/example_dags/example_dag_decorator.py
[2026-04-01T22:27:04.863+0000] {processor.py:830} INFO - Processing file /home/airflow/.local/lib/python3.8/site-packages/airflow/example_dags/example_dag_decorator.py for tasks to queue
[2026-04-01T22:27:04.865+0000] {logging_mixin.py:188} INFO - [2026-04-01T22:27:04.865+0000] {dagbag.py:538} INFO - Filling up the DagBag from /home/airflow/.local/lib/python3.8/site-packages/airflow/example_dags/example_dag_decorator.py
[2026-04-01T22:27:04.895+0000] {processor.py:840} INFO - DAG(s) 'example_dag_decorator' retrieved from /home/airflow/.local/lib/python3.8/site-packages/airflow/example_dags/example_dag_decorator.py
[2026-04-01T22:27:04.931+0000] {logging_mixin.py:188} INFO - [2026-04-01T22:27:04.931+0000] {dag.py:3033} INFO - Sync 1 DAGs
[2026-04-01T22:27:04.934+0000] {logging_mixin.py:188} INFO - [2026-04-01T22:27:04.934+0000] {dag.py:3820} INFO - Setting next_dagrun for example_dag_decorator to None, run_after=None
[2026-04-01T22:27:04.940+0000] {processor.py:183} INFO - Processing /home/airflow/.local/lib/python3.8/site-packages/airflow/example_dags/example_dag_decorator.py took 0.078 seconds
[2026-04-01T22:27:35.142+0000] {processor.py:161} INFO - Started process (PID=456) to work on /home/airflow/.local/lib/python3.8/site-packages/airflow/example_dags/example_dag_decorator.py
[2026-04-01T22:27:35.142+0000] {processor.py:830} INFO - Processing file /home/airflow/.local/lib/python3.8/site-packages/airflow/example_dags/example_dag_decorator.py for tasks to queue
[2026-04-01T22:27:35.143+0000] {logging_mixin.py:188} INFO - [2026-04-01T22:27:35.143+0000] {dagbag.py:538} INFO - Filling up the DagBag from /home/airflow/.local/lib/python3.8/site-packages/airflow/example_dags/example_dag_decorator.py
[2026-04-01T22:27:35.178+0000] {processor.py:840} INFO - DAG(s) 'example_dag_decorator' retrieved from /home/airflow/.local/lib/python3.8/site-packages/airflow/example_dags/example_dag_decorator.py
[2026-04-01T22:27:35.218+0000] {logging_mixin.py:188} INFO - [2026-04-01T22:27:35.218+0000] {dag.py:3033} INFO - Sync 1 DAGs
[2026-04-01T22:27:35.222+0000] {logging_mixin.py:188} INFO - [2026-04-01T22:27:35.222+0000] {dag.py:3820} INFO - Setting next_dagrun for example_dag_decorator to None, run_after=None
[2026-04-01T22:27:35.228+0000] {processor.py:183} INFO - Processing /home/airflow/.local/lib/python3.8/site-packages/airflow/example_dags/example_dag_decorator.py took 0.087 seconds
[2026-04-01T22:28:05.511+0000] {processor.py:161} INFO - Started process (PID=511) to work on /home/airflow/.local/lib/python3.8/site-packages/airflow/example_dags/example_dag_decorator.py
[2026-04-01T22:28:05.512+0000] {processor.py:830} INFO - Processing file /home/airflow/.local/lib/python3.8/site-packages/airflow/example_dags/example_dag_decorator.py for tasks to queue
[2026-04-01T22:28:05.513+0000] {logging_mixin.py:188} INFO - [2026-04-01T22:28:05.513+0000] {dagbag.py:538} INFO - Filling up the DagBag from /home/airflow/.local/lib/python3.8/site-packages/airflow/example_dags/example_dag_decorator.py
[2026-04-01T22:28:05.550+0000] {processor.py:840} INFO - DAG(s) 'example_dag_decorator' retrieved from /home/airflow/.local/lib/python3.8/site-packages/airflow/example_dags/example_dag_decorator.py
[2026-04-01T22:28:05.589+0000] {logging_mixin.py:188} INFO - [2026-04-01T22:28:05.589+0000] {dag.py:3033} INFO - Sync 1 DAGs
[2026-04-01T22:28:05.705+0000] {logging_mixin.py:188} INFO - [2026-04-01T22:28:05.705+0000] {dag.py:3820} INFO - Setting next_dagrun for example_dag_decorator to None, run_after=None
[2026-04-01T22:28:05.715+0000] {processor.py:183} INFO - Processing /home/airflow/.local/lib/python3.8/site-packages/airflow/example_dags/example_dag_decorator.py took 0.205 seconds
