[2026-04-01T22:24:02.268+0000] {processor.py:161} INFO - Started process (PID=48) to work on /home/airflow/.local/lib/python3.8/site-packages/airflow/example_dags/example_latest_only.py
[2026-04-01T22:24:02.269+0000] {processor.py:830} INFO - Processing file /home/airflow/.local/lib/python3.8/site-packages/airflow/example_dags/example_latest_only.py for tasks to queue
[2026-04-01T22:24:02.271+0000] {logging_mixin.py:188} INFO - [2026-04-01T22:24:02.271+0000] {dagbag.py:538} INFO - Filling up the DagBag from /home/airflow/.local/lib/python3.8/site-packages/airflow/example_dags/example_latest_only.py
[2026-04-01T22:24:02.277+0000] {processor.py:840} INFO - DAG(s) 'latest_only' retrieved from /home/airflow/.local/lib/python3.8/site-packages/airflow/example_dags/example_latest_only.py
[2026-04-01T22:24:02.287+0000] {logging_mixin.py:188} INFO - [2026-04-01T22:24:02.287+0000] {dag.py:3033} INFO - Sync 1 DAGs
[2026-04-01T22:24:02.303+0000] {logging_mixin.py:188} INFO - [2026-04-01T22:24:02.303+0000] {dag.py:3820} INFO - Setting next_dagrun for latest_only to 2026-04-01T16:00:00+00:00, run_after=2026-04-01T20:00:00+00:00
[2026-04-01T22:24:02.314+0000] {processor.py:183} INFO - Processing /home/airflow/.local/lib/python3.8/site-packages/airflow/example_dags/example_latest_only.py took 0.048 seconds
[2026-04-01T22:24:32.516+0000] {processor.py:161} INFO - Started process (PID=103) to work on /home/airflow/.local/lib/python3.8/site-packages/airflow/example_dags/example_latest_only.py
[2026-04-01T22:24:32.517+0000] {processor.py:830} INFO - Processing file /home/airflow/.local/lib/python3.8/site-packages/airflow/example_dags/example_latest_only.py for tasks to queue
[2026-04-01T22:24:32.518+0000] {logging_mixin.py:188} INFO - [2026-04-01T22:24:32.518+0000] {dagbag.py:538} INFO - Filling up the DagBag from /home/airflow/.local/lib/python3.8/site-packages/airflow/example_dags/example_latest_only.py
[2026-04-01T22:24:32.521+0000] {processor.py:840} INFO - DAG(s) 'latest_only' retrieved from /home/airflow/.local/lib/python3.8/site-packages/airflow/example_dags/example_latest_only.py
[2026-04-01T22:24:32.557+0000] {logging_mixin.py:188} INFO - [2026-04-01T22:24:32.557+0000] {dag.py:3033} INFO - Sync 1 DAGs
[2026-04-01T22:24:32.564+0000] {logging_mixin.py:188} INFO - [2026-04-01T22:24:32.564+0000] {dag.py:3820} INFO - Setting next_dagrun for latest_only to 2026-04-01T16:00:00+00:00, run_after=2026-04-01T20:00:00+00:00
[2026-04-01T22:24:32.571+0000] {processor.py:183} INFO - Processing /home/airflow/.local/lib/python3.8/site-packages/airflow/example_dags/example_latest_only.py took 0.056 seconds
[2026-04-01T22:25:02.850+0000] {processor.py:161} INFO - Started process (PID=158) to work on /home/airflow/.local/lib/python3.8/site-packages/airflow/example_dags/example_latest_only.py
[2026-04-01T22:25:02.852+0000] {processor.py:830} INFO - Processing file /home/airflow/.local/lib/python3.8/site-packages/airflow/example_dags/example_latest_only.py for tasks to queue
[2026-04-01T22:25:02.853+0000] {logging_mixin.py:188} INFO - [2026-04-01T22:25:02.853+0000] {dagbag.py:538} INFO - Filling up the DagBag from /home/airflow/.local/lib/python3.8/site-packages/airflow/example_dags/example_latest_only.py
[2026-04-01T22:25:02.856+0000] {processor.py:840} INFO - DAG(s) 'latest_only' retrieved from /home/airflow/.local/lib/python3.8/site-packages/airflow/example_dags/example_latest_only.py
[2026-04-01T22:25:02.876+0000] {logging_mixin.py:188} INFO - [2026-04-01T22:25:02.876+0000] {dag.py:3033} INFO - Sync 1 DAGs
[2026-04-01T22:25:02.888+0000] {logging_mixin.py:188} INFO - [2026-04-01T22:25:02.888+0000] {dag.py:3820} INFO - Setting next_dagrun for latest_only to 2026-04-01T16:00:00+00:00, run_after=2026-04-01T20:00:00+00:00
[2026-04-01T22:25:02.900+0000] {processor.py:183} INFO - Processing /home/airflow/.local/lib/python3.8/site-packages/airflow/example_dags/example_latest_only.py took 0.054 seconds
[2026-04-01T22:25:33.464+0000] {processor.py:161} INFO - Started process (PID=213) to work on /home/airflow/.local/lib/python3.8/site-packages/airflow/example_dags/example_latest_only.py
[2026-04-01T22:25:33.464+0000] {processor.py:830} INFO - Processing file /home/airflow/.local/lib/python3.8/site-packages/airflow/example_dags/example_latest_only.py for tasks to queue
[2026-04-01T22:25:33.465+0000] {logging_mixin.py:188} INFO - [2026-04-01T22:25:33.465+0000] {dagbag.py:538} INFO - Filling up the DagBag from /home/airflow/.local/lib/python3.8/site-packages/airflow/example_dags/example_latest_only.py
[2026-04-01T22:25:33.467+0000] {processor.py:840} INFO - DAG(s) 'latest_only' retrieved from /home/airflow/.local/lib/python3.8/site-packages/airflow/example_dags/example_latest_only.py
[2026-04-01T22:25:33.474+0000] {logging_mixin.py:188} INFO - [2026-04-01T22:25:33.474+0000] {dag.py:3033} INFO - Sync 1 DAGs
[2026-04-01T22:25:33.481+0000] {logging_mixin.py:188} INFO - [2026-04-01T22:25:33.481+0000] {dag.py:3820} INFO - Setting next_dagrun for latest_only to 2026-04-01T16:00:00+00:00, run_after=2026-04-01T20:00:00+00:00
[2026-04-01T22:25:33.488+0000] {processor.py:183} INFO - Processing /home/airflow/.local/lib/python3.8/site-packages/airflow/example_dags/example_latest_only.py took 0.026 seconds
[2026-04-01T22:26:03.829+0000] {processor.py:161} INFO - Started process (PID=268) to work on /home/airflow/.local/lib/python3.8/site-packages/airflow/example_dags/example_latest_only.py
[2026-04-01T22:26:03.829+0000] {processor.py:830} INFO - Processing file /home/airflow/.local/lib/python3.8/site-packages/airflow/example_dags/example_latest_only.py for tasks to queue
[2026-04-01T22:26:03.830+0000] {logging_mixin.py:188} INFO - [2026-04-01T22:26:03.830+0000] {dagbag.py:538} INFO - Filling up the DagBag from /home/airflow/.local/lib/python3.8/site-packages/airflow/example_dags/example_latest_only.py
[2026-04-01T22:26:03.832+0000] {processor.py:840} INFO - DAG(s) 'latest_only' retrieved from /home/airflow/.local/lib/python3.8/site-packages/airflow/example_dags/example_latest_only.py
[2026-04-01T22:26:03.840+0000] {logging_mixin.py:188} INFO - [2026-04-01T22:26:03.840+0000] {dag.py:3033} INFO - Sync 1 DAGs
[2026-04-01T22:26:03.847+0000] {logging_mixin.py:188} INFO - [2026-04-01T22:26:03.847+0000] {dag.py:3820} INFO - Setting next_dagrun for latest_only to 2026-04-01T16:00:00+00:00, run_after=2026-04-01T20:00:00+00:00
[2026-04-01T22:26:03.853+0000] {processor.py:183} INFO - Processing /home/airflow/.local/lib/python3.8/site-packages/airflow/example_dags/example_latest_only.py took 0.026 seconds
[2026-04-01T22:26:34.166+0000] {processor.py:161} INFO - Started process (PID=323) to work on /home/airflow/.local/lib/python3.8/site-packages/airflow/example_dags/example_latest_only.py
[2026-04-01T22:26:34.166+0000] {processor.py:830} INFO - Processing file /home/airflow/.local/lib/python3.8/site-packages/airflow/example_dags/example_latest_only.py for tasks to queue
[2026-04-01T22:26:34.167+0000] {logging_mixin.py:188} INFO - [2026-04-01T22:26:34.167+0000] {dagbag.py:538} INFO - Filling up the DagBag from /home/airflow/.local/lib/python3.8/site-packages/airflow/example_dags/example_latest_only.py
[2026-04-01T22:26:34.169+0000] {processor.py:840} INFO - DAG(s) 'latest_only' retrieved from /home/airflow/.local/lib/python3.8/site-packages/airflow/example_dags/example_latest_only.py
[2026-04-01T22:26:34.176+0000] {logging_mixin.py:188} INFO - [2026-04-01T22:26:34.176+0000] {dag.py:3033} INFO - Sync 1 DAGs
[2026-04-01T22:26:34.183+0000] {logging_mixin.py:188} INFO - [2026-04-01T22:26:34.183+0000] {dag.py:3820} INFO - Setting next_dagrun for latest_only to 2026-04-01T16:00:00+00:00, run_after=2026-04-01T20:00:00+00:00
[2026-04-01T22:26:34.188+0000] {processor.py:183} INFO - Processing /home/airflow/.local/lib/python3.8/site-packages/airflow/example_dags/example_latest_only.py took 0.024 seconds
[2026-04-01T22:27:04.424+0000] {processor.py:161} INFO - Started process (PID=378) to work on /home/airflow/.local/lib/python3.8/site-packages/airflow/example_dags/example_latest_only.py
[2026-04-01T22:27:04.425+0000] {processor.py:830} INFO - Processing file /home/airflow/.local/lib/python3.8/site-packages/airflow/example_dags/example_latest_only.py for tasks to queue
[2026-04-01T22:27:04.425+0000] {logging_mixin.py:188} INFO - [2026-04-01T22:27:04.425+0000] {dagbag.py:538} INFO - Filling up the DagBag from /home/airflow/.local/lib/python3.8/site-packages/airflow/example_dags/example_latest_only.py
[2026-04-01T22:27:04.427+0000] {processor.py:840} INFO - DAG(s) 'latest_only' retrieved from /home/airflow/.local/lib/python3.8/site-packages/airflow/example_dags/example_latest_only.py
[2026-04-01T22:27:04.434+0000] {logging_mixin.py:188} INFO - [2026-04-01T22:27:04.434+0000] {dag.py:3033} INFO - Sync 1 DAGs
[2026-04-01T22:27:04.441+0000] {logging_mixin.py:188} INFO - [2026-04-01T22:27:04.441+0000] {dag.py:3820} INFO - Setting next_dagrun for latest_only to 2026-04-01T16:00:00+00:00, run_after=2026-04-01T20:00:00+00:00
[2026-04-01T22:27:04.446+0000] {processor.py:183} INFO - Processing /home/airflow/.local/lib/python3.8/site-packages/airflow/example_dags/example_latest_only.py took 0.024 seconds
[2026-04-01T22:27:34.673+0000] {processor.py:161} INFO - Started process (PID=433) to work on /home/airflow/.local/lib/python3.8/site-packages/airflow/example_dags/example_latest_only.py
[2026-04-01T22:27:34.674+0000] {processor.py:830} INFO - Processing file /home/airflow/.local/lib/python3.8/site-packages/airflow/example_dags/example_latest_only.py for tasks to queue
[2026-04-01T22:27:34.675+0000] {logging_mixin.py:188} INFO - [2026-04-01T22:27:34.675+0000] {dagbag.py:538} INFO - Filling up the DagBag from /home/airflow/.local/lib/python3.8/site-packages/airflow/example_dags/example_latest_only.py
[2026-04-01T22:27:34.677+0000] {processor.py:840} INFO - DAG(s) 'latest_only' retrieved from /home/airflow/.local/lib/python3.8/site-packages/airflow/example_dags/example_latest_only.py
[2026-04-01T22:27:34.684+0000] {logging_mixin.py:188} INFO - [2026-04-01T22:27:34.684+0000] {dag.py:3033} INFO - Sync 1 DAGs
[2026-04-01T22:27:34.691+0000] {logging_mixin.py:188} INFO - [2026-04-01T22:27:34.691+0000] {dag.py:3820} INFO - Setting next_dagrun for latest_only to 2026-04-01T16:00:00+00:00, run_after=2026-04-01T20:00:00+00:00
[2026-04-01T22:27:34.697+0000] {processor.py:183} INFO - Processing /home/airflow/.local/lib/python3.8/site-packages/airflow/example_dags/example_latest_only.py took 0.029 seconds
[2026-04-01T22:28:05.028+0000] {processor.py:161} INFO - Started process (PID=488) to work on /home/airflow/.local/lib/python3.8/site-packages/airflow/example_dags/example_latest_only.py
[2026-04-01T22:28:05.029+0000] {processor.py:830} INFO - Processing file /home/airflow/.local/lib/python3.8/site-packages/airflow/example_dags/example_latest_only.py for tasks to queue
[2026-04-01T22:28:05.031+0000] {logging_mixin.py:188} INFO - [2026-04-01T22:28:05.031+0000] {dagbag.py:538} INFO - Filling up the DagBag from /home/airflow/.local/lib/python3.8/site-packages/airflow/example_dags/example_latest_only.py
[2026-04-01T22:28:05.033+0000] {processor.py:840} INFO - DAG(s) 'latest_only' retrieved from /home/airflow/.local/lib/python3.8/site-packages/airflow/example_dags/example_latest_only.py
[2026-04-01T22:28:05.043+0000] {logging_mixin.py:188} INFO - [2026-04-01T22:28:05.043+0000] {dag.py:3033} INFO - Sync 1 DAGs
[2026-04-01T22:28:05.053+0000] {logging_mixin.py:188} INFO - [2026-04-01T22:28:05.053+0000] {dag.py:3820} INFO - Setting next_dagrun for latest_only to 2026-04-01T16:00:00+00:00, run_after=2026-04-01T20:00:00+00:00
[2026-04-01T22:28:05.059+0000] {processor.py:183} INFO - Processing /home/airflow/.local/lib/python3.8/site-packages/airflow/example_dags/example_latest_only.py took 0.033 seconds
