[2026-04-01T22:24:02.325+0000] {processor.py:161} INFO - Started process (PID=50) to work on /home/airflow/.local/lib/python3.8/site-packages/airflow/example_dags/example_sensor_decorator.py
[2026-04-01T22:24:02.325+0000] {processor.py:830} INFO - Processing file /home/airflow/.local/lib/python3.8/site-packages/airflow/example_dags/example_sensor_decorator.py for tasks to queue
[2026-04-01T22:24:02.327+0000] {logging_mixin.py:188} INFO - [2026-04-01T22:24:02.327+0000] {dagbag.py:538} INFO - Filling up the DagBag from /home/airflow/.local/lib/python3.8/site-packages/airflow/example_dags/example_sensor_decorator.py
[2026-04-01T22:24:02.332+0000] {processor.py:840} INFO - DAG(s) 'example_sensor_decorator' retrieved from /home/airflow/.local/lib/python3.8/site-packages/airflow/example_dags/example_sensor_decorator.py
[2026-04-01T22:24:02.339+0000] {logging_mixin.py:188} INFO - [2026-04-01T22:24:02.339+0000] {dag.py:3033} INFO - Sync 1 DAGs
[2026-04-01T22:24:02.351+0000] {logging_mixin.py:188} INFO - [2026-04-01T22:24:02.351+0000] {dag.py:3820} INFO - Setting next_dagrun for example_sensor_decorator to None, run_after=None
[2026-04-01T22:24:02.373+0000] {processor.py:183} INFO - Processing /home/airflow/.local/lib/python3.8/site-packages/airflow/example_dags/example_sensor_decorator.py took 0.050 seconds
[2026-04-01T22:24:32.584+0000] {processor.py:161} INFO - Started process (PID=105) to work on /home/airflow/.local/lib/python3.8/site-packages/airflow/example_dags/example_sensor_decorator.py
[2026-04-01T22:24:32.586+0000] {processor.py:830} INFO - Processing file /home/airflow/.local/lib/python3.8/site-packages/airflow/example_dags/example_sensor_decorator.py for tasks to queue
[2026-04-01T22:24:32.588+0000] {logging_mixin.py:188} INFO - [2026-04-01T22:24:32.588+0000] {dagbag.py:538} INFO - Filling up the DagBag from /home/airflow/.local/lib/python3.8/site-packages/airflow/example_dags/example_sensor_decorator.py
[2026-04-01T22:24:32.592+0000] {processor.py:840} INFO - DAG(s) 'example_sensor_decorator' retrieved from /home/airflow/.local/lib/python3.8/site-packages/airflow/example_dags/example_sensor_decorator.py
[2026-04-01T22:24:32.643+0000] {logging_mixin.py:188} INFO - [2026-04-01T22:24:32.642+0000] {dag.py:3033} INFO - Sync 1 DAGs
[2026-04-01T22:24:32.647+0000] {logging_mixin.py:188} INFO - [2026-04-01T22:24:32.647+0000] {dag.py:3820} INFO - Setting next_dagrun for example_sensor_decorator to None, run_after=None
[2026-04-01T22:24:32.655+0000] {processor.py:183} INFO - Processing /home/airflow/.local/lib/python3.8/site-packages/airflow/example_dags/example_sensor_decorator.py took 0.076 seconds
[2026-04-01T22:25:02.913+0000] {processor.py:161} INFO - Started process (PID=160) to work on /home/airflow/.local/lib/python3.8/site-packages/airflow/example_dags/example_sensor_decorator.py
[2026-04-01T22:25:02.914+0000] {processor.py:830} INFO - Processing file /home/airflow/.local/lib/python3.8/site-packages/airflow/example_dags/example_sensor_decorator.py for tasks to queue
[2026-04-01T22:25:02.915+0000] {logging_mixin.py:188} INFO - [2026-04-01T22:25:02.915+0000] {dagbag.py:538} INFO - Filling up the DagBag from /home/airflow/.local/lib/python3.8/site-packages/airflow/example_dags/example_sensor_decorator.py
[2026-04-01T22:25:02.918+0000] {processor.py:840} INFO - DAG(s) 'example_sensor_decorator' retrieved from /home/airflow/.local/lib/python3.8/site-packages/airflow/example_dags/example_sensor_decorator.py
[2026-04-01T22:25:02.931+0000] {logging_mixin.py:188} INFO - [2026-04-01T22:25:02.931+0000] {dag.py:3033} INFO - Sync 1 DAGs
[2026-04-01T22:25:02.938+0000] {logging_mixin.py:188} INFO - [2026-04-01T22:25:02.938+0000] {dag.py:3820} INFO - Setting next_dagrun for example_sensor_decorator to None, run_after=None
[2026-04-01T22:25:02.952+0000] {processor.py:183} INFO - Processing /home/airflow/.local/lib/python3.8/site-packages/airflow/example_dags/example_sensor_decorator.py took 0.041 seconds
[2026-04-01T22:25:33.496+0000] {processor.py:161} INFO - Started process (PID=215) to work on /home/airflow/.local/lib/python3.8/site-packages/airflow/example_dags/example_sensor_decorator.py
[2026-04-01T22:25:33.497+0000] {processor.py:830} INFO - Processing file /home/airflow/.local/lib/python3.8/site-packages/airflow/example_dags/example_sensor_decorator.py for tasks to queue
[2026-04-01T22:25:33.498+0000] {logging_mixin.py:188} INFO - [2026-04-01T22:25:33.498+0000] {dagbag.py:538} INFO - Filling up the DagBag from /home/airflow/.local/lib/python3.8/site-packages/airflow/example_dags/example_sensor_decorator.py
[2026-04-01T22:25:33.500+0000] {processor.py:840} INFO - DAG(s) 'example_sensor_decorator' retrieved from /home/airflow/.local/lib/python3.8/site-packages/airflow/example_dags/example_sensor_decorator.py
[2026-04-01T22:25:33.508+0000] {logging_mixin.py:188} INFO - [2026-04-01T22:25:33.508+0000] {dag.py:3033} INFO - Sync 1 DAGs
[2026-04-01T22:25:33.512+0000] {logging_mixin.py:188} INFO - [2026-04-01T22:25:33.512+0000] {dag.py:3820} INFO - Setting next_dagrun for example_sensor_decorator to None, run_after=None
[2026-04-01T22:25:33.518+0000] {processor.py:183} INFO - Processing /home/airflow/.local/lib/python3.8/site-packages/airflow/example_dags/example_sensor_decorator.py took 0.023 seconds
[2026-04-01T22:26:03.897+0000] {processor.py:161} INFO - Started process (PID=270) to work on /home/airflow/.local/lib/python3.8/site-packages/airflow/example_dags/example_sensor_decorator.py
[2026-04-01T22:26:03.897+0000] {processor.py:830} INFO - Processing file /home/airflow/.local/lib/python3.8/site-packages/airflow/example_dags/example_sensor_decorator.py for tasks to queue
[2026-04-01T22:26:03.898+0000] {logging_mixin.py:188} INFO - [2026-04-01T22:26:03.898+0000] {dagbag.py:538} INFO - Filling up the DagBag from /home/airflow/.local/lib/python3.8/site-packages/airflow/example_dags/example_sensor_decorator.py
[2026-04-01T22:26:03.901+0000] {processor.py:840} INFO - DAG(s) 'example_sensor_decorator' retrieved from /home/airflow/.local/lib/python3.8/site-packages/airflow/example_dags/example_sensor_decorator.py
[2026-04-01T22:26:03.909+0000] {logging_mixin.py:188} INFO - [2026-04-01T22:26:03.909+0000] {dag.py:3033} INFO - Sync 1 DAGs
[2026-04-01T22:26:03.913+0000] {logging_mixin.py:188} INFO - [2026-04-01T22:26:03.913+0000] {dag.py:3820} INFO - Setting next_dagrun for example_sensor_decorator to None, run_after=None
[2026-04-01T22:26:03.919+0000] {processor.py:183} INFO - Processing /home/airflow/.local/lib/python3.8/site-packages/airflow/example_dags/example_sensor_decorator.py took 0.024 seconds
[2026-04-01T22:26:34.197+0000] {processor.py:161} INFO - Started process (PID=325) to work on /home/airflow/.local/lib/python3.8/site-packages/airflow/example_dags/example_sensor_decorator.py
[2026-04-01T22:26:34.198+0000] {processor.py:830} INFO - Processing file /home/airflow/.local/lib/python3.8/site-packages/airflow/example_dags/example_sensor_decorator.py for tasks to queue
[2026-04-01T22:26:34.198+0000] {logging_mixin.py:188} INFO - [2026-04-01T22:26:34.198+0000] {dagbag.py:538} INFO - Filling up the DagBag from /home/airflow/.local/lib/python3.8/site-packages/airflow/example_dags/example_sensor_decorator.py
[2026-04-01T22:26:34.201+0000] {processor.py:840} INFO - DAG(s) 'example_sensor_decorator' retrieved from /home/airflow/.local/lib/python3.8/site-packages/airflow/example_dags/example_sensor_decorator.py
[2026-04-01T22:26:34.208+0000] {logging_mixin.py:188} INFO - [2026-04-01T22:26:34.208+0000] {dag.py:3033} INFO - Sync 1 DAGs
[2026-04-01T22:26:34.213+0000] {logging_mixin.py:188} INFO - [2026-04-01T22:26:34.213+0000] {dag.py:3820} INFO - Setting next_dagrun for example_sensor_decorator to None, run_after=None
[2026-04-01T22:26:34.220+0000] {processor.py:183} INFO - Processing /home/airflow/.local/lib/python3.8/site-packages/airflow/example_dags/example_sensor_decorator.py took 0.024 seconds
[2026-04-01T22:27:04.455+0000] {processor.py:161} INFO - Started process (PID=380) to work on /home/airflow/.local/lib/python3.8/site-packages/airflow/example_dags/example_sensor_decorator.py
[2026-04-01T22:27:04.455+0000] {processor.py:830} INFO - Processing file /home/airflow/.local/lib/python3.8/site-packages/airflow/example_dags/example_sensor_decorator.py for tasks to queue
[2026-04-01T22:27:04.456+0000] {logging_mixin.py:188} INFO - [2026-04-01T22:27:04.456+0000] {dagbag.py:538} INFO - Filling up the DagBag from /home/airflow/.local/lib/python3.8/site-packages/airflow/example_dags/example_sensor_decorator.py
[2026-04-01T22:27:04.459+0000] {processor.py:840} INFO - DAG(s) 'example_sensor_decorator' retrieved from /home/airflow/.local/lib/python3.8/site-packages/airflow/example_dags/example_sensor_decorator.py
[2026-04-01T22:27:04.466+0000] {logging_mixin.py:188} INFO - [2026-04-01T22:27:04.466+0000] {dag.py:3033} INFO - Sync 1 DAGs
[2026-04-01T22:27:04.470+0000] {logging_mixin.py:188} INFO - [2026-04-01T22:27:04.470+0000] {dag.py:3820} INFO - Setting next_dagrun for example_sensor_decorator to None, run_after=None
[2026-04-01T22:27:04.477+0000] {processor.py:183} INFO - Processing /home/airflow/.local/lib/python3.8/site-packages/airflow/example_dags/example_sensor_decorator.py took 0.024 seconds
[2026-04-01T22:27:34.709+0000] {processor.py:161} INFO - Started process (PID=435) to work on /home/airflow/.local/lib/python3.8/site-packages/airflow/example_dags/example_sensor_decorator.py
[2026-04-01T22:27:34.710+0000] {processor.py:830} INFO - Processing file /home/airflow/.local/lib/python3.8/site-packages/airflow/example_dags/example_sensor_decorator.py for tasks to queue
[2026-04-01T22:27:34.711+0000] {logging_mixin.py:188} INFO - [2026-04-01T22:27:34.710+0000] {dagbag.py:538} INFO - Filling up the DagBag from /home/airflow/.local/lib/python3.8/site-packages/airflow/example_dags/example_sensor_decorator.py
[2026-04-01T22:27:34.713+0000] {processor.py:840} INFO - DAG(s) 'example_sensor_decorator' retrieved from /home/airflow/.local/lib/python3.8/site-packages/airflow/example_dags/example_sensor_decorator.py
[2026-04-01T22:27:34.721+0000] {logging_mixin.py:188} INFO - [2026-04-01T22:27:34.721+0000] {dag.py:3033} INFO - Sync 1 DAGs
[2026-04-01T22:27:34.726+0000] {logging_mixin.py:188} INFO - [2026-04-01T22:27:34.726+0000] {dag.py:3820} INFO - Setting next_dagrun for example_sensor_decorator to None, run_after=None
[2026-04-01T22:27:34.733+0000] {processor.py:183} INFO - Processing /home/airflow/.local/lib/python3.8/site-packages/airflow/example_dags/example_sensor_decorator.py took 0.025 seconds
[2026-04-01T22:28:05.073+0000] {processor.py:161} INFO - Started process (PID=490) to work on /home/airflow/.local/lib/python3.8/site-packages/airflow/example_dags/example_sensor_decorator.py
[2026-04-01T22:28:05.073+0000] {processor.py:830} INFO - Processing file /home/airflow/.local/lib/python3.8/site-packages/airflow/example_dags/example_sensor_decorator.py for tasks to queue
[2026-04-01T22:28:05.074+0000] {logging_mixin.py:188} INFO - [2026-04-01T22:28:05.074+0000] {dagbag.py:538} INFO - Filling up the DagBag from /home/airflow/.local/lib/python3.8/site-packages/airflow/example_dags/example_sensor_decorator.py
[2026-04-01T22:28:05.077+0000] {processor.py:840} INFO - DAG(s) 'example_sensor_decorator' retrieved from /home/airflow/.local/lib/python3.8/site-packages/airflow/example_dags/example_sensor_decorator.py
[2026-04-01T22:28:05.085+0000] {logging_mixin.py:188} INFO - [2026-04-01T22:28:05.085+0000] {dag.py:3033} INFO - Sync 1 DAGs
[2026-04-01T22:28:05.092+0000] {logging_mixin.py:188} INFO - [2026-04-01T22:28:05.092+0000] {dag.py:3820} INFO - Setting next_dagrun for example_sensor_decorator to None, run_after=None
[2026-04-01T22:28:05.102+0000] {processor.py:183} INFO - Processing /home/airflow/.local/lib/python3.8/site-packages/airflow/example_dags/example_sensor_decorator.py took 0.035 seconds
