[2026-04-01T22:24:03.108+0000] {processor.py:161} INFO - Started process (PID=69) to work on /home/airflow/.local/lib/python3.8/site-packages/airflow/example_dags/example_time_delta_sensor_async.py
[2026-04-01T22:24:03.110+0000] {processor.py:830} INFO - Processing file /home/airflow/.local/lib/python3.8/site-packages/airflow/example_dags/example_time_delta_sensor_async.py for tasks to queue
[2026-04-01T22:24:03.112+0000] {logging_mixin.py:188} INFO - [2026-04-01T22:24:03.111+0000] {dagbag.py:538} INFO - Filling up the DagBag from /home/airflow/.local/lib/python3.8/site-packages/airflow/example_dags/example_time_delta_sensor_async.py
[2026-04-01T22:24:03.123+0000] {processor.py:840} INFO - DAG(s) 'example_time_delta_sensor_async' retrieved from /home/airflow/.local/lib/python3.8/site-packages/airflow/example_dags/example_time_delta_sensor_async.py
[2026-04-01T22:24:03.138+0000] {logging_mixin.py:188} INFO - [2026-04-01T22:24:03.138+0000] {dag.py:3033} INFO - Sync 1 DAGs
[2026-04-01T22:24:03.154+0000] {logging_mixin.py:188} INFO - [2026-04-01T22:24:03.154+0000] {dag.py:3820} INFO - Setting next_dagrun for example_time_delta_sensor_async to None, run_after=None
[2026-04-01T22:24:03.173+0000] {processor.py:183} INFO - Processing /home/airflow/.local/lib/python3.8/site-packages/airflow/example_dags/example_time_delta_sensor_async.py took 0.067 seconds
[2026-04-01T22:24:33.310+0000] {processor.py:161} INFO - Started process (PID=124) to work on /home/airflow/.local/lib/python3.8/site-packages/airflow/example_dags/example_time_delta_sensor_async.py
[2026-04-01T22:24:33.311+0000] {processor.py:830} INFO - Processing file /home/airflow/.local/lib/python3.8/site-packages/airflow/example_dags/example_time_delta_sensor_async.py for tasks to queue
[2026-04-01T22:24:33.312+0000] {logging_mixin.py:188} INFO - [2026-04-01T22:24:33.312+0000] {dagbag.py:538} INFO - Filling up the DagBag from /home/airflow/.local/lib/python3.8/site-packages/airflow/example_dags/example_time_delta_sensor_async.py
[2026-04-01T22:24:33.314+0000] {processor.py:840} INFO - DAG(s) 'example_time_delta_sensor_async' retrieved from /home/airflow/.local/lib/python3.8/site-packages/airflow/example_dags/example_time_delta_sensor_async.py
[2026-04-01T22:24:33.356+0000] {logging_mixin.py:188} INFO - [2026-04-01T22:24:33.356+0000] {dag.py:3033} INFO - Sync 1 DAGs
[2026-04-01T22:24:33.360+0000] {logging_mixin.py:188} INFO - [2026-04-01T22:24:33.360+0000] {dag.py:3820} INFO - Setting next_dagrun for example_time_delta_sensor_async to None, run_after=None
[2026-04-01T22:24:33.366+0000] {processor.py:183} INFO - Processing /home/airflow/.local/lib/python3.8/site-packages/airflow/example_dags/example_time_delta_sensor_async.py took 0.058 seconds
[2026-04-01T22:25:03.525+0000] {processor.py:161} INFO - Started process (PID=179) to work on /home/airflow/.local/lib/python3.8/site-packages/airflow/example_dags/example_time_delta_sensor_async.py
[2026-04-01T22:25:03.527+0000] {processor.py:830} INFO - Processing file /home/airflow/.local/lib/python3.8/site-packages/airflow/example_dags/example_time_delta_sensor_async.py for tasks to queue
[2026-04-01T22:25:03.528+0000] {logging_mixin.py:188} INFO - [2026-04-01T22:25:03.528+0000] {dagbag.py:538} INFO - Filling up the DagBag from /home/airflow/.local/lib/python3.8/site-packages/airflow/example_dags/example_time_delta_sensor_async.py
[2026-04-01T22:25:03.531+0000] {processor.py:840} INFO - DAG(s) 'example_time_delta_sensor_async' retrieved from /home/airflow/.local/lib/python3.8/site-packages/airflow/example_dags/example_time_delta_sensor_async.py
[2026-04-01T22:25:03.544+0000] {logging_mixin.py:188} INFO - [2026-04-01T22:25:03.544+0000] {dag.py:3033} INFO - Sync 1 DAGs
[2026-04-01T22:25:03.549+0000] {logging_mixin.py:188} INFO - [2026-04-01T22:25:03.549+0000] {dag.py:3820} INFO - Setting next_dagrun for example_time_delta_sensor_async to None, run_after=None
[2026-04-01T22:25:03.560+0000] {processor.py:183} INFO - Processing /home/airflow/.local/lib/python3.8/site-packages/airflow/example_dags/example_time_delta_sensor_async.py took 0.037 seconds
[2026-04-01T22:25:33.915+0000] {processor.py:161} INFO - Started process (PID=234) to work on /home/airflow/.local/lib/python3.8/site-packages/airflow/example_dags/example_time_delta_sensor_async.py
[2026-04-01T22:25:33.916+0000] {processor.py:830} INFO - Processing file /home/airflow/.local/lib/python3.8/site-packages/airflow/example_dags/example_time_delta_sensor_async.py for tasks to queue
[2026-04-01T22:25:33.917+0000] {logging_mixin.py:188} INFO - [2026-04-01T22:25:33.916+0000] {dagbag.py:538} INFO - Filling up the DagBag from /home/airflow/.local/lib/python3.8/site-packages/airflow/example_dags/example_time_delta_sensor_async.py
[2026-04-01T22:25:33.921+0000] {processor.py:840} INFO - DAG(s) 'example_time_delta_sensor_async' retrieved from /home/airflow/.local/lib/python3.8/site-packages/airflow/example_dags/example_time_delta_sensor_async.py
[2026-04-01T22:25:33.930+0000] {logging_mixin.py:188} INFO - [2026-04-01T22:25:33.930+0000] {dag.py:3033} INFO - Sync 1 DAGs
[2026-04-01T22:25:33.935+0000] {logging_mixin.py:188} INFO - [2026-04-01T22:25:33.934+0000] {dag.py:3820} INFO - Setting next_dagrun for example_time_delta_sensor_async to None, run_after=None
[2026-04-01T22:25:33.942+0000] {processor.py:183} INFO - Processing /home/airflow/.local/lib/python3.8/site-packages/airflow/example_dags/example_time_delta_sensor_async.py took 0.029 seconds
[2026-04-01T22:26:04.283+0000] {processor.py:161} INFO - Started process (PID=289) to work on /home/airflow/.local/lib/python3.8/site-packages/airflow/example_dags/example_time_delta_sensor_async.py
[2026-04-01T22:26:04.284+0000] {processor.py:830} INFO - Processing file /home/airflow/.local/lib/python3.8/site-packages/airflow/example_dags/example_time_delta_sensor_async.py for tasks to queue
[2026-04-01T22:26:04.286+0000] {logging_mixin.py:188} INFO - [2026-04-01T22:26:04.286+0000] {dagbag.py:538} INFO - Filling up the DagBag from /home/airflow/.local/lib/python3.8/site-packages/airflow/example_dags/example_time_delta_sensor_async.py
[2026-04-01T22:26:04.288+0000] {processor.py:840} INFO - DAG(s) 'example_time_delta_sensor_async' retrieved from /home/airflow/.local/lib/python3.8/site-packages/airflow/example_dags/example_time_delta_sensor_async.py
[2026-04-01T22:26:04.296+0000] {logging_mixin.py:188} INFO - [2026-04-01T22:26:04.296+0000] {dag.py:3033} INFO - Sync 1 DAGs
[2026-04-01T22:26:04.301+0000] {logging_mixin.py:188} INFO - [2026-04-01T22:26:04.301+0000] {dag.py:3820} INFO - Setting next_dagrun for example_time_delta_sensor_async to None, run_after=None
[2026-04-01T22:26:04.308+0000] {processor.py:183} INFO - Processing /home/airflow/.local/lib/python3.8/site-packages/airflow/example_dags/example_time_delta_sensor_async.py took 0.026 seconds
[2026-04-01T22:26:34.591+0000] {processor.py:161} INFO - Started process (PID=344) to work on /home/airflow/.local/lib/python3.8/site-packages/airflow/example_dags/example_time_delta_sensor_async.py
[2026-04-01T22:26:34.592+0000] {processor.py:830} INFO - Processing file /home/airflow/.local/lib/python3.8/site-packages/airflow/example_dags/example_time_delta_sensor_async.py for tasks to queue
[2026-04-01T22:26:34.593+0000] {logging_mixin.py:188} INFO - [2026-04-01T22:26:34.593+0000] {dagbag.py:538} INFO - Filling up the DagBag from /home/airflow/.local/lib/python3.8/site-packages/airflow/example_dags/example_time_delta_sensor_async.py
[2026-04-01T22:26:34.595+0000] {processor.py:840} INFO - DAG(s) 'example_time_delta_sensor_async' retrieved from /home/airflow/.local/lib/python3.8/site-packages/airflow/example_dags/example_time_delta_sensor_async.py
[2026-04-01T22:26:34.602+0000] {logging_mixin.py:188} INFO - [2026-04-01T22:26:34.602+0000] {dag.py:3033} INFO - Sync 1 DAGs
[2026-04-01T22:26:34.606+0000] {logging_mixin.py:188} INFO - [2026-04-01T22:26:34.606+0000] {dag.py:3820} INFO - Setting next_dagrun for example_time_delta_sensor_async to None, run_after=None
[2026-04-01T22:26:34.612+0000] {processor.py:183} INFO - Processing /home/airflow/.local/lib/python3.8/site-packages/airflow/example_dags/example_time_delta_sensor_async.py took 0.022 seconds
[2026-04-01T22:27:04.831+0000] {processor.py:161} INFO - Started process (PID=399) to work on /home/airflow/.local/lib/python3.8/site-packages/airflow/example_dags/example_time_delta_sensor_async.py
[2026-04-01T22:27:04.831+0000] {processor.py:830} INFO - Processing file /home/airflow/.local/lib/python3.8/site-packages/airflow/example_dags/example_time_delta_sensor_async.py for tasks to queue
[2026-04-01T22:27:04.832+0000] {logging_mixin.py:188} INFO - [2026-04-01T22:27:04.832+0000] {dagbag.py:538} INFO - Filling up the DagBag from /home/airflow/.local/lib/python3.8/site-packages/airflow/example_dags/example_time_delta_sensor_async.py
[2026-04-01T22:27:04.834+0000] {processor.py:840} INFO - DAG(s) 'example_time_delta_sensor_async' retrieved from /home/airflow/.local/lib/python3.8/site-packages/airflow/example_dags/example_time_delta_sensor_async.py
[2026-04-01T22:27:04.842+0000] {logging_mixin.py:188} INFO - [2026-04-01T22:27:04.842+0000] {dag.py:3033} INFO - Sync 1 DAGs
[2026-04-01T22:27:04.846+0000] {logging_mixin.py:188} INFO - [2026-04-01T22:27:04.846+0000] {dag.py:3820} INFO - Setting next_dagrun for example_time_delta_sensor_async to None, run_after=None
[2026-04-01T22:27:04.852+0000] {processor.py:183} INFO - Processing /home/airflow/.local/lib/python3.8/site-packages/airflow/example_dags/example_time_delta_sensor_async.py took 0.023 seconds
[2026-04-01T22:27:35.110+0000] {processor.py:161} INFO - Started process (PID=454) to work on /home/airflow/.local/lib/python3.8/site-packages/airflow/example_dags/example_time_delta_sensor_async.py
[2026-04-01T22:27:35.111+0000] {processor.py:830} INFO - Processing file /home/airflow/.local/lib/python3.8/site-packages/airflow/example_dags/example_time_delta_sensor_async.py for tasks to queue
[2026-04-01T22:27:35.111+0000] {logging_mixin.py:188} INFO - [2026-04-01T22:27:35.111+0000] {dagbag.py:538} INFO - Filling up the DagBag from /home/airflow/.local/lib/python3.8/site-packages/airflow/example_dags/example_time_delta_sensor_async.py
[2026-04-01T22:27:35.114+0000] {processor.py:840} INFO - DAG(s) 'example_time_delta_sensor_async' retrieved from /home/airflow/.local/lib/python3.8/site-packages/airflow/example_dags/example_time_delta_sensor_async.py
[2026-04-01T22:27:35.122+0000] {logging_mixin.py:188} INFO - [2026-04-01T22:27:35.122+0000] {dag.py:3033} INFO - Sync 1 DAGs
[2026-04-01T22:27:35.126+0000] {logging_mixin.py:188} INFO - [2026-04-01T22:27:35.126+0000] {dag.py:3820} INFO - Setting next_dagrun for example_time_delta_sensor_async to None, run_after=None
[2026-04-01T22:27:35.133+0000] {processor.py:183} INFO - Processing /home/airflow/.local/lib/python3.8/site-packages/airflow/example_dags/example_time_delta_sensor_async.py took 0.024 seconds
[2026-04-01T22:28:05.478+0000] {processor.py:161} INFO - Started process (PID=509) to work on /home/airflow/.local/lib/python3.8/site-packages/airflow/example_dags/example_time_delta_sensor_async.py
[2026-04-01T22:28:05.478+0000] {processor.py:830} INFO - Processing file /home/airflow/.local/lib/python3.8/site-packages/airflow/example_dags/example_time_delta_sensor_async.py for tasks to queue
[2026-04-01T22:28:05.479+0000] {logging_mixin.py:188} INFO - [2026-04-01T22:28:05.479+0000] {dagbag.py:538} INFO - Filling up the DagBag from /home/airflow/.local/lib/python3.8/site-packages/airflow/example_dags/example_time_delta_sensor_async.py
[2026-04-01T22:28:05.481+0000] {processor.py:840} INFO - DAG(s) 'example_time_delta_sensor_async' retrieved from /home/airflow/.local/lib/python3.8/site-packages/airflow/example_dags/example_time_delta_sensor_async.py
[2026-04-01T22:28:05.490+0000] {logging_mixin.py:188} INFO - [2026-04-01T22:28:05.490+0000] {dag.py:3033} INFO - Sync 1 DAGs
[2026-04-01T22:28:05.494+0000] {logging_mixin.py:188} INFO - [2026-04-01T22:28:05.494+0000] {dag.py:3820} INFO - Setting next_dagrun for example_time_delta_sensor_async to None, run_after=None
[2026-04-01T22:28:05.501+0000] {processor.py:183} INFO - Processing /home/airflow/.local/lib/python3.8/site-packages/airflow/example_dags/example_time_delta_sensor_async.py took 0.025 seconds
