[2026-04-01T22:24:02.377+0000] {processor.py:161} INFO - Started process (PID=51) to work on /home/airflow/.local/lib/python3.8/site-packages/airflow/example_dags/example_external_task_marker_dag.py
[2026-04-01T22:24:02.378+0000] {processor.py:830} INFO - Processing file /home/airflow/.local/lib/python3.8/site-packages/airflow/example_dags/example_external_task_marker_dag.py for tasks to queue
[2026-04-01T22:24:02.381+0000] {logging_mixin.py:188} INFO - [2026-04-01T22:24:02.380+0000] {dagbag.py:538} INFO - Filling up the DagBag from /home/airflow/.local/lib/python3.8/site-packages/airflow/example_dags/example_external_task_marker_dag.py
[2026-04-01T22:24:02.391+0000] {processor.py:840} INFO - DAG(s) 'example_external_task_marker_parent', 'example_external_task_marker_child' retrieved from /home/airflow/.local/lib/python3.8/site-packages/airflow/example_dags/example_external_task_marker_dag.py
[2026-04-01T22:24:02.400+0000] {logging_mixin.py:188} INFO - [2026-04-01T22:24:02.400+0000] {dag.py:3033} INFO - Sync 2 DAGs
[2026-04-01T22:24:02.408+0000] {logging_mixin.py:188} INFO - [2026-04-01T22:24:02.407+0000] {dag.py:3820} INFO - Setting next_dagrun for example_external_task_marker_child to None, run_after=None
[2026-04-01T22:24:02.410+0000] {logging_mixin.py:188} INFO - [2026-04-01T22:24:02.410+0000] {dag.py:3820} INFO - Setting next_dagrun for example_external_task_marker_parent to None, run_after=None
[2026-04-01T22:24:02.419+0000] {processor.py:183} INFO - Processing /home/airflow/.local/lib/python3.8/site-packages/airflow/example_dags/example_external_task_marker_dag.py took 0.047 seconds
[2026-04-01T22:24:32.602+0000] {processor.py:161} INFO - Started process (PID=106) to work on /home/airflow/.local/lib/python3.8/site-packages/airflow/example_dags/example_external_task_marker_dag.py
[2026-04-01T22:24:32.603+0000] {processor.py:830} INFO - Processing file /home/airflow/.local/lib/python3.8/site-packages/airflow/example_dags/example_external_task_marker_dag.py for tasks to queue
[2026-04-01T22:24:32.604+0000] {logging_mixin.py:188} INFO - [2026-04-01T22:24:32.604+0000] {dagbag.py:538} INFO - Filling up the DagBag from /home/airflow/.local/lib/python3.8/site-packages/airflow/example_dags/example_external_task_marker_dag.py
[2026-04-01T22:24:32.608+0000] {processor.py:840} INFO - DAG(s) 'example_external_task_marker_child', 'example_external_task_marker_parent' retrieved from /home/airflow/.local/lib/python3.8/site-packages/airflow/example_dags/example_external_task_marker_dag.py
[2026-04-01T22:24:32.654+0000] {logging_mixin.py:188} INFO - [2026-04-01T22:24:32.654+0000] {dag.py:3033} INFO - Sync 2 DAGs
[2026-04-01T22:24:32.661+0000] {logging_mixin.py:188} INFO - [2026-04-01T22:24:32.661+0000] {dag.py:3820} INFO - Setting next_dagrun for example_external_task_marker_child to None, run_after=None
[2026-04-01T22:24:32.664+0000] {logging_mixin.py:188} INFO - [2026-04-01T22:24:32.664+0000] {dag.py:3820} INFO - Setting next_dagrun for example_external_task_marker_parent to None, run_after=None
[2026-04-01T22:24:32.672+0000] {processor.py:183} INFO - Processing /home/airflow/.local/lib/python3.8/site-packages/airflow/example_dags/example_external_task_marker_dag.py took 0.071 seconds
[2026-04-01T22:25:02.936+0000] {processor.py:161} INFO - Started process (PID=161) to work on /home/airflow/.local/lib/python3.8/site-packages/airflow/example_dags/example_external_task_marker_dag.py
[2026-04-01T22:25:02.937+0000] {processor.py:830} INFO - Processing file /home/airflow/.local/lib/python3.8/site-packages/airflow/example_dags/example_external_task_marker_dag.py for tasks to queue
[2026-04-01T22:25:02.940+0000] {logging_mixin.py:188} INFO - [2026-04-01T22:25:02.940+0000] {dagbag.py:538} INFO - Filling up the DagBag from /home/airflow/.local/lib/python3.8/site-packages/airflow/example_dags/example_external_task_marker_dag.py
[2026-04-01T22:25:02.945+0000] {processor.py:840} INFO - DAG(s) 'example_external_task_marker_parent', 'example_external_task_marker_child' retrieved from /home/airflow/.local/lib/python3.8/site-packages/airflow/example_dags/example_external_task_marker_dag.py
[2026-04-01T22:25:02.963+0000] {logging_mixin.py:188} INFO - [2026-04-01T22:25:02.963+0000] {dag.py:3033} INFO - Sync 2 DAGs
[2026-04-01T22:25:02.970+0000] {logging_mixin.py:188} INFO - [2026-04-01T22:25:02.970+0000] {dag.py:3820} INFO - Setting next_dagrun for example_external_task_marker_child to None, run_after=None
[2026-04-01T22:25:02.974+0000] {logging_mixin.py:188} INFO - [2026-04-01T22:25:02.974+0000] {dag.py:3820} INFO - Setting next_dagrun for example_external_task_marker_parent to None, run_after=None
[2026-04-01T22:25:02.982+0000] {processor.py:183} INFO - Processing /home/airflow/.local/lib/python3.8/site-packages/airflow/example_dags/example_external_task_marker_dag.py took 0.049 seconds
[2026-04-01T22:25:33.529+0000] {processor.py:161} INFO - Started process (PID=216) to work on /home/airflow/.local/lib/python3.8/site-packages/airflow/example_dags/example_external_task_marker_dag.py
[2026-04-01T22:25:33.530+0000] {processor.py:830} INFO - Processing file /home/airflow/.local/lib/python3.8/site-packages/airflow/example_dags/example_external_task_marker_dag.py for tasks to queue
[2026-04-01T22:25:33.531+0000] {logging_mixin.py:188} INFO - [2026-04-01T22:25:33.531+0000] {dagbag.py:538} INFO - Filling up the DagBag from /home/airflow/.local/lib/python3.8/site-packages/airflow/example_dags/example_external_task_marker_dag.py
[2026-04-01T22:25:33.534+0000] {processor.py:840} INFO - DAG(s) 'example_external_task_marker_parent', 'example_external_task_marker_child' retrieved from /home/airflow/.local/lib/python3.8/site-packages/airflow/example_dags/example_external_task_marker_dag.py
[2026-04-01T22:25:33.546+0000] {logging_mixin.py:188} INFO - [2026-04-01T22:25:33.546+0000] {dag.py:3033} INFO - Sync 2 DAGs
[2026-04-01T22:25:33.552+0000] {logging_mixin.py:188} INFO - [2026-04-01T22:25:33.552+0000] {dag.py:3820} INFO - Setting next_dagrun for example_external_task_marker_child to None, run_after=None
[2026-04-01T22:25:33.553+0000] {logging_mixin.py:188} INFO - [2026-04-01T22:25:33.553+0000] {dag.py:3820} INFO - Setting next_dagrun for example_external_task_marker_parent to None, run_after=None
[2026-04-01T22:25:33.558+0000] {processor.py:183} INFO - Processing /home/airflow/.local/lib/python3.8/site-packages/airflow/example_dags/example_external_task_marker_dag.py took 0.031 seconds
[2026-04-01T22:26:03.899+0000] {processor.py:161} INFO - Started process (PID=271) to work on /home/airflow/.local/lib/python3.8/site-packages/airflow/example_dags/example_external_task_marker_dag.py
[2026-04-01T22:26:03.899+0000] {processor.py:830} INFO - Processing file /home/airflow/.local/lib/python3.8/site-packages/airflow/example_dags/example_external_task_marker_dag.py for tasks to queue
[2026-04-01T22:26:03.900+0000] {logging_mixin.py:188} INFO - [2026-04-01T22:26:03.900+0000] {dagbag.py:538} INFO - Filling up the DagBag from /home/airflow/.local/lib/python3.8/site-packages/airflow/example_dags/example_external_task_marker_dag.py
[2026-04-01T22:26:03.902+0000] {processor.py:840} INFO - DAG(s) 'example_external_task_marker_parent', 'example_external_task_marker_child' retrieved from /home/airflow/.local/lib/python3.8/site-packages/airflow/example_dags/example_external_task_marker_dag.py
[2026-04-01T22:26:03.911+0000] {logging_mixin.py:188} INFO - [2026-04-01T22:26:03.911+0000] {dag.py:3033} INFO - Sync 2 DAGs
[2026-04-01T22:26:03.915+0000] {logging_mixin.py:188} INFO - [2026-04-01T22:26:03.915+0000] {dag.py:3820} INFO - Setting next_dagrun for example_external_task_marker_child to None, run_after=None
[2026-04-01T22:26:03.917+0000] {logging_mixin.py:188} INFO - [2026-04-01T22:26:03.917+0000] {dag.py:3820} INFO - Setting next_dagrun for example_external_task_marker_parent to None, run_after=None
[2026-04-01T22:26:03.922+0000] {processor.py:183} INFO - Processing /home/airflow/.local/lib/python3.8/site-packages/airflow/example_dags/example_external_task_marker_dag.py took 0.025 seconds
[2026-04-01T22:26:34.229+0000] {processor.py:161} INFO - Started process (PID=326) to work on /home/airflow/.local/lib/python3.8/site-packages/airflow/example_dags/example_external_task_marker_dag.py
[2026-04-01T22:26:34.230+0000] {processor.py:830} INFO - Processing file /home/airflow/.local/lib/python3.8/site-packages/airflow/example_dags/example_external_task_marker_dag.py for tasks to queue
[2026-04-01T22:26:34.231+0000] {logging_mixin.py:188} INFO - [2026-04-01T22:26:34.231+0000] {dagbag.py:538} INFO - Filling up the DagBag from /home/airflow/.local/lib/python3.8/site-packages/airflow/example_dags/example_external_task_marker_dag.py
[2026-04-01T22:26:34.234+0000] {processor.py:840} INFO - DAG(s) 'example_external_task_marker_child', 'example_external_task_marker_parent' retrieved from /home/airflow/.local/lib/python3.8/site-packages/airflow/example_dags/example_external_task_marker_dag.py
[2026-04-01T22:26:34.242+0000] {logging_mixin.py:188} INFO - [2026-04-01T22:26:34.242+0000] {dag.py:3033} INFO - Sync 2 DAGs
[2026-04-01T22:26:34.247+0000] {logging_mixin.py:188} INFO - [2026-04-01T22:26:34.247+0000] {dag.py:3820} INFO - Setting next_dagrun for example_external_task_marker_child to None, run_after=None
[2026-04-01T22:26:34.248+0000] {logging_mixin.py:188} INFO - [2026-04-01T22:26:34.248+0000] {dag.py:3820} INFO - Setting next_dagrun for example_external_task_marker_parent to None, run_after=None
[2026-04-01T22:26:34.254+0000] {processor.py:183} INFO - Processing /home/airflow/.local/lib/python3.8/site-packages/airflow/example_dags/example_external_task_marker_dag.py took 0.026 seconds
[2026-04-01T22:27:04.487+0000] {processor.py:161} INFO - Started process (PID=381) to work on /home/airflow/.local/lib/python3.8/site-packages/airflow/example_dags/example_external_task_marker_dag.py
[2026-04-01T22:27:04.488+0000] {processor.py:830} INFO - Processing file /home/airflow/.local/lib/python3.8/site-packages/airflow/example_dags/example_external_task_marker_dag.py for tasks to queue
[2026-04-01T22:27:04.489+0000] {logging_mixin.py:188} INFO - [2026-04-01T22:27:04.489+0000] {dagbag.py:538} INFO - Filling up the DagBag from /home/airflow/.local/lib/python3.8/site-packages/airflow/example_dags/example_external_task_marker_dag.py
[2026-04-01T22:27:04.492+0000] {processor.py:840} INFO - DAG(s) 'example_external_task_marker_parent', 'example_external_task_marker_child' retrieved from /home/airflow/.local/lib/python3.8/site-packages/airflow/example_dags/example_external_task_marker_dag.py
[2026-04-01T22:27:04.501+0000] {logging_mixin.py:188} INFO - [2026-04-01T22:27:04.500+0000] {dag.py:3033} INFO - Sync 2 DAGs
[2026-04-01T22:27:04.505+0000] {logging_mixin.py:188} INFO - [2026-04-01T22:27:04.505+0000] {dag.py:3820} INFO - Setting next_dagrun for example_external_task_marker_child to None, run_after=None
[2026-04-01T22:27:04.506+0000] {logging_mixin.py:188} INFO - [2026-04-01T22:27:04.506+0000] {dag.py:3820} INFO - Setting next_dagrun for example_external_task_marker_parent to None, run_after=None
[2026-04-01T22:27:04.512+0000] {processor.py:183} INFO - Processing /home/airflow/.local/lib/python3.8/site-packages/airflow/example_dags/example_external_task_marker_dag.py took 0.026 seconds
[2026-04-01T22:27:34.743+0000] {processor.py:161} INFO - Started process (PID=436) to work on /home/airflow/.local/lib/python3.8/site-packages/airflow/example_dags/example_external_task_marker_dag.py
[2026-04-01T22:27:34.745+0000] {processor.py:830} INFO - Processing file /home/airflow/.local/lib/python3.8/site-packages/airflow/example_dags/example_external_task_marker_dag.py for tasks to queue
[2026-04-01T22:27:34.746+0000] {logging_mixin.py:188} INFO - [2026-04-01T22:27:34.746+0000] {dagbag.py:538} INFO - Filling up the DagBag from /home/airflow/.local/lib/python3.8/site-packages/airflow/example_dags/example_external_task_marker_dag.py
[2026-04-01T22:27:34.750+0000] {processor.py:840} INFO - DAG(s) 'example_external_task_marker_child', 'example_external_task_marker_parent' retrieved from /home/airflow/.local/lib/python3.8/site-packages/airflow/example_dags/example_external_task_marker_dag.py
[2026-04-01T22:27:34.759+0000] {logging_mixin.py:188} INFO - [2026-04-01T22:27:34.759+0000] {dag.py:3033} INFO - Sync 2 DAGs
[2026-04-01T22:27:34.764+0000] {logging_mixin.py:188} INFO - [2026-04-01T22:27:34.764+0000] {dag.py:3820} INFO - Setting next_dagrun for example_external_task_marker_child to None, run_after=None
[2026-04-01T22:27:34.765+0000] {logging_mixin.py:188} INFO - [2026-04-01T22:27:34.765+0000] {dag.py:3820} INFO - Setting next_dagrun for example_external_task_marker_parent to None, run_after=None
[2026-04-01T22:27:34.771+0000] {processor.py:183} INFO - Processing /home/airflow/.local/lib/python3.8/site-packages/airflow/example_dags/example_external_task_marker_dag.py took 0.029 seconds
[2026-04-01T22:28:05.089+0000] {processor.py:161} INFO - Started process (PID=491) to work on /home/airflow/.local/lib/python3.8/site-packages/airflow/example_dags/example_external_task_marker_dag.py
[2026-04-01T22:28:05.090+0000] {processor.py:830} INFO - Processing file /home/airflow/.local/lib/python3.8/site-packages/airflow/example_dags/example_external_task_marker_dag.py for tasks to queue
[2026-04-01T22:28:05.092+0000] {logging_mixin.py:188} INFO - [2026-04-01T22:28:05.092+0000] {dagbag.py:538} INFO - Filling up the DagBag from /home/airflow/.local/lib/python3.8/site-packages/airflow/example_dags/example_external_task_marker_dag.py
[2026-04-01T22:28:05.096+0000] {processor.py:840} INFO - DAG(s) 'example_external_task_marker_child', 'example_external_task_marker_parent' retrieved from /home/airflow/.local/lib/python3.8/site-packages/airflow/example_dags/example_external_task_marker_dag.py
[2026-04-01T22:28:05.106+0000] {logging_mixin.py:188} INFO - [2026-04-01T22:28:05.106+0000] {dag.py:3033} INFO - Sync 2 DAGs
[2026-04-01T22:28:05.114+0000] {logging_mixin.py:188} INFO - [2026-04-01T22:28:05.114+0000] {dag.py:3820} INFO - Setting next_dagrun for example_external_task_marker_child to None, run_after=None
[2026-04-01T22:28:05.115+0000] {logging_mixin.py:188} INFO - [2026-04-01T22:28:05.115+0000] {dag.py:3820} INFO - Setting next_dagrun for example_external_task_marker_parent to None, run_after=None
[2026-04-01T22:28:05.121+0000] {processor.py:183} INFO - Processing /home/airflow/.local/lib/python3.8/site-packages/airflow/example_dags/example_external_task_marker_dag.py took 0.033 seconds
