[2026-04-01T22:24:02.062+0000] {processor.py:161} INFO - Started process (PID=44) to work on /home/airflow/.local/lib/python3.8/site-packages/airflow/example_dags/example_setup_teardown_taskflow.py
[2026-04-01T22:24:02.062+0000] {processor.py:830} INFO - Processing file /home/airflow/.local/lib/python3.8/site-packages/airflow/example_dags/example_setup_teardown_taskflow.py for tasks to queue
[2026-04-01T22:24:02.065+0000] {logging_mixin.py:188} INFO - [2026-04-01T22:24:02.065+0000] {dagbag.py:538} INFO - Filling up the DagBag from /home/airflow/.local/lib/python3.8/site-packages/airflow/example_dags/example_setup_teardown_taskflow.py
[2026-04-01T22:24:02.074+0000] {processor.py:840} INFO - DAG(s) 'example_setup_teardown_taskflow' retrieved from /home/airflow/.local/lib/python3.8/site-packages/airflow/example_dags/example_setup_teardown_taskflow.py
[2026-04-01T22:24:02.098+0000] {logging_mixin.py:188} INFO - [2026-04-01T22:24:02.098+0000] {dag.py:3033} INFO - Sync 1 DAGs
[2026-04-01T22:24:02.120+0000] {logging_mixin.py:188} INFO - [2026-04-01T22:24:02.120+0000] {dag.py:3820} INFO - Setting next_dagrun for example_setup_teardown_taskflow to 2026-03-31T00:00:00+00:00, run_after=2026-04-01T00:00:00+00:00
[2026-04-01T22:24:02.154+0000] {processor.py:183} INFO - Processing /home/airflow/.local/lib/python3.8/site-packages/airflow/example_dags/example_setup_teardown_taskflow.py took 0.094 seconds
[2026-04-01T22:24:32.231+0000] {processor.py:161} INFO - Started process (PID=99) to work on /home/airflow/.local/lib/python3.8/site-packages/airflow/example_dags/example_setup_teardown_taskflow.py
[2026-04-01T22:24:32.232+0000] {processor.py:830} INFO - Processing file /home/airflow/.local/lib/python3.8/site-packages/airflow/example_dags/example_setup_teardown_taskflow.py for tasks to queue
[2026-04-01T22:24:32.235+0000] {logging_mixin.py:188} INFO - [2026-04-01T22:24:32.235+0000] {dagbag.py:538} INFO - Filling up the DagBag from /home/airflow/.local/lib/python3.8/site-packages/airflow/example_dags/example_setup_teardown_taskflow.py
[2026-04-01T22:24:32.244+0000] {processor.py:840} INFO - DAG(s) 'example_setup_teardown_taskflow' retrieved from /home/airflow/.local/lib/python3.8/site-packages/airflow/example_dags/example_setup_teardown_taskflow.py
[2026-04-01T22:24:32.344+0000] {logging_mixin.py:188} INFO - [2026-04-01T22:24:32.344+0000] {dag.py:3033} INFO - Sync 1 DAGs
[2026-04-01T22:24:32.355+0000] {logging_mixin.py:188} INFO - [2026-04-01T22:24:32.354+0000] {dag.py:3820} INFO - Setting next_dagrun for example_setup_teardown_taskflow to 2026-03-31T00:00:00+00:00, run_after=2026-04-01T00:00:00+00:00
[2026-04-01T22:24:32.364+0000] {processor.py:183} INFO - Processing /home/airflow/.local/lib/python3.8/site-packages/airflow/example_dags/example_setup_teardown_taskflow.py took 0.135 seconds
[2026-04-01T22:25:02.660+0000] {processor.py:161} INFO - Started process (PID=154) to work on /home/airflow/.local/lib/python3.8/site-packages/airflow/example_dags/example_setup_teardown_taskflow.py
[2026-04-01T22:25:02.661+0000] {processor.py:830} INFO - Processing file /home/airflow/.local/lib/python3.8/site-packages/airflow/example_dags/example_setup_teardown_taskflow.py for tasks to queue
[2026-04-01T22:25:02.663+0000] {logging_mixin.py:188} INFO - [2026-04-01T22:25:02.663+0000] {dagbag.py:538} INFO - Filling up the DagBag from /home/airflow/.local/lib/python3.8/site-packages/airflow/example_dags/example_setup_teardown_taskflow.py
[2026-04-01T22:25:02.675+0000] {processor.py:840} INFO - DAG(s) 'example_setup_teardown_taskflow' retrieved from /home/airflow/.local/lib/python3.8/site-packages/airflow/example_dags/example_setup_teardown_taskflow.py
[2026-04-01T22:25:02.700+0000] {logging_mixin.py:188} INFO - [2026-04-01T22:25:02.700+0000] {dag.py:3033} INFO - Sync 1 DAGs
[2026-04-01T22:25:02.715+0000] {logging_mixin.py:188} INFO - [2026-04-01T22:25:02.715+0000] {dag.py:3820} INFO - Setting next_dagrun for example_setup_teardown_taskflow to 2026-03-31T00:00:00+00:00, run_after=2026-04-01T00:00:00+00:00
[2026-04-01T22:25:02.729+0000] {processor.py:183} INFO - Processing /home/airflow/.local/lib/python3.8/site-packages/airflow/example_dags/example_setup_teardown_taskflow.py took 0.072 seconds
[2026-04-01T22:25:33.366+0000] {processor.py:161} INFO - Started process (PID=209) to work on /home/airflow/.local/lib/python3.8/site-packages/airflow/example_dags/example_setup_teardown_taskflow.py
[2026-04-01T22:25:33.367+0000] {processor.py:830} INFO - Processing file /home/airflow/.local/lib/python3.8/site-packages/airflow/example_dags/example_setup_teardown_taskflow.py for tasks to queue
[2026-04-01T22:25:33.371+0000] {logging_mixin.py:188} INFO - [2026-04-01T22:25:33.370+0000] {dagbag.py:538} INFO - Filling up the DagBag from /home/airflow/.local/lib/python3.8/site-packages/airflow/example_dags/example_setup_teardown_taskflow.py
[2026-04-01T22:25:33.380+0000] {processor.py:840} INFO - DAG(s) 'example_setup_teardown_taskflow' retrieved from /home/airflow/.local/lib/python3.8/site-packages/airflow/example_dags/example_setup_teardown_taskflow.py
[2026-04-01T22:25:33.392+0000] {logging_mixin.py:188} INFO - [2026-04-01T22:25:33.392+0000] {dag.py:3033} INFO - Sync 1 DAGs
[2026-04-01T22:25:33.403+0000] {logging_mixin.py:188} INFO - [2026-04-01T22:25:33.403+0000] {dag.py:3820} INFO - Setting next_dagrun for example_setup_teardown_taskflow to 2026-03-31T00:00:00+00:00, run_after=2026-04-01T00:00:00+00:00
[2026-04-01T22:25:33.410+0000] {processor.py:183} INFO - Processing /home/airflow/.local/lib/python3.8/site-packages/airflow/example_dags/example_setup_teardown_taskflow.py took 0.050 seconds
[2026-04-01T22:26:03.723+0000] {processor.py:161} INFO - Started process (PID=264) to work on /home/airflow/.local/lib/python3.8/site-packages/airflow/example_dags/example_setup_teardown_taskflow.py
[2026-04-01T22:26:03.726+0000] {processor.py:830} INFO - Processing file /home/airflow/.local/lib/python3.8/site-packages/airflow/example_dags/example_setup_teardown_taskflow.py for tasks to queue
[2026-04-01T22:26:03.730+0000] {logging_mixin.py:188} INFO - [2026-04-01T22:26:03.729+0000] {dagbag.py:538} INFO - Filling up the DagBag from /home/airflow/.local/lib/python3.8/site-packages/airflow/example_dags/example_setup_teardown_taskflow.py
[2026-04-01T22:26:03.742+0000] {processor.py:840} INFO - DAG(s) 'example_setup_teardown_taskflow' retrieved from /home/airflow/.local/lib/python3.8/site-packages/airflow/example_dags/example_setup_teardown_taskflow.py
[2026-04-01T22:26:03.756+0000] {logging_mixin.py:188} INFO - [2026-04-01T22:26:03.756+0000] {dag.py:3033} INFO - Sync 1 DAGs
[2026-04-01T22:26:03.767+0000] {logging_mixin.py:188} INFO - [2026-04-01T22:26:03.767+0000] {dag.py:3820} INFO - Setting next_dagrun for example_setup_teardown_taskflow to 2026-03-31T00:00:00+00:00, run_after=2026-04-01T00:00:00+00:00
[2026-04-01T22:26:03.777+0000] {processor.py:183} INFO - Processing /home/airflow/.local/lib/python3.8/site-packages/airflow/example_dags/example_setup_teardown_taskflow.py took 0.058 seconds
[2026-04-01T22:26:34.039+0000] {processor.py:161} INFO - Started process (PID=319) to work on /home/airflow/.local/lib/python3.8/site-packages/airflow/example_dags/example_setup_teardown_taskflow.py
[2026-04-01T22:26:34.040+0000] {processor.py:830} INFO - Processing file /home/airflow/.local/lib/python3.8/site-packages/airflow/example_dags/example_setup_teardown_taskflow.py for tasks to queue
[2026-04-01T22:26:34.044+0000] {logging_mixin.py:188} INFO - [2026-04-01T22:26:34.043+0000] {dagbag.py:538} INFO - Filling up the DagBag from /home/airflow/.local/lib/python3.8/site-packages/airflow/example_dags/example_setup_teardown_taskflow.py
[2026-04-01T22:26:34.055+0000] {processor.py:840} INFO - DAG(s) 'example_setup_teardown_taskflow' retrieved from /home/airflow/.local/lib/python3.8/site-packages/airflow/example_dags/example_setup_teardown_taskflow.py
[2026-04-01T22:26:34.069+0000] {logging_mixin.py:188} INFO - [2026-04-01T22:26:34.069+0000] {dag.py:3033} INFO - Sync 1 DAGs
[2026-04-01T22:26:34.081+0000] {logging_mixin.py:188} INFO - [2026-04-01T22:26:34.081+0000] {dag.py:3820} INFO - Setting next_dagrun for example_setup_teardown_taskflow to 2026-03-31T00:00:00+00:00, run_after=2026-04-01T00:00:00+00:00
[2026-04-01T22:26:34.089+0000] {processor.py:183} INFO - Processing /home/airflow/.local/lib/python3.8/site-packages/airflow/example_dags/example_setup_teardown_taskflow.py took 0.056 seconds
[2026-04-01T22:27:04.308+0000] {processor.py:161} INFO - Started process (PID=374) to work on /home/airflow/.local/lib/python3.8/site-packages/airflow/example_dags/example_setup_teardown_taskflow.py
[2026-04-01T22:27:04.309+0000] {processor.py:830} INFO - Processing file /home/airflow/.local/lib/python3.8/site-packages/airflow/example_dags/example_setup_teardown_taskflow.py for tasks to queue
[2026-04-01T22:27:04.310+0000] {logging_mixin.py:188} INFO - [2026-04-01T22:27:04.310+0000] {dagbag.py:538} INFO - Filling up the DagBag from /home/airflow/.local/lib/python3.8/site-packages/airflow/example_dags/example_setup_teardown_taskflow.py
[2026-04-01T22:27:04.318+0000] {processor.py:840} INFO - DAG(s) 'example_setup_teardown_taskflow' retrieved from /home/airflow/.local/lib/python3.8/site-packages/airflow/example_dags/example_setup_teardown_taskflow.py
[2026-04-01T22:27:04.330+0000] {logging_mixin.py:188} INFO - [2026-04-01T22:27:04.330+0000] {dag.py:3033} INFO - Sync 1 DAGs
[2026-04-01T22:27:04.340+0000] {logging_mixin.py:188} INFO - [2026-04-01T22:27:04.340+0000] {dag.py:3820} INFO - Setting next_dagrun for example_setup_teardown_taskflow to 2026-03-31T00:00:00+00:00, run_after=2026-04-01T00:00:00+00:00
[2026-04-01T22:27:04.346+0000] {processor.py:183} INFO - Processing /home/airflow/.local/lib/python3.8/site-packages/airflow/example_dags/example_setup_teardown_taskflow.py took 0.042 seconds
[2026-04-01T22:27:34.542+0000] {processor.py:161} INFO - Started process (PID=429) to work on /home/airflow/.local/lib/python3.8/site-packages/airflow/example_dags/example_setup_teardown_taskflow.py
[2026-04-01T22:27:34.543+0000] {processor.py:830} INFO - Processing file /home/airflow/.local/lib/python3.8/site-packages/airflow/example_dags/example_setup_teardown_taskflow.py for tasks to queue
[2026-04-01T22:27:34.549+0000] {logging_mixin.py:188} INFO - [2026-04-01T22:27:34.549+0000] {dagbag.py:538} INFO - Filling up the DagBag from /home/airflow/.local/lib/python3.8/site-packages/airflow/example_dags/example_setup_teardown_taskflow.py
[2026-04-01T22:27:34.558+0000] {processor.py:840} INFO - DAG(s) 'example_setup_teardown_taskflow' retrieved from /home/airflow/.local/lib/python3.8/site-packages/airflow/example_dags/example_setup_teardown_taskflow.py
[2026-04-01T22:27:34.570+0000] {logging_mixin.py:188} INFO - [2026-04-01T22:27:34.570+0000] {dag.py:3033} INFO - Sync 1 DAGs
[2026-04-01T22:27:34.582+0000] {logging_mixin.py:188} INFO - [2026-04-01T22:27:34.582+0000] {dag.py:3820} INFO - Setting next_dagrun for example_setup_teardown_taskflow to 2026-03-31T00:00:00+00:00, run_after=2026-04-01T00:00:00+00:00
[2026-04-01T22:27:34.589+0000] {processor.py:183} INFO - Processing /home/airflow/.local/lib/python3.8/site-packages/airflow/example_dags/example_setup_teardown_taskflow.py took 0.051 seconds
[2026-04-01T22:28:04.916+0000] {processor.py:161} INFO - Started process (PID=484) to work on /home/airflow/.local/lib/python3.8/site-packages/airflow/example_dags/example_setup_teardown_taskflow.py
[2026-04-01T22:28:04.918+0000] {processor.py:830} INFO - Processing file /home/airflow/.local/lib/python3.8/site-packages/airflow/example_dags/example_setup_teardown_taskflow.py for tasks to queue
[2026-04-01T22:28:04.920+0000] {logging_mixin.py:188} INFO - [2026-04-01T22:28:04.920+0000] {dagbag.py:538} INFO - Filling up the DagBag from /home/airflow/.local/lib/python3.8/site-packages/airflow/example_dags/example_setup_teardown_taskflow.py
[2026-04-01T22:28:04.929+0000] {processor.py:840} INFO - DAG(s) 'example_setup_teardown_taskflow' retrieved from /home/airflow/.local/lib/python3.8/site-packages/airflow/example_dags/example_setup_teardown_taskflow.py
[2026-04-01T22:28:04.941+0000] {logging_mixin.py:188} INFO - [2026-04-01T22:28:04.941+0000] {dag.py:3033} INFO - Sync 1 DAGs
[2026-04-01T22:28:04.952+0000] {logging_mixin.py:188} INFO - [2026-04-01T22:28:04.952+0000] {dag.py:3820} INFO - Setting next_dagrun for example_setup_teardown_taskflow to 2026-03-31T00:00:00+00:00, run_after=2026-04-01T00:00:00+00:00
[2026-04-01T22:28:04.960+0000] {processor.py:183} INFO - Processing /home/airflow/.local/lib/python3.8/site-packages/airflow/example_dags/example_setup_teardown_taskflow.py took 0.049 seconds
