[2026-04-01T22:24:02.959+0000] {processor.py:161} INFO - Started process (PID=65) to work on /home/airflow/.local/lib/python3.8/site-packages/airflow/example_dags/example_python_decorator.py
[2026-04-01T22:24:02.961+0000] {processor.py:830} INFO - Processing file /home/airflow/.local/lib/python3.8/site-packages/airflow/example_dags/example_python_decorator.py for tasks to queue
[2026-04-01T22:24:02.965+0000] {logging_mixin.py:188} INFO - [2026-04-01T22:24:02.964+0000] {dagbag.py:538} INFO - Filling up the DagBag from /home/airflow/.local/lib/python3.8/site-packages/airflow/example_dags/example_python_decorator.py
[2026-04-01T22:24:02.972+0000] {processor.py:840} INFO - DAG(s) 'example_python_decorator' retrieved from /home/airflow/.local/lib/python3.8/site-packages/airflow/example_dags/example_python_decorator.py
[2026-04-01T22:24:02.982+0000] {logging_mixin.py:188} INFO - [2026-04-01T22:24:02.982+0000] {dag.py:3033} INFO - Sync 1 DAGs
[2026-04-01T22:24:02.991+0000] {logging_mixin.py:188} INFO - [2026-04-01T22:24:02.991+0000] {dag.py:3820} INFO - Setting next_dagrun for example_python_decorator to None, run_after=None
[2026-04-01T22:24:03.007+0000] {processor.py:183} INFO - Processing /home/airflow/.local/lib/python3.8/site-packages/airflow/example_dags/example_python_decorator.py took 0.052 seconds
[2026-04-01T22:24:33.157+0000] {processor.py:161} INFO - Started process (PID=120) to work on /home/airflow/.local/lib/python3.8/site-packages/airflow/example_dags/example_python_decorator.py
[2026-04-01T22:24:33.158+0000] {processor.py:830} INFO - Processing file /home/airflow/.local/lib/python3.8/site-packages/airflow/example_dags/example_python_decorator.py for tasks to queue
[2026-04-01T22:24:33.158+0000] {logging_mixin.py:188} INFO - [2026-04-01T22:24:33.158+0000] {dagbag.py:538} INFO - Filling up the DagBag from /home/airflow/.local/lib/python3.8/site-packages/airflow/example_dags/example_python_decorator.py
[2026-04-01T22:24:33.162+0000] {processor.py:840} INFO - DAG(s) 'example_python_decorator' retrieved from /home/airflow/.local/lib/python3.8/site-packages/airflow/example_dags/example_python_decorator.py
[2026-04-01T22:24:33.212+0000] {logging_mixin.py:188} INFO - [2026-04-01T22:24:33.212+0000] {dag.py:3033} INFO - Sync 1 DAGs
[2026-04-01T22:24:33.217+0000] {logging_mixin.py:188} INFO - [2026-04-01T22:24:33.217+0000] {dag.py:3820} INFO - Setting next_dagrun for example_python_decorator to None, run_after=None
[2026-04-01T22:24:33.224+0000] {processor.py:183} INFO - Processing /home/airflow/.local/lib/python3.8/site-packages/airflow/example_dags/example_python_decorator.py took 0.068 seconds
[2026-04-01T22:25:03.418+0000] {processor.py:161} INFO - Started process (PID=175) to work on /home/airflow/.local/lib/python3.8/site-packages/airflow/example_dags/example_python_decorator.py
[2026-04-01T22:25:03.419+0000] {processor.py:830} INFO - Processing file /home/airflow/.local/lib/python3.8/site-packages/airflow/example_dags/example_python_decorator.py for tasks to queue
[2026-04-01T22:25:03.421+0000] {logging_mixin.py:188} INFO - [2026-04-01T22:25:03.420+0000] {dagbag.py:538} INFO - Filling up the DagBag from /home/airflow/.local/lib/python3.8/site-packages/airflow/example_dags/example_python_decorator.py
[2026-04-01T22:25:03.429+0000] {processor.py:840} INFO - DAG(s) 'example_python_decorator' retrieved from /home/airflow/.local/lib/python3.8/site-packages/airflow/example_dags/example_python_decorator.py
[2026-04-01T22:25:03.442+0000] {logging_mixin.py:188} INFO - [2026-04-01T22:25:03.442+0000] {dag.py:3033} INFO - Sync 1 DAGs
[2026-04-01T22:25:03.448+0000] {logging_mixin.py:188} INFO - [2026-04-01T22:25:03.448+0000] {dag.py:3820} INFO - Setting next_dagrun for example_python_decorator to None, run_after=None
[2026-04-01T22:25:03.457+0000] {processor.py:183} INFO - Processing /home/airflow/.local/lib/python3.8/site-packages/airflow/example_dags/example_python_decorator.py took 0.041 seconds
[2026-04-01T22:25:33.820+0000] {processor.py:161} INFO - Started process (PID=230) to work on /home/airflow/.local/lib/python3.8/site-packages/airflow/example_dags/example_python_decorator.py
[2026-04-01T22:25:33.821+0000] {processor.py:830} INFO - Processing file /home/airflow/.local/lib/python3.8/site-packages/airflow/example_dags/example_python_decorator.py for tasks to queue
[2026-04-01T22:25:33.822+0000] {logging_mixin.py:188} INFO - [2026-04-01T22:25:33.822+0000] {dagbag.py:538} INFO - Filling up the DagBag from /home/airflow/.local/lib/python3.8/site-packages/airflow/example_dags/example_python_decorator.py
[2026-04-01T22:25:33.826+0000] {processor.py:840} INFO - DAG(s) 'example_python_decorator' retrieved from /home/airflow/.local/lib/python3.8/site-packages/airflow/example_dags/example_python_decorator.py
[2026-04-01T22:25:33.833+0000] {logging_mixin.py:188} INFO - [2026-04-01T22:25:33.833+0000] {dag.py:3033} INFO - Sync 1 DAGs
[2026-04-01T22:25:33.838+0000] {logging_mixin.py:188} INFO - [2026-04-01T22:25:33.838+0000] {dag.py:3820} INFO - Setting next_dagrun for example_python_decorator to None, run_after=None
[2026-04-01T22:25:33.844+0000] {processor.py:183} INFO - Processing /home/airflow/.local/lib/python3.8/site-packages/airflow/example_dags/example_python_decorator.py took 0.025 seconds
[2026-04-01T22:26:04.201+0000] {processor.py:161} INFO - Started process (PID=285) to work on /home/airflow/.local/lib/python3.8/site-packages/airflow/example_dags/example_python_decorator.py
[2026-04-01T22:26:04.202+0000] {processor.py:830} INFO - Processing file /home/airflow/.local/lib/python3.8/site-packages/airflow/example_dags/example_python_decorator.py for tasks to queue
[2026-04-01T22:26:04.203+0000] {logging_mixin.py:188} INFO - [2026-04-01T22:26:04.203+0000] {dagbag.py:538} INFO - Filling up the DagBag from /home/airflow/.local/lib/python3.8/site-packages/airflow/example_dags/example_python_decorator.py
[2026-04-01T22:26:04.207+0000] {processor.py:840} INFO - DAG(s) 'example_python_decorator' retrieved from /home/airflow/.local/lib/python3.8/site-packages/airflow/example_dags/example_python_decorator.py
[2026-04-01T22:26:04.215+0000] {logging_mixin.py:188} INFO - [2026-04-01T22:26:04.215+0000] {dag.py:3033} INFO - Sync 1 DAGs
[2026-04-01T22:26:04.219+0000] {logging_mixin.py:188} INFO - [2026-04-01T22:26:04.219+0000] {dag.py:3820} INFO - Setting next_dagrun for example_python_decorator to None, run_after=None
[2026-04-01T22:26:04.226+0000] {processor.py:183} INFO - Processing /home/airflow/.local/lib/python3.8/site-packages/airflow/example_dags/example_python_decorator.py took 0.026 seconds
[2026-04-01T22:26:34.492+0000] {processor.py:161} INFO - Started process (PID=340) to work on /home/airflow/.local/lib/python3.8/site-packages/airflow/example_dags/example_python_decorator.py
[2026-04-01T22:26:34.493+0000] {processor.py:830} INFO - Processing file /home/airflow/.local/lib/python3.8/site-packages/airflow/example_dags/example_python_decorator.py for tasks to queue
[2026-04-01T22:26:34.493+0000] {logging_mixin.py:188} INFO - [2026-04-01T22:26:34.493+0000] {dagbag.py:538} INFO - Filling up the DagBag from /home/airflow/.local/lib/python3.8/site-packages/airflow/example_dags/example_python_decorator.py
[2026-04-01T22:26:34.497+0000] {processor.py:840} INFO - DAG(s) 'example_python_decorator' retrieved from /home/airflow/.local/lib/python3.8/site-packages/airflow/example_dags/example_python_decorator.py
[2026-04-01T22:26:34.505+0000] {logging_mixin.py:188} INFO - [2026-04-01T22:26:34.505+0000] {dag.py:3033} INFO - Sync 1 DAGs
[2026-04-01T22:26:34.509+0000] {logging_mixin.py:188} INFO - [2026-04-01T22:26:34.509+0000] {dag.py:3820} INFO - Setting next_dagrun for example_python_decorator to None, run_after=None
[2026-04-01T22:26:34.515+0000] {processor.py:183} INFO - Processing /home/airflow/.local/lib/python3.8/site-packages/airflow/example_dags/example_python_decorator.py took 0.024 seconds
[2026-04-01T22:27:04.753+0000] {processor.py:161} INFO - Started process (PID=395) to work on /home/airflow/.local/lib/python3.8/site-packages/airflow/example_dags/example_python_decorator.py
[2026-04-01T22:27:04.753+0000] {processor.py:830} INFO - Processing file /home/airflow/.local/lib/python3.8/site-packages/airflow/example_dags/example_python_decorator.py for tasks to queue
[2026-04-01T22:27:04.754+0000] {logging_mixin.py:188} INFO - [2026-04-01T22:27:04.754+0000] {dagbag.py:538} INFO - Filling up the DagBag from /home/airflow/.local/lib/python3.8/site-packages/airflow/example_dags/example_python_decorator.py
[2026-04-01T22:27:04.758+0000] {processor.py:840} INFO - DAG(s) 'example_python_decorator' retrieved from /home/airflow/.local/lib/python3.8/site-packages/airflow/example_dags/example_python_decorator.py
[2026-04-01T22:27:04.768+0000] {logging_mixin.py:188} INFO - [2026-04-01T22:27:04.767+0000] {dag.py:3033} INFO - Sync 1 DAGs
[2026-04-01T22:27:04.772+0000] {logging_mixin.py:188} INFO - [2026-04-01T22:27:04.772+0000] {dag.py:3820} INFO - Setting next_dagrun for example_python_decorator to None, run_after=None
[2026-04-01T22:27:04.778+0000] {processor.py:183} INFO - Processing /home/airflow/.local/lib/python3.8/site-packages/airflow/example_dags/example_python_decorator.py took 0.027 seconds
[2026-04-01T22:27:35.025+0000] {processor.py:161} INFO - Started process (PID=450) to work on /home/airflow/.local/lib/python3.8/site-packages/airflow/example_dags/example_python_decorator.py
[2026-04-01T22:27:35.026+0000] {processor.py:830} INFO - Processing file /home/airflow/.local/lib/python3.8/site-packages/airflow/example_dags/example_python_decorator.py for tasks to queue
[2026-04-01T22:27:35.026+0000] {logging_mixin.py:188} INFO - [2026-04-01T22:27:35.026+0000] {dagbag.py:538} INFO - Filling up the DagBag from /home/airflow/.local/lib/python3.8/site-packages/airflow/example_dags/example_python_decorator.py
[2026-04-01T22:27:35.030+0000] {processor.py:840} INFO - DAG(s) 'example_python_decorator' retrieved from /home/airflow/.local/lib/python3.8/site-packages/airflow/example_dags/example_python_decorator.py
[2026-04-01T22:27:35.038+0000] {logging_mixin.py:188} INFO - [2026-04-01T22:27:35.038+0000] {dag.py:3033} INFO - Sync 1 DAGs
[2026-04-01T22:27:35.043+0000] {logging_mixin.py:188} INFO - [2026-04-01T22:27:35.043+0000] {dag.py:3820} INFO - Setting next_dagrun for example_python_decorator to None, run_after=None
[2026-04-01T22:27:35.050+0000] {processor.py:183} INFO - Processing /home/airflow/.local/lib/python3.8/site-packages/airflow/example_dags/example_python_decorator.py took 0.026 seconds
[2026-04-01T22:28:05.393+0000] {processor.py:161} INFO - Started process (PID=505) to work on /home/airflow/.local/lib/python3.8/site-packages/airflow/example_dags/example_python_decorator.py
[2026-04-01T22:28:05.394+0000] {processor.py:830} INFO - Processing file /home/airflow/.local/lib/python3.8/site-packages/airflow/example_dags/example_python_decorator.py for tasks to queue
[2026-04-01T22:28:05.395+0000] {logging_mixin.py:188} INFO - [2026-04-01T22:28:05.395+0000] {dagbag.py:538} INFO - Filling up the DagBag from /home/airflow/.local/lib/python3.8/site-packages/airflow/example_dags/example_python_decorator.py
[2026-04-01T22:28:05.399+0000] {processor.py:840} INFO - DAG(s) 'example_python_decorator' retrieved from /home/airflow/.local/lib/python3.8/site-packages/airflow/example_dags/example_python_decorator.py
[2026-04-01T22:28:05.410+0000] {logging_mixin.py:188} INFO - [2026-04-01T22:28:05.410+0000] {dag.py:3033} INFO - Sync 1 DAGs
[2026-04-01T22:28:05.414+0000] {logging_mixin.py:188} INFO - [2026-04-01T22:28:05.414+0000] {dag.py:3820} INFO - Setting next_dagrun for example_python_decorator to None, run_after=None
[2026-04-01T22:28:05.420+0000] {processor.py:183} INFO - Processing /home/airflow/.local/lib/python3.8/site-packages/airflow/example_dags/example_python_decorator.py took 0.029 seconds
