[2026-04-01T22:24:03.528+0000] {processor.py:161} INFO - Started process (PID=75) to work on /home/airflow/.local/lib/python3.8/site-packages/airflow/example_dags/example_branch_labels.py
[2026-04-01T22:24:03.530+0000] {processor.py:830} INFO - Processing file /home/airflow/.local/lib/python3.8/site-packages/airflow/example_dags/example_branch_labels.py for tasks to queue
[2026-04-01T22:24:03.534+0000] {logging_mixin.py:188} INFO - [2026-04-01T22:24:03.533+0000] {dagbag.py:538} INFO - Filling up the DagBag from /home/airflow/.local/lib/python3.8/site-packages/airflow/example_dags/example_branch_labels.py
[2026-04-01T22:24:03.540+0000] {processor.py:840} INFO - DAG(s) 'example_branch_labels' retrieved from /home/airflow/.local/lib/python3.8/site-packages/airflow/example_dags/example_branch_labels.py
[2026-04-01T22:24:03.552+0000] {logging_mixin.py:188} INFO - [2026-04-01T22:24:03.552+0000] {dag.py:3033} INFO - Sync 1 DAGs
[2026-04-01T22:24:03.571+0000] {logging_mixin.py:188} INFO - [2026-04-01T22:24:03.571+0000] {dag.py:3820} INFO - Setting next_dagrun for example_branch_labels to 2026-03-31T00:00:00+00:00, run_after=2026-04-01T00:00:00+00:00
[2026-04-01T22:24:03.581+0000] {processor.py:183} INFO - Processing /home/airflow/.local/lib/python3.8/site-packages/airflow/example_dags/example_branch_labels.py took 0.055 seconds
[2026-04-01T22:24:33.617+0000] {processor.py:161} INFO - Started process (PID=130) to work on /home/airflow/.local/lib/python3.8/site-packages/airflow/example_dags/example_branch_labels.py
[2026-04-01T22:24:33.618+0000] {processor.py:830} INFO - Processing file /home/airflow/.local/lib/python3.8/site-packages/airflow/example_dags/example_branch_labels.py for tasks to queue
[2026-04-01T22:24:33.620+0000] {logging_mixin.py:188} INFO - [2026-04-01T22:24:33.620+0000] {dagbag.py:538} INFO - Filling up the DagBag from /home/airflow/.local/lib/python3.8/site-packages/airflow/example_dags/example_branch_labels.py
[2026-04-01T22:24:33.625+0000] {processor.py:840} INFO - DAG(s) 'example_branch_labels' retrieved from /home/airflow/.local/lib/python3.8/site-packages/airflow/example_dags/example_branch_labels.py
[2026-04-01T22:24:33.665+0000] {logging_mixin.py:188} INFO - [2026-04-01T22:24:33.665+0000] {dag.py:3033} INFO - Sync 1 DAGs
[2026-04-01T22:24:33.672+0000] {logging_mixin.py:188} INFO - [2026-04-01T22:24:33.672+0000] {dag.py:3820} INFO - Setting next_dagrun for example_branch_labels to 2026-03-31T00:00:00+00:00, run_after=2026-04-01T00:00:00+00:00
[2026-04-01T22:24:33.678+0000] {processor.py:183} INFO - Processing /home/airflow/.local/lib/python3.8/site-packages/airflow/example_dags/example_branch_labels.py took 0.066 seconds
[2026-04-01T22:25:03.697+0000] {processor.py:161} INFO - Started process (PID=185) to work on /home/airflow/.local/lib/python3.8/site-packages/airflow/example_dags/example_branch_labels.py
[2026-04-01T22:25:03.698+0000] {processor.py:830} INFO - Processing file /home/airflow/.local/lib/python3.8/site-packages/airflow/example_dags/example_branch_labels.py for tasks to queue
[2026-04-01T22:25:03.699+0000] {logging_mixin.py:188} INFO - [2026-04-01T22:25:03.699+0000] {dagbag.py:538} INFO - Filling up the DagBag from /home/airflow/.local/lib/python3.8/site-packages/airflow/example_dags/example_branch_labels.py
[2026-04-01T22:25:03.702+0000] {processor.py:840} INFO - DAG(s) 'example_branch_labels' retrieved from /home/airflow/.local/lib/python3.8/site-packages/airflow/example_dags/example_branch_labels.py
[2026-04-01T22:25:03.713+0000] {logging_mixin.py:188} INFO - [2026-04-01T22:25:03.713+0000] {dag.py:3033} INFO - Sync 1 DAGs
[2026-04-01T22:25:03.725+0000] {logging_mixin.py:188} INFO - [2026-04-01T22:25:03.725+0000] {dag.py:3820} INFO - Setting next_dagrun for example_branch_labels to 2026-03-31T00:00:00+00:00, run_after=2026-04-01T00:00:00+00:00
[2026-04-01T22:25:03.734+0000] {processor.py:183} INFO - Processing /home/airflow/.local/lib/python3.8/site-packages/airflow/example_dags/example_branch_labels.py took 0.038 seconds
[2026-04-01T22:25:34.116+0000] {processor.py:161} INFO - Started process (PID=240) to work on /home/airflow/.local/lib/python3.8/site-packages/airflow/example_dags/example_branch_labels.py
[2026-04-01T22:25:34.116+0000] {processor.py:830} INFO - Processing file /home/airflow/.local/lib/python3.8/site-packages/airflow/example_dags/example_branch_labels.py for tasks to queue
[2026-04-01T22:25:34.117+0000] {logging_mixin.py:188} INFO - [2026-04-01T22:25:34.117+0000] {dagbag.py:538} INFO - Filling up the DagBag from /home/airflow/.local/lib/python3.8/site-packages/airflow/example_dags/example_branch_labels.py
[2026-04-01T22:25:34.120+0000] {processor.py:840} INFO - DAG(s) 'example_branch_labels' retrieved from /home/airflow/.local/lib/python3.8/site-packages/airflow/example_dags/example_branch_labels.py
[2026-04-01T22:25:34.128+0000] {logging_mixin.py:188} INFO - [2026-04-01T22:25:34.128+0000] {dag.py:3033} INFO - Sync 1 DAGs
[2026-04-01T22:25:34.137+0000] {logging_mixin.py:188} INFO - [2026-04-01T22:25:34.136+0000] {dag.py:3820} INFO - Setting next_dagrun for example_branch_labels to 2026-03-31T00:00:00+00:00, run_after=2026-04-01T00:00:00+00:00
[2026-04-01T22:25:34.142+0000] {processor.py:183} INFO - Processing /home/airflow/.local/lib/python3.8/site-packages/airflow/example_dags/example_branch_labels.py took 0.028 seconds
[2026-04-01T22:26:04.420+0000] {processor.py:161} INFO - Started process (PID=295) to work on /home/airflow/.local/lib/python3.8/site-packages/airflow/example_dags/example_branch_labels.py
[2026-04-01T22:26:04.421+0000] {processor.py:830} INFO - Processing file /home/airflow/.local/lib/python3.8/site-packages/airflow/example_dags/example_branch_labels.py for tasks to queue
[2026-04-01T22:26:04.423+0000] {logging_mixin.py:188} INFO - [2026-04-01T22:26:04.423+0000] {dagbag.py:538} INFO - Filling up the DagBag from /home/airflow/.local/lib/python3.8/site-packages/airflow/example_dags/example_branch_labels.py
[2026-04-01T22:26:04.426+0000] {processor.py:840} INFO - DAG(s) 'example_branch_labels' retrieved from /home/airflow/.local/lib/python3.8/site-packages/airflow/example_dags/example_branch_labels.py
[2026-04-01T22:26:04.436+0000] {logging_mixin.py:188} INFO - [2026-04-01T22:26:04.436+0000] {dag.py:3033} INFO - Sync 1 DAGs
[2026-04-01T22:26:04.445+0000] {logging_mixin.py:188} INFO - [2026-04-01T22:26:04.444+0000] {dag.py:3820} INFO - Setting next_dagrun for example_branch_labels to 2026-03-31T00:00:00+00:00, run_after=2026-04-01T00:00:00+00:00
[2026-04-01T22:26:04.453+0000] {processor.py:183} INFO - Processing /home/airflow/.local/lib/python3.8/site-packages/airflow/example_dags/example_branch_labels.py took 0.034 seconds
[2026-04-01T22:26:34.728+0000] {processor.py:161} INFO - Started process (PID=350) to work on /home/airflow/.local/lib/python3.8/site-packages/airflow/example_dags/example_branch_labels.py
[2026-04-01T22:26:34.729+0000] {processor.py:830} INFO - Processing file /home/airflow/.local/lib/python3.8/site-packages/airflow/example_dags/example_branch_labels.py for tasks to queue
[2026-04-01T22:26:34.730+0000] {logging_mixin.py:188} INFO - [2026-04-01T22:26:34.730+0000] {dagbag.py:538} INFO - Filling up the DagBag from /home/airflow/.local/lib/python3.8/site-packages/airflow/example_dags/example_branch_labels.py
[2026-04-01T22:26:34.733+0000] {processor.py:840} INFO - DAG(s) 'example_branch_labels' retrieved from /home/airflow/.local/lib/python3.8/site-packages/airflow/example_dags/example_branch_labels.py
[2026-04-01T22:26:34.740+0000] {logging_mixin.py:188} INFO - [2026-04-01T22:26:34.740+0000] {dag.py:3033} INFO - Sync 1 DAGs
[2026-04-01T22:26:34.748+0000] {logging_mixin.py:188} INFO - [2026-04-01T22:26:34.748+0000] {dag.py:3820} INFO - Setting next_dagrun for example_branch_labels to 2026-03-31T00:00:00+00:00, run_after=2026-04-01T00:00:00+00:00
[2026-04-01T22:26:34.754+0000] {processor.py:183} INFO - Processing /home/airflow/.local/lib/python3.8/site-packages/airflow/example_dags/example_branch_labels.py took 0.027 seconds
[2026-04-01T22:27:04.948+0000] {processor.py:161} INFO - Started process (PID=405) to work on /home/airflow/.local/lib/python3.8/site-packages/airflow/example_dags/example_branch_labels.py
[2026-04-01T22:27:04.949+0000] {processor.py:830} INFO - Processing file /home/airflow/.local/lib/python3.8/site-packages/airflow/example_dags/example_branch_labels.py for tasks to queue
[2026-04-01T22:27:04.950+0000] {logging_mixin.py:188} INFO - [2026-04-01T22:27:04.949+0000] {dagbag.py:538} INFO - Filling up the DagBag from /home/airflow/.local/lib/python3.8/site-packages/airflow/example_dags/example_branch_labels.py
[2026-04-01T22:27:04.953+0000] {processor.py:840} INFO - DAG(s) 'example_branch_labels' retrieved from /home/airflow/.local/lib/python3.8/site-packages/airflow/example_dags/example_branch_labels.py
[2026-04-01T22:27:04.960+0000] {logging_mixin.py:188} INFO - [2026-04-01T22:27:04.960+0000] {dag.py:3033} INFO - Sync 1 DAGs
[2026-04-01T22:27:04.967+0000] {logging_mixin.py:188} INFO - [2026-04-01T22:27:04.967+0000] {dag.py:3820} INFO - Setting next_dagrun for example_branch_labels to 2026-03-31T00:00:00+00:00, run_after=2026-04-01T00:00:00+00:00
[2026-04-01T22:27:04.972+0000] {processor.py:183} INFO - Processing /home/airflow/.local/lib/python3.8/site-packages/airflow/example_dags/example_branch_labels.py took 0.026 seconds
[2026-04-01T22:27:35.249+0000] {processor.py:161} INFO - Started process (PID=460) to work on /home/airflow/.local/lib/python3.8/site-packages/airflow/example_dags/example_branch_labels.py
[2026-04-01T22:27:35.250+0000] {processor.py:830} INFO - Processing file /home/airflow/.local/lib/python3.8/site-packages/airflow/example_dags/example_branch_labels.py for tasks to queue
[2026-04-01T22:27:35.251+0000] {logging_mixin.py:188} INFO - [2026-04-01T22:27:35.251+0000] {dagbag.py:538} INFO - Filling up the DagBag from /home/airflow/.local/lib/python3.8/site-packages/airflow/example_dags/example_branch_labels.py
[2026-04-01T22:27:35.256+0000] {processor.py:840} INFO - DAG(s) 'example_branch_labels' retrieved from /home/airflow/.local/lib/python3.8/site-packages/airflow/example_dags/example_branch_labels.py
[2026-04-01T22:27:35.266+0000] {logging_mixin.py:188} INFO - [2026-04-01T22:27:35.266+0000] {dag.py:3033} INFO - Sync 1 DAGs
[2026-04-01T22:27:35.274+0000] {logging_mixin.py:188} INFO - [2026-04-01T22:27:35.274+0000] {dag.py:3820} INFO - Setting next_dagrun for example_branch_labels to 2026-03-31T00:00:00+00:00, run_after=2026-04-01T00:00:00+00:00
[2026-04-01T22:27:35.280+0000] {processor.py:183} INFO - Processing /home/airflow/.local/lib/python3.8/site-packages/airflow/example_dags/example_branch_labels.py took 0.031 seconds
[2026-04-01T22:28:05.660+0000] {processor.py:161} INFO - Started process (PID=515) to work on /home/airflow/.local/lib/python3.8/site-packages/airflow/example_dags/example_branch_labels.py
[2026-04-01T22:28:05.661+0000] {processor.py:830} INFO - Processing file /home/airflow/.local/lib/python3.8/site-packages/airflow/example_dags/example_branch_labels.py for tasks to queue
[2026-04-01T22:28:05.662+0000] {logging_mixin.py:188} INFO - [2026-04-01T22:28:05.662+0000] {dagbag.py:538} INFO - Filling up the DagBag from /home/airflow/.local/lib/python3.8/site-packages/airflow/example_dags/example_branch_labels.py
[2026-04-01T22:28:05.665+0000] {processor.py:840} INFO - DAG(s) 'example_branch_labels' retrieved from /home/airflow/.local/lib/python3.8/site-packages/airflow/example_dags/example_branch_labels.py
[2026-04-01T22:28:05.674+0000] {logging_mixin.py:188} INFO - [2026-04-01T22:28:05.674+0000] {dag.py:3033} INFO - Sync 1 DAGs
[2026-04-01T22:28:05.683+0000] {logging_mixin.py:188} INFO - [2026-04-01T22:28:05.683+0000] {dag.py:3820} INFO - Setting next_dagrun for example_branch_labels to 2026-03-31T00:00:00+00:00, run_after=2026-04-01T00:00:00+00:00
[2026-04-01T22:28:05.689+0000] {processor.py:183} INFO - Processing /home/airflow/.local/lib/python3.8/site-packages/airflow/example_dags/example_branch_labels.py took 0.031 seconds
