[2026-04-01T22:24:02.860+0000] {processor.py:161} INFO - Started process (PID=64) to work on /home/airflow/.local/lib/python3.8/site-packages/airflow/example_dags/example_branch_operator_decorator.py
[2026-04-01T22:24:02.861+0000] {processor.py:830} INFO - Processing file /home/airflow/.local/lib/python3.8/site-packages/airflow/example_dags/example_branch_operator_decorator.py for tasks to queue
[2026-04-01T22:24:02.863+0000] {logging_mixin.py:188} INFO - [2026-04-01T22:24:02.862+0000] {dagbag.py:538} INFO - Filling up the DagBag from /home/airflow/.local/lib/python3.8/site-packages/airflow/example_dags/example_branch_operator_decorator.py
[2026-04-01T22:24:02.881+0000] {processor.py:840} INFO - DAG(s) 'example_branch_python_operator_decorator' retrieved from /home/airflow/.local/lib/python3.8/site-packages/airflow/example_dags/example_branch_operator_decorator.py
[2026-04-01T22:24:02.899+0000] {logging_mixin.py:188} INFO - [2026-04-01T22:24:02.899+0000] {dag.py:3033} INFO - Sync 1 DAGs
[2026-04-01T22:24:02.919+0000] {logging_mixin.py:188} INFO - [2026-04-01T22:24:02.918+0000] {dag.py:3820} INFO - Setting next_dagrun for example_branch_python_operator_decorator to 2026-03-31T00:00:00+00:00, run_after=2026-04-01T00:00:00+00:00
[2026-04-01T22:24:02.948+0000] {processor.py:183} INFO - Processing /home/airflow/.local/lib/python3.8/site-packages/airflow/example_dags/example_branch_operator_decorator.py took 0.091 seconds
[2026-04-01T22:24:33.105+0000] {processor.py:161} INFO - Started process (PID=119) to work on /home/airflow/.local/lib/python3.8/site-packages/airflow/example_dags/example_branch_operator_decorator.py
[2026-04-01T22:24:33.105+0000] {processor.py:830} INFO - Processing file /home/airflow/.local/lib/python3.8/site-packages/airflow/example_dags/example_branch_operator_decorator.py for tasks to queue
[2026-04-01T22:24:33.106+0000] {logging_mixin.py:188} INFO - [2026-04-01T22:24:33.106+0000] {dagbag.py:538} INFO - Filling up the DagBag from /home/airflow/.local/lib/python3.8/site-packages/airflow/example_dags/example_branch_operator_decorator.py
[2026-04-01T22:24:33.113+0000] {processor.py:840} INFO - DAG(s) 'example_branch_python_operator_decorator' retrieved from /home/airflow/.local/lib/python3.8/site-packages/airflow/example_dags/example_branch_operator_decorator.py
[2026-04-01T22:24:33.153+0000] {logging_mixin.py:188} INFO - [2026-04-01T22:24:33.153+0000] {dag.py:3033} INFO - Sync 1 DAGs
[2026-04-01T22:24:33.162+0000] {logging_mixin.py:188} INFO - [2026-04-01T22:24:33.161+0000] {dag.py:3820} INFO - Setting next_dagrun for example_branch_python_operator_decorator to 2026-03-31T00:00:00+00:00, run_after=2026-04-01T00:00:00+00:00
[2026-04-01T22:24:33.168+0000] {processor.py:183} INFO - Processing /home/airflow/.local/lib/python3.8/site-packages/airflow/example_dags/example_branch_operator_decorator.py took 0.065 seconds
[2026-04-01T22:25:03.373+0000] {processor.py:161} INFO - Started process (PID=174) to work on /home/airflow/.local/lib/python3.8/site-packages/airflow/example_dags/example_branch_operator_decorator.py
[2026-04-01T22:25:03.373+0000] {processor.py:830} INFO - Processing file /home/airflow/.local/lib/python3.8/site-packages/airflow/example_dags/example_branch_operator_decorator.py for tasks to queue
[2026-04-01T22:25:03.375+0000] {logging_mixin.py:188} INFO - [2026-04-01T22:25:03.374+0000] {dagbag.py:538} INFO - Filling up the DagBag from /home/airflow/.local/lib/python3.8/site-packages/airflow/example_dags/example_branch_operator_decorator.py
[2026-04-01T22:25:03.383+0000] {processor.py:840} INFO - DAG(s) 'example_branch_python_operator_decorator' retrieved from /home/airflow/.local/lib/python3.8/site-packages/airflow/example_dags/example_branch_operator_decorator.py
[2026-04-01T22:25:03.397+0000] {logging_mixin.py:188} INFO - [2026-04-01T22:25:03.397+0000] {dag.py:3033} INFO - Sync 1 DAGs
[2026-04-01T22:25:03.409+0000] {logging_mixin.py:188} INFO - [2026-04-01T22:25:03.408+0000] {dag.py:3820} INFO - Setting next_dagrun for example_branch_python_operator_decorator to 2026-03-31T00:00:00+00:00, run_after=2026-04-01T00:00:00+00:00
[2026-04-01T22:25:03.418+0000] {processor.py:183} INFO - Processing /home/airflow/.local/lib/python3.8/site-packages/airflow/example_dags/example_branch_operator_decorator.py took 0.048 seconds
[2026-04-01T22:25:33.816+0000] {processor.py:161} INFO - Started process (PID=229) to work on /home/airflow/.local/lib/python3.8/site-packages/airflow/example_dags/example_branch_operator_decorator.py
[2026-04-01T22:25:33.817+0000] {processor.py:830} INFO - Processing file /home/airflow/.local/lib/python3.8/site-packages/airflow/example_dags/example_branch_operator_decorator.py for tasks to queue
[2026-04-01T22:25:33.818+0000] {logging_mixin.py:188} INFO - [2026-04-01T22:25:33.818+0000] {dagbag.py:538} INFO - Filling up the DagBag from /home/airflow/.local/lib/python3.8/site-packages/airflow/example_dags/example_branch_operator_decorator.py
[2026-04-01T22:25:33.825+0000] {processor.py:840} INFO - DAG(s) 'example_branch_python_operator_decorator' retrieved from /home/airflow/.local/lib/python3.8/site-packages/airflow/example_dags/example_branch_operator_decorator.py
[2026-04-01T22:25:33.835+0000] {logging_mixin.py:188} INFO - [2026-04-01T22:25:33.835+0000] {dag.py:3033} INFO - Sync 1 DAGs
[2026-04-01T22:25:33.843+0000] {logging_mixin.py:188} INFO - [2026-04-01T22:25:33.843+0000] {dag.py:3820} INFO - Setting next_dagrun for example_branch_python_operator_decorator to 2026-03-31T00:00:00+00:00, run_after=2026-04-01T00:00:00+00:00
[2026-04-01T22:25:33.853+0000] {processor.py:183} INFO - Processing /home/airflow/.local/lib/python3.8/site-packages/airflow/example_dags/example_branch_operator_decorator.py took 0.038 seconds
[2026-04-01T22:26:04.167+0000] {processor.py:161} INFO - Started process (PID=284) to work on /home/airflow/.local/lib/python3.8/site-packages/airflow/example_dags/example_branch_operator_decorator.py
[2026-04-01T22:26:04.167+0000] {processor.py:830} INFO - Processing file /home/airflow/.local/lib/python3.8/site-packages/airflow/example_dags/example_branch_operator_decorator.py for tasks to queue
[2026-04-01T22:26:04.168+0000] {logging_mixin.py:188} INFO - [2026-04-01T22:26:04.168+0000] {dagbag.py:538} INFO - Filling up the DagBag from /home/airflow/.local/lib/python3.8/site-packages/airflow/example_dags/example_branch_operator_decorator.py
[2026-04-01T22:26:04.175+0000] {processor.py:840} INFO - DAG(s) 'example_branch_python_operator_decorator' retrieved from /home/airflow/.local/lib/python3.8/site-packages/airflow/example_dags/example_branch_operator_decorator.py
[2026-04-01T22:26:04.185+0000] {logging_mixin.py:188} INFO - [2026-04-01T22:26:04.185+0000] {dag.py:3033} INFO - Sync 1 DAGs
[2026-04-01T22:26:04.195+0000] {logging_mixin.py:188} INFO - [2026-04-01T22:26:04.195+0000] {dag.py:3820} INFO - Setting next_dagrun for example_branch_python_operator_decorator to 2026-03-31T00:00:00+00:00, run_after=2026-04-01T00:00:00+00:00
[2026-04-01T22:26:04.202+0000] {processor.py:183} INFO - Processing /home/airflow/.local/lib/python3.8/site-packages/airflow/example_dags/example_branch_operator_decorator.py took 0.036 seconds
[2026-04-01T22:26:34.484+0000] {processor.py:161} INFO - Started process (PID=339) to work on /home/airflow/.local/lib/python3.8/site-packages/airflow/example_dags/example_branch_operator_decorator.py
[2026-04-01T22:26:34.485+0000] {processor.py:830} INFO - Processing file /home/airflow/.local/lib/python3.8/site-packages/airflow/example_dags/example_branch_operator_decorator.py for tasks to queue
[2026-04-01T22:26:34.486+0000] {logging_mixin.py:188} INFO - [2026-04-01T22:26:34.486+0000] {dagbag.py:538} INFO - Filling up the DagBag from /home/airflow/.local/lib/python3.8/site-packages/airflow/example_dags/example_branch_operator_decorator.py
[2026-04-01T22:26:34.493+0000] {processor.py:840} INFO - DAG(s) 'example_branch_python_operator_decorator' retrieved from /home/airflow/.local/lib/python3.8/site-packages/airflow/example_dags/example_branch_operator_decorator.py
[2026-04-01T22:26:34.503+0000] {logging_mixin.py:188} INFO - [2026-04-01T22:26:34.503+0000] {dag.py:3033} INFO - Sync 1 DAGs
[2026-04-01T22:26:34.510+0000] {logging_mixin.py:188} INFO - [2026-04-01T22:26:34.510+0000] {dag.py:3820} INFO - Setting next_dagrun for example_branch_python_operator_decorator to 2026-03-31T00:00:00+00:00, run_after=2026-04-01T00:00:00+00:00
[2026-04-01T22:26:34.516+0000] {processor.py:183} INFO - Processing /home/airflow/.local/lib/python3.8/site-packages/airflow/example_dags/example_branch_operator_decorator.py took 0.033 seconds
[2026-04-01T22:27:04.730+0000] {processor.py:161} INFO - Started process (PID=394) to work on /home/airflow/.local/lib/python3.8/site-packages/airflow/example_dags/example_branch_operator_decorator.py
[2026-04-01T22:27:04.730+0000] {processor.py:830} INFO - Processing file /home/airflow/.local/lib/python3.8/site-packages/airflow/example_dags/example_branch_operator_decorator.py for tasks to queue
[2026-04-01T22:27:04.731+0000] {logging_mixin.py:188} INFO - [2026-04-01T22:27:04.731+0000] {dagbag.py:538} INFO - Filling up the DagBag from /home/airflow/.local/lib/python3.8/site-packages/airflow/example_dags/example_branch_operator_decorator.py
[2026-04-01T22:27:04.737+0000] {processor.py:840} INFO - DAG(s) 'example_branch_python_operator_decorator' retrieved from /home/airflow/.local/lib/python3.8/site-packages/airflow/example_dags/example_branch_operator_decorator.py
[2026-04-01T22:27:04.747+0000] {logging_mixin.py:188} INFO - [2026-04-01T22:27:04.747+0000] {dag.py:3033} INFO - Sync 1 DAGs
[2026-04-01T22:27:04.755+0000] {logging_mixin.py:188} INFO - [2026-04-01T22:27:04.755+0000] {dag.py:3820} INFO - Setting next_dagrun for example_branch_python_operator_decorator to 2026-03-31T00:00:00+00:00, run_after=2026-04-01T00:00:00+00:00
[2026-04-01T22:27:04.760+0000] {processor.py:183} INFO - Processing /home/airflow/.local/lib/python3.8/site-packages/airflow/example_dags/example_branch_operator_decorator.py took 0.032 seconds
[2026-04-01T22:27:35.024+0000] {processor.py:161} INFO - Started process (PID=449) to work on /home/airflow/.local/lib/python3.8/site-packages/airflow/example_dags/example_branch_operator_decorator.py
[2026-04-01T22:27:35.024+0000] {processor.py:830} INFO - Processing file /home/airflow/.local/lib/python3.8/site-packages/airflow/example_dags/example_branch_operator_decorator.py for tasks to queue
[2026-04-01T22:27:35.025+0000] {logging_mixin.py:188} INFO - [2026-04-01T22:27:35.025+0000] {dagbag.py:538} INFO - Filling up the DagBag from /home/airflow/.local/lib/python3.8/site-packages/airflow/example_dags/example_branch_operator_decorator.py
[2026-04-01T22:27:35.032+0000] {processor.py:840} INFO - DAG(s) 'example_branch_python_operator_decorator' retrieved from /home/airflow/.local/lib/python3.8/site-packages/airflow/example_dags/example_branch_operator_decorator.py
[2026-04-01T22:27:35.040+0000] {logging_mixin.py:188} INFO - [2026-04-01T22:27:35.040+0000] {dag.py:3033} INFO - Sync 1 DAGs
[2026-04-01T22:27:35.048+0000] {logging_mixin.py:188} INFO - [2026-04-01T22:27:35.048+0000] {dag.py:3820} INFO - Setting next_dagrun for example_branch_python_operator_decorator to 2026-03-31T00:00:00+00:00, run_after=2026-04-01T00:00:00+00:00
[2026-04-01T22:27:35.057+0000] {processor.py:183} INFO - Processing /home/airflow/.local/lib/python3.8/site-packages/airflow/example_dags/example_branch_operator_decorator.py took 0.035 seconds
[2026-04-01T22:28:05.361+0000] {processor.py:161} INFO - Started process (PID=504) to work on /home/airflow/.local/lib/python3.8/site-packages/airflow/example_dags/example_branch_operator_decorator.py
[2026-04-01T22:28:05.361+0000] {processor.py:830} INFO - Processing file /home/airflow/.local/lib/python3.8/site-packages/airflow/example_dags/example_branch_operator_decorator.py for tasks to queue
[2026-04-01T22:28:05.362+0000] {logging_mixin.py:188} INFO - [2026-04-01T22:28:05.362+0000] {dagbag.py:538} INFO - Filling up the DagBag from /home/airflow/.local/lib/python3.8/site-packages/airflow/example_dags/example_branch_operator_decorator.py
[2026-04-01T22:28:05.369+0000] {processor.py:840} INFO - DAG(s) 'example_branch_python_operator_decorator' retrieved from /home/airflow/.local/lib/python3.8/site-packages/airflow/example_dags/example_branch_operator_decorator.py
[2026-04-01T22:28:05.379+0000] {logging_mixin.py:188} INFO - [2026-04-01T22:28:05.379+0000] {dag.py:3033} INFO - Sync 1 DAGs
[2026-04-01T22:28:05.388+0000] {logging_mixin.py:188} INFO - [2026-04-01T22:28:05.388+0000] {dag.py:3820} INFO - Setting next_dagrun for example_branch_python_operator_decorator to 2026-03-31T00:00:00+00:00, run_after=2026-04-01T00:00:00+00:00
[2026-04-01T22:28:05.397+0000] {processor.py:183} INFO - Processing /home/airflow/.local/lib/python3.8/site-packages/airflow/example_dags/example_branch_operator_decorator.py took 0.037 seconds
