[2026-04-01T22:24:03.031+0000] {processor.py:161} INFO - Started process (PID=67) to work on /home/airflow/.local/lib/python3.8/site-packages/airflow/example_dags/example_kubernetes_executor.py
[2026-04-01T22:24:03.033+0000] {processor.py:830} INFO - Processing file /home/airflow/.local/lib/python3.8/site-packages/airflow/example_dags/example_kubernetes_executor.py for tasks to queue
[2026-04-01T22:24:03.037+0000] {logging_mixin.py:188} INFO - [2026-04-01T22:24:03.036+0000] {dagbag.py:538} INFO - Filling up the DagBag from /home/airflow/.local/lib/python3.8/site-packages/airflow/example_dags/example_kubernetes_executor.py
[2026-04-01T22:24:03.052+0000] {processor.py:840} INFO - DAG(s) 'example_kubernetes_executor' retrieved from /home/airflow/.local/lib/python3.8/site-packages/airflow/example_dags/example_kubernetes_executor.py
[2026-04-01T22:24:03.067+0000] {logging_mixin.py:188} INFO - [2026-04-01T22:24:03.066+0000] {dag.py:3033} INFO - Sync 1 DAGs
[2026-04-01T22:24:03.075+0000] {logging_mixin.py:188} INFO - [2026-04-01T22:24:03.075+0000] {dag.py:3820} INFO - Setting next_dagrun for example_kubernetes_executor to None, run_after=None
[2026-04-01T22:24:03.092+0000] {processor.py:183} INFO - Processing /home/airflow/.local/lib/python3.8/site-packages/airflow/example_dags/example_kubernetes_executor.py took 0.065 seconds
[2026-04-01T22:24:33.234+0000] {processor.py:161} INFO - Started process (PID=122) to work on /home/airflow/.local/lib/python3.8/site-packages/airflow/example_dags/example_kubernetes_executor.py
[2026-04-01T22:24:33.235+0000] {processor.py:830} INFO - Processing file /home/airflow/.local/lib/python3.8/site-packages/airflow/example_dags/example_kubernetes_executor.py for tasks to queue
[2026-04-01T22:24:33.236+0000] {logging_mixin.py:188} INFO - [2026-04-01T22:24:33.236+0000] {dagbag.py:538} INFO - Filling up the DagBag from /home/airflow/.local/lib/python3.8/site-packages/airflow/example_dags/example_kubernetes_executor.py
[2026-04-01T22:24:33.243+0000] {processor.py:840} INFO - DAG(s) 'example_kubernetes_executor' retrieved from /home/airflow/.local/lib/python3.8/site-packages/airflow/example_dags/example_kubernetes_executor.py
[2026-04-01T22:24:33.290+0000] {logging_mixin.py:188} INFO - [2026-04-01T22:24:33.290+0000] {dag.py:3033} INFO - Sync 1 DAGs
[2026-04-01T22:24:33.294+0000] {logging_mixin.py:188} INFO - [2026-04-01T22:24:33.293+0000] {dag.py:3820} INFO - Setting next_dagrun for example_kubernetes_executor to None, run_after=None
[2026-04-01T22:24:33.300+0000] {processor.py:183} INFO - Processing /home/airflow/.local/lib/python3.8/site-packages/airflow/example_dags/example_kubernetes_executor.py took 0.067 seconds
[2026-04-01T22:25:03.468+0000] {processor.py:161} INFO - Started process (PID=177) to work on /home/airflow/.local/lib/python3.8/site-packages/airflow/example_dags/example_kubernetes_executor.py
[2026-04-01T22:25:03.468+0000] {processor.py:830} INFO - Processing file /home/airflow/.local/lib/python3.8/site-packages/airflow/example_dags/example_kubernetes_executor.py for tasks to queue
[2026-04-01T22:25:03.470+0000] {logging_mixin.py:188} INFO - [2026-04-01T22:25:03.469+0000] {dagbag.py:538} INFO - Filling up the DagBag from /home/airflow/.local/lib/python3.8/site-packages/airflow/example_dags/example_kubernetes_executor.py
[2026-04-01T22:25:03.478+0000] {processor.py:840} INFO - DAG(s) 'example_kubernetes_executor' retrieved from /home/airflow/.local/lib/python3.8/site-packages/airflow/example_dags/example_kubernetes_executor.py
[2026-04-01T22:25:03.499+0000] {logging_mixin.py:188} INFO - [2026-04-01T22:25:03.499+0000] {dag.py:3033} INFO - Sync 1 DAGs
[2026-04-01T22:25:03.506+0000] {logging_mixin.py:188} INFO - [2026-04-01T22:25:03.506+0000] {dag.py:3820} INFO - Setting next_dagrun for example_kubernetes_executor to None, run_after=None
[2026-04-01T22:25:03.514+0000] {processor.py:183} INFO - Processing /home/airflow/.local/lib/python3.8/site-packages/airflow/example_dags/example_kubernetes_executor.py took 0.048 seconds
[2026-04-01T22:25:33.866+0000] {processor.py:161} INFO - Started process (PID=232) to work on /home/airflow/.local/lib/python3.8/site-packages/airflow/example_dags/example_kubernetes_executor.py
[2026-04-01T22:25:33.868+0000] {processor.py:830} INFO - Processing file /home/airflow/.local/lib/python3.8/site-packages/airflow/example_dags/example_kubernetes_executor.py for tasks to queue
[2026-04-01T22:25:33.869+0000] {logging_mixin.py:188} INFO - [2026-04-01T22:25:33.869+0000] {dagbag.py:538} INFO - Filling up the DagBag from /home/airflow/.local/lib/python3.8/site-packages/airflow/example_dags/example_kubernetes_executor.py
[2026-04-01T22:25:33.875+0000] {processor.py:840} INFO - DAG(s) 'example_kubernetes_executor' retrieved from /home/airflow/.local/lib/python3.8/site-packages/airflow/example_dags/example_kubernetes_executor.py
[2026-04-01T22:25:33.890+0000] {logging_mixin.py:188} INFO - [2026-04-01T22:25:33.890+0000] {dag.py:3033} INFO - Sync 1 DAGs
[2026-04-01T22:25:33.896+0000] {logging_mixin.py:188} INFO - [2026-04-01T22:25:33.895+0000] {dag.py:3820} INFO - Setting next_dagrun for example_kubernetes_executor to None, run_after=None
[2026-04-01T22:25:33.903+0000] {processor.py:183} INFO - Processing /home/airflow/.local/lib/python3.8/site-packages/airflow/example_dags/example_kubernetes_executor.py took 0.039 seconds
[2026-04-01T22:26:04.234+0000] {processor.py:161} INFO - Started process (PID=287) to work on /home/airflow/.local/lib/python3.8/site-packages/airflow/example_dags/example_kubernetes_executor.py
[2026-04-01T22:26:04.234+0000] {processor.py:830} INFO - Processing file /home/airflow/.local/lib/python3.8/site-packages/airflow/example_dags/example_kubernetes_executor.py for tasks to queue
[2026-04-01T22:26:04.235+0000] {logging_mixin.py:188} INFO - [2026-04-01T22:26:04.235+0000] {dagbag.py:538} INFO - Filling up the DagBag from /home/airflow/.local/lib/python3.8/site-packages/airflow/example_dags/example_kubernetes_executor.py
[2026-04-01T22:26:04.241+0000] {processor.py:840} INFO - DAG(s) 'example_kubernetes_executor' retrieved from /home/airflow/.local/lib/python3.8/site-packages/airflow/example_dags/example_kubernetes_executor.py
[2026-04-01T22:26:04.257+0000] {logging_mixin.py:188} INFO - [2026-04-01T22:26:04.257+0000] {dag.py:3033} INFO - Sync 1 DAGs
[2026-04-01T22:26:04.263+0000] {logging_mixin.py:188} INFO - [2026-04-01T22:26:04.263+0000] {dag.py:3820} INFO - Setting next_dagrun for example_kubernetes_executor to None, run_after=None
[2026-04-01T22:26:04.275+0000] {processor.py:183} INFO - Processing /home/airflow/.local/lib/python3.8/site-packages/airflow/example_dags/example_kubernetes_executor.py took 0.042 seconds
[2026-04-01T22:26:34.552+0000] {processor.py:161} INFO - Started process (PID=342) to work on /home/airflow/.local/lib/python3.8/site-packages/airflow/example_dags/example_kubernetes_executor.py
[2026-04-01T22:26:34.552+0000] {processor.py:830} INFO - Processing file /home/airflow/.local/lib/python3.8/site-packages/airflow/example_dags/example_kubernetes_executor.py for tasks to queue
[2026-04-01T22:26:34.553+0000] {logging_mixin.py:188} INFO - [2026-04-01T22:26:34.553+0000] {dagbag.py:538} INFO - Filling up the DagBag from /home/airflow/.local/lib/python3.8/site-packages/airflow/example_dags/example_kubernetes_executor.py
[2026-04-01T22:26:34.559+0000] {processor.py:840} INFO - DAG(s) 'example_kubernetes_executor' retrieved from /home/airflow/.local/lib/python3.8/site-packages/airflow/example_dags/example_kubernetes_executor.py
[2026-04-01T22:26:34.575+0000] {logging_mixin.py:188} INFO - [2026-04-01T22:26:34.575+0000] {dag.py:3033} INFO - Sync 1 DAGs
[2026-04-01T22:26:34.579+0000] {logging_mixin.py:188} INFO - [2026-04-01T22:26:34.579+0000] {dag.py:3820} INFO - Setting next_dagrun for example_kubernetes_executor to None, run_after=None
[2026-04-01T22:26:34.584+0000] {processor.py:183} INFO - Processing /home/airflow/.local/lib/python3.8/site-packages/airflow/example_dags/example_kubernetes_executor.py took 0.034 seconds
[2026-04-01T22:27:04.790+0000] {processor.py:161} INFO - Started process (PID=397) to work on /home/airflow/.local/lib/python3.8/site-packages/airflow/example_dags/example_kubernetes_executor.py
[2026-04-01T22:27:04.790+0000] {processor.py:830} INFO - Processing file /home/airflow/.local/lib/python3.8/site-packages/airflow/example_dags/example_kubernetes_executor.py for tasks to queue
[2026-04-01T22:27:04.791+0000] {logging_mixin.py:188} INFO - [2026-04-01T22:27:04.791+0000] {dagbag.py:538} INFO - Filling up the DagBag from /home/airflow/.local/lib/python3.8/site-packages/airflow/example_dags/example_kubernetes_executor.py
[2026-04-01T22:27:04.796+0000] {processor.py:840} INFO - DAG(s) 'example_kubernetes_executor' retrieved from /home/airflow/.local/lib/python3.8/site-packages/airflow/example_dags/example_kubernetes_executor.py
[2026-04-01T22:27:04.810+0000] {logging_mixin.py:188} INFO - [2026-04-01T22:27:04.810+0000] {dag.py:3033} INFO - Sync 1 DAGs
[2026-04-01T22:27:04.814+0000] {logging_mixin.py:188} INFO - [2026-04-01T22:27:04.814+0000] {dag.py:3820} INFO - Setting next_dagrun for example_kubernetes_executor to None, run_after=None
[2026-04-01T22:27:04.820+0000] {processor.py:183} INFO - Processing /home/airflow/.local/lib/python3.8/site-packages/airflow/example_dags/example_kubernetes_executor.py took 0.032 seconds
[2026-04-01T22:27:35.066+0000] {processor.py:161} INFO - Started process (PID=452) to work on /home/airflow/.local/lib/python3.8/site-packages/airflow/example_dags/example_kubernetes_executor.py
[2026-04-01T22:27:35.066+0000] {processor.py:830} INFO - Processing file /home/airflow/.local/lib/python3.8/site-packages/airflow/example_dags/example_kubernetes_executor.py for tasks to queue
[2026-04-01T22:27:35.067+0000] {logging_mixin.py:188} INFO - [2026-04-01T22:27:35.067+0000] {dagbag.py:538} INFO - Filling up the DagBag from /home/airflow/.local/lib/python3.8/site-packages/airflow/example_dags/example_kubernetes_executor.py
[2026-04-01T22:27:35.074+0000] {processor.py:840} INFO - DAG(s) 'example_kubernetes_executor' retrieved from /home/airflow/.local/lib/python3.8/site-packages/airflow/example_dags/example_kubernetes_executor.py
[2026-04-01T22:27:35.089+0000] {logging_mixin.py:188} INFO - [2026-04-01T22:27:35.089+0000] {dag.py:3033} INFO - Sync 1 DAGs
[2026-04-01T22:27:35.093+0000] {logging_mixin.py:188} INFO - [2026-04-01T22:27:35.093+0000] {dag.py:3820} INFO - Setting next_dagrun for example_kubernetes_executor to None, run_after=None
[2026-04-01T22:27:35.100+0000] {processor.py:183} INFO - Processing /home/airflow/.local/lib/python3.8/site-packages/airflow/example_dags/example_kubernetes_executor.py took 0.036 seconds
[2026-04-01T22:28:05.430+0000] {processor.py:161} INFO - Started process (PID=507) to work on /home/airflow/.local/lib/python3.8/site-packages/airflow/example_dags/example_kubernetes_executor.py
[2026-04-01T22:28:05.430+0000] {processor.py:830} INFO - Processing file /home/airflow/.local/lib/python3.8/site-packages/airflow/example_dags/example_kubernetes_executor.py for tasks to queue
[2026-04-01T22:28:05.432+0000] {logging_mixin.py:188} INFO - [2026-04-01T22:28:05.432+0000] {dagbag.py:538} INFO - Filling up the DagBag from /home/airflow/.local/lib/python3.8/site-packages/airflow/example_dags/example_kubernetes_executor.py
[2026-04-01T22:28:05.438+0000] {processor.py:840} INFO - DAG(s) 'example_kubernetes_executor' retrieved from /home/airflow/.local/lib/python3.8/site-packages/airflow/example_dags/example_kubernetes_executor.py
[2026-04-01T22:28:05.456+0000] {logging_mixin.py:188} INFO - [2026-04-01T22:28:05.456+0000] {dag.py:3033} INFO - Sync 1 DAGs
[2026-04-01T22:28:05.462+0000] {logging_mixin.py:188} INFO - [2026-04-01T22:28:05.462+0000] {dag.py:3820} INFO - Setting next_dagrun for example_kubernetes_executor to None, run_after=None
[2026-04-01T22:28:05.469+0000] {processor.py:183} INFO - Processing /home/airflow/.local/lib/python3.8/site-packages/airflow/example_dags/example_kubernetes_executor.py took 0.041 seconds
