[2026-04-01T22:24:02.799+0000] {processor.py:161} INFO - Started process (PID=62) to work on /home/airflow/.local/lib/python3.8/site-packages/airflow/example_dags/example_params_trigger_ui.py
[2026-04-01T22:24:02.800+0000] {processor.py:830} INFO - Processing file /home/airflow/.local/lib/python3.8/site-packages/airflow/example_dags/example_params_trigger_ui.py for tasks to queue
[2026-04-01T22:24:02.802+0000] {logging_mixin.py:188} INFO - [2026-04-01T22:24:02.802+0000] {dagbag.py:538} INFO - Filling up the DagBag from /home/airflow/.local/lib/python3.8/site-packages/airflow/example_dags/example_params_trigger_ui.py
[2026-04-01T22:24:02.810+0000] {processor.py:840} INFO - DAG(s) 'example_params_trigger_ui' retrieved from /home/airflow/.local/lib/python3.8/site-packages/airflow/example_dags/example_params_trigger_ui.py
[2026-04-01T22:24:02.819+0000] {logging_mixin.py:188} INFO - [2026-04-01T22:24:02.818+0000] {dag.py:3033} INFO - Sync 1 DAGs
[2026-04-01T22:24:02.831+0000] {logging_mixin.py:188} INFO - [2026-04-01T22:24:02.831+0000] {dag.py:3820} INFO - Setting next_dagrun for example_params_trigger_ui to None, run_after=None
[2026-04-01T22:24:02.843+0000] {processor.py:183} INFO - Processing /home/airflow/.local/lib/python3.8/site-packages/airflow/example_dags/example_params_trigger_ui.py took 0.045 seconds
[2026-04-01T22:24:33.028+0000] {processor.py:161} INFO - Started process (PID=117) to work on /home/airflow/.local/lib/python3.8/site-packages/airflow/example_dags/example_params_trigger_ui.py
[2026-04-01T22:24:33.029+0000] {processor.py:830} INFO - Processing file /home/airflow/.local/lib/python3.8/site-packages/airflow/example_dags/example_params_trigger_ui.py for tasks to queue
[2026-04-01T22:24:33.030+0000] {logging_mixin.py:188} INFO - [2026-04-01T22:24:33.030+0000] {dagbag.py:538} INFO - Filling up the DagBag from /home/airflow/.local/lib/python3.8/site-packages/airflow/example_dags/example_params_trigger_ui.py
[2026-04-01T22:24:33.036+0000] {processor.py:840} INFO - DAG(s) 'example_params_trigger_ui' retrieved from /home/airflow/.local/lib/python3.8/site-packages/airflow/example_dags/example_params_trigger_ui.py
[2026-04-01T22:24:33.082+0000] {logging_mixin.py:188} INFO - [2026-04-01T22:24:33.081+0000] {dag.py:3033} INFO - Sync 1 DAGs
[2026-04-01T22:24:33.086+0000] {logging_mixin.py:188} INFO - [2026-04-01T22:24:33.086+0000] {dag.py:3820} INFO - Setting next_dagrun for example_params_trigger_ui to None, run_after=None
[2026-04-01T22:24:33.094+0000] {processor.py:183} INFO - Processing /home/airflow/.local/lib/python3.8/site-packages/airflow/example_dags/example_params_trigger_ui.py took 0.067 seconds
[2026-04-01T22:25:03.309+0000] {processor.py:161} INFO - Started process (PID=172) to work on /home/airflow/.local/lib/python3.8/site-packages/airflow/example_dags/example_params_trigger_ui.py
[2026-04-01T22:25:03.310+0000] {processor.py:830} INFO - Processing file /home/airflow/.local/lib/python3.8/site-packages/airflow/example_dags/example_params_trigger_ui.py for tasks to queue
[2026-04-01T22:25:03.311+0000] {logging_mixin.py:188} INFO - [2026-04-01T22:25:03.311+0000] {dagbag.py:538} INFO - Filling up the DagBag from /home/airflow/.local/lib/python3.8/site-packages/airflow/example_dags/example_params_trigger_ui.py
[2026-04-01T22:25:03.319+0000] {processor.py:840} INFO - DAG(s) 'example_params_trigger_ui' retrieved from /home/airflow/.local/lib/python3.8/site-packages/airflow/example_dags/example_params_trigger_ui.py
[2026-04-01T22:25:03.340+0000] {logging_mixin.py:188} INFO - [2026-04-01T22:25:03.340+0000] {dag.py:3033} INFO - Sync 1 DAGs
[2026-04-01T22:25:03.347+0000] {logging_mixin.py:188} INFO - [2026-04-01T22:25:03.347+0000] {dag.py:3820} INFO - Setting next_dagrun for example_params_trigger_ui to None, run_after=None
[2026-04-01T22:25:03.355+0000] {processor.py:183} INFO - Processing /home/airflow/.local/lib/python3.8/site-packages/airflow/example_dags/example_params_trigger_ui.py took 0.052 seconds
[2026-04-01T22:25:33.772+0000] {processor.py:161} INFO - Started process (PID=227) to work on /home/airflow/.local/lib/python3.8/site-packages/airflow/example_dags/example_params_trigger_ui.py
[2026-04-01T22:25:33.772+0000] {processor.py:830} INFO - Processing file /home/airflow/.local/lib/python3.8/site-packages/airflow/example_dags/example_params_trigger_ui.py for tasks to queue
[2026-04-01T22:25:33.773+0000] {logging_mixin.py:188} INFO - [2026-04-01T22:25:33.773+0000] {dagbag.py:538} INFO - Filling up the DagBag from /home/airflow/.local/lib/python3.8/site-packages/airflow/example_dags/example_params_trigger_ui.py
[2026-04-01T22:25:33.779+0000] {processor.py:840} INFO - DAG(s) 'example_params_trigger_ui' retrieved from /home/airflow/.local/lib/python3.8/site-packages/airflow/example_dags/example_params_trigger_ui.py
[2026-04-01T22:25:33.797+0000] {logging_mixin.py:188} INFO - [2026-04-01T22:25:33.797+0000] {dag.py:3033} INFO - Sync 1 DAGs
[2026-04-01T22:25:33.801+0000] {logging_mixin.py:188} INFO - [2026-04-01T22:25:33.801+0000] {dag.py:3820} INFO - Setting next_dagrun for example_params_trigger_ui to None, run_after=None
[2026-04-01T22:25:33.807+0000] {processor.py:183} INFO - Processing /home/airflow/.local/lib/python3.8/site-packages/airflow/example_dags/example_params_trigger_ui.py took 0.037 seconds
[2026-04-01T22:26:04.127+0000] {processor.py:161} INFO - Started process (PID=282) to work on /home/airflow/.local/lib/python3.8/site-packages/airflow/example_dags/example_params_trigger_ui.py
[2026-04-01T22:26:04.128+0000] {processor.py:830} INFO - Processing file /home/airflow/.local/lib/python3.8/site-packages/airflow/example_dags/example_params_trigger_ui.py for tasks to queue
[2026-04-01T22:26:04.128+0000] {logging_mixin.py:188} INFO - [2026-04-01T22:26:04.128+0000] {dagbag.py:538} INFO - Filling up the DagBag from /home/airflow/.local/lib/python3.8/site-packages/airflow/example_dags/example_params_trigger_ui.py
[2026-04-01T22:26:04.133+0000] {processor.py:840} INFO - DAG(s) 'example_params_trigger_ui' retrieved from /home/airflow/.local/lib/python3.8/site-packages/airflow/example_dags/example_params_trigger_ui.py
[2026-04-01T22:26:04.149+0000] {logging_mixin.py:188} INFO - [2026-04-01T22:26:04.149+0000] {dag.py:3033} INFO - Sync 1 DAGs
[2026-04-01T22:26:04.153+0000] {logging_mixin.py:188} INFO - [2026-04-01T22:26:04.153+0000] {dag.py:3820} INFO - Setting next_dagrun for example_params_trigger_ui to None, run_after=None
[2026-04-01T22:26:04.158+0000] {processor.py:183} INFO - Processing /home/airflow/.local/lib/python3.8/site-packages/airflow/example_dags/example_params_trigger_ui.py took 0.032 seconds
[2026-04-01T22:26:34.444+0000] {processor.py:161} INFO - Started process (PID=337) to work on /home/airflow/.local/lib/python3.8/site-packages/airflow/example_dags/example_params_trigger_ui.py
[2026-04-01T22:26:34.447+0000] {processor.py:830} INFO - Processing file /home/airflow/.local/lib/python3.8/site-packages/airflow/example_dags/example_params_trigger_ui.py for tasks to queue
[2026-04-01T22:26:34.448+0000] {logging_mixin.py:188} INFO - [2026-04-01T22:26:34.447+0000] {dagbag.py:538} INFO - Filling up the DagBag from /home/airflow/.local/lib/python3.8/site-packages/airflow/example_dags/example_params_trigger_ui.py
[2026-04-01T22:26:34.453+0000] {processor.py:840} INFO - DAG(s) 'example_params_trigger_ui' retrieved from /home/airflow/.local/lib/python3.8/site-packages/airflow/example_dags/example_params_trigger_ui.py
[2026-04-01T22:26:34.470+0000] {logging_mixin.py:188} INFO - [2026-04-01T22:26:34.470+0000] {dag.py:3033} INFO - Sync 1 DAGs
[2026-04-01T22:26:34.475+0000] {logging_mixin.py:188} INFO - [2026-04-01T22:26:34.475+0000] {dag.py:3820} INFO - Setting next_dagrun for example_params_trigger_ui to None, run_after=None
[2026-04-01T22:26:34.484+0000] {processor.py:183} INFO - Processing /home/airflow/.local/lib/python3.8/site-packages/airflow/example_dags/example_params_trigger_ui.py took 0.041 seconds
[2026-04-01T22:27:04.687+0000] {processor.py:161} INFO - Started process (PID=392) to work on /home/airflow/.local/lib/python3.8/site-packages/airflow/example_dags/example_params_trigger_ui.py
[2026-04-01T22:27:04.688+0000] {processor.py:830} INFO - Processing file /home/airflow/.local/lib/python3.8/site-packages/airflow/example_dags/example_params_trigger_ui.py for tasks to queue
[2026-04-01T22:27:04.688+0000] {logging_mixin.py:188} INFO - [2026-04-01T22:27:04.688+0000] {dagbag.py:538} INFO - Filling up the DagBag from /home/airflow/.local/lib/python3.8/site-packages/airflow/example_dags/example_params_trigger_ui.py
[2026-04-01T22:27:04.694+0000] {processor.py:840} INFO - DAG(s) 'example_params_trigger_ui' retrieved from /home/airflow/.local/lib/python3.8/site-packages/airflow/example_dags/example_params_trigger_ui.py
[2026-04-01T22:27:04.710+0000] {logging_mixin.py:188} INFO - [2026-04-01T22:27:04.710+0000] {dag.py:3033} INFO - Sync 1 DAGs
[2026-04-01T22:27:04.714+0000] {logging_mixin.py:188} INFO - [2026-04-01T22:27:04.714+0000] {dag.py:3820} INFO - Setting next_dagrun for example_params_trigger_ui to None, run_after=None
[2026-04-01T22:27:04.721+0000] {processor.py:183} INFO - Processing /home/airflow/.local/lib/python3.8/site-packages/airflow/example_dags/example_params_trigger_ui.py took 0.034 seconds
[2026-04-01T22:27:34.983+0000] {processor.py:161} INFO - Started process (PID=447) to work on /home/airflow/.local/lib/python3.8/site-packages/airflow/example_dags/example_params_trigger_ui.py
[2026-04-01T22:27:34.983+0000] {processor.py:830} INFO - Processing file /home/airflow/.local/lib/python3.8/site-packages/airflow/example_dags/example_params_trigger_ui.py for tasks to queue
[2026-04-01T22:27:34.984+0000] {logging_mixin.py:188} INFO - [2026-04-01T22:27:34.984+0000] {dagbag.py:538} INFO - Filling up the DagBag from /home/airflow/.local/lib/python3.8/site-packages/airflow/example_dags/example_params_trigger_ui.py
[2026-04-01T22:27:34.989+0000] {processor.py:840} INFO - DAG(s) 'example_params_trigger_ui' retrieved from /home/airflow/.local/lib/python3.8/site-packages/airflow/example_dags/example_params_trigger_ui.py
[2026-04-01T22:27:35.006+0000] {logging_mixin.py:188} INFO - [2026-04-01T22:27:35.006+0000] {dag.py:3033} INFO - Sync 1 DAGs
[2026-04-01T22:27:35.011+0000] {logging_mixin.py:188} INFO - [2026-04-01T22:27:35.010+0000] {dag.py:3820} INFO - Setting next_dagrun for example_params_trigger_ui to None, run_after=None
[2026-04-01T22:27:35.016+0000] {processor.py:183} INFO - Processing /home/airflow/.local/lib/python3.8/site-packages/airflow/example_dags/example_params_trigger_ui.py took 0.035 seconds
[2026-04-01T22:28:05.320+0000] {processor.py:161} INFO - Started process (PID=502) to work on /home/airflow/.local/lib/python3.8/site-packages/airflow/example_dags/example_params_trigger_ui.py
[2026-04-01T22:28:05.320+0000] {processor.py:830} INFO - Processing file /home/airflow/.local/lib/python3.8/site-packages/airflow/example_dags/example_params_trigger_ui.py for tasks to queue
[2026-04-01T22:28:05.321+0000] {logging_mixin.py:188} INFO - [2026-04-01T22:28:05.321+0000] {dagbag.py:538} INFO - Filling up the DagBag from /home/airflow/.local/lib/python3.8/site-packages/airflow/example_dags/example_params_trigger_ui.py
[2026-04-01T22:28:05.326+0000] {processor.py:840} INFO - DAG(s) 'example_params_trigger_ui' retrieved from /home/airflow/.local/lib/python3.8/site-packages/airflow/example_dags/example_params_trigger_ui.py
[2026-04-01T22:28:05.342+0000] {logging_mixin.py:188} INFO - [2026-04-01T22:28:05.342+0000] {dag.py:3033} INFO - Sync 1 DAGs
[2026-04-01T22:28:05.346+0000] {logging_mixin.py:188} INFO - [2026-04-01T22:28:05.346+0000] {dag.py:3820} INFO - Setting next_dagrun for example_params_trigger_ui to None, run_after=None
[2026-04-01T22:28:05.351+0000] {processor.py:183} INFO - Processing /home/airflow/.local/lib/python3.8/site-packages/airflow/example_dags/example_params_trigger_ui.py took 0.033 seconds
