[2026-04-01T22:24:03.680+0000] {processor.py:161} INFO - Started process (PID=80) to work on /home/airflow/.local/lib/python3.8/site-packages/airflow/example_dags/example_short_circuit_operator.py
[2026-04-01T22:24:03.681+0000] {processor.py:830} INFO - Processing file /home/airflow/.local/lib/python3.8/site-packages/airflow/example_dags/example_short_circuit_operator.py for tasks to queue
[2026-04-01T22:24:03.683+0000] {logging_mixin.py:188} INFO - [2026-04-01T22:24:03.683+0000] {dagbag.py:538} INFO - Filling up the DagBag from /home/airflow/.local/lib/python3.8/site-packages/airflow/example_dags/example_short_circuit_operator.py
[2026-04-01T22:24:03.687+0000] {processor.py:840} INFO - DAG(s) 'example_short_circuit_operator' retrieved from /home/airflow/.local/lib/python3.8/site-packages/airflow/example_dags/example_short_circuit_operator.py
[2026-04-01T22:24:03.692+0000] {logging_mixin.py:188} INFO - [2026-04-01T22:24:03.692+0000] {dag.py:3033} INFO - Sync 1 DAGs
[2026-04-01T22:24:03.708+0000] {logging_mixin.py:188} INFO - [2026-04-01T22:24:03.708+0000] {dag.py:3820} INFO - Setting next_dagrun for example_short_circuit_operator to 2026-03-31T00:00:00+00:00, run_after=2026-04-01T00:00:00+00:00
[2026-04-01T22:24:03.720+0000] {processor.py:183} INFO - Processing /home/airflow/.local/lib/python3.8/site-packages/airflow/example_dags/example_short_circuit_operator.py took 0.042 seconds
[2026-04-01T22:24:33.759+0000] {processor.py:161} INFO - Started process (PID=135) to work on /home/airflow/.local/lib/python3.8/site-packages/airflow/example_dags/example_short_circuit_operator.py
[2026-04-01T22:24:33.760+0000] {processor.py:830} INFO - Processing file /home/airflow/.local/lib/python3.8/site-packages/airflow/example_dags/example_short_circuit_operator.py for tasks to queue
[2026-04-01T22:24:33.761+0000] {logging_mixin.py:188} INFO - [2026-04-01T22:24:33.761+0000] {dagbag.py:538} INFO - Filling up the DagBag from /home/airflow/.local/lib/python3.8/site-packages/airflow/example_dags/example_short_circuit_operator.py
[2026-04-01T22:24:33.765+0000] {processor.py:840} INFO - DAG(s) 'example_short_circuit_operator' retrieved from /home/airflow/.local/lib/python3.8/site-packages/airflow/example_dags/example_short_circuit_operator.py
[2026-04-01T22:24:33.803+0000] {logging_mixin.py:188} INFO - [2026-04-01T22:24:33.803+0000] {dag.py:3033} INFO - Sync 1 DAGs
[2026-04-01T22:24:33.810+0000] {logging_mixin.py:188} INFO - [2026-04-01T22:24:33.810+0000] {dag.py:3820} INFO - Setting next_dagrun for example_short_circuit_operator to 2026-03-31T00:00:00+00:00, run_after=2026-04-01T00:00:00+00:00
[2026-04-01T22:24:33.818+0000] {processor.py:183} INFO - Processing /home/airflow/.local/lib/python3.8/site-packages/airflow/example_dags/example_short_circuit_operator.py took 0.061 seconds
[2026-04-01T22:25:03.832+0000] {processor.py:161} INFO - Started process (PID=190) to work on /home/airflow/.local/lib/python3.8/site-packages/airflow/example_dags/example_short_circuit_operator.py
[2026-04-01T22:25:03.833+0000] {processor.py:830} INFO - Processing file /home/airflow/.local/lib/python3.8/site-packages/airflow/example_dags/example_short_circuit_operator.py for tasks to queue
[2026-04-01T22:25:03.834+0000] {logging_mixin.py:188} INFO - [2026-04-01T22:25:03.834+0000] {dagbag.py:538} INFO - Filling up the DagBag from /home/airflow/.local/lib/python3.8/site-packages/airflow/example_dags/example_short_circuit_operator.py
[2026-04-01T22:25:03.837+0000] {processor.py:840} INFO - DAG(s) 'example_short_circuit_operator' retrieved from /home/airflow/.local/lib/python3.8/site-packages/airflow/example_dags/example_short_circuit_operator.py
[2026-04-01T22:25:03.847+0000] {logging_mixin.py:188} INFO - [2026-04-01T22:25:03.847+0000] {dag.py:3033} INFO - Sync 1 DAGs
[2026-04-01T22:25:03.857+0000] {logging_mixin.py:188} INFO - [2026-04-01T22:25:03.857+0000] {dag.py:3820} INFO - Setting next_dagrun for example_short_circuit_operator to 2026-03-31T00:00:00+00:00, run_after=2026-04-01T00:00:00+00:00
[2026-04-01T22:25:03.864+0000] {processor.py:183} INFO - Processing /home/airflow/.local/lib/python3.8/site-packages/airflow/example_dags/example_short_circuit_operator.py took 0.034 seconds
[2026-04-01T22:25:34.230+0000] {processor.py:161} INFO - Started process (PID=245) to work on /home/airflow/.local/lib/python3.8/site-packages/airflow/example_dags/example_short_circuit_operator.py
[2026-04-01T22:25:34.231+0000] {processor.py:830} INFO - Processing file /home/airflow/.local/lib/python3.8/site-packages/airflow/example_dags/example_short_circuit_operator.py for tasks to queue
[2026-04-01T22:25:34.231+0000] {logging_mixin.py:188} INFO - [2026-04-01T22:25:34.231+0000] {dagbag.py:538} INFO - Filling up the DagBag from /home/airflow/.local/lib/python3.8/site-packages/airflow/example_dags/example_short_circuit_operator.py
[2026-04-01T22:25:34.234+0000] {processor.py:840} INFO - DAG(s) 'example_short_circuit_operator' retrieved from /home/airflow/.local/lib/python3.8/site-packages/airflow/example_dags/example_short_circuit_operator.py
[2026-04-01T22:25:34.247+0000] {logging_mixin.py:188} INFO - [2026-04-01T22:25:34.246+0000] {dag.py:3033} INFO - Sync 1 DAGs
[2026-04-01T22:25:34.258+0000] {logging_mixin.py:188} INFO - [2026-04-01T22:25:34.258+0000] {dag.py:3820} INFO - Setting next_dagrun for example_short_circuit_operator to 2026-03-31T00:00:00+00:00, run_after=2026-04-01T00:00:00+00:00
[2026-04-01T22:25:34.264+0000] {processor.py:183} INFO - Processing /home/airflow/.local/lib/python3.8/site-packages/airflow/example_dags/example_short_circuit_operator.py took 0.035 seconds
[2026-04-01T22:26:04.527+0000] {processor.py:161} INFO - Started process (PID=300) to work on /home/airflow/.local/lib/python3.8/site-packages/airflow/example_dags/example_short_circuit_operator.py
[2026-04-01T22:26:04.527+0000] {processor.py:830} INFO - Processing file /home/airflow/.local/lib/python3.8/site-packages/airflow/example_dags/example_short_circuit_operator.py for tasks to queue
[2026-04-01T22:26:04.528+0000] {logging_mixin.py:188} INFO - [2026-04-01T22:26:04.528+0000] {dagbag.py:538} INFO - Filling up the DagBag from /home/airflow/.local/lib/python3.8/site-packages/airflow/example_dags/example_short_circuit_operator.py
[2026-04-01T22:26:04.531+0000] {processor.py:840} INFO - DAG(s) 'example_short_circuit_operator' retrieved from /home/airflow/.local/lib/python3.8/site-packages/airflow/example_dags/example_short_circuit_operator.py
[2026-04-01T22:26:04.538+0000] {logging_mixin.py:188} INFO - [2026-04-01T22:26:04.538+0000] {dag.py:3033} INFO - Sync 1 DAGs
[2026-04-01T22:26:04.545+0000] {logging_mixin.py:188} INFO - [2026-04-01T22:26:04.545+0000] {dag.py:3820} INFO - Setting next_dagrun for example_short_circuit_operator to 2026-03-31T00:00:00+00:00, run_after=2026-04-01T00:00:00+00:00
[2026-04-01T22:26:04.550+0000] {processor.py:183} INFO - Processing /home/airflow/.local/lib/python3.8/site-packages/airflow/example_dags/example_short_circuit_operator.py took 0.025 seconds
[2026-04-01T22:26:34.836+0000] {processor.py:161} INFO - Started process (PID=355) to work on /home/airflow/.local/lib/python3.8/site-packages/airflow/example_dags/example_short_circuit_operator.py
[2026-04-01T22:26:34.836+0000] {processor.py:830} INFO - Processing file /home/airflow/.local/lib/python3.8/site-packages/airflow/example_dags/example_short_circuit_operator.py for tasks to queue
[2026-04-01T22:26:34.837+0000] {logging_mixin.py:188} INFO - [2026-04-01T22:26:34.837+0000] {dagbag.py:538} INFO - Filling up the DagBag from /home/airflow/.local/lib/python3.8/site-packages/airflow/example_dags/example_short_circuit_operator.py
[2026-04-01T22:26:34.840+0000] {processor.py:840} INFO - DAG(s) 'example_short_circuit_operator' retrieved from /home/airflow/.local/lib/python3.8/site-packages/airflow/example_dags/example_short_circuit_operator.py
[2026-04-01T22:26:34.849+0000] {logging_mixin.py:188} INFO - [2026-04-01T22:26:34.848+0000] {dag.py:3033} INFO - Sync 1 DAGs
[2026-04-01T22:26:34.856+0000] {logging_mixin.py:188} INFO - [2026-04-01T22:26:34.855+0000] {dag.py:3820} INFO - Setting next_dagrun for example_short_circuit_operator to 2026-03-31T00:00:00+00:00, run_after=2026-04-01T00:00:00+00:00
[2026-04-01T22:26:34.861+0000] {processor.py:183} INFO - Processing /home/airflow/.local/lib/python3.8/site-packages/airflow/example_dags/example_short_circuit_operator.py took 0.026 seconds
[2026-04-01T22:27:05.054+0000] {processor.py:161} INFO - Started process (PID=410) to work on /home/airflow/.local/lib/python3.8/site-packages/airflow/example_dags/example_short_circuit_operator.py
[2026-04-01T22:27:05.055+0000] {processor.py:830} INFO - Processing file /home/airflow/.local/lib/python3.8/site-packages/airflow/example_dags/example_short_circuit_operator.py for tasks to queue
[2026-04-01T22:27:05.055+0000] {logging_mixin.py:188} INFO - [2026-04-01T22:27:05.055+0000] {dagbag.py:538} INFO - Filling up the DagBag from /home/airflow/.local/lib/python3.8/site-packages/airflow/example_dags/example_short_circuit_operator.py
[2026-04-01T22:27:05.058+0000] {processor.py:840} INFO - DAG(s) 'example_short_circuit_operator' retrieved from /home/airflow/.local/lib/python3.8/site-packages/airflow/example_dags/example_short_circuit_operator.py
[2026-04-01T22:27:05.066+0000] {logging_mixin.py:188} INFO - [2026-04-01T22:27:05.065+0000] {dag.py:3033} INFO - Sync 1 DAGs
[2026-04-01T22:27:05.072+0000] {logging_mixin.py:188} INFO - [2026-04-01T22:27:05.072+0000] {dag.py:3820} INFO - Setting next_dagrun for example_short_circuit_operator to 2026-03-31T00:00:00+00:00, run_after=2026-04-01T00:00:00+00:00
[2026-04-01T22:27:05.077+0000] {processor.py:183} INFO - Processing /home/airflow/.local/lib/python3.8/site-packages/airflow/example_dags/example_short_circuit_operator.py took 0.024 seconds
[2026-04-01T22:27:35.366+0000] {processor.py:161} INFO - Started process (PID=465) to work on /home/airflow/.local/lib/python3.8/site-packages/airflow/example_dags/example_short_circuit_operator.py
[2026-04-01T22:27:35.366+0000] {processor.py:830} INFO - Processing file /home/airflow/.local/lib/python3.8/site-packages/airflow/example_dags/example_short_circuit_operator.py for tasks to queue
[2026-04-01T22:27:35.367+0000] {logging_mixin.py:188} INFO - [2026-04-01T22:27:35.367+0000] {dagbag.py:538} INFO - Filling up the DagBag from /home/airflow/.local/lib/python3.8/site-packages/airflow/example_dags/example_short_circuit_operator.py
[2026-04-01T22:27:35.370+0000] {processor.py:840} INFO - DAG(s) 'example_short_circuit_operator' retrieved from /home/airflow/.local/lib/python3.8/site-packages/airflow/example_dags/example_short_circuit_operator.py
[2026-04-01T22:27:35.380+0000] {logging_mixin.py:188} INFO - [2026-04-01T22:27:35.379+0000] {dag.py:3033} INFO - Sync 1 DAGs
[2026-04-01T22:27:35.387+0000] {logging_mixin.py:188} INFO - [2026-04-01T22:27:35.387+0000] {dag.py:3820} INFO - Setting next_dagrun for example_short_circuit_operator to 2026-03-31T00:00:00+00:00, run_after=2026-04-01T00:00:00+00:00
[2026-04-01T22:27:35.393+0000] {processor.py:183} INFO - Processing /home/airflow/.local/lib/python3.8/site-packages/airflow/example_dags/example_short_circuit_operator.py took 0.028 seconds
[2026-04-01T22:28:05.796+0000] {processor.py:161} INFO - Started process (PID=526) to work on /home/airflow/.local/lib/python3.8/site-packages/airflow/example_dags/example_short_circuit_operator.py
[2026-04-01T22:28:05.797+0000] {processor.py:830} INFO - Processing file /home/airflow/.local/lib/python3.8/site-packages/airflow/example_dags/example_short_circuit_operator.py for tasks to queue
[2026-04-01T22:28:05.798+0000] {logging_mixin.py:188} INFO - [2026-04-01T22:28:05.798+0000] {dagbag.py:538} INFO - Filling up the DagBag from /home/airflow/.local/lib/python3.8/site-packages/airflow/example_dags/example_short_circuit_operator.py
[2026-04-01T22:28:05.802+0000] {processor.py:840} INFO - DAG(s) 'example_short_circuit_operator' retrieved from /home/airflow/.local/lib/python3.8/site-packages/airflow/example_dags/example_short_circuit_operator.py
[2026-04-01T22:28:05.810+0000] {logging_mixin.py:188} INFO - [2026-04-01T22:28:05.810+0000] {dag.py:3033} INFO - Sync 1 DAGs
[2026-04-01T22:28:05.816+0000] {logging_mixin.py:188} INFO - [2026-04-01T22:28:05.816+0000] {dag.py:3820} INFO - Setting next_dagrun for example_short_circuit_operator to 2026-03-31T00:00:00+00:00, run_after=2026-04-01T00:00:00+00:00
[2026-04-01T22:28:05.822+0000] {processor.py:183} INFO - Processing /home/airflow/.local/lib/python3.8/site-packages/airflow/example_dags/example_short_circuit_operator.py took 0.028 seconds
