[2026-04-01T22:24:02.666+0000] {processor.py:161} INFO - Started process (PID=58) to work on /home/airflow/.local/lib/python3.8/site-packages/airflow/example_dags/example_local_kubernetes_executor.py
[2026-04-01T22:24:02.667+0000] {processor.py:830} INFO - Processing file /home/airflow/.local/lib/python3.8/site-packages/airflow/example_dags/example_local_kubernetes_executor.py for tasks to queue
[2026-04-01T22:24:02.670+0000] {logging_mixin.py:188} INFO - [2026-04-01T22:24:02.669+0000] {dagbag.py:538} INFO - Filling up the DagBag from /home/airflow/.local/lib/python3.8/site-packages/airflow/example_dags/example_local_kubernetes_executor.py
[2026-04-01T22:24:02.678+0000] {processor.py:840} INFO - DAG(s) 'example_local_kubernetes_executor' retrieved from /home/airflow/.local/lib/python3.8/site-packages/airflow/example_dags/example_local_kubernetes_executor.py
[2026-04-01T22:24:02.691+0000] {logging_mixin.py:188} INFO - [2026-04-01T22:24:02.691+0000] {dag.py:3033} INFO - Sync 1 DAGs
[2026-04-01T22:24:02.698+0000] {logging_mixin.py:188} INFO - [2026-04-01T22:24:02.698+0000] {dag.py:3820} INFO - Setting next_dagrun for example_local_kubernetes_executor to None, run_after=None
[2026-04-01T22:24:02.718+0000] {processor.py:183} INFO - Processing /home/airflow/.local/lib/python3.8/site-packages/airflow/example_dags/example_local_kubernetes_executor.py took 0.055 seconds
[2026-04-01T22:24:32.884+0000] {processor.py:161} INFO - Started process (PID=113) to work on /home/airflow/.local/lib/python3.8/site-packages/airflow/example_dags/example_local_kubernetes_executor.py
[2026-04-01T22:24:32.885+0000] {processor.py:830} INFO - Processing file /home/airflow/.local/lib/python3.8/site-packages/airflow/example_dags/example_local_kubernetes_executor.py for tasks to queue
[2026-04-01T22:24:32.887+0000] {logging_mixin.py:188} INFO - [2026-04-01T22:24:32.887+0000] {dagbag.py:538} INFO - Filling up the DagBag from /home/airflow/.local/lib/python3.8/site-packages/airflow/example_dags/example_local_kubernetes_executor.py
[2026-04-01T22:24:32.892+0000] {processor.py:840} INFO - DAG(s) 'example_local_kubernetes_executor' retrieved from /home/airflow/.local/lib/python3.8/site-packages/airflow/example_dags/example_local_kubernetes_executor.py
[2026-04-01T22:24:32.938+0000] {logging_mixin.py:188} INFO - [2026-04-01T22:24:32.938+0000] {dag.py:3033} INFO - Sync 1 DAGs
[2026-04-01T22:24:32.942+0000] {logging_mixin.py:188} INFO - [2026-04-01T22:24:32.942+0000] {dag.py:3820} INFO - Setting next_dagrun for example_local_kubernetes_executor to None, run_after=None
[2026-04-01T22:24:32.949+0000] {processor.py:183} INFO - Processing /home/airflow/.local/lib/python3.8/site-packages/airflow/example_dags/example_local_kubernetes_executor.py took 0.066 seconds
[2026-04-01T22:25:03.136+0000] {processor.py:161} INFO - Started process (PID=168) to work on /home/airflow/.local/lib/python3.8/site-packages/airflow/example_dags/example_local_kubernetes_executor.py
[2026-04-01T22:25:03.137+0000] {processor.py:830} INFO - Processing file /home/airflow/.local/lib/python3.8/site-packages/airflow/example_dags/example_local_kubernetes_executor.py for tasks to queue
[2026-04-01T22:25:03.140+0000] {logging_mixin.py:188} INFO - [2026-04-01T22:25:03.140+0000] {dagbag.py:538} INFO - Filling up the DagBag from /home/airflow/.local/lib/python3.8/site-packages/airflow/example_dags/example_local_kubernetes_executor.py
[2026-04-01T22:25:03.147+0000] {processor.py:840} INFO - DAG(s) 'example_local_kubernetes_executor' retrieved from /home/airflow/.local/lib/python3.8/site-packages/airflow/example_dags/example_local_kubernetes_executor.py
[2026-04-01T22:25:03.171+0000] {logging_mixin.py:188} INFO - [2026-04-01T22:25:03.171+0000] {dag.py:3033} INFO - Sync 1 DAGs
[2026-04-01T22:25:03.179+0000] {logging_mixin.py:188} INFO - [2026-04-01T22:25:03.178+0000] {dag.py:3820} INFO - Setting next_dagrun for example_local_kubernetes_executor to None, run_after=None
[2026-04-01T22:25:03.188+0000] {processor.py:183} INFO - Processing /home/airflow/.local/lib/python3.8/site-packages/airflow/example_dags/example_local_kubernetes_executor.py took 0.054 seconds
[2026-04-01T22:25:33.662+0000] {processor.py:161} INFO - Started process (PID=223) to work on /home/airflow/.local/lib/python3.8/site-packages/airflow/example_dags/example_local_kubernetes_executor.py
[2026-04-01T22:25:33.662+0000] {processor.py:830} INFO - Processing file /home/airflow/.local/lib/python3.8/site-packages/airflow/example_dags/example_local_kubernetes_executor.py for tasks to queue
[2026-04-01T22:25:33.663+0000] {logging_mixin.py:188} INFO - [2026-04-01T22:25:33.663+0000] {dagbag.py:538} INFO - Filling up the DagBag from /home/airflow/.local/lib/python3.8/site-packages/airflow/example_dags/example_local_kubernetes_executor.py
[2026-04-01T22:25:33.667+0000] {processor.py:840} INFO - DAG(s) 'example_local_kubernetes_executor' retrieved from /home/airflow/.local/lib/python3.8/site-packages/airflow/example_dags/example_local_kubernetes_executor.py
[2026-04-01T22:25:33.685+0000] {logging_mixin.py:188} INFO - [2026-04-01T22:25:33.685+0000] {dag.py:3033} INFO - Sync 1 DAGs
[2026-04-01T22:25:33.690+0000] {logging_mixin.py:188} INFO - [2026-04-01T22:25:33.690+0000] {dag.py:3820} INFO - Setting next_dagrun for example_local_kubernetes_executor to None, run_after=None
[2026-04-01T22:25:33.696+0000] {processor.py:183} INFO - Processing /home/airflow/.local/lib/python3.8/site-packages/airflow/example_dags/example_local_kubernetes_executor.py took 0.036 seconds
[2026-04-01T22:26:04.044+0000] {processor.py:161} INFO - Started process (PID=278) to work on /home/airflow/.local/lib/python3.8/site-packages/airflow/example_dags/example_local_kubernetes_executor.py
[2026-04-01T22:26:04.044+0000] {processor.py:830} INFO - Processing file /home/airflow/.local/lib/python3.8/site-packages/airflow/example_dags/example_local_kubernetes_executor.py for tasks to queue
[2026-04-01T22:26:04.045+0000] {logging_mixin.py:188} INFO - [2026-04-01T22:26:04.045+0000] {dagbag.py:538} INFO - Filling up the DagBag from /home/airflow/.local/lib/python3.8/site-packages/airflow/example_dags/example_local_kubernetes_executor.py
[2026-04-01T22:26:04.049+0000] {processor.py:840} INFO - DAG(s) 'example_local_kubernetes_executor' retrieved from /home/airflow/.local/lib/python3.8/site-packages/airflow/example_dags/example_local_kubernetes_executor.py
[2026-04-01T22:26:04.063+0000] {logging_mixin.py:188} INFO - [2026-04-01T22:26:04.063+0000] {dag.py:3033} INFO - Sync 1 DAGs
[2026-04-01T22:26:04.068+0000] {logging_mixin.py:188} INFO - [2026-04-01T22:26:04.068+0000] {dag.py:3820} INFO - Setting next_dagrun for example_local_kubernetes_executor to None, run_after=None
[2026-04-01T22:26:04.078+0000] {processor.py:183} INFO - Processing /home/airflow/.local/lib/python3.8/site-packages/airflow/example_dags/example_local_kubernetes_executor.py took 0.036 seconds
[2026-04-01T22:26:34.350+0000] {processor.py:161} INFO - Started process (PID=333) to work on /home/airflow/.local/lib/python3.8/site-packages/airflow/example_dags/example_local_kubernetes_executor.py
[2026-04-01T22:26:34.351+0000] {processor.py:830} INFO - Processing file /home/airflow/.local/lib/python3.8/site-packages/airflow/example_dags/example_local_kubernetes_executor.py for tasks to queue
[2026-04-01T22:26:34.353+0000] {logging_mixin.py:188} INFO - [2026-04-01T22:26:34.353+0000] {dagbag.py:538} INFO - Filling up the DagBag from /home/airflow/.local/lib/python3.8/site-packages/airflow/example_dags/example_local_kubernetes_executor.py
[2026-04-01T22:26:34.357+0000] {processor.py:840} INFO - DAG(s) 'example_local_kubernetes_executor' retrieved from /home/airflow/.local/lib/python3.8/site-packages/airflow/example_dags/example_local_kubernetes_executor.py
[2026-04-01T22:26:34.373+0000] {logging_mixin.py:188} INFO - [2026-04-01T22:26:34.373+0000] {dag.py:3033} INFO - Sync 1 DAGs
[2026-04-01T22:26:34.379+0000] {logging_mixin.py:188} INFO - [2026-04-01T22:26:34.379+0000] {dag.py:3820} INFO - Setting next_dagrun for example_local_kubernetes_executor to None, run_after=None
[2026-04-01T22:26:34.387+0000] {processor.py:183} INFO - Processing /home/airflow/.local/lib/python3.8/site-packages/airflow/example_dags/example_local_kubernetes_executor.py took 0.038 seconds
[2026-04-01T22:27:04.611+0000] {processor.py:161} INFO - Started process (PID=388) to work on /home/airflow/.local/lib/python3.8/site-packages/airflow/example_dags/example_local_kubernetes_executor.py
[2026-04-01T22:27:04.612+0000] {processor.py:830} INFO - Processing file /home/airflow/.local/lib/python3.8/site-packages/airflow/example_dags/example_local_kubernetes_executor.py for tasks to queue
[2026-04-01T22:27:04.613+0000] {logging_mixin.py:188} INFO - [2026-04-01T22:27:04.613+0000] {dagbag.py:538} INFO - Filling up the DagBag from /home/airflow/.local/lib/python3.8/site-packages/airflow/example_dags/example_local_kubernetes_executor.py
[2026-04-01T22:27:04.616+0000] {processor.py:840} INFO - DAG(s) 'example_local_kubernetes_executor' retrieved from /home/airflow/.local/lib/python3.8/site-packages/airflow/example_dags/example_local_kubernetes_executor.py
[2026-04-01T22:27:04.630+0000] {logging_mixin.py:188} INFO - [2026-04-01T22:27:04.630+0000] {dag.py:3033} INFO - Sync 1 DAGs
[2026-04-01T22:27:04.636+0000] {logging_mixin.py:188} INFO - [2026-04-01T22:27:04.636+0000] {dag.py:3820} INFO - Setting next_dagrun for example_local_kubernetes_executor to None, run_after=None
[2026-04-01T22:27:04.643+0000] {processor.py:183} INFO - Processing /home/airflow/.local/lib/python3.8/site-packages/airflow/example_dags/example_local_kubernetes_executor.py took 0.033 seconds
[2026-04-01T22:27:34.890+0000] {processor.py:161} INFO - Started process (PID=443) to work on /home/airflow/.local/lib/python3.8/site-packages/airflow/example_dags/example_local_kubernetes_executor.py
[2026-04-01T22:27:34.891+0000] {processor.py:830} INFO - Processing file /home/airflow/.local/lib/python3.8/site-packages/airflow/example_dags/example_local_kubernetes_executor.py for tasks to queue
[2026-04-01T22:27:34.892+0000] {logging_mixin.py:188} INFO - [2026-04-01T22:27:34.892+0000] {dagbag.py:538} INFO - Filling up the DagBag from /home/airflow/.local/lib/python3.8/site-packages/airflow/example_dags/example_local_kubernetes_executor.py
[2026-04-01T22:27:34.897+0000] {processor.py:840} INFO - DAG(s) 'example_local_kubernetes_executor' retrieved from /home/airflow/.local/lib/python3.8/site-packages/airflow/example_dags/example_local_kubernetes_executor.py
[2026-04-01T22:27:34.912+0000] {logging_mixin.py:188} INFO - [2026-04-01T22:27:34.912+0000] {dag.py:3033} INFO - Sync 1 DAGs
[2026-04-01T22:27:34.919+0000] {logging_mixin.py:188} INFO - [2026-04-01T22:27:34.919+0000] {dag.py:3820} INFO - Setting next_dagrun for example_local_kubernetes_executor to None, run_after=None
[2026-04-01T22:27:34.926+0000] {processor.py:183} INFO - Processing /home/airflow/.local/lib/python3.8/site-packages/airflow/example_dags/example_local_kubernetes_executor.py took 0.038 seconds
[2026-04-01T22:28:05.226+0000] {processor.py:161} INFO - Started process (PID=498) to work on /home/airflow/.local/lib/python3.8/site-packages/airflow/example_dags/example_local_kubernetes_executor.py
[2026-04-01T22:28:05.227+0000] {processor.py:830} INFO - Processing file /home/airflow/.local/lib/python3.8/site-packages/airflow/example_dags/example_local_kubernetes_executor.py for tasks to queue
[2026-04-01T22:28:05.228+0000] {logging_mixin.py:188} INFO - [2026-04-01T22:28:05.227+0000] {dagbag.py:538} INFO - Filling up the DagBag from /home/airflow/.local/lib/python3.8/site-packages/airflow/example_dags/example_local_kubernetes_executor.py
[2026-04-01T22:28:05.231+0000] {processor.py:840} INFO - DAG(s) 'example_local_kubernetes_executor' retrieved from /home/airflow/.local/lib/python3.8/site-packages/airflow/example_dags/example_local_kubernetes_executor.py
[2026-04-01T22:28:05.246+0000] {logging_mixin.py:188} INFO - [2026-04-01T22:28:05.246+0000] {dag.py:3033} INFO - Sync 1 DAGs
[2026-04-01T22:28:05.250+0000] {logging_mixin.py:188} INFO - [2026-04-01T22:28:05.250+0000] {dag.py:3820} INFO - Setting next_dagrun for example_local_kubernetes_executor to None, run_after=None
[2026-04-01T22:28:05.257+0000] {processor.py:183} INFO - Processing /home/airflow/.local/lib/python3.8/site-packages/airflow/example_dags/example_local_kubernetes_executor.py took 0.032 seconds
