[2026-04-01T22:24:02.858+0000] {processor.py:161} INFO - Started process (PID=63) to work on /home/airflow/.local/lib/python3.8/site-packages/airflow/example_dags/example_skip_dag.py
[2026-04-01T22:24:02.860+0000] {processor.py:830} INFO - Processing file /home/airflow/.local/lib/python3.8/site-packages/airflow/example_dags/example_skip_dag.py for tasks to queue
[2026-04-01T22:24:02.862+0000] {logging_mixin.py:188} INFO - [2026-04-01T22:24:02.862+0000] {dagbag.py:538} INFO - Filling up the DagBag from /home/airflow/.local/lib/python3.8/site-packages/airflow/example_dags/example_skip_dag.py
[2026-04-01T22:24:02.871+0000] {processor.py:840} INFO - DAG(s) 'example_skip_dag' retrieved from /home/airflow/.local/lib/python3.8/site-packages/airflow/example_dags/example_skip_dag.py
[2026-04-01T22:24:02.887+0000] {logging_mixin.py:188} INFO - [2026-04-01T22:24:02.886+0000] {dag.py:3033} INFO - Sync 1 DAGs
[2026-04-01T22:24:02.907+0000] {logging_mixin.py:188} INFO - [2026-04-01T22:24:02.907+0000] {dag.py:3820} INFO - Setting next_dagrun for example_skip_dag to 2026-03-31T00:00:00+00:00, run_after=2026-04-01T00:00:00+00:00
[2026-04-01T22:24:02.933+0000] {processor.py:183} INFO - Processing /home/airflow/.local/lib/python3.8/site-packages/airflow/example_dags/example_skip_dag.py took 0.079 seconds
[2026-04-01T22:24:33.091+0000] {processor.py:161} INFO - Started process (PID=118) to work on /home/airflow/.local/lib/python3.8/site-packages/airflow/example_dags/example_skip_dag.py
[2026-04-01T22:24:33.091+0000] {processor.py:830} INFO - Processing file /home/airflow/.local/lib/python3.8/site-packages/airflow/example_dags/example_skip_dag.py for tasks to queue
[2026-04-01T22:24:33.092+0000] {logging_mixin.py:188} INFO - [2026-04-01T22:24:33.092+0000] {dagbag.py:538} INFO - Filling up the DagBag from /home/airflow/.local/lib/python3.8/site-packages/airflow/example_dags/example_skip_dag.py
[2026-04-01T22:24:33.096+0000] {processor.py:840} INFO - DAG(s) 'example_skip_dag' retrieved from /home/airflow/.local/lib/python3.8/site-packages/airflow/example_dags/example_skip_dag.py
[2026-04-01T22:24:33.135+0000] {logging_mixin.py:188} INFO - [2026-04-01T22:24:33.135+0000] {dag.py:3033} INFO - Sync 1 DAGs
[2026-04-01T22:24:33.143+0000] {logging_mixin.py:188} INFO - [2026-04-01T22:24:33.143+0000] {dag.py:3820} INFO - Setting next_dagrun for example_skip_dag to 2026-03-31T00:00:00+00:00, run_after=2026-04-01T00:00:00+00:00
[2026-04-01T22:24:33.149+0000] {processor.py:183} INFO - Processing /home/airflow/.local/lib/python3.8/site-packages/airflow/example_dags/example_skip_dag.py took 0.060 seconds
[2026-04-01T22:25:03.366+0000] {processor.py:161} INFO - Started process (PID=173) to work on /home/airflow/.local/lib/python3.8/site-packages/airflow/example_dags/example_skip_dag.py
[2026-04-01T22:25:03.367+0000] {processor.py:830} INFO - Processing file /home/airflow/.local/lib/python3.8/site-packages/airflow/example_dags/example_skip_dag.py for tasks to queue
[2026-04-01T22:25:03.369+0000] {logging_mixin.py:188} INFO - [2026-04-01T22:25:03.369+0000] {dagbag.py:538} INFO - Filling up the DagBag from /home/airflow/.local/lib/python3.8/site-packages/airflow/example_dags/example_skip_dag.py
[2026-04-01T22:25:03.374+0000] {processor.py:840} INFO - DAG(s) 'example_skip_dag' retrieved from /home/airflow/.local/lib/python3.8/site-packages/airflow/example_dags/example_skip_dag.py
[2026-04-01T22:25:03.388+0000] {logging_mixin.py:188} INFO - [2026-04-01T22:25:03.388+0000] {dag.py:3033} INFO - Sync 1 DAGs
[2026-04-01T22:25:03.398+0000] {logging_mixin.py:188} INFO - [2026-04-01T22:25:03.398+0000] {dag.py:3820} INFO - Setting next_dagrun for example_skip_dag to 2026-03-31T00:00:00+00:00, run_after=2026-04-01T00:00:00+00:00
[2026-04-01T22:25:03.407+0000] {processor.py:183} INFO - Processing /home/airflow/.local/lib/python3.8/site-packages/airflow/example_dags/example_skip_dag.py took 0.043 seconds
[2026-04-01T22:25:33.785+0000] {processor.py:161} INFO - Started process (PID=228) to work on /home/airflow/.local/lib/python3.8/site-packages/airflow/example_dags/example_skip_dag.py
[2026-04-01T22:25:33.786+0000] {processor.py:830} INFO - Processing file /home/airflow/.local/lib/python3.8/site-packages/airflow/example_dags/example_skip_dag.py for tasks to queue
[2026-04-01T22:25:33.787+0000] {logging_mixin.py:188} INFO - [2026-04-01T22:25:33.787+0000] {dagbag.py:538} INFO - Filling up the DagBag from /home/airflow/.local/lib/python3.8/site-packages/airflow/example_dags/example_skip_dag.py
[2026-04-01T22:25:33.790+0000] {processor.py:840} INFO - DAG(s) 'example_skip_dag' retrieved from /home/airflow/.local/lib/python3.8/site-packages/airflow/example_dags/example_skip_dag.py
[2026-04-01T22:25:33.797+0000] {logging_mixin.py:188} INFO - [2026-04-01T22:25:33.797+0000] {dag.py:3033} INFO - Sync 1 DAGs
[2026-04-01T22:25:33.804+0000] {logging_mixin.py:188} INFO - [2026-04-01T22:25:33.804+0000] {dag.py:3820} INFO - Setting next_dagrun for example_skip_dag to 2026-03-31T00:00:00+00:00, run_after=2026-04-01T00:00:00+00:00
[2026-04-01T22:25:33.810+0000] {processor.py:183} INFO - Processing /home/airflow/.local/lib/python3.8/site-packages/airflow/example_dags/example_skip_dag.py took 0.027 seconds
[2026-04-01T22:26:04.165+0000] {processor.py:161} INFO - Started process (PID=283) to work on /home/airflow/.local/lib/python3.8/site-packages/airflow/example_dags/example_skip_dag.py
[2026-04-01T22:26:04.166+0000] {processor.py:830} INFO - Processing file /home/airflow/.local/lib/python3.8/site-packages/airflow/example_dags/example_skip_dag.py for tasks to queue
[2026-04-01T22:26:04.167+0000] {logging_mixin.py:188} INFO - [2026-04-01T22:26:04.166+0000] {dagbag.py:538} INFO - Filling up the DagBag from /home/airflow/.local/lib/python3.8/site-packages/airflow/example_dags/example_skip_dag.py
[2026-04-01T22:26:04.169+0000] {processor.py:840} INFO - DAG(s) 'example_skip_dag' retrieved from /home/airflow/.local/lib/python3.8/site-packages/airflow/example_dags/example_skip_dag.py
[2026-04-01T22:26:04.177+0000] {logging_mixin.py:188} INFO - [2026-04-01T22:26:04.177+0000] {dag.py:3033} INFO - Sync 1 DAGs
[2026-04-01T22:26:04.185+0000] {logging_mixin.py:188} INFO - [2026-04-01T22:26:04.185+0000] {dag.py:3820} INFO - Setting next_dagrun for example_skip_dag to 2026-03-31T00:00:00+00:00, run_after=2026-04-01T00:00:00+00:00
[2026-04-01T22:26:04.191+0000] {processor.py:183} INFO - Processing /home/airflow/.local/lib/python3.8/site-packages/airflow/example_dags/example_skip_dag.py took 0.027 seconds
[2026-04-01T22:26:34.449+0000] {processor.py:161} INFO - Started process (PID=338) to work on /home/airflow/.local/lib/python3.8/site-packages/airflow/example_dags/example_skip_dag.py
[2026-04-01T22:26:34.450+0000] {processor.py:830} INFO - Processing file /home/airflow/.local/lib/python3.8/site-packages/airflow/example_dags/example_skip_dag.py for tasks to queue
[2026-04-01T22:26:34.450+0000] {logging_mixin.py:188} INFO - [2026-04-01T22:26:34.450+0000] {dagbag.py:538} INFO - Filling up the DagBag from /home/airflow/.local/lib/python3.8/site-packages/airflow/example_dags/example_skip_dag.py
[2026-04-01T22:26:34.453+0000] {processor.py:840} INFO - DAG(s) 'example_skip_dag' retrieved from /home/airflow/.local/lib/python3.8/site-packages/airflow/example_dags/example_skip_dag.py
[2026-04-01T22:26:34.461+0000] {logging_mixin.py:188} INFO - [2026-04-01T22:26:34.461+0000] {dag.py:3033} INFO - Sync 1 DAGs
[2026-04-01T22:26:34.469+0000] {logging_mixin.py:188} INFO - [2026-04-01T22:26:34.469+0000] {dag.py:3820} INFO - Setting next_dagrun for example_skip_dag to 2026-03-31T00:00:00+00:00, run_after=2026-04-01T00:00:00+00:00
[2026-04-01T22:26:34.475+0000] {processor.py:183} INFO - Processing /home/airflow/.local/lib/python3.8/site-packages/airflow/example_dags/example_skip_dag.py took 0.027 seconds
[2026-04-01T22:27:04.717+0000] {processor.py:161} INFO - Started process (PID=393) to work on /home/airflow/.local/lib/python3.8/site-packages/airflow/example_dags/example_skip_dag.py
[2026-04-01T22:27:04.717+0000] {processor.py:830} INFO - Processing file /home/airflow/.local/lib/python3.8/site-packages/airflow/example_dags/example_skip_dag.py for tasks to queue
[2026-04-01T22:27:04.719+0000] {logging_mixin.py:188} INFO - [2026-04-01T22:27:04.719+0000] {dagbag.py:538} INFO - Filling up the DagBag from /home/airflow/.local/lib/python3.8/site-packages/airflow/example_dags/example_skip_dag.py
[2026-04-01T22:27:04.721+0000] {processor.py:840} INFO - DAG(s) 'example_skip_dag' retrieved from /home/airflow/.local/lib/python3.8/site-packages/airflow/example_dags/example_skip_dag.py
[2026-04-01T22:27:04.732+0000] {logging_mixin.py:188} INFO - [2026-04-01T22:27:04.732+0000] {dag.py:3033} INFO - Sync 1 DAGs
[2026-04-01T22:27:04.740+0000] {logging_mixin.py:188} INFO - [2026-04-01T22:27:04.740+0000] {dag.py:3820} INFO - Setting next_dagrun for example_skip_dag to 2026-03-31T00:00:00+00:00, run_after=2026-04-01T00:00:00+00:00
[2026-04-01T22:27:04.745+0000] {processor.py:183} INFO - Processing /home/airflow/.local/lib/python3.8/site-packages/airflow/example_dags/example_skip_dag.py took 0.030 seconds
[2026-04-01T22:27:34.991+0000] {processor.py:161} INFO - Started process (PID=448) to work on /home/airflow/.local/lib/python3.8/site-packages/airflow/example_dags/example_skip_dag.py
[2026-04-01T22:27:34.991+0000] {processor.py:830} INFO - Processing file /home/airflow/.local/lib/python3.8/site-packages/airflow/example_dags/example_skip_dag.py for tasks to queue
[2026-04-01T22:27:34.992+0000] {logging_mixin.py:188} INFO - [2026-04-01T22:27:34.992+0000] {dagbag.py:538} INFO - Filling up the DagBag from /home/airflow/.local/lib/python3.8/site-packages/airflow/example_dags/example_skip_dag.py
[2026-04-01T22:27:34.995+0000] {processor.py:840} INFO - DAG(s) 'example_skip_dag' retrieved from /home/airflow/.local/lib/python3.8/site-packages/airflow/example_dags/example_skip_dag.py
[2026-04-01T22:27:35.003+0000] {logging_mixin.py:188} INFO - [2026-04-01T22:27:35.003+0000] {dag.py:3033} INFO - Sync 1 DAGs
[2026-04-01T22:27:35.010+0000] {logging_mixin.py:188} INFO - [2026-04-01T22:27:35.010+0000] {dag.py:3820} INFO - Setting next_dagrun for example_skip_dag to 2026-03-31T00:00:00+00:00, run_after=2026-04-01T00:00:00+00:00
[2026-04-01T22:27:35.016+0000] {processor.py:183} INFO - Processing /home/airflow/.local/lib/python3.8/site-packages/airflow/example_dags/example_skip_dag.py took 0.027 seconds
[2026-04-01T22:28:05.359+0000] {processor.py:161} INFO - Started process (PID=503) to work on /home/airflow/.local/lib/python3.8/site-packages/airflow/example_dags/example_skip_dag.py
[2026-04-01T22:28:05.359+0000] {processor.py:830} INFO - Processing file /home/airflow/.local/lib/python3.8/site-packages/airflow/example_dags/example_skip_dag.py for tasks to queue
[2026-04-01T22:28:05.360+0000] {logging_mixin.py:188} INFO - [2026-04-01T22:28:05.360+0000] {dagbag.py:538} INFO - Filling up the DagBag from /home/airflow/.local/lib/python3.8/site-packages/airflow/example_dags/example_skip_dag.py
[2026-04-01T22:28:05.363+0000] {processor.py:840} INFO - DAG(s) 'example_skip_dag' retrieved from /home/airflow/.local/lib/python3.8/site-packages/airflow/example_dags/example_skip_dag.py
[2026-04-01T22:28:05.371+0000] {logging_mixin.py:188} INFO - [2026-04-01T22:28:05.371+0000] {dag.py:3033} INFO - Sync 1 DAGs
[2026-04-01T22:28:05.379+0000] {logging_mixin.py:188} INFO - [2026-04-01T22:28:05.379+0000] {dag.py:3820} INFO - Setting next_dagrun for example_skip_dag to 2026-03-31T00:00:00+00:00, run_after=2026-04-01T00:00:00+00:00
[2026-04-01T22:28:05.385+0000] {processor.py:183} INFO - Processing /home/airflow/.local/lib/python3.8/site-packages/airflow/example_dags/example_skip_dag.py took 0.028 seconds
