[2026-04-01T22:24:02.297+0000] {processor.py:161} INFO - Started process (PID=49) to work on /home/airflow/.local/lib/python3.8/site-packages/airflow/example_dags/example_branch_datetime_operator.py
[2026-04-01T22:24:02.298+0000] {processor.py:830} INFO - Processing file /home/airflow/.local/lib/python3.8/site-packages/airflow/example_dags/example_branch_datetime_operator.py for tasks to queue
[2026-04-01T22:24:02.299+0000] {logging_mixin.py:188} INFO - [2026-04-01T22:24:02.299+0000] {dagbag.py:538} INFO - Filling up the DagBag from /home/airflow/.local/lib/python3.8/site-packages/airflow/example_dags/example_branch_datetime_operator.py
[2026-04-01T22:24:02.308+0000] {processor.py:840} INFO - DAG(s) 'example_branch_datetime_operator_2', 'example_branch_datetime_operator', 'example_branch_datetime_operator_3' retrieved from /home/airflow/.local/lib/python3.8/site-packages/airflow/example_dags/example_branch_datetime_operator.py
[2026-04-01T22:24:02.315+0000] {logging_mixin.py:188} INFO - [2026-04-01T22:24:02.315+0000] {dag.py:3033} INFO - Sync 3 DAGs
[2026-04-01T22:24:02.331+0000] {logging_mixin.py:188} INFO - [2026-04-01T22:24:02.330+0000] {dag.py:3820} INFO - Setting next_dagrun for example_branch_datetime_operator to 2026-03-31T00:00:00+00:00, run_after=2026-04-01T00:00:00+00:00
[2026-04-01T22:24:02.333+0000] {logging_mixin.py:188} INFO - [2026-04-01T22:24:02.333+0000] {dag.py:3820} INFO - Setting next_dagrun for example_branch_datetime_operator_2 to 2026-03-31T00:00:00+00:00, run_after=2026-04-01T00:00:00+00:00
[2026-04-01T22:24:02.334+0000] {logging_mixin.py:188} INFO - [2026-04-01T22:24:02.334+0000] {dag.py:3820} INFO - Setting next_dagrun for example_branch_datetime_operator_3 to 2026-03-31T00:00:00+00:00, run_after=2026-04-01T00:00:00+00:00
[2026-04-01T22:24:02.341+0000] {processor.py:183} INFO - Processing /home/airflow/.local/lib/python3.8/site-packages/airflow/example_dags/example_branch_datetime_operator.py took 0.046 seconds
[2026-04-01T22:24:32.520+0000] {processor.py:161} INFO - Started process (PID=104) to work on /home/airflow/.local/lib/python3.8/site-packages/airflow/example_dags/example_branch_datetime_operator.py
[2026-04-01T22:24:32.521+0000] {processor.py:830} INFO - Processing file /home/airflow/.local/lib/python3.8/site-packages/airflow/example_dags/example_branch_datetime_operator.py for tasks to queue
[2026-04-01T22:24:32.522+0000] {logging_mixin.py:188} INFO - [2026-04-01T22:24:32.522+0000] {dagbag.py:538} INFO - Filling up the DagBag from /home/airflow/.local/lib/python3.8/site-packages/airflow/example_dags/example_branch_datetime_operator.py
[2026-04-01T22:24:32.526+0000] {processor.py:840} INFO - DAG(s) 'example_branch_datetime_operator', 'example_branch_datetime_operator_2', 'example_branch_datetime_operator_3' retrieved from /home/airflow/.local/lib/python3.8/site-packages/airflow/example_dags/example_branch_datetime_operator.py
[2026-04-01T22:24:32.570+0000] {logging_mixin.py:188} INFO - [2026-04-01T22:24:32.570+0000] {dag.py:3033} INFO - Sync 3 DAGs
[2026-04-01T22:24:32.580+0000] {logging_mixin.py:188} INFO - [2026-04-01T22:24:32.580+0000] {dag.py:3820} INFO - Setting next_dagrun for example_branch_datetime_operator to 2026-03-31T00:00:00+00:00, run_after=2026-04-01T00:00:00+00:00
[2026-04-01T22:24:32.581+0000] {logging_mixin.py:188} INFO - [2026-04-01T22:24:32.581+0000] {dag.py:3820} INFO - Setting next_dagrun for example_branch_datetime_operator_2 to 2026-03-31T00:00:00+00:00, run_after=2026-04-01T00:00:00+00:00
[2026-04-01T22:24:32.583+0000] {logging_mixin.py:188} INFO - [2026-04-01T22:24:32.583+0000] {dag.py:3820} INFO - Setting next_dagrun for example_branch_datetime_operator_3 to 2026-03-31T00:00:00+00:00, run_after=2026-04-01T00:00:00+00:00
[2026-04-01T22:24:32.591+0000] {processor.py:183} INFO - Processing /home/airflow/.local/lib/python3.8/site-packages/airflow/example_dags/example_branch_datetime_operator.py took 0.072 seconds
[2026-04-01T22:25:02.869+0000] {processor.py:161} INFO - Started process (PID=159) to work on /home/airflow/.local/lib/python3.8/site-packages/airflow/example_dags/example_branch_datetime_operator.py
[2026-04-01T22:25:02.872+0000] {processor.py:830} INFO - Processing file /home/airflow/.local/lib/python3.8/site-packages/airflow/example_dags/example_branch_datetime_operator.py for tasks to queue
[2026-04-01T22:25:02.874+0000] {logging_mixin.py:188} INFO - [2026-04-01T22:25:02.874+0000] {dagbag.py:538} INFO - Filling up the DagBag from /home/airflow/.local/lib/python3.8/site-packages/airflow/example_dags/example_branch_datetime_operator.py
[2026-04-01T22:25:02.880+0000] {processor.py:840} INFO - DAG(s) 'example_branch_datetime_operator', 'example_branch_datetime_operator_2', 'example_branch_datetime_operator_3' retrieved from /home/airflow/.local/lib/python3.8/site-packages/airflow/example_dags/example_branch_datetime_operator.py
[2026-04-01T22:25:02.897+0000] {logging_mixin.py:188} INFO - [2026-04-01T22:25:02.897+0000] {dag.py:3033} INFO - Sync 3 DAGs
[2026-04-01T22:25:02.911+0000] {logging_mixin.py:188} INFO - [2026-04-01T22:25:02.911+0000] {dag.py:3820} INFO - Setting next_dagrun for example_branch_datetime_operator to 2026-03-31T00:00:00+00:00, run_after=2026-04-01T00:00:00+00:00
[2026-04-01T22:25:02.913+0000] {logging_mixin.py:188} INFO - [2026-04-01T22:25:02.913+0000] {dag.py:3820} INFO - Setting next_dagrun for example_branch_datetime_operator_2 to 2026-03-31T00:00:00+00:00, run_after=2026-04-01T00:00:00+00:00
[2026-04-01T22:25:02.915+0000] {logging_mixin.py:188} INFO - [2026-04-01T22:25:02.914+0000] {dag.py:3820} INFO - Setting next_dagrun for example_branch_datetime_operator_3 to 2026-03-31T00:00:00+00:00, run_after=2026-04-01T00:00:00+00:00
[2026-04-01T22:25:02.923+0000] {processor.py:183} INFO - Processing /home/airflow/.local/lib/python3.8/site-packages/airflow/example_dags/example_branch_datetime_operator.py took 0.059 seconds
[2026-04-01T22:25:33.492+0000] {processor.py:161} INFO - Started process (PID=214) to work on /home/airflow/.local/lib/python3.8/site-packages/airflow/example_dags/example_branch_datetime_operator.py
[2026-04-01T22:25:33.493+0000] {processor.py:830} INFO - Processing file /home/airflow/.local/lib/python3.8/site-packages/airflow/example_dags/example_branch_datetime_operator.py for tasks to queue
[2026-04-01T22:25:33.494+0000] {logging_mixin.py:188} INFO - [2026-04-01T22:25:33.494+0000] {dagbag.py:538} INFO - Filling up the DagBag from /home/airflow/.local/lib/python3.8/site-packages/airflow/example_dags/example_branch_datetime_operator.py
[2026-04-01T22:25:33.499+0000] {processor.py:840} INFO - DAG(s) 'example_branch_datetime_operator_2', 'example_branch_datetime_operator', 'example_branch_datetime_operator_3' retrieved from /home/airflow/.local/lib/python3.8/site-packages/airflow/example_dags/example_branch_datetime_operator.py
[2026-04-01T22:25:33.509+0000] {logging_mixin.py:188} INFO - [2026-04-01T22:25:33.509+0000] {dag.py:3033} INFO - Sync 3 DAGs
[2026-04-01T22:25:33.517+0000] {logging_mixin.py:188} INFO - [2026-04-01T22:25:33.517+0000] {dag.py:3820} INFO - Setting next_dagrun for example_branch_datetime_operator to 2026-03-31T00:00:00+00:00, run_after=2026-04-01T00:00:00+00:00
[2026-04-01T22:25:33.518+0000] {logging_mixin.py:188} INFO - [2026-04-01T22:25:33.518+0000] {dag.py:3820} INFO - Setting next_dagrun for example_branch_datetime_operator_2 to 2026-03-31T00:00:00+00:00, run_after=2026-04-01T00:00:00+00:00
[2026-04-01T22:25:33.519+0000] {logging_mixin.py:188} INFO - [2026-04-01T22:25:33.519+0000] {dag.py:3820} INFO - Setting next_dagrun for example_branch_datetime_operator_3 to 2026-03-31T00:00:00+00:00, run_after=2026-04-01T00:00:00+00:00
[2026-04-01T22:25:33.528+0000] {processor.py:183} INFO - Processing /home/airflow/.local/lib/python3.8/site-packages/airflow/example_dags/example_branch_datetime_operator.py took 0.038 seconds
[2026-04-01T22:26:03.860+0000] {processor.py:161} INFO - Started process (PID=269) to work on /home/airflow/.local/lib/python3.8/site-packages/airflow/example_dags/example_branch_datetime_operator.py
[2026-04-01T22:26:03.860+0000] {processor.py:830} INFO - Processing file /home/airflow/.local/lib/python3.8/site-packages/airflow/example_dags/example_branch_datetime_operator.py for tasks to queue
[2026-04-01T22:26:03.861+0000] {logging_mixin.py:188} INFO - [2026-04-01T22:26:03.861+0000] {dagbag.py:538} INFO - Filling up the DagBag from /home/airflow/.local/lib/python3.8/site-packages/airflow/example_dags/example_branch_datetime_operator.py
[2026-04-01T22:26:03.865+0000] {processor.py:840} INFO - DAG(s) 'example_branch_datetime_operator_2', 'example_branch_datetime_operator', 'example_branch_datetime_operator_3' retrieved from /home/airflow/.local/lib/python3.8/site-packages/airflow/example_dags/example_branch_datetime_operator.py
[2026-04-01T22:26:03.875+0000] {logging_mixin.py:188} INFO - [2026-04-01T22:26:03.875+0000] {dag.py:3033} INFO - Sync 3 DAGs
[2026-04-01T22:26:03.883+0000] {logging_mixin.py:188} INFO - [2026-04-01T22:26:03.883+0000] {dag.py:3820} INFO - Setting next_dagrun for example_branch_datetime_operator to 2026-03-31T00:00:00+00:00, run_after=2026-04-01T00:00:00+00:00
[2026-04-01T22:26:03.884+0000] {logging_mixin.py:188} INFO - [2026-04-01T22:26:03.884+0000] {dag.py:3820} INFO - Setting next_dagrun for example_branch_datetime_operator_2 to 2026-03-31T00:00:00+00:00, run_after=2026-04-01T00:00:00+00:00
[2026-04-01T22:26:03.885+0000] {logging_mixin.py:188} INFO - [2026-04-01T22:26:03.885+0000] {dag.py:3820} INFO - Setting next_dagrun for example_branch_datetime_operator_3 to 2026-03-31T00:00:00+00:00, run_after=2026-04-01T00:00:00+00:00
[2026-04-01T22:26:03.889+0000] {processor.py:183} INFO - Processing /home/airflow/.local/lib/python3.8/site-packages/airflow/example_dags/example_branch_datetime_operator.py took 0.031 seconds
[2026-04-01T22:26:34.196+0000] {processor.py:161} INFO - Started process (PID=324) to work on /home/airflow/.local/lib/python3.8/site-packages/airflow/example_dags/example_branch_datetime_operator.py
[2026-04-01T22:26:34.197+0000] {processor.py:830} INFO - Processing file /home/airflow/.local/lib/python3.8/site-packages/airflow/example_dags/example_branch_datetime_operator.py for tasks to queue
[2026-04-01T22:26:34.197+0000] {logging_mixin.py:188} INFO - [2026-04-01T22:26:34.197+0000] {dagbag.py:538} INFO - Filling up the DagBag from /home/airflow/.local/lib/python3.8/site-packages/airflow/example_dags/example_branch_datetime_operator.py
[2026-04-01T22:26:34.201+0000] {processor.py:840} INFO - DAG(s) 'example_branch_datetime_operator', 'example_branch_datetime_operator_2', 'example_branch_datetime_operator_3' retrieved from /home/airflow/.local/lib/python3.8/site-packages/airflow/example_dags/example_branch_datetime_operator.py
[2026-04-01T22:26:34.211+0000] {logging_mixin.py:188} INFO - [2026-04-01T22:26:34.211+0000] {dag.py:3033} INFO - Sync 3 DAGs
[2026-04-01T22:26:34.219+0000] {logging_mixin.py:188} INFO - [2026-04-01T22:26:34.219+0000] {dag.py:3820} INFO - Setting next_dagrun for example_branch_datetime_operator to 2026-03-31T00:00:00+00:00, run_after=2026-04-01T00:00:00+00:00
[2026-04-01T22:26:34.221+0000] {logging_mixin.py:188} INFO - [2026-04-01T22:26:34.221+0000] {dag.py:3820} INFO - Setting next_dagrun for example_branch_datetime_operator_2 to 2026-03-31T00:00:00+00:00, run_after=2026-04-01T00:00:00+00:00
[2026-04-01T22:26:34.222+0000] {logging_mixin.py:188} INFO - [2026-04-01T22:26:34.222+0000] {dag.py:3820} INFO - Setting next_dagrun for example_branch_datetime_operator_3 to 2026-03-31T00:00:00+00:00, run_after=2026-04-01T00:00:00+00:00
[2026-04-01T22:26:34.229+0000] {processor.py:183} INFO - Processing /home/airflow/.local/lib/python3.8/site-packages/airflow/example_dags/example_branch_datetime_operator.py took 0.034 seconds
[2026-04-01T22:27:04.454+0000] {processor.py:161} INFO - Started process (PID=379) to work on /home/airflow/.local/lib/python3.8/site-packages/airflow/example_dags/example_branch_datetime_operator.py
[2026-04-01T22:27:04.454+0000] {processor.py:830} INFO - Processing file /home/airflow/.local/lib/python3.8/site-packages/airflow/example_dags/example_branch_datetime_operator.py for tasks to queue
[2026-04-01T22:27:04.455+0000] {logging_mixin.py:188} INFO - [2026-04-01T22:27:04.455+0000] {dagbag.py:538} INFO - Filling up the DagBag from /home/airflow/.local/lib/python3.8/site-packages/airflow/example_dags/example_branch_datetime_operator.py
[2026-04-01T22:27:04.459+0000] {processor.py:840} INFO - DAG(s) 'example_branch_datetime_operator_3', 'example_branch_datetime_operator', 'example_branch_datetime_operator_2' retrieved from /home/airflow/.local/lib/python3.8/site-packages/airflow/example_dags/example_branch_datetime_operator.py
[2026-04-01T22:27:04.468+0000] {logging_mixin.py:188} INFO - [2026-04-01T22:27:04.468+0000] {dag.py:3033} INFO - Sync 3 DAGs
[2026-04-01T22:27:04.476+0000] {logging_mixin.py:188} INFO - [2026-04-01T22:27:04.476+0000] {dag.py:3820} INFO - Setting next_dagrun for example_branch_datetime_operator to 2026-03-31T00:00:00+00:00, run_after=2026-04-01T00:00:00+00:00
[2026-04-01T22:27:04.478+0000] {logging_mixin.py:188} INFO - [2026-04-01T22:27:04.478+0000] {dag.py:3820} INFO - Setting next_dagrun for example_branch_datetime_operator_2 to 2026-03-31T00:00:00+00:00, run_after=2026-04-01T00:00:00+00:00
[2026-04-01T22:27:04.479+0000] {logging_mixin.py:188} INFO - [2026-04-01T22:27:04.479+0000] {dag.py:3820} INFO - Setting next_dagrun for example_branch_datetime_operator_3 to 2026-03-31T00:00:00+00:00, run_after=2026-04-01T00:00:00+00:00
[2026-04-01T22:27:04.487+0000] {processor.py:183} INFO - Processing /home/airflow/.local/lib/python3.8/site-packages/airflow/example_dags/example_branch_datetime_operator.py took 0.035 seconds
[2026-04-01T22:27:34.707+0000] {processor.py:161} INFO - Started process (PID=434) to work on /home/airflow/.local/lib/python3.8/site-packages/airflow/example_dags/example_branch_datetime_operator.py
[2026-04-01T22:27:34.708+0000] {processor.py:830} INFO - Processing file /home/airflow/.local/lib/python3.8/site-packages/airflow/example_dags/example_branch_datetime_operator.py for tasks to queue
[2026-04-01T22:27:34.709+0000] {logging_mixin.py:188} INFO - [2026-04-01T22:27:34.709+0000] {dagbag.py:538} INFO - Filling up the DagBag from /home/airflow/.local/lib/python3.8/site-packages/airflow/example_dags/example_branch_datetime_operator.py
[2026-04-01T22:27:34.713+0000] {processor.py:840} INFO - DAG(s) 'example_branch_datetime_operator', 'example_branch_datetime_operator_3', 'example_branch_datetime_operator_2' retrieved from /home/airflow/.local/lib/python3.8/site-packages/airflow/example_dags/example_branch_datetime_operator.py
[2026-04-01T22:27:34.724+0000] {logging_mixin.py:188} INFO - [2026-04-01T22:27:34.724+0000] {dag.py:3033} INFO - Sync 3 DAGs
[2026-04-01T22:27:34.732+0000] {logging_mixin.py:188} INFO - [2026-04-01T22:27:34.731+0000] {dag.py:3820} INFO - Setting next_dagrun for example_branch_datetime_operator to 2026-03-31T00:00:00+00:00, run_after=2026-04-01T00:00:00+00:00
[2026-04-01T22:27:34.733+0000] {logging_mixin.py:188} INFO - [2026-04-01T22:27:34.733+0000] {dag.py:3820} INFO - Setting next_dagrun for example_branch_datetime_operator_2 to 2026-03-31T00:00:00+00:00, run_after=2026-04-01T00:00:00+00:00
[2026-04-01T22:27:34.734+0000] {logging_mixin.py:188} INFO - [2026-04-01T22:27:34.734+0000] {dag.py:3820} INFO - Setting next_dagrun for example_branch_datetime_operator_3 to 2026-03-31T00:00:00+00:00, run_after=2026-04-01T00:00:00+00:00
[2026-04-01T22:27:34.742+0000] {processor.py:183} INFO - Processing /home/airflow/.local/lib/python3.8/site-packages/airflow/example_dags/example_branch_datetime_operator.py took 0.037 seconds
[2026-04-01T22:28:05.047+0000] {processor.py:161} INFO - Started process (PID=489) to work on /home/airflow/.local/lib/python3.8/site-packages/airflow/example_dags/example_branch_datetime_operator.py
[2026-04-01T22:28:05.047+0000] {processor.py:830} INFO - Processing file /home/airflow/.local/lib/python3.8/site-packages/airflow/example_dags/example_branch_datetime_operator.py for tasks to queue
[2026-04-01T22:28:05.048+0000] {logging_mixin.py:188} INFO - [2026-04-01T22:28:05.048+0000] {dagbag.py:538} INFO - Filling up the DagBag from /home/airflow/.local/lib/python3.8/site-packages/airflow/example_dags/example_branch_datetime_operator.py
[2026-04-01T22:28:05.052+0000] {processor.py:840} INFO - DAG(s) 'example_branch_datetime_operator', 'example_branch_datetime_operator_2', 'example_branch_datetime_operator_3' retrieved from /home/airflow/.local/lib/python3.8/site-packages/airflow/example_dags/example_branch_datetime_operator.py
[2026-04-01T22:28:05.062+0000] {logging_mixin.py:188} INFO - [2026-04-01T22:28:05.062+0000] {dag.py:3033} INFO - Sync 3 DAGs
[2026-04-01T22:28:05.073+0000] {logging_mixin.py:188} INFO - [2026-04-01T22:28:05.073+0000] {dag.py:3820} INFO - Setting next_dagrun for example_branch_datetime_operator to 2026-03-31T00:00:00+00:00, run_after=2026-04-01T00:00:00+00:00
[2026-04-01T22:28:05.075+0000] {logging_mixin.py:188} INFO - [2026-04-01T22:28:05.075+0000] {dag.py:3820} INFO - Setting next_dagrun for example_branch_datetime_operator_2 to 2026-03-31T00:00:00+00:00, run_after=2026-04-01T00:00:00+00:00
[2026-04-01T22:28:05.075+0000] {logging_mixin.py:188} INFO - [2026-04-01T22:28:05.075+0000] {dag.py:3820} INFO - Setting next_dagrun for example_branch_datetime_operator_3 to 2026-03-31T00:00:00+00:00, run_after=2026-04-01T00:00:00+00:00
[2026-04-01T22:28:05.081+0000] {processor.py:183} INFO - Processing /home/airflow/.local/lib/python3.8/site-packages/airflow/example_dags/example_branch_datetime_operator.py took 0.035 seconds
