[2026-04-01T22:24:03.356+0000] {processor.py:161} INFO - Started process (PID=73) to work on /home/airflow/.local/lib/python3.8/site-packages/airflow/example_dags/example_branch_python_dop_operator_3.py
[2026-04-01T22:24:03.357+0000] {processor.py:830} INFO - Processing file /home/airflow/.local/lib/python3.8/site-packages/airflow/example_dags/example_branch_python_dop_operator_3.py for tasks to queue
[2026-04-01T22:24:03.359+0000] {logging_mixin.py:188} INFO - [2026-04-01T22:24:03.359+0000] {dagbag.py:538} INFO - Filling up the DagBag from /home/airflow/.local/lib/python3.8/site-packages/airflow/example_dags/example_branch_python_dop_operator_3.py
[2026-04-01T22:24:03.371+0000] {processor.py:840} INFO - DAG(s) 'example_branch_dop_operator_v3' retrieved from /home/airflow/.local/lib/python3.8/site-packages/airflow/example_dags/example_branch_python_dop_operator_3.py
[2026-04-01T22:24:03.388+0000] {logging_mixin.py:188} INFO - [2026-04-01T22:24:03.388+0000] {dag.py:3033} INFO - Sync 1 DAGs
[2026-04-01T22:24:03.408+0000] {logging_mixin.py:188} INFO - [2026-04-01T22:24:03.408+0000] {dag.py:3820} INFO - Setting next_dagrun for example_branch_dop_operator_v3 to 2026-04-01T22:23:00+00:00, run_after=2026-04-01T22:24:00+00:00
[2026-04-01T22:24:03.429+0000] {processor.py:183} INFO - Processing /home/airflow/.local/lib/python3.8/site-packages/airflow/example_dags/example_branch_python_dop_operator_3.py took 0.076 seconds
[2026-04-01T22:24:33.449+0000] {processor.py:161} INFO - Started process (PID=128) to work on /home/airflow/.local/lib/python3.8/site-packages/airflow/example_dags/example_branch_python_dop_operator_3.py
[2026-04-01T22:24:33.450+0000] {processor.py:830} INFO - Processing file /home/airflow/.local/lib/python3.8/site-packages/airflow/example_dags/example_branch_python_dop_operator_3.py for tasks to queue
[2026-04-01T22:24:33.451+0000] {logging_mixin.py:188} INFO - [2026-04-01T22:24:33.450+0000] {dagbag.py:538} INFO - Filling up the DagBag from /home/airflow/.local/lib/python3.8/site-packages/airflow/example_dags/example_branch_python_dop_operator_3.py
[2026-04-01T22:24:33.455+0000] {processor.py:840} INFO - DAG(s) 'example_branch_dop_operator_v3' retrieved from /home/airflow/.local/lib/python3.8/site-packages/airflow/example_dags/example_branch_python_dop_operator_3.py
[2026-04-01T22:24:33.493+0000] {logging_mixin.py:188} INFO - [2026-04-01T22:24:33.493+0000] {dag.py:3033} INFO - Sync 1 DAGs
[2026-04-01T22:24:33.502+0000] {logging_mixin.py:188} INFO - [2026-04-01T22:24:33.502+0000] {dag.py:3820} INFO - Setting next_dagrun for example_branch_dop_operator_v3 to 2026-04-01T22:23:00+00:00, run_after=2026-04-01T22:24:00+00:00
[2026-04-01T22:24:33.508+0000] {processor.py:183} INFO - Processing /home/airflow/.local/lib/python3.8/site-packages/airflow/example_dags/example_branch_python_dop_operator_3.py took 0.061 seconds
[2026-04-01T22:25:03.587+0000] {processor.py:161} INFO - Started process (PID=182) to work on /home/airflow/.local/lib/python3.8/site-packages/airflow/example_dags/example_branch_python_dop_operator_3.py
[2026-04-01T22:25:03.588+0000] {processor.py:830} INFO - Processing file /home/airflow/.local/lib/python3.8/site-packages/airflow/example_dags/example_branch_python_dop_operator_3.py for tasks to queue
[2026-04-01T22:25:03.588+0000] {logging_mixin.py:188} INFO - [2026-04-01T22:25:03.588+0000] {dagbag.py:538} INFO - Filling up the DagBag from /home/airflow/.local/lib/python3.8/site-packages/airflow/example_dags/example_branch_python_dop_operator_3.py
[2026-04-01T22:25:03.592+0000] {processor.py:840} INFO - DAG(s) 'example_branch_dop_operator_v3' retrieved from /home/airflow/.local/lib/python3.8/site-packages/airflow/example_dags/example_branch_python_dop_operator_3.py
[2026-04-01T22:25:03.602+0000] {logging_mixin.py:188} INFO - [2026-04-01T22:25:03.602+0000] {dag.py:3033} INFO - Sync 1 DAGs
[2026-04-01T22:25:03.613+0000] {logging_mixin.py:188} INFO - [2026-04-01T22:25:03.613+0000] {dag.py:3820} INFO - Setting next_dagrun for example_branch_dop_operator_v3 to 2026-04-01T22:24:00+00:00, run_after=2026-04-01T22:25:00+00:00
[2026-04-01T22:25:03.624+0000] {processor.py:183} INFO - Processing /home/airflow/.local/lib/python3.8/site-packages/airflow/example_dags/example_branch_python_dop_operator_3.py took 0.039 seconds
[2026-04-01T22:25:34.030+0000] {processor.py:161} INFO - Started process (PID=238) to work on /home/airflow/.local/lib/python3.8/site-packages/airflow/example_dags/example_branch_python_dop_operator_3.py
[2026-04-01T22:25:34.031+0000] {processor.py:830} INFO - Processing file /home/airflow/.local/lib/python3.8/site-packages/airflow/example_dags/example_branch_python_dop_operator_3.py for tasks to queue
[2026-04-01T22:25:34.033+0000] {logging_mixin.py:188} INFO - [2026-04-01T22:25:34.033+0000] {dagbag.py:538} INFO - Filling up the DagBag from /home/airflow/.local/lib/python3.8/site-packages/airflow/example_dags/example_branch_python_dop_operator_3.py
[2026-04-01T22:25:34.036+0000] {processor.py:840} INFO - DAG(s) 'example_branch_dop_operator_v3' retrieved from /home/airflow/.local/lib/python3.8/site-packages/airflow/example_dags/example_branch_python_dop_operator_3.py
[2026-04-01T22:25:34.046+0000] {logging_mixin.py:188} INFO - [2026-04-01T22:25:34.046+0000] {dag.py:3033} INFO - Sync 1 DAGs
[2026-04-01T22:25:34.058+0000] {logging_mixin.py:188} INFO - [2026-04-01T22:25:34.058+0000] {dag.py:3820} INFO - Setting next_dagrun for example_branch_dop_operator_v3 to 2026-04-01T22:24:00+00:00, run_after=2026-04-01T22:25:00+00:00
[2026-04-01T22:25:34.066+0000] {processor.py:183} INFO - Processing /home/airflow/.local/lib/python3.8/site-packages/airflow/example_dags/example_branch_python_dop_operator_3.py took 0.037 seconds
[2026-04-01T22:26:04.373+0000] {processor.py:161} INFO - Started process (PID=293) to work on /home/airflow/.local/lib/python3.8/site-packages/airflow/example_dags/example_branch_python_dop_operator_3.py
[2026-04-01T22:26:04.374+0000] {processor.py:830} INFO - Processing file /home/airflow/.local/lib/python3.8/site-packages/airflow/example_dags/example_branch_python_dop_operator_3.py for tasks to queue
[2026-04-01T22:26:04.375+0000] {logging_mixin.py:188} INFO - [2026-04-01T22:26:04.375+0000] {dagbag.py:538} INFO - Filling up the DagBag from /home/airflow/.local/lib/python3.8/site-packages/airflow/example_dags/example_branch_python_dop_operator_3.py
[2026-04-01T22:26:04.378+0000] {processor.py:840} INFO - DAG(s) 'example_branch_dop_operator_v3' retrieved from /home/airflow/.local/lib/python3.8/site-packages/airflow/example_dags/example_branch_python_dop_operator_3.py
[2026-04-01T22:26:04.386+0000] {logging_mixin.py:188} INFO - [2026-04-01T22:26:04.386+0000] {dag.py:3033} INFO - Sync 1 DAGs
[2026-04-01T22:26:04.394+0000] {logging_mixin.py:188} INFO - [2026-04-01T22:26:04.394+0000] {dag.py:3820} INFO - Setting next_dagrun for example_branch_dop_operator_v3 to 2026-04-01T22:25:00+00:00, run_after=2026-04-01T22:26:00+00:00
[2026-04-01T22:26:04.400+0000] {processor.py:183} INFO - Processing /home/airflow/.local/lib/python3.8/site-packages/airflow/example_dags/example_branch_python_dop_operator_3.py took 0.028 seconds
[2026-04-01T22:26:34.692+0000] {processor.py:161} INFO - Started process (PID=348) to work on /home/airflow/.local/lib/python3.8/site-packages/airflow/example_dags/example_branch_python_dop_operator_3.py
[2026-04-01T22:26:34.692+0000] {processor.py:830} INFO - Processing file /home/airflow/.local/lib/python3.8/site-packages/airflow/example_dags/example_branch_python_dop_operator_3.py for tasks to queue
[2026-04-01T22:26:34.693+0000] {logging_mixin.py:188} INFO - [2026-04-01T22:26:34.693+0000] {dagbag.py:538} INFO - Filling up the DagBag from /home/airflow/.local/lib/python3.8/site-packages/airflow/example_dags/example_branch_python_dop_operator_3.py
[2026-04-01T22:26:34.696+0000] {processor.py:840} INFO - DAG(s) 'example_branch_dop_operator_v3' retrieved from /home/airflow/.local/lib/python3.8/site-packages/airflow/example_dags/example_branch_python_dop_operator_3.py
[2026-04-01T22:26:34.704+0000] {logging_mixin.py:188} INFO - [2026-04-01T22:26:34.704+0000] {dag.py:3033} INFO - Sync 1 DAGs
[2026-04-01T22:26:34.713+0000] {logging_mixin.py:188} INFO - [2026-04-01T22:26:34.713+0000] {dag.py:3820} INFO - Setting next_dagrun for example_branch_dop_operator_v3 to 2026-04-01T22:25:00+00:00, run_after=2026-04-01T22:26:00+00:00
[2026-04-01T22:26:34.720+0000] {processor.py:183} INFO - Processing /home/airflow/.local/lib/python3.8/site-packages/airflow/example_dags/example_branch_python_dop_operator_3.py took 0.030 seconds
[2026-04-01T22:27:04.909+0000] {processor.py:161} INFO - Started process (PID=403) to work on /home/airflow/.local/lib/python3.8/site-packages/airflow/example_dags/example_branch_python_dop_operator_3.py
[2026-04-01T22:27:04.910+0000] {processor.py:830} INFO - Processing file /home/airflow/.local/lib/python3.8/site-packages/airflow/example_dags/example_branch_python_dop_operator_3.py for tasks to queue
[2026-04-01T22:27:04.911+0000] {logging_mixin.py:188} INFO - [2026-04-01T22:27:04.911+0000] {dagbag.py:538} INFO - Filling up the DagBag from /home/airflow/.local/lib/python3.8/site-packages/airflow/example_dags/example_branch_python_dop_operator_3.py
[2026-04-01T22:27:04.914+0000] {processor.py:840} INFO - DAG(s) 'example_branch_dop_operator_v3' retrieved from /home/airflow/.local/lib/python3.8/site-packages/airflow/example_dags/example_branch_python_dop_operator_3.py
[2026-04-01T22:27:04.921+0000] {logging_mixin.py:188} INFO - [2026-04-01T22:27:04.921+0000] {dag.py:3033} INFO - Sync 1 DAGs
[2026-04-01T22:27:04.930+0000] {logging_mixin.py:188} INFO - [2026-04-01T22:27:04.930+0000] {dag.py:3820} INFO - Setting next_dagrun for example_branch_dop_operator_v3 to 2026-04-01T22:26:00+00:00, run_after=2026-04-01T22:27:00+00:00
[2026-04-01T22:27:04.936+0000] {processor.py:183} INFO - Processing /home/airflow/.local/lib/python3.8/site-packages/airflow/example_dags/example_branch_python_dop_operator_3.py took 0.028 seconds
[2026-04-01T22:27:35.211+0000] {processor.py:161} INFO - Started process (PID=458) to work on /home/airflow/.local/lib/python3.8/site-packages/airflow/example_dags/example_branch_python_dop_operator_3.py
[2026-04-01T22:27:35.211+0000] {processor.py:830} INFO - Processing file /home/airflow/.local/lib/python3.8/site-packages/airflow/example_dags/example_branch_python_dop_operator_3.py for tasks to queue
[2026-04-01T22:27:35.212+0000] {logging_mixin.py:188} INFO - [2026-04-01T22:27:35.212+0000] {dagbag.py:538} INFO - Filling up the DagBag from /home/airflow/.local/lib/python3.8/site-packages/airflow/example_dags/example_branch_python_dop_operator_3.py
[2026-04-01T22:27:35.216+0000] {processor.py:840} INFO - DAG(s) 'example_branch_dop_operator_v3' retrieved from /home/airflow/.local/lib/python3.8/site-packages/airflow/example_dags/example_branch_python_dop_operator_3.py
[2026-04-01T22:27:35.223+0000] {logging_mixin.py:188} INFO - [2026-04-01T22:27:35.223+0000] {dag.py:3033} INFO - Sync 1 DAGs
[2026-04-01T22:27:35.233+0000] {logging_mixin.py:188} INFO - [2026-04-01T22:27:35.233+0000] {dag.py:3820} INFO - Setting next_dagrun for example_branch_dop_operator_v3 to 2026-04-01T22:26:00+00:00, run_after=2026-04-01T22:27:00+00:00
[2026-04-01T22:27:35.241+0000] {processor.py:183} INFO - Processing /home/airflow/.local/lib/python3.8/site-packages/airflow/example_dags/example_branch_python_dop_operator_3.py took 0.034 seconds
[2026-04-01T22:28:05.567+0000] {processor.py:161} INFO - Started process (PID=513) to work on /home/airflow/.local/lib/python3.8/site-packages/airflow/example_dags/example_branch_python_dop_operator_3.py
[2026-04-01T22:28:05.568+0000] {processor.py:830} INFO - Processing file /home/airflow/.local/lib/python3.8/site-packages/airflow/example_dags/example_branch_python_dop_operator_3.py for tasks to queue
[2026-04-01T22:28:05.569+0000] {logging_mixin.py:188} INFO - [2026-04-01T22:28:05.569+0000] {dagbag.py:538} INFO - Filling up the DagBag from /home/airflow/.local/lib/python3.8/site-packages/airflow/example_dags/example_branch_python_dop_operator_3.py
[2026-04-01T22:28:05.572+0000] {processor.py:840} INFO - DAG(s) 'example_branch_dop_operator_v3' retrieved from /home/airflow/.local/lib/python3.8/site-packages/airflow/example_dags/example_branch_python_dop_operator_3.py
[2026-04-01T22:28:05.580+0000] {logging_mixin.py:188} INFO - [2026-04-01T22:28:05.580+0000] {dag.py:3033} INFO - Sync 1 DAGs
[2026-04-01T22:28:05.589+0000] {logging_mixin.py:188} INFO - [2026-04-01T22:28:05.589+0000] {dag.py:3820} INFO - Setting next_dagrun for example_branch_dop_operator_v3 to 2026-04-01T22:27:00+00:00, run_after=2026-04-01T22:28:00+00:00
[2026-04-01T22:28:05.595+0000] {processor.py:183} INFO - Processing /home/airflow/.local/lib/python3.8/site-packages/airflow/example_dags/example_branch_python_dop_operator_3.py took 0.029 seconds
