[2026-04-01T22:24:03.788+0000] {processor.py:161} INFO - Started process (PID=84) to work on /home/airflow/.local/lib/python3.8/site-packages/airflow/example_dags/example_datasets.py
[2026-04-01T22:24:03.789+0000] {processor.py:830} INFO - Processing file /home/airflow/.local/lib/python3.8/site-packages/airflow/example_dags/example_datasets.py for tasks to queue
[2026-04-01T22:24:03.791+0000] {logging_mixin.py:188} INFO - [2026-04-01T22:24:03.790+0000] {dagbag.py:538} INFO - Filling up the DagBag from /home/airflow/.local/lib/python3.8/site-packages/airflow/example_dags/example_datasets.py
[2026-04-01T22:24:03.796+0000] {processor.py:840} INFO - DAG(s) 'dataset_produces_1', 'dataset_consumes_1', 'dataset_produces_2', 'dataset_consumes_unknown_never_scheduled', 'dataset_consumes_1_never_scheduled', 'dataset_consumes_1_and_2' retrieved from /home/airflow/.local/lib/python3.8/site-packages/airflow/example_dags/example_datasets.py
[2026-04-01T22:24:03.803+0000] {logging_mixin.py:188} INFO - [2026-04-01T22:24:03.803+0000] {dag.py:3033} INFO - Sync 6 DAGs
[2026-04-01T22:24:03.813+0000] {logging_mixin.py:188} INFO - [2026-04-01T22:24:03.813+0000] {dag.py:3820} INFO - Setting next_dagrun for dataset_consumes_1 to None, run_after=None
[2026-04-01T22:24:03.814+0000] {logging_mixin.py:188} INFO - [2026-04-01T22:24:03.814+0000] {dag.py:3820} INFO - Setting next_dagrun for dataset_consumes_1_and_2 to None, run_after=None
[2026-04-01T22:24:03.815+0000] {logging_mixin.py:188} INFO - [2026-04-01T22:24:03.815+0000] {dag.py:3820} INFO - Setting next_dagrun for dataset_consumes_1_never_scheduled to None, run_after=None
[2026-04-01T22:24:03.815+0000] {logging_mixin.py:188} INFO - [2026-04-01T22:24:03.815+0000] {dag.py:3820} INFO - Setting next_dagrun for dataset_consumes_unknown_never_scheduled to None, run_after=None
[2026-04-01T22:24:03.816+0000] {logging_mixin.py:188} INFO - [2026-04-01T22:24:03.816+0000] {dag.py:3820} INFO - Setting next_dagrun for dataset_produces_1 to 2026-03-31T00:00:00+00:00, run_after=2026-04-01T00:00:00+00:00
[2026-04-01T22:24:03.817+0000] {logging_mixin.py:188} INFO - [2026-04-01T22:24:03.817+0000] {dag.py:3820} INFO - Setting next_dagrun for dataset_produces_2 to None, run_after=None
[2026-04-01T22:24:03.835+0000] {processor.py:183} INFO - Processing /home/airflow/.local/lib/python3.8/site-packages/airflow/example_dags/example_datasets.py took 0.050 seconds
[2026-04-01T22:24:33.893+0000] {processor.py:161} INFO - Started process (PID=139) to work on /home/airflow/.local/lib/python3.8/site-packages/airflow/example_dags/example_datasets.py
[2026-04-01T22:24:33.893+0000] {processor.py:830} INFO - Processing file /home/airflow/.local/lib/python3.8/site-packages/airflow/example_dags/example_datasets.py for tasks to queue
[2026-04-01T22:24:33.894+0000] {logging_mixin.py:188} INFO - [2026-04-01T22:24:33.894+0000] {dagbag.py:538} INFO - Filling up the DagBag from /home/airflow/.local/lib/python3.8/site-packages/airflow/example_dags/example_datasets.py
[2026-04-01T22:24:33.897+0000] {processor.py:840} INFO - DAG(s) 'dataset_produces_1', 'dataset_consumes_1', 'dataset_produces_2', 'dataset_consumes_unknown_never_scheduled', 'dataset_consumes_1_never_scheduled', 'dataset_consumes_1_and_2' retrieved from /home/airflow/.local/lib/python3.8/site-packages/airflow/example_dags/example_datasets.py
[2026-04-01T22:24:33.961+0000] {logging_mixin.py:188} INFO - [2026-04-01T22:24:33.961+0000] {dag.py:3033} INFO - Sync 6 DAGs
[2026-04-01T22:24:33.980+0000] {logging_mixin.py:188} INFO - [2026-04-01T22:24:33.980+0000] {dag.py:3820} INFO - Setting next_dagrun for dataset_consumes_1 to None, run_after=None
[2026-04-01T22:24:33.981+0000] {logging_mixin.py:188} INFO - [2026-04-01T22:24:33.981+0000] {dag.py:3820} INFO - Setting next_dagrun for dataset_consumes_1_and_2 to None, run_after=None
[2026-04-01T22:24:33.982+0000] {logging_mixin.py:188} INFO - [2026-04-01T22:24:33.982+0000] {dag.py:3820} INFO - Setting next_dagrun for dataset_consumes_1_never_scheduled to None, run_after=None
[2026-04-01T22:24:33.982+0000] {logging_mixin.py:188} INFO - [2026-04-01T22:24:33.982+0000] {dag.py:3820} INFO - Setting next_dagrun for dataset_consumes_unknown_never_scheduled to None, run_after=None
[2026-04-01T22:24:33.983+0000] {logging_mixin.py:188} INFO - [2026-04-01T22:24:33.983+0000] {dag.py:3820} INFO - Setting next_dagrun for dataset_produces_1 to 2026-03-31T00:00:00+00:00, run_after=2026-04-01T00:00:00+00:00
[2026-04-01T22:24:33.984+0000] {logging_mixin.py:188} INFO - [2026-04-01T22:24:33.983+0000] {dag.py:3820} INFO - Setting next_dagrun for dataset_produces_2 to None, run_after=None
[2026-04-01T22:24:33.998+0000] {processor.py:183} INFO - Processing /home/airflow/.local/lib/python3.8/site-packages/airflow/example_dags/example_datasets.py took 0.107 seconds
[2026-04-01T22:25:04.947+0000] {processor.py:161} INFO - Started process (PID=194) to work on /home/airflow/.local/lib/python3.8/site-packages/airflow/example_dags/example_datasets.py
[2026-04-01T22:25:04.947+0000] {processor.py:830} INFO - Processing file /home/airflow/.local/lib/python3.8/site-packages/airflow/example_dags/example_datasets.py for tasks to queue
[2026-04-01T22:25:04.949+0000] {logging_mixin.py:188} INFO - [2026-04-01T22:25:04.949+0000] {dagbag.py:538} INFO - Filling up the DagBag from /home/airflow/.local/lib/python3.8/site-packages/airflow/example_dags/example_datasets.py
[2026-04-01T22:25:04.954+0000] {processor.py:840} INFO - DAG(s) 'dataset_consumes_1_and_2', 'dataset_produces_2', 'dataset_produces_1', 'dataset_consumes_1', 'dataset_consumes_1_never_scheduled', 'dataset_consumes_unknown_never_scheduled' retrieved from /home/airflow/.local/lib/python3.8/site-packages/airflow/example_dags/example_datasets.py
[2026-04-01T22:25:04.967+0000] {logging_mixin.py:188} INFO - [2026-04-01T22:25:04.967+0000] {dag.py:3033} INFO - Sync 6 DAGs
[2026-04-01T22:25:04.975+0000] {logging_mixin.py:188} INFO - [2026-04-01T22:25:04.975+0000] {dag.py:3820} INFO - Setting next_dagrun for dataset_consumes_1 to None, run_after=None
[2026-04-01T22:25:04.977+0000] {logging_mixin.py:188} INFO - [2026-04-01T22:25:04.977+0000] {dag.py:3820} INFO - Setting next_dagrun for dataset_consumes_1_and_2 to None, run_after=None
[2026-04-01T22:25:04.977+0000] {logging_mixin.py:188} INFO - [2026-04-01T22:25:04.977+0000] {dag.py:3820} INFO - Setting next_dagrun for dataset_consumes_1_never_scheduled to None, run_after=None
[2026-04-01T22:25:04.977+0000] {logging_mixin.py:188} INFO - [2026-04-01T22:25:04.977+0000] {dag.py:3820} INFO - Setting next_dagrun for dataset_consumes_unknown_never_scheduled to None, run_after=None
[2026-04-01T22:25:04.978+0000] {logging_mixin.py:188} INFO - [2026-04-01T22:25:04.978+0000] {dag.py:3820} INFO - Setting next_dagrun for dataset_produces_1 to 2026-03-31T00:00:00+00:00, run_after=2026-04-01T00:00:00+00:00
[2026-04-01T22:25:04.979+0000] {logging_mixin.py:188} INFO - [2026-04-01T22:25:04.979+0000] {dag.py:3820} INFO - Setting next_dagrun for dataset_produces_2 to None, run_after=None
[2026-04-01T22:25:04.988+0000] {processor.py:183} INFO - Processing /home/airflow/.local/lib/python3.8/site-packages/airflow/example_dags/example_datasets.py took 0.042 seconds
[2026-04-01T22:25:35.316+0000] {processor.py:161} INFO - Started process (PID=249) to work on /home/airflow/.local/lib/python3.8/site-packages/airflow/example_dags/example_datasets.py
[2026-04-01T22:25:35.318+0000] {processor.py:830} INFO - Processing file /home/airflow/.local/lib/python3.8/site-packages/airflow/example_dags/example_datasets.py for tasks to queue
[2026-04-01T22:25:35.319+0000] {logging_mixin.py:188} INFO - [2026-04-01T22:25:35.319+0000] {dagbag.py:538} INFO - Filling up the DagBag from /home/airflow/.local/lib/python3.8/site-packages/airflow/example_dags/example_datasets.py
[2026-04-01T22:25:35.323+0000] {processor.py:840} INFO - DAG(s) 'dataset_consumes_unknown_never_scheduled', 'dataset_consumes_1', 'dataset_consumes_1_and_2', 'dataset_produces_1', 'dataset_produces_2', 'dataset_consumes_1_never_scheduled' retrieved from /home/airflow/.local/lib/python3.8/site-packages/airflow/example_dags/example_datasets.py
[2026-04-01T22:25:35.336+0000] {logging_mixin.py:188} INFO - [2026-04-01T22:25:35.336+0000] {dag.py:3033} INFO - Sync 6 DAGs
[2026-04-01T22:25:35.345+0000] {logging_mixin.py:188} INFO - [2026-04-01T22:25:35.345+0000] {dag.py:3820} INFO - Setting next_dagrun for dataset_consumes_1 to None, run_after=None
[2026-04-01T22:25:35.346+0000] {logging_mixin.py:188} INFO - [2026-04-01T22:25:35.346+0000] {dag.py:3820} INFO - Setting next_dagrun for dataset_consumes_1_and_2 to None, run_after=None
[2026-04-01T22:25:35.347+0000] {logging_mixin.py:188} INFO - [2026-04-01T22:25:35.347+0000] {dag.py:3820} INFO - Setting next_dagrun for dataset_consumes_1_never_scheduled to None, run_after=None
[2026-04-01T22:25:35.348+0000] {logging_mixin.py:188} INFO - [2026-04-01T22:25:35.348+0000] {dag.py:3820} INFO - Setting next_dagrun for dataset_consumes_unknown_never_scheduled to None, run_after=None
[2026-04-01T22:25:35.349+0000] {logging_mixin.py:188} INFO - [2026-04-01T22:25:35.348+0000] {dag.py:3820} INFO - Setting next_dagrun for dataset_produces_1 to 2026-03-31T00:00:00+00:00, run_after=2026-04-01T00:00:00+00:00
[2026-04-01T22:25:35.349+0000] {logging_mixin.py:188} INFO - [2026-04-01T22:25:35.349+0000] {dag.py:3820} INFO - Setting next_dagrun for dataset_produces_2 to None, run_after=None
[2026-04-01T22:25:35.359+0000] {processor.py:183} INFO - Processing /home/airflow/.local/lib/python3.8/site-packages/airflow/example_dags/example_datasets.py took 0.044 seconds
[2026-04-01T22:26:05.597+0000] {processor.py:161} INFO - Started process (PID=310) to work on /home/airflow/.local/lib/python3.8/site-packages/airflow/example_dags/example_datasets.py
[2026-04-01T22:26:05.598+0000] {processor.py:830} INFO - Processing file /home/airflow/.local/lib/python3.8/site-packages/airflow/example_dags/example_datasets.py for tasks to queue
[2026-04-01T22:26:05.599+0000] {logging_mixin.py:188} INFO - [2026-04-01T22:26:05.599+0000] {dagbag.py:538} INFO - Filling up the DagBag from /home/airflow/.local/lib/python3.8/site-packages/airflow/example_dags/example_datasets.py
[2026-04-01T22:26:05.604+0000] {processor.py:840} INFO - DAG(s) 'dataset_produces_1', 'dataset_consumes_1_and_2', 'dataset_produces_2', 'dataset_consumes_unknown_never_scheduled', 'dataset_consumes_1', 'dataset_consumes_1_never_scheduled' retrieved from /home/airflow/.local/lib/python3.8/site-packages/airflow/example_dags/example_datasets.py
[2026-04-01T22:26:05.619+0000] {logging_mixin.py:188} INFO - [2026-04-01T22:26:05.619+0000] {dag.py:3033} INFO - Sync 6 DAGs
[2026-04-01T22:26:05.632+0000] {logging_mixin.py:188} INFO - [2026-04-01T22:26:05.632+0000] {dag.py:3820} INFO - Setting next_dagrun for dataset_consumes_1 to None, run_after=None
[2026-04-01T22:26:05.634+0000] {logging_mixin.py:188} INFO - [2026-04-01T22:26:05.634+0000] {dag.py:3820} INFO - Setting next_dagrun for dataset_consumes_1_and_2 to None, run_after=None
[2026-04-01T22:26:05.634+0000] {logging_mixin.py:188} INFO - [2026-04-01T22:26:05.634+0000] {dag.py:3820} INFO - Setting next_dagrun for dataset_consumes_1_never_scheduled to None, run_after=None
[2026-04-01T22:26:05.634+0000] {logging_mixin.py:188} INFO - [2026-04-01T22:26:05.634+0000] {dag.py:3820} INFO - Setting next_dagrun for dataset_consumes_unknown_never_scheduled to None, run_after=None
[2026-04-01T22:26:05.635+0000] {logging_mixin.py:188} INFO - [2026-04-01T22:26:05.635+0000] {dag.py:3820} INFO - Setting next_dagrun for dataset_produces_1 to 2026-03-31T00:00:00+00:00, run_after=2026-04-01T00:00:00+00:00
[2026-04-01T22:26:05.636+0000] {logging_mixin.py:188} INFO - [2026-04-01T22:26:05.636+0000] {dag.py:3820} INFO - Setting next_dagrun for dataset_produces_2 to None, run_after=None
[2026-04-01T22:26:05.647+0000] {processor.py:183} INFO - Processing /home/airflow/.local/lib/python3.8/site-packages/airflow/example_dags/example_datasets.py took 0.052 seconds
[2026-04-01T22:26:35.917+0000] {processor.py:161} INFO - Started process (PID=365) to work on /home/airflow/.local/lib/python3.8/site-packages/airflow/example_dags/example_datasets.py
[2026-04-01T22:26:35.917+0000] {processor.py:830} INFO - Processing file /home/airflow/.local/lib/python3.8/site-packages/airflow/example_dags/example_datasets.py for tasks to queue
[2026-04-01T22:26:35.918+0000] {logging_mixin.py:188} INFO - [2026-04-01T22:26:35.918+0000] {dagbag.py:538} INFO - Filling up the DagBag from /home/airflow/.local/lib/python3.8/site-packages/airflow/example_dags/example_datasets.py
[2026-04-01T22:26:35.922+0000] {processor.py:840} INFO - DAG(s) 'dataset_consumes_1', 'dataset_produces_1', 'dataset_consumes_unknown_never_scheduled', 'dataset_consumes_1_never_scheduled', 'dataset_consumes_1_and_2', 'dataset_produces_2' retrieved from /home/airflow/.local/lib/python3.8/site-packages/airflow/example_dags/example_datasets.py
[2026-04-01T22:26:35.939+0000] {logging_mixin.py:188} INFO - [2026-04-01T22:26:35.939+0000] {dag.py:3033} INFO - Sync 6 DAGs
[2026-04-01T22:26:35.949+0000] {logging_mixin.py:188} INFO - [2026-04-01T22:26:35.949+0000] {dag.py:3820} INFO - Setting next_dagrun for dataset_consumes_1 to None, run_after=None
[2026-04-01T22:26:35.950+0000] {logging_mixin.py:188} INFO - [2026-04-01T22:26:35.950+0000] {dag.py:3820} INFO - Setting next_dagrun for dataset_consumes_1_and_2 to None, run_after=None
[2026-04-01T22:26:35.951+0000] {logging_mixin.py:188} INFO - [2026-04-01T22:26:35.951+0000] {dag.py:3820} INFO - Setting next_dagrun for dataset_consumes_1_never_scheduled to None, run_after=None
[2026-04-01T22:26:35.951+0000] {logging_mixin.py:188} INFO - [2026-04-01T22:26:35.951+0000] {dag.py:3820} INFO - Setting next_dagrun for dataset_consumes_unknown_never_scheduled to None, run_after=None
[2026-04-01T22:26:35.952+0000] {logging_mixin.py:188} INFO - [2026-04-01T22:26:35.952+0000] {dag.py:3820} INFO - Setting next_dagrun for dataset_produces_1 to 2026-03-31T00:00:00+00:00, run_after=2026-04-01T00:00:00+00:00
[2026-04-01T22:26:35.953+0000] {logging_mixin.py:188} INFO - [2026-04-01T22:26:35.952+0000] {dag.py:3820} INFO - Setting next_dagrun for dataset_produces_2 to None, run_after=None
[2026-04-01T22:26:35.963+0000] {processor.py:183} INFO - Processing /home/airflow/.local/lib/python3.8/site-packages/airflow/example_dags/example_datasets.py took 0.048 seconds
[2026-04-01T22:27:06.145+0000] {processor.py:161} INFO - Started process (PID=420) to work on /home/airflow/.local/lib/python3.8/site-packages/airflow/example_dags/example_datasets.py
[2026-04-01T22:27:06.146+0000] {processor.py:830} INFO - Processing file /home/airflow/.local/lib/python3.8/site-packages/airflow/example_dags/example_datasets.py for tasks to queue
[2026-04-01T22:27:06.146+0000] {logging_mixin.py:188} INFO - [2026-04-01T22:27:06.146+0000] {dagbag.py:538} INFO - Filling up the DagBag from /home/airflow/.local/lib/python3.8/site-packages/airflow/example_dags/example_datasets.py
[2026-04-01T22:27:06.150+0000] {processor.py:840} INFO - DAG(s) 'dataset_produces_2', 'dataset_consumes_unknown_never_scheduled', 'dataset_consumes_1_never_scheduled', 'dataset_produces_1', 'dataset_consumes_1_and_2', 'dataset_consumes_1' retrieved from /home/airflow/.local/lib/python3.8/site-packages/airflow/example_dags/example_datasets.py
[2026-04-01T22:27:06.162+0000] {logging_mixin.py:188} INFO - [2026-04-01T22:27:06.162+0000] {dag.py:3033} INFO - Sync 6 DAGs
[2026-04-01T22:27:06.171+0000] {logging_mixin.py:188} INFO - [2026-04-01T22:27:06.171+0000] {dag.py:3820} INFO - Setting next_dagrun for dataset_consumes_1 to None, run_after=None
[2026-04-01T22:27:06.172+0000] {logging_mixin.py:188} INFO - [2026-04-01T22:27:06.172+0000] {dag.py:3820} INFO - Setting next_dagrun for dataset_consumes_1_and_2 to None, run_after=None
[2026-04-01T22:27:06.173+0000] {logging_mixin.py:188} INFO - [2026-04-01T22:27:06.172+0000] {dag.py:3820} INFO - Setting next_dagrun for dataset_consumes_1_never_scheduled to None, run_after=None
[2026-04-01T22:27:06.173+0000] {logging_mixin.py:188} INFO - [2026-04-01T22:27:06.173+0000] {dag.py:3820} INFO - Setting next_dagrun for dataset_consumes_unknown_never_scheduled to None, run_after=None
[2026-04-01T22:27:06.174+0000] {logging_mixin.py:188} INFO - [2026-04-01T22:27:06.174+0000] {dag.py:3820} INFO - Setting next_dagrun for dataset_produces_1 to 2026-03-31T00:00:00+00:00, run_after=2026-04-01T00:00:00+00:00
[2026-04-01T22:27:06.174+0000] {logging_mixin.py:188} INFO - [2026-04-01T22:27:06.174+0000] {dag.py:3820} INFO - Setting next_dagrun for dataset_produces_2 to None, run_after=None
[2026-04-01T22:27:06.183+0000] {processor.py:183} INFO - Processing /home/airflow/.local/lib/python3.8/site-packages/airflow/example_dags/example_datasets.py took 0.040 seconds
[2026-04-01T22:27:36.477+0000] {processor.py:161} INFO - Started process (PID=475) to work on /home/airflow/.local/lib/python3.8/site-packages/airflow/example_dags/example_datasets.py
[2026-04-01T22:27:36.478+0000] {processor.py:830} INFO - Processing file /home/airflow/.local/lib/python3.8/site-packages/airflow/example_dags/example_datasets.py for tasks to queue
[2026-04-01T22:27:36.478+0000] {logging_mixin.py:188} INFO - [2026-04-01T22:27:36.478+0000] {dagbag.py:538} INFO - Filling up the DagBag from /home/airflow/.local/lib/python3.8/site-packages/airflow/example_dags/example_datasets.py
[2026-04-01T22:27:36.482+0000] {processor.py:840} INFO - DAG(s) 'dataset_consumes_unknown_never_scheduled', 'dataset_consumes_1_never_scheduled', 'dataset_consumes_1', 'dataset_produces_2', 'dataset_produces_1', 'dataset_consumes_1_and_2' retrieved from /home/airflow/.local/lib/python3.8/site-packages/airflow/example_dags/example_datasets.py
[2026-04-01T22:27:36.498+0000] {logging_mixin.py:188} INFO - [2026-04-01T22:27:36.498+0000] {dag.py:3033} INFO - Sync 6 DAGs
[2026-04-01T22:27:36.507+0000] {logging_mixin.py:188} INFO - [2026-04-01T22:27:36.507+0000] {dag.py:3820} INFO - Setting next_dagrun for dataset_consumes_1 to None, run_after=None
[2026-04-01T22:27:36.508+0000] {logging_mixin.py:188} INFO - [2026-04-01T22:27:36.508+0000] {dag.py:3820} INFO - Setting next_dagrun for dataset_consumes_1_and_2 to None, run_after=None
[2026-04-01T22:27:36.508+0000] {logging_mixin.py:188} INFO - [2026-04-01T22:27:36.508+0000] {dag.py:3820} INFO - Setting next_dagrun for dataset_consumes_1_never_scheduled to None, run_after=None
[2026-04-01T22:27:36.509+0000] {logging_mixin.py:188} INFO - [2026-04-01T22:27:36.509+0000] {dag.py:3820} INFO - Setting next_dagrun for dataset_consumes_unknown_never_scheduled to None, run_after=None
[2026-04-01T22:27:36.510+0000] {logging_mixin.py:188} INFO - [2026-04-01T22:27:36.509+0000] {dag.py:3820} INFO - Setting next_dagrun for dataset_produces_1 to 2026-03-31T00:00:00+00:00, run_after=2026-04-01T00:00:00+00:00
[2026-04-01T22:27:36.510+0000] {logging_mixin.py:188} INFO - [2026-04-01T22:27:36.510+0000] {dag.py:3820} INFO - Setting next_dagrun for dataset_produces_2 to None, run_after=None
[2026-04-01T22:27:36.520+0000] {processor.py:183} INFO - Processing /home/airflow/.local/lib/python3.8/site-packages/airflow/example_dags/example_datasets.py took 0.044 seconds
[2026-04-01T22:28:06.899+0000] {processor.py:161} INFO - Started process (PID=530) to work on /home/airflow/.local/lib/python3.8/site-packages/airflow/example_dags/example_datasets.py
[2026-04-01T22:28:06.899+0000] {processor.py:830} INFO - Processing file /home/airflow/.local/lib/python3.8/site-packages/airflow/example_dags/example_datasets.py for tasks to queue
[2026-04-01T22:28:06.900+0000] {logging_mixin.py:188} INFO - [2026-04-01T22:28:06.900+0000] {dagbag.py:538} INFO - Filling up the DagBag from /home/airflow/.local/lib/python3.8/site-packages/airflow/example_dags/example_datasets.py
[2026-04-01T22:28:06.904+0000] {processor.py:840} INFO - DAG(s) 'dataset_consumes_1', 'dataset_consumes_1_and_2', 'dataset_produces_2', 'dataset_consumes_1_never_scheduled', 'dataset_consumes_unknown_never_scheduled', 'dataset_produces_1' retrieved from /home/airflow/.local/lib/python3.8/site-packages/airflow/example_dags/example_datasets.py
[2026-04-01T22:28:06.917+0000] {logging_mixin.py:188} INFO - [2026-04-01T22:28:06.917+0000] {dag.py:3033} INFO - Sync 6 DAGs
[2026-04-01T22:28:06.929+0000] {logging_mixin.py:188} INFO - [2026-04-01T22:28:06.929+0000] {dag.py:3820} INFO - Setting next_dagrun for dataset_consumes_1 to None, run_after=None
[2026-04-01T22:28:06.930+0000] {logging_mixin.py:188} INFO - [2026-04-01T22:28:06.930+0000] {dag.py:3820} INFO - Setting next_dagrun for dataset_consumes_1_and_2 to None, run_after=None
[2026-04-01T22:28:06.931+0000] {logging_mixin.py:188} INFO - [2026-04-01T22:28:06.931+0000] {dag.py:3820} INFO - Setting next_dagrun for dataset_consumes_1_never_scheduled to None, run_after=None
[2026-04-01T22:28:06.931+0000] {logging_mixin.py:188} INFO - [2026-04-01T22:28:06.931+0000] {dag.py:3820} INFO - Setting next_dagrun for dataset_consumes_unknown_never_scheduled to None, run_after=None
[2026-04-01T22:28:06.932+0000] {logging_mixin.py:188} INFO - [2026-04-01T22:28:06.932+0000] {dag.py:3820} INFO - Setting next_dagrun for dataset_produces_1 to 2026-03-31T00:00:00+00:00, run_after=2026-04-01T00:00:00+00:00
[2026-04-01T22:28:06.933+0000] {logging_mixin.py:188} INFO - [2026-04-01T22:28:06.933+0000] {dag.py:3820} INFO - Setting next_dagrun for dataset_produces_2 to None, run_after=None
[2026-04-01T22:28:06.944+0000] {processor.py:183} INFO - Processing /home/airflow/.local/lib/python3.8/site-packages/airflow/example_dags/example_datasets.py took 0.047 seconds
