[2026-04-01T22:24:03.136+0000] {processor.py:161} INFO - Started process (PID=70) to work on /home/airflow/.local/lib/python3.8/site-packages/airflow/example_dags/example_branch_day_of_week_operator.py
[2026-04-01T22:24:03.138+0000] {processor.py:830} INFO - Processing file /home/airflow/.local/lib/python3.8/site-packages/airflow/example_dags/example_branch_day_of_week_operator.py for tasks to queue
[2026-04-01T22:24:03.141+0000] {logging_mixin.py:188} INFO - [2026-04-01T22:24:03.141+0000] {dagbag.py:538} INFO - Filling up the DagBag from /home/airflow/.local/lib/python3.8/site-packages/airflow/example_dags/example_branch_day_of_week_operator.py
[2026-04-01T22:24:03.152+0000] {processor.py:840} INFO - DAG(s) 'example_weekday_branch_operator' retrieved from /home/airflow/.local/lib/python3.8/site-packages/airflow/example_dags/example_branch_day_of_week_operator.py
[2026-04-01T22:24:03.166+0000] {logging_mixin.py:188} INFO - [2026-04-01T22:24:03.166+0000] {dag.py:3033} INFO - Sync 1 DAGs
[2026-04-01T22:24:03.186+0000] {logging_mixin.py:188} INFO - [2026-04-01T22:24:03.186+0000] {dag.py:3820} INFO - Setting next_dagrun for example_weekday_branch_operator to 2026-03-31T00:00:00+00:00, run_after=2026-04-01T00:00:00+00:00
[2026-04-01T22:24:03.211+0000] {processor.py:183} INFO - Processing /home/airflow/.local/lib/python3.8/site-packages/airflow/example_dags/example_branch_day_of_week_operator.py took 0.078 seconds
[2026-04-01T22:24:33.325+0000] {processor.py:161} INFO - Started process (PID=125) to work on /home/airflow/.local/lib/python3.8/site-packages/airflow/example_dags/example_branch_day_of_week_operator.py
[2026-04-01T22:24:33.326+0000] {processor.py:830} INFO - Processing file /home/airflow/.local/lib/python3.8/site-packages/airflow/example_dags/example_branch_day_of_week_operator.py for tasks to queue
[2026-04-01T22:24:33.327+0000] {logging_mixin.py:188} INFO - [2026-04-01T22:24:33.327+0000] {dagbag.py:538} INFO - Filling up the DagBag from /home/airflow/.local/lib/python3.8/site-packages/airflow/example_dags/example_branch_day_of_week_operator.py
[2026-04-01T22:24:33.330+0000] {processor.py:840} INFO - DAG(s) 'example_weekday_branch_operator' retrieved from /home/airflow/.local/lib/python3.8/site-packages/airflow/example_dags/example_branch_day_of_week_operator.py
[2026-04-01T22:24:33.367+0000] {logging_mixin.py:188} INFO - [2026-04-01T22:24:33.367+0000] {dag.py:3033} INFO - Sync 1 DAGs
[2026-04-01T22:24:33.375+0000] {logging_mixin.py:188} INFO - [2026-04-01T22:24:33.375+0000] {dag.py:3820} INFO - Setting next_dagrun for example_weekday_branch_operator to 2026-03-31T00:00:00+00:00, run_after=2026-04-01T00:00:00+00:00
[2026-04-01T22:24:33.383+0000] {processor.py:183} INFO - Processing /home/airflow/.local/lib/python3.8/site-packages/airflow/example_dags/example_branch_day_of_week_operator.py took 0.060 seconds
[2026-04-01T22:25:03.538+0000] {processor.py:161} INFO - Started process (PID=180) to work on /home/airflow/.local/lib/python3.8/site-packages/airflow/example_dags/example_branch_day_of_week_operator.py
[2026-04-01T22:25:03.538+0000] {processor.py:830} INFO - Processing file /home/airflow/.local/lib/python3.8/site-packages/airflow/example_dags/example_branch_day_of_week_operator.py for tasks to queue
[2026-04-01T22:25:03.539+0000] {logging_mixin.py:188} INFO - [2026-04-01T22:25:03.539+0000] {dagbag.py:538} INFO - Filling up the DagBag from /home/airflow/.local/lib/python3.8/site-packages/airflow/example_dags/example_branch_day_of_week_operator.py
[2026-04-01T22:25:03.543+0000] {processor.py:840} INFO - DAG(s) 'example_weekday_branch_operator' retrieved from /home/airflow/.local/lib/python3.8/site-packages/airflow/example_dags/example_branch_day_of_week_operator.py
[2026-04-01T22:25:03.554+0000] {logging_mixin.py:188} INFO - [2026-04-01T22:25:03.554+0000] {dag.py:3033} INFO - Sync 1 DAGs
[2026-04-01T22:25:03.567+0000] {logging_mixin.py:188} INFO - [2026-04-01T22:25:03.567+0000] {dag.py:3820} INFO - Setting next_dagrun for example_weekday_branch_operator to 2026-03-31T00:00:00+00:00, run_after=2026-04-01T00:00:00+00:00
[2026-04-01T22:25:03.576+0000] {processor.py:183} INFO - Processing /home/airflow/.local/lib/python3.8/site-packages/airflow/example_dags/example_branch_day_of_week_operator.py took 0.040 seconds
[2026-04-01T22:25:33.939+0000] {processor.py:161} INFO - Started process (PID=235) to work on /home/airflow/.local/lib/python3.8/site-packages/airflow/example_dags/example_branch_day_of_week_operator.py
[2026-04-01T22:25:33.939+0000] {processor.py:830} INFO - Processing file /home/airflow/.local/lib/python3.8/site-packages/airflow/example_dags/example_branch_day_of_week_operator.py for tasks to queue
[2026-04-01T22:25:33.940+0000] {logging_mixin.py:188} INFO - [2026-04-01T22:25:33.940+0000] {dagbag.py:538} INFO - Filling up the DagBag from /home/airflow/.local/lib/python3.8/site-packages/airflow/example_dags/example_branch_day_of_week_operator.py
[2026-04-01T22:25:33.944+0000] {processor.py:840} INFO - DAG(s) 'example_weekday_branch_operator' retrieved from /home/airflow/.local/lib/python3.8/site-packages/airflow/example_dags/example_branch_day_of_week_operator.py
[2026-04-01T22:25:33.956+0000] {logging_mixin.py:188} INFO - [2026-04-01T22:25:33.956+0000] {dag.py:3033} INFO - Sync 1 DAGs
[2026-04-01T22:25:33.967+0000] {logging_mixin.py:188} INFO - [2026-04-01T22:25:33.966+0000] {dag.py:3820} INFO - Setting next_dagrun for example_weekday_branch_operator to 2026-03-31T00:00:00+00:00, run_after=2026-04-01T00:00:00+00:00
[2026-04-01T22:25:33.974+0000] {processor.py:183} INFO - Processing /home/airflow/.local/lib/python3.8/site-packages/airflow/example_dags/example_branch_day_of_week_operator.py took 0.037 seconds
[2026-04-01T22:26:04.294+0000] {processor.py:161} INFO - Started process (PID=290) to work on /home/airflow/.local/lib/python3.8/site-packages/airflow/example_dags/example_branch_day_of_week_operator.py
[2026-04-01T22:26:04.295+0000] {processor.py:830} INFO - Processing file /home/airflow/.local/lib/python3.8/site-packages/airflow/example_dags/example_branch_day_of_week_operator.py for tasks to queue
[2026-04-01T22:26:04.295+0000] {logging_mixin.py:188} INFO - [2026-04-01T22:26:04.295+0000] {dagbag.py:538} INFO - Filling up the DagBag from /home/airflow/.local/lib/python3.8/site-packages/airflow/example_dags/example_branch_day_of_week_operator.py
[2026-04-01T22:26:04.299+0000] {processor.py:840} INFO - DAG(s) 'example_weekday_branch_operator' retrieved from /home/airflow/.local/lib/python3.8/site-packages/airflow/example_dags/example_branch_day_of_week_operator.py
[2026-04-01T22:26:04.308+0000] {logging_mixin.py:188} INFO - [2026-04-01T22:26:04.308+0000] {dag.py:3033} INFO - Sync 1 DAGs
[2026-04-01T22:26:04.316+0000] {logging_mixin.py:188} INFO - [2026-04-01T22:26:04.316+0000] {dag.py:3820} INFO - Setting next_dagrun for example_weekday_branch_operator to 2026-03-31T00:00:00+00:00, run_after=2026-04-01T00:00:00+00:00
[2026-04-01T22:26:04.325+0000] {processor.py:183} INFO - Processing /home/airflow/.local/lib/python3.8/site-packages/airflow/example_dags/example_branch_day_of_week_operator.py took 0.032 seconds
[2026-04-01T22:26:34.620+0000] {processor.py:161} INFO - Started process (PID=345) to work on /home/airflow/.local/lib/python3.8/site-packages/airflow/example_dags/example_branch_day_of_week_operator.py
[2026-04-01T22:26:34.621+0000] {processor.py:830} INFO - Processing file /home/airflow/.local/lib/python3.8/site-packages/airflow/example_dags/example_branch_day_of_week_operator.py for tasks to queue
[2026-04-01T22:26:34.622+0000] {logging_mixin.py:188} INFO - [2026-04-01T22:26:34.622+0000] {dagbag.py:538} INFO - Filling up the DagBag from /home/airflow/.local/lib/python3.8/site-packages/airflow/example_dags/example_branch_day_of_week_operator.py
[2026-04-01T22:26:34.625+0000] {processor.py:840} INFO - DAG(s) 'example_weekday_branch_operator' retrieved from /home/airflow/.local/lib/python3.8/site-packages/airflow/example_dags/example_branch_day_of_week_operator.py
[2026-04-01T22:26:34.634+0000] {logging_mixin.py:188} INFO - [2026-04-01T22:26:34.634+0000] {dag.py:3033} INFO - Sync 1 DAGs
[2026-04-01T22:26:34.642+0000] {logging_mixin.py:188} INFO - [2026-04-01T22:26:34.642+0000] {dag.py:3820} INFO - Setting next_dagrun for example_weekday_branch_operator to 2026-03-31T00:00:00+00:00, run_after=2026-04-01T00:00:00+00:00
[2026-04-01T22:26:34.648+0000] {processor.py:183} INFO - Processing /home/airflow/.local/lib/python3.8/site-packages/airflow/example_dags/example_branch_day_of_week_operator.py took 0.029 seconds
[2026-04-01T22:27:04.841+0000] {processor.py:161} INFO - Started process (PID=400) to work on /home/airflow/.local/lib/python3.8/site-packages/airflow/example_dags/example_branch_day_of_week_operator.py
[2026-04-01T22:27:04.841+0000] {processor.py:830} INFO - Processing file /home/airflow/.local/lib/python3.8/site-packages/airflow/example_dags/example_branch_day_of_week_operator.py for tasks to queue
[2026-04-01T22:27:04.842+0000] {logging_mixin.py:188} INFO - [2026-04-01T22:27:04.842+0000] {dagbag.py:538} INFO - Filling up the DagBag from /home/airflow/.local/lib/python3.8/site-packages/airflow/example_dags/example_branch_day_of_week_operator.py
[2026-04-01T22:27:04.845+0000] {processor.py:840} INFO - DAG(s) 'example_weekday_branch_operator' retrieved from /home/airflow/.local/lib/python3.8/site-packages/airflow/example_dags/example_branch_day_of_week_operator.py
[2026-04-01T22:27:04.853+0000] {logging_mixin.py:188} INFO - [2026-04-01T22:27:04.853+0000] {dag.py:3033} INFO - Sync 1 DAGs
[2026-04-01T22:27:04.862+0000] {logging_mixin.py:188} INFO - [2026-04-01T22:27:04.862+0000] {dag.py:3820} INFO - Setting next_dagrun for example_weekday_branch_operator to 2026-03-31T00:00:00+00:00, run_after=2026-04-01T00:00:00+00:00
[2026-04-01T22:27:04.867+0000] {processor.py:183} INFO - Processing /home/airflow/.local/lib/python3.8/site-packages/airflow/example_dags/example_branch_day_of_week_operator.py took 0.028 seconds
[2026-04-01T22:27:35.137+0000] {processor.py:161} INFO - Started process (PID=455) to work on /home/airflow/.local/lib/python3.8/site-packages/airflow/example_dags/example_branch_day_of_week_operator.py
[2026-04-01T22:27:35.137+0000] {processor.py:830} INFO - Processing file /home/airflow/.local/lib/python3.8/site-packages/airflow/example_dags/example_branch_day_of_week_operator.py for tasks to queue
[2026-04-01T22:27:35.139+0000] {logging_mixin.py:188} INFO - [2026-04-01T22:27:35.139+0000] {dagbag.py:538} INFO - Filling up the DagBag from /home/airflow/.local/lib/python3.8/site-packages/airflow/example_dags/example_branch_day_of_week_operator.py
[2026-04-01T22:27:35.143+0000] {processor.py:840} INFO - DAG(s) 'example_weekday_branch_operator' retrieved from /home/airflow/.local/lib/python3.8/site-packages/airflow/example_dags/example_branch_day_of_week_operator.py
[2026-04-01T22:27:35.151+0000] {logging_mixin.py:188} INFO - [2026-04-01T22:27:35.150+0000] {dag.py:3033} INFO - Sync 1 DAGs
[2026-04-01T22:27:35.158+0000] {logging_mixin.py:188} INFO - [2026-04-01T22:27:35.158+0000] {dag.py:3820} INFO - Setting next_dagrun for example_weekday_branch_operator to 2026-03-31T00:00:00+00:00, run_after=2026-04-01T00:00:00+00:00
[2026-04-01T22:27:35.165+0000] {processor.py:183} INFO - Processing /home/airflow/.local/lib/python3.8/site-packages/airflow/example_dags/example_branch_day_of_week_operator.py took 0.029 seconds
[2026-04-01T22:28:05.489+0000] {processor.py:161} INFO - Started process (PID=510) to work on /home/airflow/.local/lib/python3.8/site-packages/airflow/example_dags/example_branch_day_of_week_operator.py
[2026-04-01T22:28:05.490+0000] {processor.py:830} INFO - Processing file /home/airflow/.local/lib/python3.8/site-packages/airflow/example_dags/example_branch_day_of_week_operator.py for tasks to queue
[2026-04-01T22:28:05.491+0000] {logging_mixin.py:188} INFO - [2026-04-01T22:28:05.491+0000] {dagbag.py:538} INFO - Filling up the DagBag from /home/airflow/.local/lib/python3.8/site-packages/airflow/example_dags/example_branch_day_of_week_operator.py
[2026-04-01T22:28:05.494+0000] {processor.py:840} INFO - DAG(s) 'example_weekday_branch_operator' retrieved from /home/airflow/.local/lib/python3.8/site-packages/airflow/example_dags/example_branch_day_of_week_operator.py
[2026-04-01T22:28:05.502+0000] {logging_mixin.py:188} INFO - [2026-04-01T22:28:05.502+0000] {dag.py:3033} INFO - Sync 1 DAGs
[2026-04-01T22:28:05.514+0000] {logging_mixin.py:188} INFO - [2026-04-01T22:28:05.514+0000] {dag.py:3820} INFO - Setting next_dagrun for example_weekday_branch_operator to 2026-03-31T00:00:00+00:00, run_after=2026-04-01T00:00:00+00:00
[2026-04-01T22:28:05.521+0000] {processor.py:183} INFO - Processing /home/airflow/.local/lib/python3.8/site-packages/airflow/example_dags/example_branch_day_of_week_operator.py took 0.033 seconds
