[2026-04-01T22:24:02.140+0000] {processor.py:161} INFO - Started process (PID=45) to work on /home/airflow/.local/lib/python3.8/site-packages/airflow/example_dags/example_task_group.py
[2026-04-01T22:24:02.141+0000] {processor.py:830} INFO - Processing file /home/airflow/.local/lib/python3.8/site-packages/airflow/example_dags/example_task_group.py for tasks to queue
[2026-04-01T22:24:02.144+0000] {logging_mixin.py:188} INFO - [2026-04-01T22:24:02.144+0000] {dagbag.py:538} INFO - Filling up the DagBag from /home/airflow/.local/lib/python3.8/site-packages/airflow/example_dags/example_task_group.py
[2026-04-01T22:24:02.153+0000] {processor.py:840} INFO - DAG(s) 'example_task_group' retrieved from /home/airflow/.local/lib/python3.8/site-packages/airflow/example_dags/example_task_group.py
[2026-04-01T22:24:02.162+0000] {logging_mixin.py:188} INFO - [2026-04-01T22:24:02.162+0000] {dag.py:3033} INFO - Sync 1 DAGs
[2026-04-01T22:24:02.185+0000] {logging_mixin.py:188} INFO - [2026-04-01T22:24:02.185+0000] {dag.py:3820} INFO - Setting next_dagrun for example_task_group to 2026-03-31T00:00:00+00:00, run_after=2026-04-01T00:00:00+00:00
[2026-04-01T22:24:02.204+0000] {processor.py:183} INFO - Processing /home/airflow/.local/lib/python3.8/site-packages/airflow/example_dags/example_task_group.py took 0.070 seconds
[2026-04-01T22:24:32.375+0000] {processor.py:161} INFO - Started process (PID=100) to work on /home/airflow/.local/lib/python3.8/site-packages/airflow/example_dags/example_task_group.py
[2026-04-01T22:24:32.376+0000] {processor.py:830} INFO - Processing file /home/airflow/.local/lib/python3.8/site-packages/airflow/example_dags/example_task_group.py for tasks to queue
[2026-04-01T22:24:32.377+0000] {logging_mixin.py:188} INFO - [2026-04-01T22:24:32.377+0000] {dagbag.py:538} INFO - Filling up the DagBag from /home/airflow/.local/lib/python3.8/site-packages/airflow/example_dags/example_task_group.py
[2026-04-01T22:24:32.381+0000] {processor.py:840} INFO - DAG(s) 'example_task_group' retrieved from /home/airflow/.local/lib/python3.8/site-packages/airflow/example_dags/example_task_group.py
[2026-04-01T22:24:32.421+0000] {logging_mixin.py:188} INFO - [2026-04-01T22:24:32.421+0000] {dag.py:3033} INFO - Sync 1 DAGs
[2026-04-01T22:24:32.429+0000] {logging_mixin.py:188} INFO - [2026-04-01T22:24:32.429+0000] {dag.py:3820} INFO - Setting next_dagrun for example_task_group to 2026-03-31T00:00:00+00:00, run_after=2026-04-01T00:00:00+00:00
[2026-04-01T22:24:32.437+0000] {processor.py:183} INFO - Processing /home/airflow/.local/lib/python3.8/site-packages/airflow/example_dags/example_task_group.py took 0.064 seconds
[2026-04-01T22:25:02.743+0000] {processor.py:161} INFO - Started process (PID=155) to work on /home/airflow/.local/lib/python3.8/site-packages/airflow/example_dags/example_task_group.py
[2026-04-01T22:25:02.743+0000] {processor.py:830} INFO - Processing file /home/airflow/.local/lib/python3.8/site-packages/airflow/example_dags/example_task_group.py for tasks to queue
[2026-04-01T22:25:02.745+0000] {logging_mixin.py:188} INFO - [2026-04-01T22:25:02.744+0000] {dagbag.py:538} INFO - Filling up the DagBag from /home/airflow/.local/lib/python3.8/site-packages/airflow/example_dags/example_task_group.py
[2026-04-01T22:25:02.749+0000] {processor.py:840} INFO - DAG(s) 'example_task_group' retrieved from /home/airflow/.local/lib/python3.8/site-packages/airflow/example_dags/example_task_group.py
[2026-04-01T22:25:02.759+0000] {logging_mixin.py:188} INFO - [2026-04-01T22:25:02.759+0000] {dag.py:3033} INFO - Sync 1 DAGs
[2026-04-01T22:25:02.771+0000] {logging_mixin.py:188} INFO - [2026-04-01T22:25:02.771+0000] {dag.py:3820} INFO - Setting next_dagrun for example_task_group to 2026-03-31T00:00:00+00:00, run_after=2026-04-01T00:00:00+00:00
[2026-04-01T22:25:02.780+0000] {processor.py:183} INFO - Processing /home/airflow/.local/lib/python3.8/site-packages/airflow/example_dags/example_task_group.py took 0.040 seconds
[2026-04-01T22:25:33.419+0000] {processor.py:161} INFO - Started process (PID=210) to work on /home/airflow/.local/lib/python3.8/site-packages/airflow/example_dags/example_task_group.py
[2026-04-01T22:25:33.419+0000] {processor.py:830} INFO - Processing file /home/airflow/.local/lib/python3.8/site-packages/airflow/example_dags/example_task_group.py for tasks to queue
[2026-04-01T22:25:33.420+0000] {logging_mixin.py:188} INFO - [2026-04-01T22:25:33.420+0000] {dagbag.py:538} INFO - Filling up the DagBag from /home/airflow/.local/lib/python3.8/site-packages/airflow/example_dags/example_task_group.py
[2026-04-01T22:25:33.423+0000] {processor.py:840} INFO - DAG(s) 'example_task_group' retrieved from /home/airflow/.local/lib/python3.8/site-packages/airflow/example_dags/example_task_group.py
[2026-04-01T22:25:33.432+0000] {logging_mixin.py:188} INFO - [2026-04-01T22:25:33.432+0000] {dag.py:3033} INFO - Sync 1 DAGs
[2026-04-01T22:25:33.439+0000] {logging_mixin.py:188} INFO - [2026-04-01T22:25:33.439+0000] {dag.py:3820} INFO - Setting next_dagrun for example_task_group to 2026-03-31T00:00:00+00:00, run_after=2026-04-01T00:00:00+00:00
[2026-04-01T22:25:33.445+0000] {processor.py:183} INFO - Processing /home/airflow/.local/lib/python3.8/site-packages/airflow/example_dags/example_task_group.py took 0.028 seconds
[2026-04-01T22:26:03.786+0000] {processor.py:161} INFO - Started process (PID=265) to work on /home/airflow/.local/lib/python3.8/site-packages/airflow/example_dags/example_task_group.py
[2026-04-01T22:26:03.786+0000] {processor.py:830} INFO - Processing file /home/airflow/.local/lib/python3.8/site-packages/airflow/example_dags/example_task_group.py for tasks to queue
[2026-04-01T22:26:03.787+0000] {logging_mixin.py:188} INFO - [2026-04-01T22:26:03.787+0000] {dagbag.py:538} INFO - Filling up the DagBag from /home/airflow/.local/lib/python3.8/site-packages/airflow/example_dags/example_task_group.py
[2026-04-01T22:26:03.791+0000] {processor.py:840} INFO - DAG(s) 'example_task_group' retrieved from /home/airflow/.local/lib/python3.8/site-packages/airflow/example_dags/example_task_group.py
[2026-04-01T22:26:03.800+0000] {logging_mixin.py:188} INFO - [2026-04-01T22:26:03.800+0000] {dag.py:3033} INFO - Sync 1 DAGs
[2026-04-01T22:26:03.808+0000] {logging_mixin.py:188} INFO - [2026-04-01T22:26:03.808+0000] {dag.py:3820} INFO - Setting next_dagrun for example_task_group to 2026-03-31T00:00:00+00:00, run_after=2026-04-01T00:00:00+00:00
[2026-04-01T22:26:03.814+0000] {processor.py:183} INFO - Processing /home/airflow/.local/lib/python3.8/site-packages/airflow/example_dags/example_task_group.py took 0.030 seconds
[2026-04-01T22:26:34.096+0000] {processor.py:161} INFO - Started process (PID=320) to work on /home/airflow/.local/lib/python3.8/site-packages/airflow/example_dags/example_task_group.py
[2026-04-01T22:26:34.096+0000] {processor.py:830} INFO - Processing file /home/airflow/.local/lib/python3.8/site-packages/airflow/example_dags/example_task_group.py for tasks to queue
[2026-04-01T22:26:34.097+0000] {logging_mixin.py:188} INFO - [2026-04-01T22:26:34.097+0000] {dagbag.py:538} INFO - Filling up the DagBag from /home/airflow/.local/lib/python3.8/site-packages/airflow/example_dags/example_task_group.py
[2026-04-01T22:26:34.099+0000] {processor.py:840} INFO - DAG(s) 'example_task_group' retrieved from /home/airflow/.local/lib/python3.8/site-packages/airflow/example_dags/example_task_group.py
[2026-04-01T22:26:34.107+0000] {logging_mixin.py:188} INFO - [2026-04-01T22:26:34.107+0000] {dag.py:3033} INFO - Sync 1 DAGs
[2026-04-01T22:26:34.114+0000] {logging_mixin.py:188} INFO - [2026-04-01T22:26:34.114+0000] {dag.py:3820} INFO - Setting next_dagrun for example_task_group to 2026-03-31T00:00:00+00:00, run_after=2026-04-01T00:00:00+00:00
[2026-04-01T22:26:34.119+0000] {processor.py:183} INFO - Processing /home/airflow/.local/lib/python3.8/site-packages/airflow/example_dags/example_task_group.py took 0.025 seconds
[2026-04-01T22:27:04.353+0000] {processor.py:161} INFO - Started process (PID=375) to work on /home/airflow/.local/lib/python3.8/site-packages/airflow/example_dags/example_task_group.py
[2026-04-01T22:27:04.354+0000] {processor.py:830} INFO - Processing file /home/airflow/.local/lib/python3.8/site-packages/airflow/example_dags/example_task_group.py for tasks to queue
[2026-04-01T22:27:04.355+0000] {logging_mixin.py:188} INFO - [2026-04-01T22:27:04.355+0000] {dagbag.py:538} INFO - Filling up the DagBag from /home/airflow/.local/lib/python3.8/site-packages/airflow/example_dags/example_task_group.py
[2026-04-01T22:27:04.358+0000] {processor.py:840} INFO - DAG(s) 'example_task_group' retrieved from /home/airflow/.local/lib/python3.8/site-packages/airflow/example_dags/example_task_group.py
[2026-04-01T22:27:04.365+0000] {logging_mixin.py:188} INFO - [2026-04-01T22:27:04.365+0000] {dag.py:3033} INFO - Sync 1 DAGs
[2026-04-01T22:27:04.373+0000] {logging_mixin.py:188} INFO - [2026-04-01T22:27:04.373+0000] {dag.py:3820} INFO - Setting next_dagrun for example_task_group to 2026-03-31T00:00:00+00:00, run_after=2026-04-01T00:00:00+00:00
[2026-04-01T22:27:04.379+0000] {processor.py:183} INFO - Processing /home/airflow/.local/lib/python3.8/site-packages/airflow/example_dags/example_task_group.py took 0.027 seconds
[2026-04-01T22:27:34.598+0000] {processor.py:161} INFO - Started process (PID=430) to work on /home/airflow/.local/lib/python3.8/site-packages/airflow/example_dags/example_task_group.py
[2026-04-01T22:27:34.599+0000] {processor.py:830} INFO - Processing file /home/airflow/.local/lib/python3.8/site-packages/airflow/example_dags/example_task_group.py for tasks to queue
[2026-04-01T22:27:34.599+0000] {logging_mixin.py:188} INFO - [2026-04-01T22:27:34.599+0000] {dagbag.py:538} INFO - Filling up the DagBag from /home/airflow/.local/lib/python3.8/site-packages/airflow/example_dags/example_task_group.py
[2026-04-01T22:27:34.602+0000] {processor.py:840} INFO - DAG(s) 'example_task_group' retrieved from /home/airflow/.local/lib/python3.8/site-packages/airflow/example_dags/example_task_group.py
[2026-04-01T22:27:34.610+0000] {logging_mixin.py:188} INFO - [2026-04-01T22:27:34.610+0000] {dag.py:3033} INFO - Sync 1 DAGs
[2026-04-01T22:27:34.617+0000] {logging_mixin.py:188} INFO - [2026-04-01T22:27:34.617+0000] {dag.py:3820} INFO - Setting next_dagrun for example_task_group to 2026-03-31T00:00:00+00:00, run_after=2026-04-01T00:00:00+00:00
[2026-04-01T22:27:34.622+0000] {processor.py:183} INFO - Processing /home/airflow/.local/lib/python3.8/site-packages/airflow/example_dags/example_task_group.py took 0.026 seconds
[2026-04-01T22:28:04.968+0000] {processor.py:161} INFO - Started process (PID=485) to work on /home/airflow/.local/lib/python3.8/site-packages/airflow/example_dags/example_task_group.py
[2026-04-01T22:28:04.969+0000] {processor.py:830} INFO - Processing file /home/airflow/.local/lib/python3.8/site-packages/airflow/example_dags/example_task_group.py for tasks to queue
[2026-04-01T22:28:04.970+0000] {logging_mixin.py:188} INFO - [2026-04-01T22:28:04.970+0000] {dagbag.py:538} INFO - Filling up the DagBag from /home/airflow/.local/lib/python3.8/site-packages/airflow/example_dags/example_task_group.py
[2026-04-01T22:28:04.973+0000] {processor.py:840} INFO - DAG(s) 'example_task_group' retrieved from /home/airflow/.local/lib/python3.8/site-packages/airflow/example_dags/example_task_group.py
[2026-04-01T22:28:04.982+0000] {logging_mixin.py:188} INFO - [2026-04-01T22:28:04.982+0000] {dag.py:3033} INFO - Sync 1 DAGs
[2026-04-01T22:28:04.990+0000] {logging_mixin.py:188} INFO - [2026-04-01T22:28:04.990+0000] {dag.py:3820} INFO - Setting next_dagrun for example_task_group to 2026-03-31T00:00:00+00:00, run_after=2026-04-01T00:00:00+00:00
[2026-04-01T22:28:04.997+0000] {processor.py:183} INFO - Processing /home/airflow/.local/lib/python3.8/site-packages/airflow/example_dags/example_task_group.py took 0.030 seconds
