[2026-04-01T22:24:03.847+0000] {processor.py:161} INFO - Started process (PID=86) to work on /home/airflow/.local/lib/python3.8/site-packages/airflow/example_dags/tutorial.py
[2026-04-01T22:24:03.848+0000] {processor.py:830} INFO - Processing file /home/airflow/.local/lib/python3.8/site-packages/airflow/example_dags/tutorial.py for tasks to queue
[2026-04-01T22:24:03.849+0000] {logging_mixin.py:188} INFO - [2026-04-01T22:24:03.849+0000] {dagbag.py:538} INFO - Filling up the DagBag from /home/airflow/.local/lib/python3.8/site-packages/airflow/example_dags/tutorial.py
[2026-04-01T22:24:03.852+0000] {processor.py:840} INFO - DAG(s) 'tutorial' retrieved from /home/airflow/.local/lib/python3.8/site-packages/airflow/example_dags/tutorial.py
[2026-04-01T22:24:03.874+0000] {logging_mixin.py:188} INFO - [2026-04-01T22:24:03.873+0000] {dag.py:3033} INFO - Sync 1 DAGs
[2026-04-01T22:24:03.917+0000] {logging_mixin.py:188} INFO - [2026-04-01T22:24:03.917+0000] {dag.py:3820} INFO - Setting next_dagrun for tutorial to 2026-03-31T00:00:00+00:00, run_after=2026-04-01T00:00:00+00:00
[2026-04-01T22:24:03.945+0000] {processor.py:183} INFO - Processing /home/airflow/.local/lib/python3.8/site-packages/airflow/example_dags/tutorial.py took 0.100 seconds
[2026-04-01T22:24:34.012+0000] {processor.py:161} INFO - Started process (PID=141) to work on /home/airflow/.local/lib/python3.8/site-packages/airflow/example_dags/tutorial.py
[2026-04-01T22:24:34.014+0000] {processor.py:830} INFO - Processing file /home/airflow/.local/lib/python3.8/site-packages/airflow/example_dags/tutorial.py for tasks to queue
[2026-04-01T22:24:34.015+0000] {logging_mixin.py:188} INFO - [2026-04-01T22:24:34.015+0000] {dagbag.py:538} INFO - Filling up the DagBag from /home/airflow/.local/lib/python3.8/site-packages/airflow/example_dags/tutorial.py
[2026-04-01T22:24:34.020+0000] {processor.py:840} INFO - DAG(s) 'tutorial' retrieved from /home/airflow/.local/lib/python3.8/site-packages/airflow/example_dags/tutorial.py
[2026-04-01T22:24:34.062+0000] {logging_mixin.py:188} INFO - [2026-04-01T22:24:34.062+0000] {dag.py:3033} INFO - Sync 1 DAGs
[2026-04-01T22:24:34.070+0000] {logging_mixin.py:188} INFO - [2026-04-01T22:24:34.070+0000] {dag.py:3820} INFO - Setting next_dagrun for tutorial to 2026-03-31T00:00:00+00:00, run_after=2026-04-01T00:00:00+00:00
[2026-04-01T22:24:34.079+0000] {processor.py:183} INFO - Processing /home/airflow/.local/lib/python3.8/site-packages/airflow/example_dags/tutorial.py took 0.070 seconds
[2026-04-01T22:25:05.000+0000] {processor.py:161} INFO - Started process (PID=196) to work on /home/airflow/.local/lib/python3.8/site-packages/airflow/example_dags/tutorial.py
[2026-04-01T22:25:05.001+0000] {processor.py:830} INFO - Processing file /home/airflow/.local/lib/python3.8/site-packages/airflow/example_dags/tutorial.py for tasks to queue
[2026-04-01T22:25:05.001+0000] {logging_mixin.py:188} INFO - [2026-04-01T22:25:05.001+0000] {dagbag.py:538} INFO - Filling up the DagBag from /home/airflow/.local/lib/python3.8/site-packages/airflow/example_dags/tutorial.py
[2026-04-01T22:25:05.004+0000] {processor.py:840} INFO - DAG(s) 'tutorial' retrieved from /home/airflow/.local/lib/python3.8/site-packages/airflow/example_dags/tutorial.py
[2026-04-01T22:25:05.013+0000] {logging_mixin.py:188} INFO - [2026-04-01T22:25:05.013+0000] {dag.py:3033} INFO - Sync 1 DAGs
[2026-04-01T22:25:05.023+0000] {logging_mixin.py:188} INFO - [2026-04-01T22:25:05.023+0000] {dag.py:3820} INFO - Setting next_dagrun for tutorial to 2026-03-31T00:00:00+00:00, run_after=2026-04-01T00:00:00+00:00
[2026-04-01T22:25:05.030+0000] {processor.py:183} INFO - Processing /home/airflow/.local/lib/python3.8/site-packages/airflow/example_dags/tutorial.py took 0.031 seconds
[2026-04-01T22:25:35.368+0000] {processor.py:161} INFO - Started process (PID=251) to work on /home/airflow/.local/lib/python3.8/site-packages/airflow/example_dags/tutorial.py
[2026-04-01T22:25:35.368+0000] {processor.py:830} INFO - Processing file /home/airflow/.local/lib/python3.8/site-packages/airflow/example_dags/tutorial.py for tasks to queue
[2026-04-01T22:25:35.369+0000] {logging_mixin.py:188} INFO - [2026-04-01T22:25:35.369+0000] {dagbag.py:538} INFO - Filling up the DagBag from /home/airflow/.local/lib/python3.8/site-packages/airflow/example_dags/tutorial.py
[2026-04-01T22:25:35.372+0000] {processor.py:840} INFO - DAG(s) 'tutorial' retrieved from /home/airflow/.local/lib/python3.8/site-packages/airflow/example_dags/tutorial.py
[2026-04-01T22:25:35.380+0000] {logging_mixin.py:188} INFO - [2026-04-01T22:25:35.380+0000] {dag.py:3033} INFO - Sync 1 DAGs
[2026-04-01T22:25:35.389+0000] {logging_mixin.py:188} INFO - [2026-04-01T22:25:35.389+0000] {dag.py:3820} INFO - Setting next_dagrun for tutorial to 2026-03-31T00:00:00+00:00, run_after=2026-04-01T00:00:00+00:00
[2026-04-01T22:25:35.396+0000] {processor.py:183} INFO - Processing /home/airflow/.local/lib/python3.8/site-packages/airflow/example_dags/tutorial.py took 0.030 seconds
[2026-04-01T22:26:05.658+0000] {processor.py:161} INFO - Started process (PID=312) to work on /home/airflow/.local/lib/python3.8/site-packages/airflow/example_dags/tutorial.py
[2026-04-01T22:26:05.659+0000] {processor.py:830} INFO - Processing file /home/airflow/.local/lib/python3.8/site-packages/airflow/example_dags/tutorial.py for tasks to queue
[2026-04-01T22:26:05.660+0000] {logging_mixin.py:188} INFO - [2026-04-01T22:26:05.660+0000] {dagbag.py:538} INFO - Filling up the DagBag from /home/airflow/.local/lib/python3.8/site-packages/airflow/example_dags/tutorial.py
[2026-04-01T22:26:05.663+0000] {processor.py:840} INFO - DAG(s) 'tutorial' retrieved from /home/airflow/.local/lib/python3.8/site-packages/airflow/example_dags/tutorial.py
[2026-04-01T22:26:05.672+0000] {logging_mixin.py:188} INFO - [2026-04-01T22:26:05.672+0000] {dag.py:3033} INFO - Sync 1 DAGs
[2026-04-01T22:26:05.682+0000] {logging_mixin.py:188} INFO - [2026-04-01T22:26:05.682+0000] {dag.py:3820} INFO - Setting next_dagrun for tutorial to 2026-03-31T00:00:00+00:00, run_after=2026-04-01T00:00:00+00:00
[2026-04-01T22:26:05.689+0000] {processor.py:183} INFO - Processing /home/airflow/.local/lib/python3.8/site-packages/airflow/example_dags/tutorial.py took 0.033 seconds
[2026-04-01T22:26:35.972+0000] {processor.py:161} INFO - Started process (PID=367) to work on /home/airflow/.local/lib/python3.8/site-packages/airflow/example_dags/tutorial.py
[2026-04-01T22:26:35.972+0000] {processor.py:830} INFO - Processing file /home/airflow/.local/lib/python3.8/site-packages/airflow/example_dags/tutorial.py for tasks to queue
[2026-04-01T22:26:35.975+0000] {logging_mixin.py:188} INFO - [2026-04-01T22:26:35.973+0000] {dagbag.py:538} INFO - Filling up the DagBag from /home/airflow/.local/lib/python3.8/site-packages/airflow/example_dags/tutorial.py
[2026-04-01T22:26:35.978+0000] {processor.py:840} INFO - DAG(s) 'tutorial' retrieved from /home/airflow/.local/lib/python3.8/site-packages/airflow/example_dags/tutorial.py
[2026-04-01T22:26:35.986+0000] {logging_mixin.py:188} INFO - [2026-04-01T22:26:35.986+0000] {dag.py:3033} INFO - Sync 1 DAGs
[2026-04-01T22:26:35.997+0000] {logging_mixin.py:188} INFO - [2026-04-01T22:26:35.997+0000] {dag.py:3820} INFO - Setting next_dagrun for tutorial to 2026-03-31T00:00:00+00:00, run_after=2026-04-01T00:00:00+00:00
[2026-04-01T22:26:36.004+0000] {processor.py:183} INFO - Processing /home/airflow/.local/lib/python3.8/site-packages/airflow/example_dags/tutorial.py took 0.034 seconds
[2026-04-01T22:27:06.195+0000] {processor.py:161} INFO - Started process (PID=422) to work on /home/airflow/.local/lib/python3.8/site-packages/airflow/example_dags/tutorial.py
[2026-04-01T22:27:06.195+0000] {processor.py:830} INFO - Processing file /home/airflow/.local/lib/python3.8/site-packages/airflow/example_dags/tutorial.py for tasks to queue
[2026-04-01T22:27:06.196+0000] {logging_mixin.py:188} INFO - [2026-04-01T22:27:06.196+0000] {dagbag.py:538} INFO - Filling up the DagBag from /home/airflow/.local/lib/python3.8/site-packages/airflow/example_dags/tutorial.py
[2026-04-01T22:27:06.198+0000] {processor.py:840} INFO - DAG(s) 'tutorial' retrieved from /home/airflow/.local/lib/python3.8/site-packages/airflow/example_dags/tutorial.py
[2026-04-01T22:27:06.208+0000] {logging_mixin.py:188} INFO - [2026-04-01T22:27:06.207+0000] {dag.py:3033} INFO - Sync 1 DAGs
[2026-04-01T22:27:06.215+0000] {logging_mixin.py:188} INFO - [2026-04-01T22:27:06.215+0000] {dag.py:3820} INFO - Setting next_dagrun for tutorial to 2026-03-31T00:00:00+00:00, run_after=2026-04-01T00:00:00+00:00
[2026-04-01T22:27:06.223+0000] {processor.py:183} INFO - Processing /home/airflow/.local/lib/python3.8/site-packages/airflow/example_dags/tutorial.py took 0.030 seconds
[2026-04-01T22:27:36.528+0000] {processor.py:161} INFO - Started process (PID=477) to work on /home/airflow/.local/lib/python3.8/site-packages/airflow/example_dags/tutorial.py
[2026-04-01T22:27:36.529+0000] {processor.py:830} INFO - Processing file /home/airflow/.local/lib/python3.8/site-packages/airflow/example_dags/tutorial.py for tasks to queue
[2026-04-01T22:27:36.530+0000] {logging_mixin.py:188} INFO - [2026-04-01T22:27:36.530+0000] {dagbag.py:538} INFO - Filling up the DagBag from /home/airflow/.local/lib/python3.8/site-packages/airflow/example_dags/tutorial.py
[2026-04-01T22:27:36.532+0000] {processor.py:840} INFO - DAG(s) 'tutorial' retrieved from /home/airflow/.local/lib/python3.8/site-packages/airflow/example_dags/tutorial.py
[2026-04-01T22:27:36.540+0000] {logging_mixin.py:188} INFO - [2026-04-01T22:27:36.540+0000] {dag.py:3033} INFO - Sync 1 DAGs
[2026-04-01T22:27:36.550+0000] {logging_mixin.py:188} INFO - [2026-04-01T22:27:36.549+0000] {dag.py:3820} INFO - Setting next_dagrun for tutorial to 2026-03-31T00:00:00+00:00, run_after=2026-04-01T00:00:00+00:00
[2026-04-01T22:27:36.556+0000] {processor.py:183} INFO - Processing /home/airflow/.local/lib/python3.8/site-packages/airflow/example_dags/tutorial.py took 0.030 seconds
[2026-04-01T22:28:06.951+0000] {processor.py:161} INFO - Started process (PID=532) to work on /home/airflow/.local/lib/python3.8/site-packages/airflow/example_dags/tutorial.py
[2026-04-01T22:28:06.953+0000] {processor.py:830} INFO - Processing file /home/airflow/.local/lib/python3.8/site-packages/airflow/example_dags/tutorial.py for tasks to queue
[2026-04-01T22:28:06.954+0000] {logging_mixin.py:188} INFO - [2026-04-01T22:28:06.954+0000] {dagbag.py:538} INFO - Filling up the DagBag from /home/airflow/.local/lib/python3.8/site-packages/airflow/example_dags/tutorial.py
[2026-04-01T22:28:06.956+0000] {processor.py:840} INFO - DAG(s) 'tutorial' retrieved from /home/airflow/.local/lib/python3.8/site-packages/airflow/example_dags/tutorial.py
[2026-04-01T22:28:06.965+0000] {logging_mixin.py:188} INFO - [2026-04-01T22:28:06.965+0000] {dag.py:3033} INFO - Sync 1 DAGs
[2026-04-01T22:28:06.973+0000] {logging_mixin.py:188} INFO - [2026-04-01T22:28:06.973+0000] {dag.py:3820} INFO - Setting next_dagrun for tutorial to 2026-03-31T00:00:00+00:00, run_after=2026-04-01T00:00:00+00:00
[2026-04-01T22:28:06.982+0000] {processor.py:183} INFO - Processing /home/airflow/.local/lib/python3.8/site-packages/airflow/example_dags/tutorial.py took 0.032 seconds
