[2026-04-01T22:24:02.390+0000] {processor.py:161} INFO - Started process (PID=52) to work on /home/airflow/.local/lib/python3.8/site-packages/airflow/example_dags/tutorial_taskflow_api.py
[2026-04-01T22:24:02.390+0000] {processor.py:830} INFO - Processing file /home/airflow/.local/lib/python3.8/site-packages/airflow/example_dags/tutorial_taskflow_api.py for tasks to queue
[2026-04-01T22:24:02.393+0000] {logging_mixin.py:188} INFO - [2026-04-01T22:24:02.392+0000] {dagbag.py:538} INFO - Filling up the DagBag from /home/airflow/.local/lib/python3.8/site-packages/airflow/example_dags/tutorial_taskflow_api.py
[2026-04-01T22:24:02.399+0000] {processor.py:840} INFO - DAG(s) 'tutorial_taskflow_api' retrieved from /home/airflow/.local/lib/python3.8/site-packages/airflow/example_dags/tutorial_taskflow_api.py
[2026-04-01T22:24:02.409+0000] {logging_mixin.py:188} INFO - [2026-04-01T22:24:02.409+0000] {dag.py:3033} INFO - Sync 1 DAGs
[2026-04-01T22:24:02.418+0000] {logging_mixin.py:188} INFO - [2026-04-01T22:24:02.418+0000] {dag.py:3820} INFO - Setting next_dagrun for tutorial_taskflow_api to None, run_after=None
[2026-04-01T22:24:02.427+0000] {processor.py:183} INFO - Processing /home/airflow/.local/lib/python3.8/site-packages/airflow/example_dags/tutorial_taskflow_api.py took 0.040 seconds
[2026-04-01T22:24:32.670+0000] {processor.py:161} INFO - Started process (PID=107) to work on /home/airflow/.local/lib/python3.8/site-packages/airflow/example_dags/tutorial_taskflow_api.py
[2026-04-01T22:24:32.671+0000] {processor.py:830} INFO - Processing file /home/airflow/.local/lib/python3.8/site-packages/airflow/example_dags/tutorial_taskflow_api.py for tasks to queue
[2026-04-01T22:24:32.672+0000] {logging_mixin.py:188} INFO - [2026-04-01T22:24:32.672+0000] {dagbag.py:538} INFO - Filling up the DagBag from /home/airflow/.local/lib/python3.8/site-packages/airflow/example_dags/tutorial_taskflow_api.py
[2026-04-01T22:24:32.675+0000] {processor.py:840} INFO - DAG(s) 'tutorial_taskflow_api' retrieved from /home/airflow/.local/lib/python3.8/site-packages/airflow/example_dags/tutorial_taskflow_api.py
[2026-04-01T22:24:32.718+0000] {logging_mixin.py:188} INFO - [2026-04-01T22:24:32.718+0000] {dag.py:3033} INFO - Sync 1 DAGs
[2026-04-01T22:24:32.722+0000] {logging_mixin.py:188} INFO - [2026-04-01T22:24:32.722+0000] {dag.py:3820} INFO - Setting next_dagrun for tutorial_taskflow_api to None, run_after=None
[2026-04-01T22:24:32.730+0000] {processor.py:183} INFO - Processing /home/airflow/.local/lib/python3.8/site-packages/airflow/example_dags/tutorial_taskflow_api.py took 0.061 seconds
[2026-04-01T22:25:02.968+0000] {processor.py:161} INFO - Started process (PID=162) to work on /home/airflow/.local/lib/python3.8/site-packages/airflow/example_dags/tutorial_taskflow_api.py
[2026-04-01T22:25:02.969+0000] {processor.py:830} INFO - Processing file /home/airflow/.local/lib/python3.8/site-packages/airflow/example_dags/tutorial_taskflow_api.py for tasks to queue
[2026-04-01T22:25:02.971+0000] {logging_mixin.py:188} INFO - [2026-04-01T22:25:02.970+0000] {dagbag.py:538} INFO - Filling up the DagBag from /home/airflow/.local/lib/python3.8/site-packages/airflow/example_dags/tutorial_taskflow_api.py
[2026-04-01T22:25:02.974+0000] {processor.py:840} INFO - DAG(s) 'tutorial_taskflow_api' retrieved from /home/airflow/.local/lib/python3.8/site-packages/airflow/example_dags/tutorial_taskflow_api.py
[2026-04-01T22:25:02.986+0000] {logging_mixin.py:188} INFO - [2026-04-01T22:25:02.986+0000] {dag.py:3033} INFO - Sync 1 DAGs
[2026-04-01T22:25:02.996+0000] {logging_mixin.py:188} INFO - [2026-04-01T22:25:02.996+0000] {dag.py:3820} INFO - Setting next_dagrun for tutorial_taskflow_api to None, run_after=None
[2026-04-01T22:25:03.005+0000] {processor.py:183} INFO - Processing /home/airflow/.local/lib/python3.8/site-packages/airflow/example_dags/tutorial_taskflow_api.py took 0.039 seconds
[2026-04-01T22:25:33.541+0000] {processor.py:161} INFO - Started process (PID=217) to work on /home/airflow/.local/lib/python3.8/site-packages/airflow/example_dags/tutorial_taskflow_api.py
[2026-04-01T22:25:33.542+0000] {processor.py:830} INFO - Processing file /home/airflow/.local/lib/python3.8/site-packages/airflow/example_dags/tutorial_taskflow_api.py for tasks to queue
[2026-04-01T22:25:33.543+0000] {logging_mixin.py:188} INFO - [2026-04-01T22:25:33.543+0000] {dagbag.py:538} INFO - Filling up the DagBag from /home/airflow/.local/lib/python3.8/site-packages/airflow/example_dags/tutorial_taskflow_api.py
[2026-04-01T22:25:33.546+0000] {processor.py:840} INFO - DAG(s) 'tutorial_taskflow_api' retrieved from /home/airflow/.local/lib/python3.8/site-packages/airflow/example_dags/tutorial_taskflow_api.py
[2026-04-01T22:25:33.555+0000] {logging_mixin.py:188} INFO - [2026-04-01T22:25:33.555+0000] {dag.py:3033} INFO - Sync 1 DAGs
[2026-04-01T22:25:33.560+0000] {logging_mixin.py:188} INFO - [2026-04-01T22:25:33.560+0000] {dag.py:3820} INFO - Setting next_dagrun for tutorial_taskflow_api to None, run_after=None
[2026-04-01T22:25:33.566+0000] {processor.py:183} INFO - Processing /home/airflow/.local/lib/python3.8/site-packages/airflow/example_dags/tutorial_taskflow_api.py took 0.027 seconds
[2026-04-01T22:26:03.928+0000] {processor.py:161} INFO - Started process (PID=272) to work on /home/airflow/.local/lib/python3.8/site-packages/airflow/example_dags/tutorial_taskflow_api.py
[2026-04-01T22:26:03.928+0000] {processor.py:830} INFO - Processing file /home/airflow/.local/lib/python3.8/site-packages/airflow/example_dags/tutorial_taskflow_api.py for tasks to queue
[2026-04-01T22:26:03.929+0000] {logging_mixin.py:188} INFO - [2026-04-01T22:26:03.929+0000] {dagbag.py:538} INFO - Filling up the DagBag from /home/airflow/.local/lib/python3.8/site-packages/airflow/example_dags/tutorial_taskflow_api.py
[2026-04-01T22:26:03.931+0000] {processor.py:840} INFO - DAG(s) 'tutorial_taskflow_api' retrieved from /home/airflow/.local/lib/python3.8/site-packages/airflow/example_dags/tutorial_taskflow_api.py
[2026-04-01T22:26:03.938+0000] {logging_mixin.py:188} INFO - [2026-04-01T22:26:03.938+0000] {dag.py:3033} INFO - Sync 1 DAGs
[2026-04-01T22:26:03.942+0000] {logging_mixin.py:188} INFO - [2026-04-01T22:26:03.942+0000] {dag.py:3820} INFO - Setting next_dagrun for tutorial_taskflow_api to None, run_after=None
[2026-04-01T22:26:03.947+0000] {processor.py:183} INFO - Processing /home/airflow/.local/lib/python3.8/site-packages/airflow/example_dags/tutorial_taskflow_api.py took 0.021 seconds
[2026-04-01T22:26:34.237+0000] {processor.py:161} INFO - Started process (PID=327) to work on /home/airflow/.local/lib/python3.8/site-packages/airflow/example_dags/tutorial_taskflow_api.py
[2026-04-01T22:26:34.238+0000] {processor.py:830} INFO - Processing file /home/airflow/.local/lib/python3.8/site-packages/airflow/example_dags/tutorial_taskflow_api.py for tasks to queue
[2026-04-01T22:26:34.239+0000] {logging_mixin.py:188} INFO - [2026-04-01T22:26:34.239+0000] {dagbag.py:538} INFO - Filling up the DagBag from /home/airflow/.local/lib/python3.8/site-packages/airflow/example_dags/tutorial_taskflow_api.py
[2026-04-01T22:26:34.241+0000] {processor.py:840} INFO - DAG(s) 'tutorial_taskflow_api' retrieved from /home/airflow/.local/lib/python3.8/site-packages/airflow/example_dags/tutorial_taskflow_api.py
[2026-04-01T22:26:34.249+0000] {logging_mixin.py:188} INFO - [2026-04-01T22:26:34.249+0000] {dag.py:3033} INFO - Sync 1 DAGs
[2026-04-01T22:26:34.254+0000] {logging_mixin.py:188} INFO - [2026-04-01T22:26:34.254+0000] {dag.py:3820} INFO - Setting next_dagrun for tutorial_taskflow_api to None, run_after=None
[2026-04-01T22:26:34.262+0000] {processor.py:183} INFO - Processing /home/airflow/.local/lib/python3.8/site-packages/airflow/example_dags/tutorial_taskflow_api.py took 0.027 seconds
[2026-04-01T22:27:04.495+0000] {processor.py:161} INFO - Started process (PID=382) to work on /home/airflow/.local/lib/python3.8/site-packages/airflow/example_dags/tutorial_taskflow_api.py
[2026-04-01T22:27:04.495+0000] {processor.py:830} INFO - Processing file /home/airflow/.local/lib/python3.8/site-packages/airflow/example_dags/tutorial_taskflow_api.py for tasks to queue
[2026-04-01T22:27:04.496+0000] {logging_mixin.py:188} INFO - [2026-04-01T22:27:04.496+0000] {dagbag.py:538} INFO - Filling up the DagBag from /home/airflow/.local/lib/python3.8/site-packages/airflow/example_dags/tutorial_taskflow_api.py
[2026-04-01T22:27:04.499+0000] {processor.py:840} INFO - DAG(s) 'tutorial_taskflow_api' retrieved from /home/airflow/.local/lib/python3.8/site-packages/airflow/example_dags/tutorial_taskflow_api.py
[2026-04-01T22:27:04.506+0000] {logging_mixin.py:188} INFO - [2026-04-01T22:27:04.505+0000] {dag.py:3033} INFO - Sync 1 DAGs
[2026-04-01T22:27:04.510+0000] {logging_mixin.py:188} INFO - [2026-04-01T22:27:04.510+0000] {dag.py:3820} INFO - Setting next_dagrun for tutorial_taskflow_api to None, run_after=None
[2026-04-01T22:27:04.516+0000] {processor.py:183} INFO - Processing /home/airflow/.local/lib/python3.8/site-packages/airflow/example_dags/tutorial_taskflow_api.py took 0.022 seconds
[2026-04-01T22:27:34.751+0000] {processor.py:161} INFO - Started process (PID=437) to work on /home/airflow/.local/lib/python3.8/site-packages/airflow/example_dags/tutorial_taskflow_api.py
[2026-04-01T22:27:34.752+0000] {processor.py:830} INFO - Processing file /home/airflow/.local/lib/python3.8/site-packages/airflow/example_dags/tutorial_taskflow_api.py for tasks to queue
[2026-04-01T22:27:34.753+0000] {logging_mixin.py:188} INFO - [2026-04-01T22:27:34.753+0000] {dagbag.py:538} INFO - Filling up the DagBag from /home/airflow/.local/lib/python3.8/site-packages/airflow/example_dags/tutorial_taskflow_api.py
[2026-04-01T22:27:34.756+0000] {processor.py:840} INFO - DAG(s) 'tutorial_taskflow_api' retrieved from /home/airflow/.local/lib/python3.8/site-packages/airflow/example_dags/tutorial_taskflow_api.py
[2026-04-01T22:27:34.768+0000] {logging_mixin.py:188} INFO - [2026-04-01T22:27:34.768+0000] {dag.py:3033} INFO - Sync 1 DAGs
[2026-04-01T22:27:34.773+0000] {logging_mixin.py:188} INFO - [2026-04-01T22:27:34.772+0000] {dag.py:3820} INFO - Setting next_dagrun for tutorial_taskflow_api to None, run_after=None
[2026-04-01T22:27:34.783+0000] {processor.py:183} INFO - Processing /home/airflow/.local/lib/python3.8/site-packages/airflow/example_dags/tutorial_taskflow_api.py took 0.033 seconds
[2026-04-01T22:28:05.112+0000] {processor.py:161} INFO - Started process (PID=492) to work on /home/airflow/.local/lib/python3.8/site-packages/airflow/example_dags/tutorial_taskflow_api.py
[2026-04-01T22:28:05.113+0000] {processor.py:830} INFO - Processing file /home/airflow/.local/lib/python3.8/site-packages/airflow/example_dags/tutorial_taskflow_api.py for tasks to queue
[2026-04-01T22:28:05.114+0000] {logging_mixin.py:188} INFO - [2026-04-01T22:28:05.114+0000] {dagbag.py:538} INFO - Filling up the DagBag from /home/airflow/.local/lib/python3.8/site-packages/airflow/example_dags/tutorial_taskflow_api.py
[2026-04-01T22:28:05.121+0000] {processor.py:840} INFO - DAG(s) 'tutorial_taskflow_api' retrieved from /home/airflow/.local/lib/python3.8/site-packages/airflow/example_dags/tutorial_taskflow_api.py
[2026-04-01T22:28:05.132+0000] {logging_mixin.py:188} INFO - [2026-04-01T22:28:05.132+0000] {dag.py:3033} INFO - Sync 1 DAGs
[2026-04-01T22:28:05.138+0000] {logging_mixin.py:188} INFO - [2026-04-01T22:28:05.138+0000] {dag.py:3820} INFO - Setting next_dagrun for tutorial_taskflow_api to None, run_after=None
[2026-04-01T22:28:05.144+0000] {processor.py:183} INFO - Processing /home/airflow/.local/lib/python3.8/site-packages/airflow/example_dags/tutorial_taskflow_api.py took 0.034 seconds
