[2026-04-01T22:24:02.613+0000] {processor.py:161} INFO - Started process (PID=57) to work on /home/airflow/.local/lib/python3.8/site-packages/airflow/example_dags/tutorial_objectstorage.py
[2026-04-01T22:24:02.613+0000] {processor.py:830} INFO - Processing file /home/airflow/.local/lib/python3.8/site-packages/airflow/example_dags/tutorial_objectstorage.py for tasks to queue
[2026-04-01T22:24:02.615+0000] {logging_mixin.py:188} INFO - [2026-04-01T22:24:02.615+0000] {dagbag.py:538} INFO - Filling up the DagBag from /home/airflow/.local/lib/python3.8/site-packages/airflow/example_dags/tutorial_objectstorage.py
[2026-04-01T22:24:02.619+0000] {processor.py:840} INFO - DAG(s) 'tutorial_objectstorage' retrieved from /home/airflow/.local/lib/python3.8/site-packages/airflow/example_dags/tutorial_objectstorage.py
[2026-04-01T22:24:02.627+0000] {logging_mixin.py:188} INFO - [2026-04-01T22:24:02.627+0000] {dag.py:3033} INFO - Sync 1 DAGs
[2026-04-01T22:24:02.634+0000] {logging_mixin.py:188} INFO - [2026-04-01T22:24:02.634+0000] {dag.py:3820} INFO - Setting next_dagrun for tutorial_objectstorage to None, run_after=None
[2026-04-01T22:24:02.649+0000] {processor.py:183} INFO - Processing /home/airflow/.local/lib/python3.8/site-packages/airflow/example_dags/tutorial_objectstorage.py took 0.038 seconds
[2026-04-01T22:24:32.830+0000] {processor.py:161} INFO - Started process (PID=112) to work on /home/airflow/.local/lib/python3.8/site-packages/airflow/example_dags/tutorial_objectstorage.py
[2026-04-01T22:24:32.831+0000] {processor.py:830} INFO - Processing file /home/airflow/.local/lib/python3.8/site-packages/airflow/example_dags/tutorial_objectstorage.py for tasks to queue
[2026-04-01T22:24:32.832+0000] {logging_mixin.py:188} INFO - [2026-04-01T22:24:32.832+0000] {dagbag.py:538} INFO - Filling up the DagBag from /home/airflow/.local/lib/python3.8/site-packages/airflow/example_dags/tutorial_objectstorage.py
[2026-04-01T22:24:32.837+0000] {processor.py:840} INFO - DAG(s) 'tutorial_objectstorage' retrieved from /home/airflow/.local/lib/python3.8/site-packages/airflow/example_dags/tutorial_objectstorage.py
[2026-04-01T22:24:32.873+0000] {logging_mixin.py:188} INFO - [2026-04-01T22:24:32.873+0000] {dag.py:3033} INFO - Sync 1 DAGs
[2026-04-01T22:24:32.877+0000] {logging_mixin.py:188} INFO - [2026-04-01T22:24:32.877+0000] {dag.py:3820} INFO - Setting next_dagrun for tutorial_objectstorage to None, run_after=None
[2026-04-01T22:24:32.887+0000] {processor.py:183} INFO - Processing /home/airflow/.local/lib/python3.8/site-packages/airflow/example_dags/tutorial_objectstorage.py took 0.059 seconds
[2026-04-01T22:25:03.117+0000] {processor.py:161} INFO - Started process (PID=167) to work on /home/airflow/.local/lib/python3.8/site-packages/airflow/example_dags/tutorial_objectstorage.py
[2026-04-01T22:25:03.118+0000] {processor.py:830} INFO - Processing file /home/airflow/.local/lib/python3.8/site-packages/airflow/example_dags/tutorial_objectstorage.py for tasks to queue
[2026-04-01T22:25:03.120+0000] {logging_mixin.py:188} INFO - [2026-04-01T22:25:03.119+0000] {dagbag.py:538} INFO - Filling up the DagBag from /home/airflow/.local/lib/python3.8/site-packages/airflow/example_dags/tutorial_objectstorage.py
[2026-04-01T22:25:03.123+0000] {processor.py:840} INFO - DAG(s) 'tutorial_objectstorage' retrieved from /home/airflow/.local/lib/python3.8/site-packages/airflow/example_dags/tutorial_objectstorage.py
[2026-04-01T22:25:03.133+0000] {logging_mixin.py:188} INFO - [2026-04-01T22:25:03.133+0000] {dag.py:3033} INFO - Sync 1 DAGs
[2026-04-01T22:25:03.139+0000] {logging_mixin.py:188} INFO - [2026-04-01T22:25:03.139+0000] {dag.py:3820} INFO - Setting next_dagrun for tutorial_objectstorage to None, run_after=None
[2026-04-01T22:25:03.151+0000] {processor.py:183} INFO - Processing /home/airflow/.local/lib/python3.8/site-packages/airflow/example_dags/tutorial_objectstorage.py took 0.036 seconds
[2026-04-01T22:25:33.651+0000] {processor.py:161} INFO - Started process (PID=222) to work on /home/airflow/.local/lib/python3.8/site-packages/airflow/example_dags/tutorial_objectstorage.py
[2026-04-01T22:25:33.651+0000] {processor.py:830} INFO - Processing file /home/airflow/.local/lib/python3.8/site-packages/airflow/example_dags/tutorial_objectstorage.py for tasks to queue
[2026-04-01T22:25:33.653+0000] {logging_mixin.py:188} INFO - [2026-04-01T22:25:33.653+0000] {dagbag.py:538} INFO - Filling up the DagBag from /home/airflow/.local/lib/python3.8/site-packages/airflow/example_dags/tutorial_objectstorage.py
[2026-04-01T22:25:33.660+0000] {processor.py:840} INFO - DAG(s) 'tutorial_objectstorage' retrieved from /home/airflow/.local/lib/python3.8/site-packages/airflow/example_dags/tutorial_objectstorage.py
[2026-04-01T22:25:33.669+0000] {logging_mixin.py:188} INFO - [2026-04-01T22:25:33.669+0000] {dag.py:3033} INFO - Sync 1 DAGs
[2026-04-01T22:25:33.675+0000] {logging_mixin.py:188} INFO - [2026-04-01T22:25:33.675+0000] {dag.py:3820} INFO - Setting next_dagrun for tutorial_objectstorage to None, run_after=None
[2026-04-01T22:25:33.684+0000] {processor.py:183} INFO - Processing /home/airflow/.local/lib/python3.8/site-packages/airflow/example_dags/tutorial_objectstorage.py took 0.035 seconds
[2026-04-01T22:26:04.018+0000] {processor.py:161} INFO - Started process (PID=277) to work on /home/airflow/.local/lib/python3.8/site-packages/airflow/example_dags/tutorial_objectstorage.py
[2026-04-01T22:26:04.018+0000] {processor.py:830} INFO - Processing file /home/airflow/.local/lib/python3.8/site-packages/airflow/example_dags/tutorial_objectstorage.py for tasks to queue
[2026-04-01T22:26:04.019+0000] {logging_mixin.py:188} INFO - [2026-04-01T22:26:04.018+0000] {dagbag.py:538} INFO - Filling up the DagBag from /home/airflow/.local/lib/python3.8/site-packages/airflow/example_dags/tutorial_objectstorage.py
[2026-04-01T22:26:04.021+0000] {processor.py:840} INFO - DAG(s) 'tutorial_objectstorage' retrieved from /home/airflow/.local/lib/python3.8/site-packages/airflow/example_dags/tutorial_objectstorage.py
[2026-04-01T22:26:04.028+0000] {logging_mixin.py:188} INFO - [2026-04-01T22:26:04.028+0000] {dag.py:3033} INFO - Sync 1 DAGs
[2026-04-01T22:26:04.032+0000] {logging_mixin.py:188} INFO - [2026-04-01T22:26:04.031+0000] {dag.py:3820} INFO - Setting next_dagrun for tutorial_objectstorage to None, run_after=None
[2026-04-01T22:26:04.037+0000] {processor.py:183} INFO - Processing /home/airflow/.local/lib/python3.8/site-packages/airflow/example_dags/tutorial_objectstorage.py took 0.020 seconds
[2026-04-01T22:26:34.338+0000] {processor.py:161} INFO - Started process (PID=332) to work on /home/airflow/.local/lib/python3.8/site-packages/airflow/example_dags/tutorial_objectstorage.py
[2026-04-01T22:26:34.339+0000] {processor.py:830} INFO - Processing file /home/airflow/.local/lib/python3.8/site-packages/airflow/example_dags/tutorial_objectstorage.py for tasks to queue
[2026-04-01T22:26:34.340+0000] {logging_mixin.py:188} INFO - [2026-04-01T22:26:34.340+0000] {dagbag.py:538} INFO - Filling up the DagBag from /home/airflow/.local/lib/python3.8/site-packages/airflow/example_dags/tutorial_objectstorage.py
[2026-04-01T22:26:34.342+0000] {processor.py:840} INFO - DAG(s) 'tutorial_objectstorage' retrieved from /home/airflow/.local/lib/python3.8/site-packages/airflow/example_dags/tutorial_objectstorage.py
[2026-04-01T22:26:34.350+0000] {logging_mixin.py:188} INFO - [2026-04-01T22:26:34.350+0000] {dag.py:3033} INFO - Sync 1 DAGs
[2026-04-01T22:26:34.357+0000] {logging_mixin.py:188} INFO - [2026-04-01T22:26:34.357+0000] {dag.py:3820} INFO - Setting next_dagrun for tutorial_objectstorage to None, run_after=None
[2026-04-01T22:26:34.364+0000] {processor.py:183} INFO - Processing /home/airflow/.local/lib/python3.8/site-packages/airflow/example_dags/tutorial_objectstorage.py took 0.027 seconds
[2026-04-01T22:27:04.585+0000] {processor.py:161} INFO - Started process (PID=387) to work on /home/airflow/.local/lib/python3.8/site-packages/airflow/example_dags/tutorial_objectstorage.py
[2026-04-01T22:27:04.585+0000] {processor.py:830} INFO - Processing file /home/airflow/.local/lib/python3.8/site-packages/airflow/example_dags/tutorial_objectstorage.py for tasks to queue
[2026-04-01T22:27:04.586+0000] {logging_mixin.py:188} INFO - [2026-04-01T22:27:04.586+0000] {dagbag.py:538} INFO - Filling up the DagBag from /home/airflow/.local/lib/python3.8/site-packages/airflow/example_dags/tutorial_objectstorage.py
[2026-04-01T22:27:04.588+0000] {processor.py:840} INFO - DAG(s) 'tutorial_objectstorage' retrieved from /home/airflow/.local/lib/python3.8/site-packages/airflow/example_dags/tutorial_objectstorage.py
[2026-04-01T22:27:04.595+0000] {logging_mixin.py:188} INFO - [2026-04-01T22:27:04.595+0000] {dag.py:3033} INFO - Sync 1 DAGs
[2026-04-01T22:27:04.599+0000] {logging_mixin.py:188} INFO - [2026-04-01T22:27:04.599+0000] {dag.py:3820} INFO - Setting next_dagrun for tutorial_objectstorage to None, run_after=None
[2026-04-01T22:27:04.604+0000] {processor.py:183} INFO - Processing /home/airflow/.local/lib/python3.8/site-packages/airflow/example_dags/tutorial_objectstorage.py took 0.020 seconds
[2026-04-01T22:27:34.878+0000] {processor.py:161} INFO - Started process (PID=442) to work on /home/airflow/.local/lib/python3.8/site-packages/airflow/example_dags/tutorial_objectstorage.py
[2026-04-01T22:27:34.878+0000] {processor.py:830} INFO - Processing file /home/airflow/.local/lib/python3.8/site-packages/airflow/example_dags/tutorial_objectstorage.py for tasks to queue
[2026-04-01T22:27:34.879+0000] {logging_mixin.py:188} INFO - [2026-04-01T22:27:34.879+0000] {dagbag.py:538} INFO - Filling up the DagBag from /home/airflow/.local/lib/python3.8/site-packages/airflow/example_dags/tutorial_objectstorage.py
[2026-04-01T22:27:34.884+0000] {processor.py:840} INFO - DAG(s) 'tutorial_objectstorage' retrieved from /home/airflow/.local/lib/python3.8/site-packages/airflow/example_dags/tutorial_objectstorage.py
[2026-04-01T22:27:34.895+0000] {logging_mixin.py:188} INFO - [2026-04-01T22:27:34.895+0000] {dag.py:3033} INFO - Sync 1 DAGs
[2026-04-01T22:27:34.900+0000] {logging_mixin.py:188} INFO - [2026-04-01T22:27:34.900+0000] {dag.py:3820} INFO - Setting next_dagrun for tutorial_objectstorage to None, run_after=None
[2026-04-01T22:27:34.907+0000] {processor.py:183} INFO - Processing /home/airflow/.local/lib/python3.8/site-packages/airflow/example_dags/tutorial_objectstorage.py took 0.032 seconds
[2026-04-01T22:28:05.205+0000] {processor.py:161} INFO - Started process (PID=497) to work on /home/airflow/.local/lib/python3.8/site-packages/airflow/example_dags/tutorial_objectstorage.py
[2026-04-01T22:28:05.206+0000] {processor.py:830} INFO - Processing file /home/airflow/.local/lib/python3.8/site-packages/airflow/example_dags/tutorial_objectstorage.py for tasks to queue
[2026-04-01T22:28:05.207+0000] {logging_mixin.py:188} INFO - [2026-04-01T22:28:05.207+0000] {dagbag.py:538} INFO - Filling up the DagBag from /home/airflow/.local/lib/python3.8/site-packages/airflow/example_dags/tutorial_objectstorage.py
[2026-04-01T22:28:05.210+0000] {processor.py:840} INFO - DAG(s) 'tutorial_objectstorage' retrieved from /home/airflow/.local/lib/python3.8/site-packages/airflow/example_dags/tutorial_objectstorage.py
[2026-04-01T22:28:05.217+0000] {logging_mixin.py:188} INFO - [2026-04-01T22:28:05.217+0000] {dag.py:3033} INFO - Sync 1 DAGs
[2026-04-01T22:28:05.222+0000] {logging_mixin.py:188} INFO - [2026-04-01T22:28:05.222+0000] {dag.py:3820} INFO - Setting next_dagrun for tutorial_objectstorage to None, run_after=None
[2026-04-01T22:28:05.230+0000] {processor.py:183} INFO - Processing /home/airflow/.local/lib/python3.8/site-packages/airflow/example_dags/tutorial_objectstorage.py took 0.027 seconds
