[2026-04-06T01:17:38.571+0000] {taskinstance.py:1957} INFO - Dependencies all met for dep_context=non-requeueable deps ti=<TaskInstance: market_intelligence_pipeline.ingest_fred_macro manual__2026-04-06T01:17:37.487911+00:00 [queued]>
[2026-04-06T01:17:38.578+0000] {taskinstance.py:1957} INFO - Dependencies all met for dep_context=requeueable deps ti=<TaskInstance: market_intelligence_pipeline.ingest_fred_macro manual__2026-04-06T01:17:37.487911+00:00 [queued]>
[2026-04-06T01:17:38.578+0000] {taskinstance.py:2171} INFO - Starting attempt 1 of 2
[2026-04-06T01:17:38.585+0000] {taskinstance.py:2192} INFO - Executing <Task(BashOperator): ingest_fred_macro> on 2026-04-06 01:17:37.487911+00:00
[2026-04-06T01:17:38.587+0000] {standard_task_runner.py:60} INFO - Started process 292 to run task
[2026-04-06T01:17:38.589+0000] {standard_task_runner.py:87} INFO - Running: ['***', 'tasks', 'run', 'market_intelligence_pipeline', 'ingest_fred_macro', 'manual__2026-04-06T01:17:37.487911+00:00', '--job-id', '64', '--raw', '--subdir', 'DAGS_FOLDER/***/dags/market_intelligence_dag.py', '--cfg-path', '/tmp/tmp2oz5uq9e']
[2026-04-06T01:17:38.590+0000] {standard_task_runner.py:88} INFO - Job 64: Subtask ingest_fred_macro
[2026-04-06T01:17:38.615+0000] {task_command.py:423} INFO - Running <TaskInstance: market_intelligence_pipeline.ingest_fred_macro manual__2026-04-06T01:17:37.487911+00:00 [running]> on host 737eb838730f
[2026-04-06T01:17:38.648+0000] {taskinstance.py:2481} INFO - Exporting env vars: AIRFLOW_CTX_DAG_OWNER='andres' AIRFLOW_CTX_DAG_ID='market_intelligence_pipeline' AIRFLOW_CTX_TASK_ID='ingest_fred_macro' AIRFLOW_CTX_EXECUTION_DATE='2026-04-06T01:17:37.487911+00:00' AIRFLOW_CTX_TRY_NUMBER='1' AIRFLOW_CTX_DAG_RUN_ID='manual__2026-04-06T01:17:37.487911+00:00'
[2026-04-06T01:17:38.648+0000] {subprocess.py:63} INFO - Tmp dir root location: /tmp
[2026-04-06T01:17:38.649+0000] {subprocess.py:75} INFO - Running command: ['/usr/bin/bash', '-c', 'cd /opt/***/dags && python3 ingestion/fred_macro.py']
[2026-04-06T01:17:38.653+0000] {subprocess.py:86} INFO - Output:
[2026-04-06T01:17:38.906+0000] {subprocess.py:93} INFO - 2026-04-06 01:17:38,906 | INFO | ============================================================
[2026-04-06T01:17:38.906+0000] {subprocess.py:93} INFO - 2026-04-06 01:17:38,906 | INFO | Starting FRED macro ingestion
[2026-04-06T01:17:38.906+0000] {subprocess.py:93} INFO - 2026-04-06 01:17:38,906 | INFO | Indicators: ['FEDFUNDS', 'CPIAUCSL', 'GS10', 'UNRATE', 'GDP']
[2026-04-06T01:17:38.906+0000] {subprocess.py:93} INFO - 2026-04-06 01:17:38,906 | INFO | Date range: 2024-01-01 to 2026-04-06
[2026-04-06T01:17:38.906+0000] {subprocess.py:93} INFO - 2026-04-06 01:17:38,906 | INFO | ============================================================
[2026-04-06T01:17:38.907+0000] {subprocess.py:93} INFO - 2026-04-06 01:17:38,906 | INFO | Output directory ready: data/bronze/fred_macro
[2026-04-06T01:17:38.907+0000] {subprocess.py:93} INFO - 2026-04-06 01:17:38,906 | INFO | Fetching FEDFUNDS (federal_funds_rate)...
[2026-04-06T01:17:39.529+0000] {subprocess.py:93} INFO - 2026-04-06 01:17:39,529 | INFO |   -> 27 rows fetched for FEDFUNDS
[2026-04-06T01:17:39.529+0000] {subprocess.py:93} INFO - 2026-04-06 01:17:39,529 | INFO | Fetching CPIAUCSL (consumer_price_index)...
[2026-04-06T01:17:39.720+0000] {subprocess.py:93} INFO - 2026-04-06 01:17:39,720 | WARNING |   -> 1 null values dropped for CPIAUCSL
[2026-04-06T01:17:39.724+0000] {subprocess.py:93} INFO - 2026-04-06 01:17:39,723 | INFO |   -> 25 rows fetched for CPIAUCSL
[2026-04-06T01:17:39.724+0000] {subprocess.py:93} INFO - 2026-04-06 01:17:39,724 | INFO | Fetching GS10 (treasury_yield_10y)...
[2026-04-06T01:17:39.929+0000] {subprocess.py:93} INFO - 2026-04-06 01:17:39,929 | INFO |   -> 27 rows fetched for GS10
[2026-04-06T01:17:39.929+0000] {subprocess.py:93} INFO - 2026-04-06 01:17:39,929 | INFO | Fetching UNRATE (unemployment_rate)...
[2026-04-06T01:17:40.206+0000] {subprocess.py:93} INFO - 2026-04-06 01:17:40,206 | WARNING |   -> 1 null values dropped for UNRATE
[2026-04-06T01:17:40.207+0000] {subprocess.py:93} INFO - 2026-04-06 01:17:40,207 | INFO |   -> 26 rows fetched for UNRATE
[2026-04-06T01:17:40.207+0000] {subprocess.py:93} INFO - 2026-04-06 01:17:40,207 | INFO | Fetching GDP (gross_domestic_product)...
[2026-04-06T01:17:40.445+0000] {subprocess.py:93} INFO - 2026-04-06 01:17:40,444 | INFO |   -> 8 rows fetched for GDP
[2026-04-06T01:17:40.446+0000] {subprocess.py:93} INFO - 2026-04-06 01:17:40,446 | INFO | Total rows fetched: 113
[2026-04-06T01:17:40.447+0000] {subprocess.py:93} INFO - 2026-04-06 01:17:40,446 | INFO | Running data quality checks...
[2026-04-06T01:17:40.454+0000] {subprocess.py:93} INFO - 2026-04-06 01:17:40,454 | INFO | Summary by indicator:
[2026-04-06T01:17:40.455+0000] {subprocess.py:93} INFO -            count        min        max
[2026-04-06T01:17:40.455+0000] {subprocess.py:93} INFO - series_id
[2026-04-06T01:17:40.455+0000] {subprocess.py:93} INFO - CPIAUCSL      25    309.698    327.460
[2026-04-06T01:17:40.455+0000] {subprocess.py:93} INFO - FEDFUNDS      27      3.640      5.330
[2026-04-06T01:17:40.456+0000] {subprocess.py:93} INFO - GDP            8  28708.161  31442.483
[2026-04-06T01:17:40.456+0000] {subprocess.py:93} INFO - GS10          27      3.720      4.630
[2026-04-06T01:17:40.456+0000] {subprocess.py:93} INFO - UNRATE        26      3.700      4.500
[2026-04-06T01:17:40.456+0000] {subprocess.py:93} INFO - 2026-04-06 01:17:40,454 | INFO | Quality checks passed. Shape: (113, 6)
[2026-04-06T01:17:40.459+0000] {subprocess.py:93} INFO - 2026-04-06 01:17:40,459 | INFO | Data saved to: data/bronze/fred_macro/fred_macro_2026-04-06.csv
[2026-04-06T01:17:40.459+0000] {subprocess.py:93} INFO - 2026-04-06 01:17:40,459 | INFO | ============================================================
[2026-04-06T01:17:40.459+0000] {subprocess.py:93} INFO - 2026-04-06 01:17:40,459 | INFO | Ingestion complete!
[2026-04-06T01:17:40.459+0000] {subprocess.py:93} INFO - 2026-04-06 01:17:40,459 | INFO | File: data/bronze/fred_macro/fred_macro_2026-04-06.csv
[2026-04-06T01:17:40.459+0000] {subprocess.py:93} INFO - 2026-04-06 01:17:40,459 | INFO | Rows: 113
[2026-04-06T01:17:40.459+0000] {subprocess.py:93} INFO - 2026-04-06 01:17:40,459 | INFO | Indicators: 5 series
[2026-04-06T01:17:40.459+0000] {subprocess.py:93} INFO - 2026-04-06 01:17:40,459 | INFO | ============================================================
[2026-04-06T01:17:40.494+0000] {subprocess.py:97} INFO - Command exited with return code 0
[2026-04-06T01:17:40.504+0000] {taskinstance.py:1138} INFO - Marking task as SUCCESS. dag_id=market_intelligence_pipeline, task_id=ingest_fred_macro, execution_date=20260406T011737, start_date=20260406T011738, end_date=20260406T011740
[2026-04-06T01:17:40.518+0000] {local_task_job_runner.py:234} INFO - Task exited with return code 0
[2026-04-06T01:17:40.527+0000] {taskinstance.py:3281} INFO - 0 downstream tasks scheduled from follow-on schedule check
