[2026-04-06T01:38:32.960+0000] {taskinstance.py:1957} INFO - Dependencies all met for dep_context=non-requeueable deps ti=<TaskInstance: market_intelligence_pipeline.ingest_yahoo_finance manual__2026-04-06T01:38:32.172266+00:00 [queued]>
[2026-04-06T01:38:32.964+0000] {taskinstance.py:1957} INFO - Dependencies all met for dep_context=requeueable deps ti=<TaskInstance: market_intelligence_pipeline.ingest_yahoo_finance manual__2026-04-06T01:38:32.172266+00:00 [queued]>
[2026-04-06T01:38:32.965+0000] {taskinstance.py:2171} INFO - Starting attempt 1 of 2
[2026-04-06T01:38:32.970+0000] {taskinstance.py:2192} INFO - Executing <Task(BashOperator): ingest_yahoo_finance> on 2026-04-06 01:38:32.172266+00:00
[2026-04-06T01:38:32.972+0000] {standard_task_runner.py:60} INFO - Started process 74 to run task
[2026-04-06T01:38:32.973+0000] {standard_task_runner.py:87} INFO - Running: ['***', 'tasks', 'run', 'market_intelligence_pipeline', 'ingest_yahoo_finance', 'manual__2026-04-06T01:38:32.172266+00:00', '--job-id', '69', '--raw', '--subdir', 'DAGS_FOLDER/***/dags/market_intelligence_dag.py', '--cfg-path', '/tmp/tmpevi92ja2']
[2026-04-06T01:38:32.974+0000] {standard_task_runner.py:88} INFO - Job 69: Subtask ingest_yahoo_finance
[2026-04-06T01:38:33.000+0000] {task_command.py:423} INFO - Running <TaskInstance: market_intelligence_pipeline.ingest_yahoo_finance manual__2026-04-06T01:38:32.172266+00:00 [running]> on host 47176eb25785
[2026-04-06T01:38:33.026+0000] {taskinstance.py:2481} INFO - Exporting env vars: AIRFLOW_CTX_DAG_OWNER='andres' AIRFLOW_CTX_DAG_ID='market_intelligence_pipeline' AIRFLOW_CTX_TASK_ID='ingest_yahoo_finance' AIRFLOW_CTX_EXECUTION_DATE='2026-04-06T01:38:32.172266+00:00' AIRFLOW_CTX_TRY_NUMBER='1' AIRFLOW_CTX_DAG_RUN_ID='manual__2026-04-06T01:38:32.172266+00:00'
[2026-04-06T01:38:33.027+0000] {subprocess.py:63} INFO - Tmp dir root location: /tmp
[2026-04-06T01:38:33.027+0000] {subprocess.py:75} INFO - Running command: ['/usr/bin/bash', '-c', 'cd /opt/***/dags && python3 ingestion/ingestion_script.py']
[2026-04-06T01:38:33.034+0000] {subprocess.py:86} INFO - Output:
[2026-04-06T01:38:33.730+0000] {subprocess.py:93} INFO - 2026-04-06 01:38:33,730 | INFO | ============================================================
[2026-04-06T01:38:33.730+0000] {subprocess.py:93} INFO - 2026-04-06 01:38:33,730 | INFO | Starting Yahoo Finance ingestion
[2026-04-06T01:38:33.730+0000] {subprocess.py:93} INFO - 2026-04-06 01:38:33,730 | INFO | Tickers: ['AAPL', 'MSFT', 'NVDA', 'JPM', 'GS', 'BAC', 'JNJ', 'PFE', 'UNH', 'XOM', 'CVX', 'AMZN', 'WMT', 'COST']
[2026-04-06T01:38:33.730+0000] {subprocess.py:93} INFO - 2026-04-06 01:38:33,730 | INFO | Period: 2y
[2026-04-06T01:38:33.730+0000] {subprocess.py:93} INFO - 2026-04-06 01:38:33,730 | INFO | ============================================================
[2026-04-06T01:38:33.730+0000] {subprocess.py:93} INFO - 2026-04-06 01:38:33,730 | INFO | Output directory ready: data/bronze/yahoo_finance
[2026-04-06T01:38:33.730+0000] {subprocess.py:93} INFO - 2026-04-06 01:38:33,730 | INFO | Fetching data for AAPL...
[2026-04-06T01:38:33.730+0000] {subprocess.py:93} INFO - 2026-04-06 01:38:33,730 | INFO | Failed to create TzCache, reason: Error creating TzCache folder: '/home/***/.cache/py-yfinance' reason: [Errno 13] Permission denied: '/home/***/.cache/py-yfinance'. TzCache will not be used. Tip: You can direct cache to use a different location with 'set_tz_cache_location(mylocation)'
[2026-04-06T01:38:33.730+0000] {subprocess.py:93} INFO - 2026-04-06 01:38:33,730 | INFO | Failed to create CookieCache, reason: Error creating CookieCache folder: '/home/***/.cache/py-yfinance' reason: [Errno 13] Permission denied: '/home/***/.cache/py-yfinance'. CookieCache will not be used. Tip: You can direct cache to use a different location with 'set_tz_cache_location(mylocation)'
[2026-04-06T01:38:35.123+0000] {subprocess.py:93} INFO - 2026-04-06 01:38:35,123 | ERROR | Failed to get ticker 'AAPL' reason: Expecting value: line 1 column 1 (char 0)
[2026-04-06T01:38:35.942+0000] {subprocess.py:93} INFO - 2026-04-06 01:38:35,942 | ERROR | AAPL: No price data found, symbol may be delisted (period=2y)
[2026-04-06T01:38:35.943+0000] {subprocess.py:93} INFO - 2026-04-06 01:38:35,942 | WARNING | No data returned for AAPL - skipping.
[2026-04-06T01:38:35.943+0000] {subprocess.py:93} INFO - 2026-04-06 01:38:35,942 | INFO | Fetching data for MSFT...
[2026-04-06T01:38:36.656+0000] {subprocess.py:93} INFO - 2026-04-06 01:38:36,656 | ERROR | Failed to get ticker 'MSFT' reason: Expecting value: line 1 column 1 (char 0)
[2026-04-06T01:38:37.440+0000] {subprocess.py:93} INFO - 2026-04-06 01:38:37,439 | ERROR | MSFT: No price data found, symbol may be delisted (period=2y)
[2026-04-06T01:38:37.442+0000] {subprocess.py:93} INFO - 2026-04-06 01:38:37,440 | WARNING | No data returned for MSFT - skipping.
[2026-04-06T01:38:37.442+0000] {subprocess.py:93} INFO - 2026-04-06 01:38:37,440 | INFO | Fetching data for NVDA...
[2026-04-06T01:38:38.206+0000] {subprocess.py:93} INFO - 2026-04-06 01:38:38,206 | ERROR | Failed to get ticker 'NVDA' reason: Expecting value: line 1 column 1 (char 0)
[2026-04-06T01:38:39.000+0000] {subprocess.py:93} INFO - 2026-04-06 01:38:38,999 | ERROR | NVDA: No price data found, symbol may be delisted (period=2y)
[2026-04-06T01:38:39.000+0000] {subprocess.py:93} INFO - 2026-04-06 01:38:39,000 | WARNING | No data returned for NVDA - skipping.
[2026-04-06T01:38:39.001+0000] {subprocess.py:93} INFO - 2026-04-06 01:38:39,000 | INFO | Fetching data for JPM...
[2026-04-06T01:38:39.826+0000] {subprocess.py:93} INFO - 2026-04-06 01:38:39,825 | ERROR | Failed to get ticker 'JPM' reason: Expecting value: line 1 column 1 (char 0)
[2026-04-06T01:38:40.648+0000] {subprocess.py:93} INFO - 2026-04-06 01:38:40,648 | ERROR | JPM: No price data found, symbol may be delisted (period=2y)
[2026-04-06T01:38:40.649+0000] {subprocess.py:93} INFO - 2026-04-06 01:38:40,649 | WARNING | No data returned for JPM - skipping.
[2026-04-06T01:38:40.649+0000] {subprocess.py:93} INFO - 2026-04-06 01:38:40,649 | INFO | Fetching data for GS...
[2026-04-06T01:38:41.425+0000] {subprocess.py:93} INFO - 2026-04-06 01:38:41,424 | ERROR | Failed to get ticker 'GS' reason: Expecting value: line 1 column 1 (char 0)
[2026-04-06T01:38:42.231+0000] {subprocess.py:93} INFO - 2026-04-06 01:38:42,231 | ERROR | GS: No price data found, symbol may be delisted (period=2y)
[2026-04-06T01:38:42.232+0000] {subprocess.py:93} INFO - 2026-04-06 01:38:42,231 | WARNING | No data returned for GS - skipping.
[2026-04-06T01:38:42.232+0000] {subprocess.py:93} INFO - 2026-04-06 01:38:42,231 | INFO | Fetching data for BAC...
[2026-04-06T01:38:42.932+0000] {subprocess.py:93} INFO - 2026-04-06 01:38:42,931 | ERROR | Failed to get ticker 'BAC' reason: Expecting value: line 1 column 1 (char 0)
[2026-04-06T01:38:43.609+0000] {subprocess.py:93} INFO - 2026-04-06 01:38:43,609 | ERROR | BAC: No price data found, symbol may be delisted (period=2y)
[2026-04-06T01:38:43.609+0000] {subprocess.py:93} INFO - 2026-04-06 01:38:43,609 | WARNING | No data returned for BAC - skipping.
[2026-04-06T01:38:43.610+0000] {subprocess.py:93} INFO - 2026-04-06 01:38:43,609 | INFO | Fetching data for JNJ...
[2026-04-06T01:38:44.398+0000] {subprocess.py:93} INFO - 2026-04-06 01:38:44,397 | ERROR | Failed to get ticker 'JNJ' reason: Expecting value: line 1 column 1 (char 0)
[2026-04-06T01:38:45.192+0000] {subprocess.py:93} INFO - 2026-04-06 01:38:45,192 | ERROR | JNJ: No price data found, symbol may be delisted (period=2y)
[2026-04-06T01:38:45.192+0000] {subprocess.py:93} INFO - 2026-04-06 01:38:45,192 | WARNING | No data returned for JNJ - skipping.
[2026-04-06T01:38:45.193+0000] {subprocess.py:93} INFO - 2026-04-06 01:38:45,192 | INFO | Fetching data for PFE...
[2026-04-06T01:38:45.990+0000] {subprocess.py:93} INFO - 2026-04-06 01:38:45,989 | ERROR | Failed to get ticker 'PFE' reason: Expecting value: line 1 column 1 (char 0)
[2026-04-06T01:38:46.721+0000] {subprocess.py:93} INFO - 2026-04-06 01:38:46,721 | ERROR | PFE: No price data found, symbol may be delisted (period=2y)
[2026-04-06T01:38:46.722+0000] {subprocess.py:93} INFO - 2026-04-06 01:38:46,721 | WARNING | No data returned for PFE - skipping.
[2026-04-06T01:38:46.722+0000] {subprocess.py:93} INFO - 2026-04-06 01:38:46,721 | INFO | Fetching data for UNH...
[2026-04-06T01:38:47.519+0000] {subprocess.py:93} INFO - 2026-04-06 01:38:47,519 | ERROR | Failed to get ticker 'UNH' reason: Expecting value: line 1 column 1 (char 0)
[2026-04-06T01:38:48.250+0000] {subprocess.py:93} INFO - 2026-04-06 01:38:48,249 | ERROR | UNH: No price data found, symbol may be delisted (period=2y)
[2026-04-06T01:38:48.250+0000] {subprocess.py:93} INFO - 2026-04-06 01:38:48,250 | WARNING | No data returned for UNH - skipping.
[2026-04-06T01:38:48.251+0000] {subprocess.py:93} INFO - 2026-04-06 01:38:48,250 | INFO | Fetching data for XOM...
[2026-04-06T01:38:49.041+0000] {subprocess.py:93} INFO - 2026-04-06 01:38:49,040 | ERROR | Failed to get ticker 'XOM' reason: Expecting value: line 1 column 1 (char 0)
[2026-04-06T01:38:49.783+0000] {subprocess.py:93} INFO - 2026-04-06 01:38:49,783 | ERROR | XOM: No price data found, symbol may be delisted (period=2y)
[2026-04-06T01:38:49.784+0000] {subprocess.py:93} INFO - 2026-04-06 01:38:49,784 | WARNING | No data returned for XOM - skipping.
[2026-04-06T01:38:49.784+0000] {subprocess.py:93} INFO - 2026-04-06 01:38:49,784 | INFO | Fetching data for CVX...
[2026-04-06T01:38:50.464+0000] {subprocess.py:93} INFO - 2026-04-06 01:38:50,464 | ERROR | Failed to get ticker 'CVX' reason: Expecting value: line 1 column 1 (char 0)
[2026-04-06T01:38:51.395+0000] {subprocess.py:93} INFO - 2026-04-06 01:38:51,395 | ERROR | CVX: No price data found, symbol may be delisted (period=2y)
[2026-04-06T01:38:51.396+0000] {subprocess.py:93} INFO - 2026-04-06 01:38:51,396 | WARNING | No data returned for CVX - skipping.
[2026-04-06T01:38:51.396+0000] {subprocess.py:93} INFO - 2026-04-06 01:38:51,396 | INFO | Fetching data for AMZN...
[2026-04-06T01:38:52.138+0000] {subprocess.py:93} INFO - 2026-04-06 01:38:52,138 | ERROR | Failed to get ticker 'AMZN' reason: Expecting value: line 1 column 1 (char 0)
[2026-04-06T01:38:52.875+0000] {subprocess.py:93} INFO - 2026-04-06 01:38:52,874 | ERROR | AMZN: No price data found, symbol may be delisted (period=2y)
[2026-04-06T01:38:52.875+0000] {subprocess.py:93} INFO - 2026-04-06 01:38:52,875 | WARNING | No data returned for AMZN - skipping.
[2026-04-06T01:38:52.875+0000] {subprocess.py:93} INFO - 2026-04-06 01:38:52,875 | INFO | Fetching data for WMT...
[2026-04-06T01:38:53.674+0000] {subprocess.py:93} INFO - 2026-04-06 01:38:53,673 | ERROR | Failed to get ticker 'WMT' reason: Expecting value: line 1 column 1 (char 0)
[2026-04-06T01:38:54.438+0000] {subprocess.py:93} INFO - 2026-04-06 01:38:54,437 | ERROR | WMT: No price data found, symbol may be delisted (period=2y)
[2026-04-06T01:38:54.438+0000] {subprocess.py:93} INFO - 2026-04-06 01:38:54,437 | WARNING | No data returned for WMT - skipping.
[2026-04-06T01:38:54.439+0000] {subprocess.py:93} INFO - 2026-04-06 01:38:54,437 | INFO | Fetching data for COST...
[2026-04-06T01:38:55.189+0000] {subprocess.py:93} INFO - 2026-04-06 01:38:55,189 | ERROR | Failed to get ticker 'COST' reason: Expecting value: line 1 column 1 (char 0)
[2026-04-06T01:38:55.977+0000] {subprocess.py:93} INFO - 2026-04-06 01:38:55,977 | ERROR | COST: No price data found, symbol may be delisted (period=2y)
[2026-04-06T01:38:55.978+0000] {subprocess.py:93} INFO - 2026-04-06 01:38:55,977 | WARNING | No data returned for COST - skipping.
[2026-04-06T01:38:55.980+0000] {subprocess.py:93} INFO - Traceback (most recent call last):
[2026-04-06T01:38:55.980+0000] {subprocess.py:93} INFO -   File "ingestion/ingestion_script.py", line 216, in <module>
[2026-04-06T01:38:55.980+0000] {subprocess.py:93} INFO -     main()
[2026-04-06T01:38:55.980+0000] {subprocess.py:93} INFO -   File "ingestion/ingestion_script.py", line 189, in main
[2026-04-06T01:38:55.980+0000] {subprocess.py:93} INFO -     df = fetch_stock_data(TICKERS, PERIOD)
[2026-04-06T01:38:55.981+0000] {subprocess.py:93} INFO -   File "ingestion/ingestion_script.py", line 123, in fetch_stock_data
[2026-04-06T01:38:55.981+0000] {subprocess.py:93} INFO -     raise ValueError("No data was feteched for any ticker. Check your ticker list")
[2026-04-06T01:38:55.981+0000] {subprocess.py:93} INFO - ValueError: No data was feteched for any ticker. Check your ticker list
[2026-04-06T01:38:56.058+0000] {subprocess.py:97} INFO - Command exited with return code 1
[2026-04-06T01:38:56.064+0000] {taskinstance.py:2699} ERROR - Task failed with exception
Traceback (most recent call last):
  File "/home/airflow/.local/lib/python3.8/site-packages/airflow/models/taskinstance.py", line 433, in _execute_task
    result = execute_callable(context=context, **execute_callable_kwargs)
  File "/home/airflow/.local/lib/python3.8/site-packages/airflow/operators/bash.py", line 212, in execute
    raise AirflowException(
airflow.exceptions.AirflowException: Bash command failed. The command returned a non-zero exit code 1.
[2026-04-06T01:38:56.066+0000] {taskinstance.py:1138} INFO - Marking task as UP_FOR_RETRY. dag_id=market_intelligence_pipeline, task_id=ingest_yahoo_finance, execution_date=20260406T013832, start_date=20260406T013832, end_date=20260406T013856
[2026-04-06T01:38:56.071+0000] {standard_task_runner.py:107} ERROR - Failed to execute job 69 for task ingest_yahoo_finance (Bash command failed. The command returned a non-zero exit code 1.; 74)
[2026-04-06T01:38:56.093+0000] {local_task_job_runner.py:234} INFO - Task exited with return code 1
[2026-04-06T01:38:56.102+0000] {taskinstance.py:3281} INFO - 0 downstream tasks scheduled from follow-on schedule check
