[2026-04-06T02:28:01.863+0000] {taskinstance.py:1957} INFO - Dependencies all met for dep_context=non-requeueable deps ti=<TaskInstance: market_intelligence_pipeline.dbt_gold_layer manual__2026-04-06T02:27:57.920227+00:00 [queued]>
[2026-04-06T02:28:01.868+0000] {taskinstance.py:1957} INFO - Dependencies all met for dep_context=requeueable deps ti=<TaskInstance: market_intelligence_pipeline.dbt_gold_layer manual__2026-04-06T02:27:57.920227+00:00 [queued]>
[2026-04-06T02:28:01.869+0000] {taskinstance.py:2171} INFO - Starting attempt 1 of 2
[2026-04-06T02:28:01.876+0000] {taskinstance.py:2192} INFO - Executing <Task(BashOperator): dbt_gold_layer> on 2026-04-06 02:27:57.920227+00:00
[2026-04-06T02:28:01.879+0000] {standard_task_runner.py:60} INFO - Started process 398 to run task
[2026-04-06T02:28:01.882+0000] {standard_task_runner.py:87} INFO - Running: ['***', 'tasks', 'run', 'market_intelligence_pipeline', 'dbt_gold_layer', 'manual__2026-04-06T02:27:57.920227+00:00', '--job-id', '85', '--raw', '--subdir', 'DAGS_FOLDER/***/dags/market_intelligence_dag.py', '--cfg-path', '/tmp/tmpint09xrv']
[2026-04-06T02:28:01.883+0000] {standard_task_runner.py:88} INFO - Job 85: Subtask dbt_gold_layer
[2026-04-06T02:28:01.905+0000] {task_command.py:423} INFO - Running <TaskInstance: market_intelligence_pipeline.dbt_gold_layer manual__2026-04-06T02:27:57.920227+00:00 [running]> on host 2232e66fe841
[2026-04-06T02:28:01.940+0000] {taskinstance.py:2481} INFO - Exporting env vars: AIRFLOW_CTX_DAG_OWNER='andres' AIRFLOW_CTX_DAG_ID='market_intelligence_pipeline' AIRFLOW_CTX_TASK_ID='dbt_gold_layer' AIRFLOW_CTX_EXECUTION_DATE='2026-04-06T02:27:57.920227+00:00' AIRFLOW_CTX_TRY_NUMBER='1' AIRFLOW_CTX_DAG_RUN_ID='manual__2026-04-06T02:27:57.920227+00:00'
[2026-04-06T02:28:01.941+0000] {subprocess.py:63} INFO - Tmp dir root location: /tmp
[2026-04-06T02:28:01.941+0000] {subprocess.py:75} INFO - Running command: ['/usr/bin/bash', '-c', 'cd /opt/***/dags/dbt && dbt run --project-dir /opt/***/dags/dbt --profiles-dir /root/.dbt']
[2026-04-06T02:28:01.945+0000] {subprocess.py:86} INFO - Output:
[2026-04-06T02:28:01.946+0000] {subprocess.py:93} INFO - /usr/bin/bash: line 1: dbt: command not found
[2026-04-06T02:28:01.946+0000] {subprocess.py:97} INFO - Command exited with return code 127
[2026-04-06T02:28:01.950+0000] {taskinstance.py:2699} ERROR - Task failed with exception
Traceback (most recent call last):
  File "/home/airflow/.local/lib/python3.8/site-packages/airflow/models/taskinstance.py", line 433, in _execute_task
    result = execute_callable(context=context, **execute_callable_kwargs)
  File "/home/airflow/.local/lib/python3.8/site-packages/airflow/operators/bash.py", line 212, in execute
    raise AirflowException(
airflow.exceptions.AirflowException: Bash command failed. The command returned a non-zero exit code 127.
[2026-04-06T02:28:01.951+0000] {taskinstance.py:1138} INFO - Marking task as UP_FOR_RETRY. dag_id=market_intelligence_pipeline, task_id=dbt_gold_layer, execution_date=20260406T022757, start_date=20260406T022801, end_date=20260406T022801
[2026-04-06T02:28:01.958+0000] {standard_task_runner.py:107} ERROR - Failed to execute job 85 for task dbt_gold_layer (Bash command failed. The command returned a non-zero exit code 127.; 398)
[2026-04-06T02:28:01.980+0000] {local_task_job_runner.py:234} INFO - Task exited with return code 1
[2026-04-06T02:28:01.994+0000] {taskinstance.py:3281} INFO - 0 downstream tasks scheduled from follow-on schedule check
