[2026-04-06T02:27:58.601+0000] {taskinstance.py:1957} INFO - Dependencies all met for dep_context=non-requeueable deps ti=<TaskInstance: market_intelligence_pipeline.ingest_fred_macro manual__2026-04-06T02:27:57.920227+00:00 [queued]>
[2026-04-06T02:27:58.605+0000] {taskinstance.py:1957} INFO - Dependencies all met for dep_context=requeueable deps ti=<TaskInstance: market_intelligence_pipeline.ingest_fred_macro manual__2026-04-06T02:27:57.920227+00:00 [queued]>
[2026-04-06T02:27:58.606+0000] {taskinstance.py:2171} INFO - Starting attempt 1 of 2
[2026-04-06T02:27:58.611+0000] {taskinstance.py:2192} INFO - Executing <Task(BashOperator): ingest_fred_macro> on 2026-04-06 02:27:57.920227+00:00
[2026-04-06T02:27:58.614+0000] {standard_task_runner.py:60} INFO - Started process 368 to run task
[2026-04-06T02:27:58.616+0000] {standard_task_runner.py:87} INFO - Running: ['***', 'tasks', 'run', 'market_intelligence_pipeline', 'ingest_fred_macro', 'manual__2026-04-06T02:27:57.920227+00:00', '--job-id', '82', '--raw', '--subdir', 'DAGS_FOLDER/***/dags/market_intelligence_dag.py', '--cfg-path', '/tmp/tmp8ir2fgqk']
[2026-04-06T02:27:58.617+0000] {standard_task_runner.py:88} INFO - Job 82: Subtask ingest_fred_macro
[2026-04-06T02:27:58.635+0000] {task_command.py:423} INFO - Running <TaskInstance: market_intelligence_pipeline.ingest_fred_macro manual__2026-04-06T02:27:57.920227+00:00 [running]> on host 2232e66fe841
[2026-04-06T02:27:58.662+0000] {taskinstance.py:2481} INFO - Exporting env vars: AIRFLOW_CTX_DAG_OWNER='andres' AIRFLOW_CTX_DAG_ID='market_intelligence_pipeline' AIRFLOW_CTX_TASK_ID='ingest_fred_macro' AIRFLOW_CTX_EXECUTION_DATE='2026-04-06T02:27:57.920227+00:00' AIRFLOW_CTX_TRY_NUMBER='1' AIRFLOW_CTX_DAG_RUN_ID='manual__2026-04-06T02:27:57.920227+00:00'
[2026-04-06T02:27:58.663+0000] {subprocess.py:63} INFO - Tmp dir root location: /tmp
[2026-04-06T02:27:58.664+0000] {subprocess.py:75} INFO - Running command: ['/usr/bin/bash', '-c', 'cd /opt/***/dags && python3 ingestion/fred_macro.py']
[2026-04-06T02:27:58.670+0000] {subprocess.py:86} INFO - Output:
[2026-04-06T02:27:58.897+0000] {subprocess.py:93} INFO - 2026-04-06 02:27:58,897 | INFO | ============================================================
[2026-04-06T02:27:58.897+0000] {subprocess.py:93} INFO - 2026-04-06 02:27:58,897 | INFO | Starting FRED macro ingestion
[2026-04-06T02:27:58.899+0000] {subprocess.py:93} INFO - 2026-04-06 02:27:58,897 | INFO | Indicators: ['FEDFUNDS', 'CPIAUCSL', 'GS10', 'UNRATE', 'GDP']
[2026-04-06T02:27:58.900+0000] {subprocess.py:93} INFO - 2026-04-06 02:27:58,897 | INFO | Date range: 2024-01-01 to 2026-04-06
[2026-04-06T02:27:58.900+0000] {subprocess.py:93} INFO - 2026-04-06 02:27:58,897 | INFO | ============================================================
[2026-04-06T02:27:58.900+0000] {subprocess.py:93} INFO - 2026-04-06 02:27:58,897 | INFO | Output directory ready: data/bronze/fred_macro
[2026-04-06T02:27:58.900+0000] {subprocess.py:93} INFO - 2026-04-06 02:27:58,897 | INFO | Fetching FEDFUNDS (federal_funds_rate)...
[2026-04-06T02:27:59.396+0000] {subprocess.py:93} INFO - 2026-04-06 02:27:59,395 | INFO |   -> 27 rows fetched for FEDFUNDS
[2026-04-06T02:27:59.397+0000] {subprocess.py:93} INFO - 2026-04-06 02:27:59,396 | INFO | Fetching CPIAUCSL (consumer_price_index)...
[2026-04-06T02:27:59.581+0000] {subprocess.py:93} INFO - 2026-04-06 02:27:59,581 | WARNING |   -> 1 null values dropped for CPIAUCSL
[2026-04-06T02:27:59.584+0000] {subprocess.py:93} INFO - 2026-04-06 02:27:59,583 | INFO |   -> 25 rows fetched for CPIAUCSL
[2026-04-06T02:27:59.585+0000] {subprocess.py:93} INFO - 2026-04-06 02:27:59,583 | INFO | Fetching GS10 (treasury_yield_10y)...
[2026-04-06T02:27:59.761+0000] {subprocess.py:93} INFO - 2026-04-06 02:27:59,761 | INFO |   -> 27 rows fetched for GS10
[2026-04-06T02:27:59.762+0000] {subprocess.py:93} INFO - 2026-04-06 02:27:59,761 | INFO | Fetching UNRATE (unemployment_rate)...
[2026-04-06T02:27:59.911+0000] {subprocess.py:93} INFO - 2026-04-06 02:27:59,911 | WARNING |   -> 1 null values dropped for UNRATE
[2026-04-06T02:27:59.913+0000] {subprocess.py:93} INFO - 2026-04-06 02:27:59,913 | INFO |   -> 26 rows fetched for UNRATE
[2026-04-06T02:27:59.913+0000] {subprocess.py:93} INFO - 2026-04-06 02:27:59,913 | INFO | Fetching GDP (gross_domestic_product)...
[2026-04-06T02:28:00.085+0000] {subprocess.py:93} INFO - 2026-04-06 02:28:00,084 | INFO |   -> 8 rows fetched for GDP
[2026-04-06T02:28:00.091+0000] {subprocess.py:93} INFO - 2026-04-06 02:28:00,090 | INFO | Total rows fetched: 113
[2026-04-06T02:28:00.092+0000] {subprocess.py:93} INFO - 2026-04-06 02:28:00,091 | INFO | Running data quality checks...
[2026-04-06T02:28:00.096+0000] {subprocess.py:93} INFO - 2026-04-06 02:28:00,096 | INFO | Summary by indicator:
[2026-04-06T02:28:00.097+0000] {subprocess.py:93} INFO -            count        min        max
[2026-04-06T02:28:00.097+0000] {subprocess.py:93} INFO - series_id
[2026-04-06T02:28:00.097+0000] {subprocess.py:93} INFO - CPIAUCSL      25    309.698    327.460
[2026-04-06T02:28:00.097+0000] {subprocess.py:93} INFO - FEDFUNDS      27      3.640      5.330
[2026-04-06T02:28:00.097+0000] {subprocess.py:93} INFO - GDP            8  28708.161  31442.483
[2026-04-06T02:28:00.098+0000] {subprocess.py:93} INFO - GS10          27      3.720      4.630
[2026-04-06T02:28:00.098+0000] {subprocess.py:93} INFO - UNRATE        26      3.700      4.500
[2026-04-06T02:28:00.098+0000] {subprocess.py:93} INFO - 2026-04-06 02:28:00,096 | INFO | Quality checks passed. Shape: (113, 6)
[2026-04-06T02:28:00.103+0000] {subprocess.py:93} INFO - 2026-04-06 02:28:00,102 | INFO | Data saved to: data/bronze/fred_macro/fred_macro_2026-04-06.csv
[2026-04-06T02:28:00.105+0000] {subprocess.py:93} INFO - 2026-04-06 02:28:00,102 | INFO | ============================================================
[2026-04-06T02:28:00.107+0000] {subprocess.py:93} INFO - 2026-04-06 02:28:00,102 | INFO | Ingestion complete!
[2026-04-06T02:28:00.109+0000] {subprocess.py:93} INFO - 2026-04-06 02:28:00,103 | INFO | File: data/bronze/fred_macro/fred_macro_2026-04-06.csv
[2026-04-06T02:28:00.110+0000] {subprocess.py:93} INFO - 2026-04-06 02:28:00,103 | INFO | Rows: 113
[2026-04-06T02:28:00.110+0000] {subprocess.py:93} INFO - 2026-04-06 02:28:00,103 | INFO | Indicators: 5 series
[2026-04-06T02:28:00.110+0000] {subprocess.py:93} INFO - 2026-04-06 02:28:00,103 | INFO | ============================================================
[2026-04-06T02:28:00.165+0000] {subprocess.py:97} INFO - Command exited with return code 0
[2026-04-06T02:28:00.177+0000] {taskinstance.py:1138} INFO - Marking task as SUCCESS. dag_id=market_intelligence_pipeline, task_id=ingest_fred_macro, execution_date=20260406T022757, start_date=20260406T022758, end_date=20260406T022800
[2026-04-06T02:28:00.227+0000] {local_task_job_runner.py:234} INFO - Task exited with return code 0
[2026-04-06T02:28:00.241+0000] {taskinstance.py:3281} INFO - 1 downstream tasks scheduled from follow-on schedule check
