[2026-04-06T01:53:39.501+0000] {taskinstance.py:1957} INFO - Dependencies all met for dep_context=non-requeueable deps ti=<TaskInstance: market_intelligence_pipeline.ingest_fred_macro manual__2026-04-06T01:53:38.992838+00:00 [queued]>
[2026-04-06T01:53:39.506+0000] {taskinstance.py:1957} INFO - Dependencies all met for dep_context=requeueable deps ti=<TaskInstance: market_intelligence_pipeline.ingest_fred_macro manual__2026-04-06T01:53:38.992838+00:00 [queued]>
[2026-04-06T01:53:39.507+0000] {taskinstance.py:2171} INFO - Starting attempt 1 of 2
[2026-04-06T01:53:39.511+0000] {taskinstance.py:2192} INFO - Executing <Task(BashOperator): ingest_fred_macro> on 2026-04-06 01:53:38.992838+00:00
[2026-04-06T01:53:39.513+0000] {standard_task_runner.py:60} INFO - Started process 84 to run task
[2026-04-06T01:53:39.515+0000] {standard_task_runner.py:87} INFO - Running: ['***', 'tasks', 'run', 'market_intelligence_pipeline', 'ingest_fred_macro', 'manual__2026-04-06T01:53:38.992838+00:00', '--job-id', '73', '--raw', '--subdir', 'DAGS_FOLDER/***/dags/market_intelligence_dag.py', '--cfg-path', '/tmp/tmpnufys51x']
[2026-04-06T01:53:39.515+0000] {standard_task_runner.py:88} INFO - Job 73: Subtask ingest_fred_macro
[2026-04-06T01:53:39.541+0000] {task_command.py:423} INFO - Running <TaskInstance: market_intelligence_pipeline.ingest_fred_macro manual__2026-04-06T01:53:38.992838+00:00 [running]> on host 0c953fd4b9ef
[2026-04-06T01:53:39.569+0000] {taskinstance.py:2481} INFO - Exporting env vars: AIRFLOW_CTX_DAG_OWNER='andres' AIRFLOW_CTX_DAG_ID='market_intelligence_pipeline' AIRFLOW_CTX_TASK_ID='ingest_fred_macro' AIRFLOW_CTX_EXECUTION_DATE='2026-04-06T01:53:38.992838+00:00' AIRFLOW_CTX_TRY_NUMBER='1' AIRFLOW_CTX_DAG_RUN_ID='manual__2026-04-06T01:53:38.992838+00:00'
[2026-04-06T01:53:39.570+0000] {subprocess.py:63} INFO - Tmp dir root location: /tmp
[2026-04-06T01:53:39.570+0000] {subprocess.py:75} INFO - Running command: ['/usr/bin/bash', '-c', 'cd /opt/***/dags && python3 ingestion/fred_macro.py']
[2026-04-06T01:53:39.575+0000] {subprocess.py:86} INFO - Output:
[2026-04-06T01:53:40.165+0000] {subprocess.py:93} INFO - 2026-04-06 01:53:40,165 | INFO | ============================================================
[2026-04-06T01:53:40.165+0000] {subprocess.py:93} INFO - 2026-04-06 01:53:40,165 | INFO | Starting FRED macro ingestion
[2026-04-06T01:53:40.165+0000] {subprocess.py:93} INFO - 2026-04-06 01:53:40,165 | INFO | Indicators: ['FEDFUNDS', 'CPIAUCSL', 'GS10', 'UNRATE', 'GDP']
[2026-04-06T01:53:40.165+0000] {subprocess.py:93} INFO - 2026-04-06 01:53:40,165 | INFO | Date range: 2024-01-01 to 2026-04-06
[2026-04-06T01:53:40.165+0000] {subprocess.py:93} INFO - 2026-04-06 01:53:40,165 | INFO | ============================================================
[2026-04-06T01:53:40.165+0000] {subprocess.py:93} INFO - 2026-04-06 01:53:40,165 | INFO | Output directory ready: data/bronze/fred_macro
[2026-04-06T01:53:40.166+0000] {subprocess.py:93} INFO - 2026-04-06 01:53:40,165 | INFO | Fetching FEDFUNDS (federal_funds_rate)...
[2026-04-06T01:53:40.510+0000] {subprocess.py:93} INFO - 2026-04-06 01:53:40,510 | INFO |   -> 27 rows fetched for FEDFUNDS
[2026-04-06T01:53:40.510+0000] {subprocess.py:93} INFO - 2026-04-06 01:53:40,510 | INFO | Fetching CPIAUCSL (consumer_price_index)...
[2026-04-06T01:53:40.681+0000] {subprocess.py:93} INFO - 2026-04-06 01:53:40,681 | WARNING |   -> 1 null values dropped for CPIAUCSL
[2026-04-06T01:53:40.683+0000] {subprocess.py:93} INFO - 2026-04-06 01:53:40,682 | INFO |   -> 25 rows fetched for CPIAUCSL
[2026-04-06T01:53:40.683+0000] {subprocess.py:93} INFO - 2026-04-06 01:53:40,683 | INFO | Fetching GS10 (treasury_yield_10y)...
[2026-04-06T01:53:40.864+0000] {subprocess.py:93} INFO - 2026-04-06 01:53:40,864 | INFO |   -> 27 rows fetched for GS10
[2026-04-06T01:53:40.865+0000] {subprocess.py:93} INFO - 2026-04-06 01:53:40,864 | INFO | Fetching UNRATE (unemployment_rate)...
[2026-04-06T01:53:41.047+0000] {subprocess.py:93} INFO - 2026-04-06 01:53:41,047 | WARNING |   -> 1 null values dropped for UNRATE
[2026-04-06T01:53:41.049+0000] {subprocess.py:93} INFO - 2026-04-06 01:53:41,048 | INFO |   -> 26 rows fetched for UNRATE
[2026-04-06T01:53:41.049+0000] {subprocess.py:93} INFO - 2026-04-06 01:53:41,049 | INFO | Fetching GDP (gross_domestic_product)...
[2026-04-06T01:53:41.261+0000] {subprocess.py:93} INFO - 2026-04-06 01:53:41,261 | INFO |   -> 8 rows fetched for GDP
[2026-04-06T01:53:41.262+0000] {subprocess.py:93} INFO - 2026-04-06 01:53:41,261 | INFO | Total rows fetched: 113
[2026-04-06T01:53:41.262+0000] {subprocess.py:93} INFO - 2026-04-06 01:53:41,261 | INFO | Running data quality checks...
[2026-04-06T01:53:41.264+0000] {subprocess.py:93} INFO - 2026-04-06 01:53:41,264 | INFO | Summary by indicator:
[2026-04-06T01:53:41.264+0000] {subprocess.py:93} INFO -            count        min        max
[2026-04-06T01:53:41.264+0000] {subprocess.py:93} INFO - series_id
[2026-04-06T01:53:41.264+0000] {subprocess.py:93} INFO - CPIAUCSL      25    309.698    327.460
[2026-04-06T01:53:41.264+0000] {subprocess.py:93} INFO - FEDFUNDS      27      3.640      5.330
[2026-04-06T01:53:41.264+0000] {subprocess.py:93} INFO - GDP            8  28708.161  31442.483
[2026-04-06T01:53:41.265+0000] {subprocess.py:93} INFO - GS10          27      3.720      4.630
[2026-04-06T01:53:41.265+0000] {subprocess.py:93} INFO - UNRATE        26      3.700      4.500
[2026-04-06T01:53:41.265+0000] {subprocess.py:93} INFO - 2026-04-06 01:53:41,264 | INFO | Quality checks passed. Shape: (113, 6)
[2026-04-06T01:53:41.267+0000] {subprocess.py:93} INFO - 2026-04-06 01:53:41,267 | INFO | Data saved to: data/bronze/fred_macro/fred_macro_2026-04-06.csv
[2026-04-06T01:53:41.267+0000] {subprocess.py:93} INFO - 2026-04-06 01:53:41,267 | INFO | ============================================================
[2026-04-06T01:53:41.267+0000] {subprocess.py:93} INFO - 2026-04-06 01:53:41,267 | INFO | Ingestion complete!
[2026-04-06T01:53:41.267+0000] {subprocess.py:93} INFO - 2026-04-06 01:53:41,267 | INFO | File: data/bronze/fred_macro/fred_macro_2026-04-06.csv
[2026-04-06T01:53:41.267+0000] {subprocess.py:93} INFO - 2026-04-06 01:53:41,267 | INFO | Rows: 113
[2026-04-06T01:53:41.267+0000] {subprocess.py:93} INFO - 2026-04-06 01:53:41,267 | INFO | Indicators: 5 series
[2026-04-06T01:53:41.267+0000] {subprocess.py:93} INFO - 2026-04-06 01:53:41,267 | INFO | ============================================================
[2026-04-06T01:53:41.300+0000] {subprocess.py:97} INFO - Command exited with return code 0
[2026-04-06T01:53:41.310+0000] {taskinstance.py:1138} INFO - Marking task as SUCCESS. dag_id=market_intelligence_pipeline, task_id=ingest_fred_macro, execution_date=20260406T015338, start_date=20260406T015339, end_date=20260406T015341
[2026-04-06T01:53:41.329+0000] {local_task_job_runner.py:234} INFO - Task exited with return code 0
[2026-04-06T01:53:41.338+0000] {taskinstance.py:3281} INFO - 0 downstream tasks scheduled from follow-on schedule check
