[2026-04-06T01:22:41.934+0000] {taskinstance.py:1957} INFO - Dependencies all met for dep_context=non-requeueable deps ti=<TaskInstance: market_intelligence_pipeline.ingest_yahoo_finance manual__2026-04-06T01:17:37.487911+00:00 [queued]>
[2026-04-06T01:22:41.936+0000] {taskinstance.py:1957} INFO - Dependencies all met for dep_context=requeueable deps ti=<TaskInstance: market_intelligence_pipeline.ingest_yahoo_finance manual__2026-04-06T01:17:37.487911+00:00 [queued]>
[2026-04-06T01:22:41.936+0000] {taskinstance.py:2171} INFO - Starting attempt 2 of 2
[2026-04-06T01:22:41.940+0000] {taskinstance.py:2192} INFO - Executing <Task(BashOperator): ingest_yahoo_finance> on 2026-04-06 01:17:37.487911+00:00
[2026-04-06T01:22:41.942+0000] {standard_task_runner.py:60} INFO - Started process 398 to run task
[2026-04-06T01:22:41.943+0000] {standard_task_runner.py:87} INFO - Running: ['***', 'tasks', 'run', 'market_intelligence_pipeline', 'ingest_yahoo_finance', 'manual__2026-04-06T01:17:37.487911+00:00', '--job-id', '65', '--raw', '--subdir', 'DAGS_FOLDER/***/dags/market_intelligence_dag.py', '--cfg-path', '/tmp/tmppvz3dnm9']
[2026-04-06T01:22:41.944+0000] {standard_task_runner.py:88} INFO - Job 65: Subtask ingest_yahoo_finance
[2026-04-06T01:22:41.958+0000] {task_command.py:423} INFO - Running <TaskInstance: market_intelligence_pipeline.ingest_yahoo_finance manual__2026-04-06T01:17:37.487911+00:00 [running]> on host 737eb838730f
[2026-04-06T01:22:41.979+0000] {taskinstance.py:2481} INFO - Exporting env vars: AIRFLOW_CTX_DAG_OWNER='andres' AIRFLOW_CTX_DAG_ID='market_intelligence_pipeline' AIRFLOW_CTX_TASK_ID='ingest_yahoo_finance' AIRFLOW_CTX_EXECUTION_DATE='2026-04-06T01:17:37.487911+00:00' AIRFLOW_CTX_TRY_NUMBER='2' AIRFLOW_CTX_DAG_RUN_ID='manual__2026-04-06T01:17:37.487911+00:00'
[2026-04-06T01:22:41.979+0000] {subprocess.py:63} INFO - Tmp dir root location: /tmp
[2026-04-06T01:22:41.980+0000] {subprocess.py:75} INFO - Running command: ['/usr/bin/bash', '-c', 'cd /opt/***/dags && python3 ingestion/ingestion_script.py']
[2026-04-06T01:22:41.983+0000] {subprocess.py:86} INFO - Output:
[2026-04-06T01:22:42.231+0000] {subprocess.py:93} INFO - 2026-04-06 01:22:42,231 | INFO | ============================================================
[2026-04-06T01:22:42.232+0000] {subprocess.py:93} INFO - 2026-04-06 01:22:42,231 | INFO | Starting Yahoo Finance ingestion
[2026-04-06T01:22:42.232+0000] {subprocess.py:93} INFO - 2026-04-06 01:22:42,231 | INFO | Tickers: ['AAPL', 'MSFT', 'NVDA', 'JPM', 'GS', 'BAC', 'JNJ', 'PFE', 'UNH', 'XOM', 'CVX', 'AMZN', 'WMT', 'COST']
[2026-04-06T01:22:42.232+0000] {subprocess.py:93} INFO - 2026-04-06 01:22:42,231 | INFO | Period: 2y
[2026-04-06T01:22:42.233+0000] {subprocess.py:93} INFO - 2026-04-06 01:22:42,231 | INFO | ============================================================
[2026-04-06T01:22:42.233+0000] {subprocess.py:93} INFO - 2026-04-06 01:22:42,231 | INFO | Output directory ready: data/bronze/yahoo_finance
[2026-04-06T01:22:42.233+0000] {subprocess.py:93} INFO - 2026-04-06 01:22:42,231 | INFO | Fetching data for AAPL...
[2026-04-06T01:22:42.408+0000] {subprocess.py:93} INFO - 2026-04-06 01:22:42,407 | WARNING | No data returned for AAPL - skipping.
[2026-04-06T01:22:42.409+0000] {subprocess.py:93} INFO - 2026-04-06 01:22:42,408 | INFO | Fetching data for MSFT...
[2026-04-06T01:22:42.563+0000] {subprocess.py:93} INFO - 2026-04-06 01:22:42,562 | WARNING | No data returned for MSFT - skipping.
[2026-04-06T01:22:42.565+0000] {subprocess.py:93} INFO - 2026-04-06 01:22:42,563 | INFO | Fetching data for NVDA...
[2026-04-06T01:22:42.733+0000] {subprocess.py:93} INFO - 2026-04-06 01:22:42,732 | WARNING | No data returned for NVDA - skipping.
[2026-04-06T01:22:42.733+0000] {subprocess.py:93} INFO - 2026-04-06 01:22:42,732 | INFO | Fetching data for JPM...
[2026-04-06T01:22:42.882+0000] {subprocess.py:93} INFO - 2026-04-06 01:22:42,882 | WARNING | No data returned for JPM - skipping.
[2026-04-06T01:22:42.882+0000] {subprocess.py:93} INFO - 2026-04-06 01:22:42,882 | INFO | Fetching data for GS...
[2026-04-06T01:22:43.029+0000] {subprocess.py:93} INFO - 2026-04-06 01:22:43,028 | WARNING | No data returned for GS - skipping.
[2026-04-06T01:22:43.029+0000] {subprocess.py:93} INFO - 2026-04-06 01:22:43,028 | INFO | Fetching data for BAC...
[2026-04-06T01:22:43.191+0000] {subprocess.py:93} INFO - 2026-04-06 01:22:43,191 | WARNING | No data returned for BAC - skipping.
[2026-04-06T01:22:43.191+0000] {subprocess.py:93} INFO - 2026-04-06 01:22:43,191 | INFO | Fetching data for JNJ...
[2026-04-06T01:22:43.334+0000] {subprocess.py:93} INFO - 2026-04-06 01:22:43,334 | WARNING | No data returned for JNJ - skipping.
[2026-04-06T01:22:43.335+0000] {subprocess.py:93} INFO - 2026-04-06 01:22:43,334 | INFO | Fetching data for PFE...
[2026-04-06T01:22:43.480+0000] {subprocess.py:93} INFO - 2026-04-06 01:22:43,480 | WARNING | No data returned for PFE - skipping.
[2026-04-06T01:22:43.481+0000] {subprocess.py:93} INFO - 2026-04-06 01:22:43,480 | INFO | Fetching data for UNH...
[2026-04-06T01:22:43.664+0000] {subprocess.py:93} INFO - 2026-04-06 01:22:43,663 | WARNING | No data returned for UNH - skipping.
[2026-04-06T01:22:43.666+0000] {subprocess.py:93} INFO - 2026-04-06 01:22:43,663 | INFO | Fetching data for XOM...
[2026-04-06T01:22:43.852+0000] {subprocess.py:93} INFO - 2026-04-06 01:22:43,852 | WARNING | No data returned for XOM - skipping.
[2026-04-06T01:22:43.854+0000] {subprocess.py:93} INFO - 2026-04-06 01:22:43,853 | INFO | Fetching data for CVX...
[2026-04-06T01:22:44.039+0000] {subprocess.py:93} INFO - 2026-04-06 01:22:44,038 | WARNING | No data returned for CVX - skipping.
[2026-04-06T01:22:44.039+0000] {subprocess.py:93} INFO - 2026-04-06 01:22:44,038 | INFO | Fetching data for AMZN...
[2026-04-06T01:22:44.219+0000] {subprocess.py:93} INFO - 2026-04-06 01:22:44,218 | WARNING | No data returned for AMZN - skipping.
[2026-04-06T01:22:44.219+0000] {subprocess.py:93} INFO - 2026-04-06 01:22:44,219 | INFO | Fetching data for WMT...
[2026-04-06T01:22:44.380+0000] {subprocess.py:93} INFO - 2026-04-06 01:22:44,379 | WARNING | No data returned for WMT - skipping.
[2026-04-06T01:22:44.381+0000] {subprocess.py:93} INFO - 2026-04-06 01:22:44,380 | INFO | Fetching data for COST...
[2026-04-06T01:22:44.544+0000] {subprocess.py:93} INFO - 2026-04-06 01:22:44,543 | WARNING | No data returned for COST - skipping.
[2026-04-06T01:22:44.545+0000] {subprocess.py:93} INFO - AAPL: No data found for this date range, symbol may be delisted
[2026-04-06T01:22:44.545+0000] {subprocess.py:93} INFO - MSFT: No data found for this date range, symbol may be delisted
[2026-04-06T01:22:44.545+0000] {subprocess.py:93} INFO - NVDA: No data found for this date range, symbol may be delisted
[2026-04-06T01:22:44.546+0000] {subprocess.py:93} INFO - JPM: No data found for this date range, symbol may be delisted
[2026-04-06T01:22:44.546+0000] {subprocess.py:93} INFO - GS: No data found for this date range, symbol may be delisted
[2026-04-06T01:22:44.546+0000] {subprocess.py:93} INFO - BAC: No data found for this date range, symbol may be delisted
[2026-04-06T01:22:44.546+0000] {subprocess.py:93} INFO - JNJ: No data found for this date range, symbol may be delisted
[2026-04-06T01:22:44.546+0000] {subprocess.py:93} INFO - PFE: No data found for this date range, symbol may be delisted
[2026-04-06T01:22:44.547+0000] {subprocess.py:93} INFO - UNH: No data found for this date range, symbol may be delisted
[2026-04-06T01:22:44.547+0000] {subprocess.py:93} INFO - XOM: No data found for this date range, symbol may be delisted
[2026-04-06T01:22:44.547+0000] {subprocess.py:93} INFO - CVX: No data found for this date range, symbol may be delisted
[2026-04-06T01:22:44.547+0000] {subprocess.py:93} INFO - AMZN: No data found for this date range, symbol may be delisted
[2026-04-06T01:22:44.547+0000] {subprocess.py:93} INFO - WMT: No data found for this date range, symbol may be delisted
[2026-04-06T01:22:44.548+0000] {subprocess.py:93} INFO - COST: No data found for this date range, symbol may be delisted
[2026-04-06T01:22:44.548+0000] {subprocess.py:93} INFO - Traceback (most recent call last):
[2026-04-06T01:22:44.548+0000] {subprocess.py:93} INFO -   File "ingestion/ingestion_script.py", line 216, in <module>
[2026-04-06T01:22:44.548+0000] {subprocess.py:93} INFO -     main()
[2026-04-06T01:22:44.548+0000] {subprocess.py:93} INFO -   File "ingestion/ingestion_script.py", line 189, in main
[2026-04-06T01:22:44.548+0000] {subprocess.py:93} INFO -     df = fetch_stock_data(TICKERS, PERIOD)
[2026-04-06T01:22:44.549+0000] {subprocess.py:93} INFO -   File "ingestion/ingestion_script.py", line 123, in fetch_stock_data
[2026-04-06T01:22:44.549+0000] {subprocess.py:93} INFO -     raise ValueError("No data was feteched for any ticker. Check your ticker list")
[2026-04-06T01:22:44.549+0000] {subprocess.py:93} INFO - ValueError: No data was feteched for any ticker. Check your ticker list
[2026-04-06T01:22:44.613+0000] {subprocess.py:97} INFO - Command exited with return code 1
[2026-04-06T01:22:44.620+0000] {taskinstance.py:2699} ERROR - Task failed with exception
Traceback (most recent call last):
  File "/home/airflow/.local/lib/python3.8/site-packages/airflow/models/taskinstance.py", line 433, in _execute_task
    result = execute_callable(context=context, **execute_callable_kwargs)
  File "/home/airflow/.local/lib/python3.8/site-packages/airflow/operators/bash.py", line 212, in execute
    raise AirflowException(
airflow.exceptions.AirflowException: Bash command failed. The command returned a non-zero exit code 1.
[2026-04-06T01:22:44.622+0000] {taskinstance.py:1138} INFO - Marking task as FAILED. dag_id=market_intelligence_pipeline, task_id=ingest_yahoo_finance, execution_date=20260406T011737, start_date=20260406T012241, end_date=20260406T012244
[2026-04-06T01:22:44.628+0000] {standard_task_runner.py:107} ERROR - Failed to execute job 65 for task ingest_yahoo_finance (Bash command failed. The command returned a non-zero exit code 1.; 398)
[2026-04-06T01:22:44.652+0000] {local_task_job_runner.py:234} INFO - Task exited with return code 1
[2026-04-06T01:22:44.663+0000] {taskinstance.py:3281} INFO - 0 downstream tasks scheduled from follow-on schedule check
