[2026-04-06T01:59:03.317+0000] {taskinstance.py:1957} INFO - Dependencies all met for dep_context=non-requeueable deps ti=<TaskInstance: market_intelligence_pipeline.ingest_yahoo_finance manual__2026-04-06T01:53:38.992838+00:00 [queued]>
[2026-04-06T01:59:03.320+0000] {taskinstance.py:1957} INFO - Dependencies all met for dep_context=requeueable deps ti=<TaskInstance: market_intelligence_pipeline.ingest_yahoo_finance manual__2026-04-06T01:53:38.992838+00:00 [queued]>
[2026-04-06T01:59:03.320+0000] {taskinstance.py:2171} INFO - Starting attempt 2 of 2
[2026-04-06T01:59:03.323+0000] {taskinstance.py:2192} INFO - Executing <Task(BashOperator): ingest_yahoo_finance> on 2026-04-06 01:53:38.992838+00:00
[2026-04-06T01:59:03.325+0000] {standard_task_runner.py:60} INFO - Started process 198 to run task
[2026-04-06T01:59:03.326+0000] {standard_task_runner.py:87} INFO - Running: ['***', 'tasks', 'run', 'market_intelligence_pipeline', 'ingest_yahoo_finance', 'manual__2026-04-06T01:53:38.992838+00:00', '--job-id', '75', '--raw', '--subdir', 'DAGS_FOLDER/***/dags/market_intelligence_dag.py', '--cfg-path', '/tmp/tmp8gwn65qw']
[2026-04-06T01:59:03.327+0000] {standard_task_runner.py:88} INFO - Job 75: Subtask ingest_yahoo_finance
[2026-04-06T01:59:03.341+0000] {task_command.py:423} INFO - Running <TaskInstance: market_intelligence_pipeline.ingest_yahoo_finance manual__2026-04-06T01:53:38.992838+00:00 [running]> on host 0c953fd4b9ef
[2026-04-06T01:59:03.362+0000] {taskinstance.py:2481} INFO - Exporting env vars: AIRFLOW_CTX_DAG_OWNER='andres' AIRFLOW_CTX_DAG_ID='market_intelligence_pipeline' AIRFLOW_CTX_TASK_ID='ingest_yahoo_finance' AIRFLOW_CTX_EXECUTION_DATE='2026-04-06T01:53:38.992838+00:00' AIRFLOW_CTX_TRY_NUMBER='2' AIRFLOW_CTX_DAG_RUN_ID='manual__2026-04-06T01:53:38.992838+00:00'
[2026-04-06T01:59:03.363+0000] {subprocess.py:63} INFO - Tmp dir root location: /tmp
[2026-04-06T01:59:03.363+0000] {subprocess.py:75} INFO - Running command: ['/usr/bin/bash', '-c', 'cd /opt/***/dags && python3 ingestion/ingestion_script.py']
[2026-04-06T01:59:03.366+0000] {subprocess.py:86} INFO - Output:
[2026-04-06T01:59:03.639+0000] {subprocess.py:93} INFO - 2026-04-06 01:59:03,639 | INFO | ============================================================
[2026-04-06T01:59:03.639+0000] {subprocess.py:93} INFO - 2026-04-06 01:59:03,639 | INFO | Starting Yahoo Finance ingestion
[2026-04-06T01:59:03.639+0000] {subprocess.py:93} INFO - 2026-04-06 01:59:03,639 | INFO | Tickers: ['AAPL', 'MSFT', 'NVDA', 'JPM', 'GS', 'BAC', 'JNJ', 'PFE', 'UNH', 'XOM', 'CVX', 'AMZN', 'WMT', 'COST']
[2026-04-06T01:59:03.639+0000] {subprocess.py:93} INFO - 2026-04-06 01:59:03,639 | INFO | Period: 2y
[2026-04-06T01:59:03.640+0000] {subprocess.py:93} INFO - 2026-04-06 01:59:03,639 | INFO | ============================================================
[2026-04-06T01:59:03.640+0000] {subprocess.py:93} INFO - 2026-04-06 01:59:03,639 | INFO | Output directory ready: data/bronze/yahoo_finance
[2026-04-06T01:59:03.640+0000] {subprocess.py:93} INFO - 2026-04-06 01:59:03,639 | INFO | Fetching data for AAPL...
[2026-04-06T01:59:03.640+0000] {subprocess.py:93} INFO - 2026-04-06 01:59:03,640 | INFO | Failed to create TzCache, reason: Error creating TzCache folder: '/home/***/.cache/py-yfinance' reason: [Errno 13] Permission denied: '/home/***/.cache/py-yfinance'. TzCache will not be used. Tip: You can direct cache to use a different location with 'set_tz_cache_location(mylocation)'
[2026-04-06T01:59:03.640+0000] {subprocess.py:93} INFO - 2026-04-06 01:59:03,640 | INFO | Failed to create CookieCache, reason: Error creating CookieCache folder: '/home/***/.cache/py-yfinance' reason: [Errno 13] Permission denied: '/home/***/.cache/py-yfinance'. CookieCache will not be used. Tip: You can direct cache to use a different location with 'set_tz_cache_location(mylocation)'
[2026-04-06T01:59:04.844+0000] {subprocess.py:93} INFO - 2026-04-06 01:59:04,844 | ERROR | Failed to get ticker 'AAPL' reason: Expecting value: line 1 column 1 (char 0)
[2026-04-06T01:59:05.537+0000] {subprocess.py:93} INFO - 2026-04-06 01:59:05,537 | ERROR | AAPL: No price data found, symbol may be delisted (period=2y)
[2026-04-06T01:59:05.538+0000] {subprocess.py:93} INFO - 2026-04-06 01:59:05,538 | WARNING | No data returned for AAPL - skipping.
[2026-04-06T01:59:05.538+0000] {subprocess.py:93} INFO - 2026-04-06 01:59:05,538 | INFO | Fetching data for MSFT...
[2026-04-06T01:59:06.406+0000] {subprocess.py:93} INFO - 2026-04-06 01:59:06,406 | ERROR | Failed to get ticker 'MSFT' reason: Expecting value: line 1 column 1 (char 0)
[2026-04-06T01:59:07.049+0000] {subprocess.py:93} INFO - 2026-04-06 01:59:07,049 | ERROR | MSFT: No price data found, symbol may be delisted (period=2y)
[2026-04-06T01:59:07.049+0000] {subprocess.py:93} INFO - 2026-04-06 01:59:07,049 | WARNING | No data returned for MSFT - skipping.
[2026-04-06T01:59:07.050+0000] {subprocess.py:93} INFO - 2026-04-06 01:59:07,049 | INFO | Fetching data for NVDA...
[2026-04-06T01:59:07.900+0000] {subprocess.py:93} INFO - 2026-04-06 01:59:07,899 | ERROR | Failed to get ticker 'NVDA' reason: Expecting value: line 1 column 1 (char 0)
[2026-04-06T01:59:08.581+0000] {subprocess.py:93} INFO - 2026-04-06 01:59:08,581 | ERROR | NVDA: No price data found, symbol may be delisted (period=2y)
[2026-04-06T01:59:08.582+0000] {subprocess.py:93} INFO - 2026-04-06 01:59:08,582 | WARNING | No data returned for NVDA - skipping.
[2026-04-06T01:59:08.582+0000] {subprocess.py:93} INFO - 2026-04-06 01:59:08,582 | INFO | Fetching data for JPM...
[2026-04-06T01:59:09.475+0000] {subprocess.py:93} INFO - 2026-04-06 01:59:09,475 | ERROR | Failed to get ticker 'JPM' reason: Expecting value: line 1 column 1 (char 0)
[2026-04-06T01:59:10.164+0000] {subprocess.py:93} INFO - 2026-04-06 01:59:10,164 | ERROR | JPM: No price data found, symbol may be delisted (period=2y)
[2026-04-06T01:59:10.164+0000] {subprocess.py:93} INFO - 2026-04-06 01:59:10,164 | WARNING | No data returned for JPM - skipping.
[2026-04-06T01:59:10.164+0000] {subprocess.py:93} INFO - 2026-04-06 01:59:10,164 | INFO | Fetching data for GS...
[2026-04-06T01:59:10.982+0000] {subprocess.py:93} INFO - 2026-04-06 01:59:10,982 | ERROR | Failed to get ticker 'GS' reason: Expecting value: line 1 column 1 (char 0)
[2026-04-06T01:59:11.640+0000] {subprocess.py:93} INFO - 2026-04-06 01:59:11,640 | ERROR | GS: No price data found, symbol may be delisted (period=2y)
[2026-04-06T01:59:11.641+0000] {subprocess.py:93} INFO - 2026-04-06 01:59:11,640 | WARNING | No data returned for GS - skipping.
[2026-04-06T01:59:11.641+0000] {subprocess.py:93} INFO - 2026-04-06 01:59:11,641 | INFO | Fetching data for BAC...
[2026-04-06T01:59:12.550+0000] {subprocess.py:93} INFO - 2026-04-06 01:59:12,550 | ERROR | Failed to get ticker 'BAC' reason: Expecting value: line 1 column 1 (char 0)
[2026-04-06T01:59:13.222+0000] {subprocess.py:93} INFO - 2026-04-06 01:59:13,222 | ERROR | BAC: No price data found, symbol may be delisted (period=2y)
[2026-04-06T01:59:13.222+0000] {subprocess.py:93} INFO - 2026-04-06 01:59:13,222 | WARNING | No data returned for BAC - skipping.
[2026-04-06T01:59:13.223+0000] {subprocess.py:93} INFO - 2026-04-06 01:59:13,222 | INFO | Fetching data for JNJ...
[2026-04-06T01:59:14.114+0000] {subprocess.py:93} INFO - 2026-04-06 01:59:14,114 | ERROR | Failed to get ticker 'JNJ' reason: Expecting value: line 1 column 1 (char 0)
[2026-04-06T01:59:14.777+0000] {subprocess.py:93} INFO - 2026-04-06 01:59:14,777 | ERROR | JNJ: No price data found, symbol may be delisted (period=2y)
[2026-04-06T01:59:14.778+0000] {subprocess.py:93} INFO - 2026-04-06 01:59:14,778 | WARNING | No data returned for JNJ - skipping.
[2026-04-06T01:59:14.778+0000] {subprocess.py:93} INFO - 2026-04-06 01:59:14,778 | INFO | Fetching data for PFE...
[2026-04-06T01:59:15.594+0000] {subprocess.py:93} INFO - 2026-04-06 01:59:15,594 | ERROR | Failed to get ticker 'PFE' reason: Expecting value: line 1 column 1 (char 0)
[2026-04-06T01:59:16.284+0000] {subprocess.py:93} INFO - 2026-04-06 01:59:16,284 | ERROR | PFE: No price data found, symbol may be delisted (period=2y)
[2026-04-06T01:59:16.284+0000] {subprocess.py:93} INFO - 2026-04-06 01:59:16,284 | WARNING | No data returned for PFE - skipping.
[2026-04-06T01:59:16.284+0000] {subprocess.py:93} INFO - 2026-04-06 01:59:16,284 | INFO | Fetching data for UNH...
[2026-04-06T01:59:17.152+0000] {subprocess.py:93} INFO - 2026-04-06 01:59:17,152 | ERROR | Failed to get ticker 'UNH' reason: Expecting value: line 1 column 1 (char 0)
[2026-04-06T01:59:17.844+0000] {subprocess.py:93} INFO - 2026-04-06 01:59:17,843 | ERROR | UNH: No price data found, symbol may be delisted (period=2y)
[2026-04-06T01:59:17.845+0000] {subprocess.py:93} INFO - 2026-04-06 01:59:17,844 | WARNING | No data returned for UNH - skipping.
[2026-04-06T01:59:17.845+0000] {subprocess.py:93} INFO - 2026-04-06 01:59:17,844 | INFO | Fetching data for XOM...
[2026-04-06T01:59:18.764+0000] {subprocess.py:93} INFO - 2026-04-06 01:59:18,764 | ERROR | Failed to get ticker 'XOM' reason: Expecting value: line 1 column 1 (char 0)
[2026-04-06T01:59:19.421+0000] {subprocess.py:93} INFO - 2026-04-06 01:59:19,421 | ERROR | XOM: No price data found, symbol may be delisted (period=2y)
[2026-04-06T01:59:19.423+0000] {subprocess.py:93} INFO - 2026-04-06 01:59:19,421 | WARNING | No data returned for XOM - skipping.
[2026-04-06T01:59:19.423+0000] {subprocess.py:93} INFO - 2026-04-06 01:59:19,421 | INFO | Fetching data for CVX...
[2026-04-06T01:59:20.293+0000] {subprocess.py:93} INFO - 2026-04-06 01:59:20,293 | ERROR | Failed to get ticker 'CVX' reason: Expecting value: line 1 column 1 (char 0)
[2026-04-06T01:59:20.948+0000] {subprocess.py:93} INFO - 2026-04-06 01:59:20,948 | ERROR | CVX: No price data found, symbol may be delisted (period=2y)
[2026-04-06T01:59:20.949+0000] {subprocess.py:93} INFO - 2026-04-06 01:59:20,948 | WARNING | No data returned for CVX - skipping.
[2026-04-06T01:59:20.950+0000] {subprocess.py:93} INFO - 2026-04-06 01:59:20,948 | INFO | Fetching data for AMZN...
[2026-04-06T01:59:21.845+0000] {subprocess.py:93} INFO - 2026-04-06 01:59:21,845 | ERROR | Failed to get ticker 'AMZN' reason: Expecting value: line 1 column 1 (char 0)
[2026-04-06T01:59:22.453+0000] {subprocess.py:93} INFO - 2026-04-06 01:59:22,453 | ERROR | AMZN: No price data found, symbol may be delisted (period=2y)
[2026-04-06T01:59:22.454+0000] {subprocess.py:93} INFO - 2026-04-06 01:59:22,454 | WARNING | No data returned for AMZN - skipping.
[2026-04-06T01:59:22.454+0000] {subprocess.py:93} INFO - 2026-04-06 01:59:22,454 | INFO | Fetching data for WMT...
[2026-04-06T01:59:23.276+0000] {subprocess.py:93} INFO - 2026-04-06 01:59:23,276 | ERROR | Failed to get ticker 'WMT' reason: Expecting value: line 1 column 1 (char 0)
[2026-04-06T01:59:23.971+0000] {subprocess.py:93} INFO - 2026-04-06 01:59:23,971 | ERROR | WMT: No price data found, symbol may be delisted (period=2y)
[2026-04-06T01:59:23.972+0000] {subprocess.py:93} INFO - 2026-04-06 01:59:23,972 | WARNING | No data returned for WMT - skipping.
[2026-04-06T01:59:23.972+0000] {subprocess.py:93} INFO - 2026-04-06 01:59:23,972 | INFO | Fetching data for COST...
[2026-04-06T01:59:24.822+0000] {subprocess.py:93} INFO - 2026-04-06 01:59:24,822 | ERROR | Failed to get ticker 'COST' reason: Expecting value: line 1 column 1 (char 0)
[2026-04-06T01:59:25.519+0000] {subprocess.py:93} INFO - 2026-04-06 01:59:25,518 | ERROR | COST: No price data found, symbol may be delisted (period=2y)
[2026-04-06T01:59:25.519+0000] {subprocess.py:93} INFO - 2026-04-06 01:59:25,519 | WARNING | No data returned for COST - skipping.
[2026-04-06T01:59:25.520+0000] {subprocess.py:93} INFO - Traceback (most recent call last):
[2026-04-06T01:59:25.520+0000] {subprocess.py:93} INFO -   File "ingestion/ingestion_script.py", line 221, in <module>
[2026-04-06T01:59:25.520+0000] {subprocess.py:93} INFO -     main()
[2026-04-06T01:59:25.520+0000] {subprocess.py:93} INFO -   File "ingestion/ingestion_script.py", line 194, in main
[2026-04-06T01:59:25.520+0000] {subprocess.py:93} INFO -     df = fetch_stock_data(TICKERS, PERIOD)
[2026-04-06T01:59:25.520+0000] {subprocess.py:93} INFO -   File "ingestion/ingestion_script.py", line 128, in fetch_stock_data
[2026-04-06T01:59:25.520+0000] {subprocess.py:93} INFO -     raise ValueError("No data was feteched for any ticker. Check your ticker list")
[2026-04-06T01:59:25.520+0000] {subprocess.py:93} INFO - ValueError: No data was feteched for any ticker. Check your ticker list
[2026-04-06T01:59:25.681+0000] {subprocess.py:97} INFO - Command exited with return code 1
[2026-04-06T01:59:25.690+0000] {taskinstance.py:2699} ERROR - Task failed with exception
Traceback (most recent call last):
  File "/home/airflow/.local/lib/python3.8/site-packages/airflow/models/taskinstance.py", line 433, in _execute_task
    result = execute_callable(context=context, **execute_callable_kwargs)
  File "/home/airflow/.local/lib/python3.8/site-packages/airflow/operators/bash.py", line 212, in execute
    raise AirflowException(
airflow.exceptions.AirflowException: Bash command failed. The command returned a non-zero exit code 1.
[2026-04-06T01:59:25.693+0000] {taskinstance.py:1138} INFO - Marking task as FAILED. dag_id=market_intelligence_pipeline, task_id=ingest_yahoo_finance, execution_date=20260406T015338, start_date=20260406T015903, end_date=20260406T015925
[2026-04-06T01:59:25.703+0000] {standard_task_runner.py:107} ERROR - Failed to execute job 75 for task ingest_yahoo_finance (Bash command failed. The command returned a non-zero exit code 1.; 198)
[2026-04-06T01:59:25.719+0000] {local_task_job_runner.py:234} INFO - Task exited with return code 1
[2026-04-06T01:59:25.734+0000] {taskinstance.py:3281} INFO - 0 downstream tasks scheduled from follow-on schedule check
