[2026-04-06T01:53:39.501+0000] {taskinstance.py:1957} INFO - Dependencies all met for dep_context=non-requeueable deps ti=<TaskInstance: market_intelligence_pipeline.ingest_yahoo_finance manual__2026-04-06T01:53:38.992838+00:00 [queued]>
[2026-04-06T01:53:39.505+0000] {taskinstance.py:1957} INFO - Dependencies all met for dep_context=requeueable deps ti=<TaskInstance: market_intelligence_pipeline.ingest_yahoo_finance manual__2026-04-06T01:53:38.992838+00:00 [queued]>
[2026-04-06T01:53:39.505+0000] {taskinstance.py:2171} INFO - Starting attempt 1 of 2
[2026-04-06T01:53:39.511+0000] {taskinstance.py:2192} INFO - Executing <Task(BashOperator): ingest_yahoo_finance> on 2026-04-06 01:53:38.992838+00:00
[2026-04-06T01:53:39.513+0000] {standard_task_runner.py:60} INFO - Started process 83 to run task
[2026-04-06T01:53:39.515+0000] {standard_task_runner.py:87} INFO - Running: ['***', 'tasks', 'run', 'market_intelligence_pipeline', 'ingest_yahoo_finance', 'manual__2026-04-06T01:53:38.992838+00:00', '--job-id', '74', '--raw', '--subdir', 'DAGS_FOLDER/***/dags/market_intelligence_dag.py', '--cfg-path', '/tmp/tmpbi2aorer']
[2026-04-06T01:53:39.515+0000] {standard_task_runner.py:88} INFO - Job 74: Subtask ingest_yahoo_finance
[2026-04-06T01:53:39.542+0000] {task_command.py:423} INFO - Running <TaskInstance: market_intelligence_pipeline.ingest_yahoo_finance manual__2026-04-06T01:53:38.992838+00:00 [running]> on host 0c953fd4b9ef
[2026-04-06T01:53:39.569+0000] {taskinstance.py:2481} INFO - Exporting env vars: AIRFLOW_CTX_DAG_OWNER='andres' AIRFLOW_CTX_DAG_ID='market_intelligence_pipeline' AIRFLOW_CTX_TASK_ID='ingest_yahoo_finance' AIRFLOW_CTX_EXECUTION_DATE='2026-04-06T01:53:38.992838+00:00' AIRFLOW_CTX_TRY_NUMBER='1' AIRFLOW_CTX_DAG_RUN_ID='manual__2026-04-06T01:53:38.992838+00:00'
[2026-04-06T01:53:39.570+0000] {subprocess.py:63} INFO - Tmp dir root location: /tmp
[2026-04-06T01:53:39.570+0000] {subprocess.py:75} INFO - Running command: ['/usr/bin/bash', '-c', 'cd /opt/***/dags && python3 ingestion/ingestion_script.py']
[2026-04-06T01:53:39.575+0000] {subprocess.py:86} INFO - Output:
[2026-04-06T01:53:40.256+0000] {subprocess.py:93} INFO - 2026-04-06 01:53:40,256 | INFO | ============================================================
[2026-04-06T01:53:40.256+0000] {subprocess.py:93} INFO - 2026-04-06 01:53:40,256 | INFO | Starting Yahoo Finance ingestion
[2026-04-06T01:53:40.256+0000] {subprocess.py:93} INFO - 2026-04-06 01:53:40,256 | INFO | Tickers: ['AAPL', 'MSFT', 'NVDA', 'JPM', 'GS', 'BAC', 'JNJ', 'PFE', 'UNH', 'XOM', 'CVX', 'AMZN', 'WMT', 'COST']
[2026-04-06T01:53:40.256+0000] {subprocess.py:93} INFO - 2026-04-06 01:53:40,256 | INFO | Period: 2y
[2026-04-06T01:53:40.257+0000] {subprocess.py:93} INFO - 2026-04-06 01:53:40,256 | INFO | ============================================================
[2026-04-06T01:53:40.257+0000] {subprocess.py:93} INFO - 2026-04-06 01:53:40,256 | INFO | Output directory ready: data/bronze/yahoo_finance
[2026-04-06T01:53:40.257+0000] {subprocess.py:93} INFO - 2026-04-06 01:53:40,256 | INFO | Fetching data for AAPL...
[2026-04-06T01:53:40.257+0000] {subprocess.py:93} INFO - 2026-04-06 01:53:40,256 | INFO | Failed to create TzCache, reason: Error creating TzCache folder: '/home/***/.cache/py-yfinance' reason: [Errno 13] Permission denied: '/home/***/.cache/py-yfinance'. TzCache will not be used. Tip: You can direct cache to use a different location with 'set_tz_cache_location(mylocation)'
[2026-04-06T01:53:40.257+0000] {subprocess.py:93} INFO - 2026-04-06 01:53:40,256 | INFO | Failed to create CookieCache, reason: Error creating CookieCache folder: '/home/***/.cache/py-yfinance' reason: [Errno 13] Permission denied: '/home/***/.cache/py-yfinance'. CookieCache will not be used. Tip: You can direct cache to use a different location with 'set_tz_cache_location(mylocation)'
[2026-04-06T01:53:41.492+0000] {subprocess.py:93} INFO - 2026-04-06 01:53:41,492 | ERROR | Failed to get ticker 'AAPL' reason: Expecting value: line 1 column 1 (char 0)
[2026-04-06T01:53:42.063+0000] {subprocess.py:93} INFO - 2026-04-06 01:53:42,063 | ERROR | AAPL: No price data found, symbol may be delisted (period=2y)
[2026-04-06T01:53:42.064+0000] {subprocess.py:93} INFO - 2026-04-06 01:53:42,063 | WARNING | No data returned for AAPL - skipping.
[2026-04-06T01:53:42.064+0000] {subprocess.py:93} INFO - 2026-04-06 01:53:42,063 | INFO | Fetching data for MSFT...
[2026-04-06T01:53:42.950+0000] {subprocess.py:93} INFO - 2026-04-06 01:53:42,949 | ERROR | Failed to get ticker 'MSFT' reason: Expecting value: line 1 column 1 (char 0)
[2026-04-06T01:53:43.623+0000] {subprocess.py:93} INFO - 2026-04-06 01:53:43,623 | ERROR | MSFT: No price data found, symbol may be delisted (period=2y)
[2026-04-06T01:53:43.624+0000] {subprocess.py:93} INFO - 2026-04-06 01:53:43,623 | WARNING | No data returned for MSFT - skipping.
[2026-04-06T01:53:43.624+0000] {subprocess.py:93} INFO - 2026-04-06 01:53:43,623 | INFO | Fetching data for NVDA...
[2026-04-06T01:53:44.516+0000] {subprocess.py:93} INFO - 2026-04-06 01:53:44,516 | ERROR | Failed to get ticker 'NVDA' reason: Expecting value: line 1 column 1 (char 0)
[2026-04-06T01:53:45.189+0000] {subprocess.py:93} INFO - 2026-04-06 01:53:45,189 | ERROR | NVDA: No price data found, symbol may be delisted (period=2y)
[2026-04-06T01:53:45.190+0000] {subprocess.py:93} INFO - 2026-04-06 01:53:45,189 | WARNING | No data returned for NVDA - skipping.
[2026-04-06T01:53:45.190+0000] {subprocess.py:93} INFO - 2026-04-06 01:53:45,189 | INFO | Fetching data for JPM...
[2026-04-06T01:53:46.110+0000] {subprocess.py:93} INFO - 2026-04-06 01:53:46,109 | ERROR | Failed to get ticker 'JPM' reason: Expecting value: line 1 column 1 (char 0)
[2026-04-06T01:53:46.792+0000] {subprocess.py:93} INFO - 2026-04-06 01:53:46,791 | ERROR | JPM: No price data found, symbol may be delisted (period=2y)
[2026-04-06T01:53:46.792+0000] {subprocess.py:93} INFO - 2026-04-06 01:53:46,792 | WARNING | No data returned for JPM - skipping.
[2026-04-06T01:53:46.793+0000] {subprocess.py:93} INFO - 2026-04-06 01:53:46,792 | INFO | Fetching data for GS...
[2026-04-06T01:53:47.780+0000] {subprocess.py:93} INFO - 2026-04-06 01:53:47,779 | ERROR | Failed to get ticker 'GS' reason: Expecting value: line 1 column 1 (char 0)
[2026-04-06T01:53:48.438+0000] {subprocess.py:93} INFO - 2026-04-06 01:53:48,438 | ERROR | GS: No price data found, symbol may be delisted (period=2y)
[2026-04-06T01:53:48.439+0000] {subprocess.py:93} INFO - 2026-04-06 01:53:48,438 | WARNING | No data returned for GS - skipping.
[2026-04-06T01:53:48.439+0000] {subprocess.py:93} INFO - 2026-04-06 01:53:48,438 | INFO | Fetching data for BAC...
[2026-04-06T01:53:49.321+0000] {subprocess.py:93} INFO - 2026-04-06 01:53:49,321 | ERROR | Failed to get ticker 'BAC' reason: Expecting value: line 1 column 1 (char 0)
[2026-04-06T01:53:49.962+0000] {subprocess.py:93} INFO - 2026-04-06 01:53:49,962 | ERROR | BAC: No price data found, symbol may be delisted (period=2y)
[2026-04-06T01:53:49.963+0000] {subprocess.py:93} INFO - 2026-04-06 01:53:49,963 | WARNING | No data returned for BAC - skipping.
[2026-04-06T01:53:49.963+0000] {subprocess.py:93} INFO - 2026-04-06 01:53:49,963 | INFO | Fetching data for JNJ...
[2026-04-06T01:53:50.787+0000] {subprocess.py:93} INFO - 2026-04-06 01:53:50,787 | ERROR | Failed to get ticker 'JNJ' reason: Expecting value: line 1 column 1 (char 0)
[2026-04-06T01:53:51.383+0000] {subprocess.py:93} INFO - 2026-04-06 01:53:51,382 | ERROR | JNJ: No price data found, symbol may be delisted (period=2y)
[2026-04-06T01:53:51.383+0000] {subprocess.py:93} INFO - 2026-04-06 01:53:51,383 | WARNING | No data returned for JNJ - skipping.
[2026-04-06T01:53:51.383+0000] {subprocess.py:93} INFO - 2026-04-06 01:53:51,383 | INFO | Fetching data for PFE...
[2026-04-06T01:53:52.261+0000] {subprocess.py:93} INFO - 2026-04-06 01:53:52,261 | ERROR | Failed to get ticker 'PFE' reason: Expecting value: line 1 column 1 (char 0)
[2026-04-06T01:53:52.986+0000] {subprocess.py:93} INFO - 2026-04-06 01:53:52,985 | ERROR | PFE: No price data found, symbol may be delisted (period=2y)
[2026-04-06T01:53:52.986+0000] {subprocess.py:93} INFO - 2026-04-06 01:53:52,986 | WARNING | No data returned for PFE - skipping.
[2026-04-06T01:53:52.987+0000] {subprocess.py:93} INFO - 2026-04-06 01:53:52,986 | INFO | Fetching data for UNH...
[2026-04-06T01:53:53.845+0000] {subprocess.py:93} INFO - 2026-04-06 01:53:53,845 | ERROR | Failed to get ticker 'UNH' reason: Expecting value: line 1 column 1 (char 0)
[2026-04-06T01:53:54.459+0000] {subprocess.py:93} INFO - 2026-04-06 01:53:54,459 | ERROR | UNH: No price data found, symbol may be delisted (period=2y)
[2026-04-06T01:53:54.460+0000] {subprocess.py:93} INFO - 2026-04-06 01:53:54,459 | WARNING | No data returned for UNH - skipping.
[2026-04-06T01:53:54.460+0000] {subprocess.py:93} INFO - 2026-04-06 01:53:54,459 | INFO | Fetching data for XOM...
[2026-04-06T01:53:55.364+0000] {subprocess.py:93} INFO - 2026-04-06 01:53:55,364 | ERROR | Failed to get ticker 'XOM' reason: Expecting value: line 1 column 1 (char 0)
[2026-04-06T01:53:56.054+0000] {subprocess.py:93} INFO - 2026-04-06 01:53:56,054 | ERROR | XOM: No price data found, symbol may be delisted (period=2y)
[2026-04-06T01:53:56.054+0000] {subprocess.py:93} INFO - 2026-04-06 01:53:56,054 | WARNING | No data returned for XOM - skipping.
[2026-04-06T01:53:56.055+0000] {subprocess.py:93} INFO - 2026-04-06 01:53:56,054 | INFO | Fetching data for CVX...
[2026-04-06T01:53:56.961+0000] {subprocess.py:93} INFO - 2026-04-06 01:53:56,961 | ERROR | Failed to get ticker 'CVX' reason: Expecting value: line 1 column 1 (char 0)
[2026-04-06T01:53:57.638+0000] {subprocess.py:93} INFO - 2026-04-06 01:53:57,638 | ERROR | CVX: No price data found, symbol may be delisted (period=2y)
[2026-04-06T01:53:57.639+0000] {subprocess.py:93} INFO - 2026-04-06 01:53:57,639 | WARNING | No data returned for CVX - skipping.
[2026-04-06T01:53:57.640+0000] {subprocess.py:93} INFO - 2026-04-06 01:53:57,639 | INFO | Fetching data for AMZN...
[2026-04-06T01:53:58.583+0000] {subprocess.py:93} INFO - 2026-04-06 01:53:58,582 | ERROR | Failed to get ticker 'AMZN' reason: Expecting value: line 1 column 1 (char 0)
[2026-04-06T01:53:59.228+0000] {subprocess.py:93} INFO - 2026-04-06 01:53:59,227 | ERROR | AMZN: No price data found, symbol may be delisted (period=2y)
[2026-04-06T01:53:59.228+0000] {subprocess.py:93} INFO - 2026-04-06 01:53:59,228 | WARNING | No data returned for AMZN - skipping.
[2026-04-06T01:53:59.229+0000] {subprocess.py:93} INFO - 2026-04-06 01:53:59,228 | INFO | Fetching data for WMT...
[2026-04-06T01:54:00.092+0000] {subprocess.py:93} INFO - 2026-04-06 01:54:00,091 | ERROR | Failed to get ticker 'WMT' reason: Expecting value: line 1 column 1 (char 0)
[2026-04-06T01:54:00.790+0000] {subprocess.py:93} INFO - 2026-04-06 01:54:00,789 | ERROR | WMT: No price data found, symbol may be delisted (period=2y)
[2026-04-06T01:54:00.791+0000] {subprocess.py:93} INFO - 2026-04-06 01:54:00,791 | WARNING | No data returned for WMT - skipping.
[2026-04-06T01:54:00.792+0000] {subprocess.py:93} INFO - 2026-04-06 01:54:00,791 | INFO | Fetching data for COST...
[2026-04-06T01:54:01.717+0000] {subprocess.py:93} INFO - 2026-04-06 01:54:01,716 | ERROR | Failed to get ticker 'COST' reason: Expecting value: line 1 column 1 (char 0)
[2026-04-06T01:54:02.409+0000] {subprocess.py:93} INFO - 2026-04-06 01:54:02,408 | ERROR | COST: No price data found, symbol may be delisted (period=2y)
[2026-04-06T01:54:02.409+0000] {subprocess.py:93} INFO - 2026-04-06 01:54:02,409 | WARNING | No data returned for COST - skipping.
[2026-04-06T01:54:02.410+0000] {subprocess.py:93} INFO - Traceback (most recent call last):
[2026-04-06T01:54:02.411+0000] {subprocess.py:93} INFO -   File "ingestion/ingestion_script.py", line 221, in <module>
[2026-04-06T01:54:02.411+0000] {subprocess.py:93} INFO -     main()
[2026-04-06T01:54:02.411+0000] {subprocess.py:93} INFO -   File "ingestion/ingestion_script.py", line 194, in main
[2026-04-06T01:54:02.411+0000] {subprocess.py:93} INFO -     df = fetch_stock_data(TICKERS, PERIOD)
[2026-04-06T01:54:02.411+0000] {subprocess.py:93} INFO -   File "ingestion/ingestion_script.py", line 128, in fetch_stock_data
[2026-04-06T01:54:02.411+0000] {subprocess.py:93} INFO -     raise ValueError("No data was feteched for any ticker. Check your ticker list")
[2026-04-06T01:54:02.412+0000] {subprocess.py:93} INFO - ValueError: No data was feteched for any ticker. Check your ticker list
[2026-04-06T01:54:02.494+0000] {subprocess.py:97} INFO - Command exited with return code 1
[2026-04-06T01:54:02.500+0000] {taskinstance.py:2699} ERROR - Task failed with exception
Traceback (most recent call last):
  File "/home/airflow/.local/lib/python3.8/site-packages/airflow/models/taskinstance.py", line 433, in _execute_task
    result = execute_callable(context=context, **execute_callable_kwargs)
  File "/home/airflow/.local/lib/python3.8/site-packages/airflow/operators/bash.py", line 212, in execute
    raise AirflowException(
airflow.exceptions.AirflowException: Bash command failed. The command returned a non-zero exit code 1.
[2026-04-06T01:54:02.502+0000] {taskinstance.py:1138} INFO - Marking task as UP_FOR_RETRY. dag_id=market_intelligence_pipeline, task_id=ingest_yahoo_finance, execution_date=20260406T015338, start_date=20260406T015339, end_date=20260406T015402
[2026-04-06T01:54:02.507+0000] {standard_task_runner.py:107} ERROR - Failed to execute job 74 for task ingest_yahoo_finance (Bash command failed. The command returned a non-zero exit code 1.; 83)
[2026-04-06T01:54:02.514+0000] {local_task_job_runner.py:234} INFO - Task exited with return code 1
[2026-04-06T01:54:02.523+0000] {taskinstance.py:3281} INFO - 0 downstream tasks scheduled from follow-on schedule check
