[2026-04-06T02:43:03.340+0000] {taskinstance.py:1957} INFO - Dependencies all met for dep_context=non-requeueable deps ti=<TaskInstance: market_intelligence_pipeline.ingest_fred_macro manual__2026-04-06T02:43:02.115230+00:00 [queued]>
[2026-04-06T02:43:03.345+0000] {taskinstance.py:1957} INFO - Dependencies all met for dep_context=requeueable deps ti=<TaskInstance: market_intelligence_pipeline.ingest_fred_macro manual__2026-04-06T02:43:02.115230+00:00 [queued]>
[2026-04-06T02:43:03.345+0000] {taskinstance.py:2171} INFO - Starting attempt 1 of 2
[2026-04-06T02:43:03.351+0000] {taskinstance.py:2192} INFO - Executing <Task(BashOperator): ingest_fred_macro> on 2026-04-06 02:43:02.115230+00:00
[2026-04-06T02:43:03.353+0000] {standard_task_runner.py:60} INFO - Started process 637 to run task
[2026-04-06T02:43:03.355+0000] {standard_task_runner.py:87} INFO - Running: ['***', 'tasks', 'run', 'market_intelligence_pipeline', 'ingest_fred_macro', 'manual__2026-04-06T02:43:02.115230+00:00', '--job-id', '88', '--raw', '--subdir', 'DAGS_FOLDER/***/dags/market_intelligence_dag.py', '--cfg-path', '/tmp/tmpaiv9b95j']
[2026-04-06T02:43:03.356+0000] {standard_task_runner.py:88} INFO - Job 88: Subtask ingest_fred_macro
[2026-04-06T02:43:03.376+0000] {task_command.py:423} INFO - Running <TaskInstance: market_intelligence_pipeline.ingest_fred_macro manual__2026-04-06T02:43:02.115230+00:00 [running]> on host 2232e66fe841
[2026-04-06T02:43:03.402+0000] {taskinstance.py:2481} INFO - Exporting env vars: AIRFLOW_CTX_DAG_OWNER='andres' AIRFLOW_CTX_DAG_ID='market_intelligence_pipeline' AIRFLOW_CTX_TASK_ID='ingest_fred_macro' AIRFLOW_CTX_EXECUTION_DATE='2026-04-06T02:43:02.115230+00:00' AIRFLOW_CTX_TRY_NUMBER='1' AIRFLOW_CTX_DAG_RUN_ID='manual__2026-04-06T02:43:02.115230+00:00'
[2026-04-06T02:43:03.402+0000] {subprocess.py:63} INFO - Tmp dir root location: /tmp
[2026-04-06T02:43:03.403+0000] {subprocess.py:75} INFO - Running command: ['/usr/bin/bash', '-c', 'cd /opt/***/dags && python3 ingestion/fred_macro.py']
[2026-04-06T02:43:03.407+0000] {subprocess.py:86} INFO - Output:
[2026-04-06T02:43:03.635+0000] {subprocess.py:93} INFO - 2026-04-06 02:43:03,634 | INFO | ============================================================
[2026-04-06T02:43:03.635+0000] {subprocess.py:93} INFO - 2026-04-06 02:43:03,635 | INFO | Starting FRED macro ingestion
[2026-04-06T02:43:03.636+0000] {subprocess.py:93} INFO - 2026-04-06 02:43:03,635 | INFO | Indicators: ['FEDFUNDS', 'CPIAUCSL', 'GS10', 'UNRATE', 'GDP']
[2026-04-06T02:43:03.639+0000] {subprocess.py:93} INFO - 2026-04-06 02:43:03,635 | INFO | Date range: 2024-01-01 to 2026-04-06
[2026-04-06T02:43:03.640+0000] {subprocess.py:93} INFO - 2026-04-06 02:43:03,635 | INFO | ============================================================
[2026-04-06T02:43:03.640+0000] {subprocess.py:93} INFO - 2026-04-06 02:43:03,636 | INFO | Output directory ready: data/bronze/fred_macro
[2026-04-06T02:43:03.640+0000] {subprocess.py:93} INFO - 2026-04-06 02:43:03,636 | INFO | Fetching FEDFUNDS (federal_funds_rate)...
[2026-04-06T02:43:04.275+0000] {subprocess.py:93} INFO - 2026-04-06 02:43:04,275 | INFO |   -> 27 rows fetched for FEDFUNDS
[2026-04-06T02:43:04.275+0000] {subprocess.py:93} INFO - 2026-04-06 02:43:04,275 | INFO | Fetching CPIAUCSL (consumer_price_index)...
[2026-04-06T02:43:04.422+0000] {subprocess.py:93} INFO - 2026-04-06 02:43:04,421 | WARNING |   -> 1 null values dropped for CPIAUCSL
[2026-04-06T02:43:04.424+0000] {subprocess.py:93} INFO - 2026-04-06 02:43:04,424 | INFO |   -> 25 rows fetched for CPIAUCSL
[2026-04-06T02:43:04.424+0000] {subprocess.py:93} INFO - 2026-04-06 02:43:04,424 | INFO | Fetching GS10 (treasury_yield_10y)...
[2026-04-06T02:43:04.620+0000] {subprocess.py:93} INFO - 2026-04-06 02:43:04,620 | INFO |   -> 27 rows fetched for GS10
[2026-04-06T02:43:04.622+0000] {subprocess.py:93} INFO - 2026-04-06 02:43:04,621 | INFO | Fetching UNRATE (unemployment_rate)...
[2026-04-06T02:43:04.788+0000] {subprocess.py:93} INFO - 2026-04-06 02:43:04,788 | WARNING |   -> 1 null values dropped for UNRATE
[2026-04-06T02:43:04.790+0000] {subprocess.py:93} INFO - 2026-04-06 02:43:04,790 | INFO |   -> 26 rows fetched for UNRATE
[2026-04-06T02:43:04.793+0000] {subprocess.py:93} INFO - 2026-04-06 02:43:04,790 | INFO | Fetching GDP (gross_domestic_product)...
[2026-04-06T02:43:05.440+0000] {subprocess.py:93} INFO - 2026-04-06 02:43:05,440 | INFO |   -> 8 rows fetched for GDP
[2026-04-06T02:43:05.443+0000] {subprocess.py:93} INFO - 2026-04-06 02:43:05,443 | INFO | Total rows fetched: 113
[2026-04-06T02:43:05.444+0000] {subprocess.py:93} INFO - 2026-04-06 02:43:05,443 | INFO | Running data quality checks...
[2026-04-06T02:43:05.451+0000] {subprocess.py:93} INFO - 2026-04-06 02:43:05,450 | INFO | Summary by indicator:
[2026-04-06T02:43:05.452+0000] {subprocess.py:93} INFO -            count        min        max
[2026-04-06T02:43:05.454+0000] {subprocess.py:93} INFO - series_id
[2026-04-06T02:43:05.454+0000] {subprocess.py:93} INFO - CPIAUCSL      25    309.698    327.460
[2026-04-06T02:43:05.456+0000] {subprocess.py:93} INFO - FEDFUNDS      27      3.640      5.330
[2026-04-06T02:43:05.458+0000] {subprocess.py:93} INFO - GDP            8  28708.161  31442.483
[2026-04-06T02:43:05.459+0000] {subprocess.py:93} INFO - GS10          27      3.720      4.630
[2026-04-06T02:43:05.459+0000] {subprocess.py:93} INFO - UNRATE        26      3.700      4.500
[2026-04-06T02:43:05.459+0000] {subprocess.py:93} INFO - 2026-04-06 02:43:05,451 | INFO | Quality checks passed. Shape: (113, 6)
[2026-04-06T02:43:05.460+0000] {subprocess.py:93} INFO - 2026-04-06 02:43:05,456 | INFO | Data saved to: data/bronze/fred_macro/fred_macro_2026-04-06.csv
[2026-04-06T02:43:05.461+0000] {subprocess.py:93} INFO - 2026-04-06 02:43:05,456 | INFO | ============================================================
[2026-04-06T02:43:05.462+0000] {subprocess.py:93} INFO - 2026-04-06 02:43:05,456 | INFO | Ingestion complete!
[2026-04-06T02:43:05.462+0000] {subprocess.py:93} INFO - 2026-04-06 02:43:05,456 | INFO | File: data/bronze/fred_macro/fred_macro_2026-04-06.csv
[2026-04-06T02:43:05.462+0000] {subprocess.py:93} INFO - 2026-04-06 02:43:05,456 | INFO | Rows: 113
[2026-04-06T02:43:05.463+0000] {subprocess.py:93} INFO - 2026-04-06 02:43:05,456 | INFO | Indicators: 5 series
[2026-04-06T02:43:05.464+0000] {subprocess.py:93} INFO - 2026-04-06 02:43:05,456 | INFO | ============================================================
[2026-04-06T02:43:05.564+0000] {subprocess.py:97} INFO - Command exited with return code 0
[2026-04-06T02:43:05.582+0000] {taskinstance.py:1138} INFO - Marking task as SUCCESS. dag_id=market_intelligence_pipeline, task_id=ingest_fred_macro, execution_date=20260406T024302, start_date=20260406T024303, end_date=20260406T024305
[2026-04-06T02:43:05.603+0000] {local_task_job_runner.py:234} INFO - Task exited with return code 0
[2026-04-06T02:43:05.617+0000] {taskinstance.py:3281} INFO - 1 downstream tasks scheduled from follow-on schedule check
