[2026-04-01T22:36:38.230+0000] {taskinstance.py:1957} INFO - Dependencies all met for dep_context=non-requeueable deps ti=<TaskInstance: market_intelligence_pipeline.ingest_yahoo_finance scheduled__2026-03-31T18:00:00+00:00 [queued]>
[2026-04-01T22:36:38.234+0000] {taskinstance.py:1957} INFO - Dependencies all met for dep_context=requeueable deps ti=<TaskInstance: market_intelligence_pipeline.ingest_yahoo_finance scheduled__2026-03-31T18:00:00+00:00 [queued]>
[2026-04-01T22:36:38.234+0000] {taskinstance.py:2171} INFO - Starting attempt 1 of 2
[2026-04-01T22:36:38.240+0000] {taskinstance.py:2192} INFO - Executing <Task(BashOperator): ingest_yahoo_finance> on 2026-03-31 18:00:00+00:00
[2026-04-01T22:36:38.242+0000] {standard_task_runner.py:60} INFO - Started process 199 to run task
[2026-04-01T22:36:38.244+0000] {standard_task_runner.py:87} INFO - Running: ['***', 'tasks', 'run', 'market_intelligence_pipeline', 'ingest_yahoo_finance', 'scheduled__2026-03-31T18:00:00+00:00', '--job-id', '8', '--raw', '--subdir', 'DAGS_FOLDER/market_intelligence_dag.py', '--cfg-path', '/tmp/tmphmc3a036']
[2026-04-01T22:36:38.245+0000] {standard_task_runner.py:88} INFO - Job 8: Subtask ingest_yahoo_finance
[2026-04-01T22:36:38.265+0000] {task_command.py:423} INFO - Running <TaskInstance: market_intelligence_pipeline.ingest_yahoo_finance scheduled__2026-03-31T18:00:00+00:00 [running]> on host be716571b38f
[2026-04-01T22:36:38.296+0000] {taskinstance.py:2481} INFO - Exporting env vars: AIRFLOW_CTX_DAG_OWNER='andres' AIRFLOW_CTX_DAG_ID='market_intelligence_pipeline' AIRFLOW_CTX_TASK_ID='ingest_yahoo_finance' AIRFLOW_CTX_EXECUTION_DATE='2026-03-31T18:00:00+00:00' AIRFLOW_CTX_TRY_NUMBER='1' AIRFLOW_CTX_DAG_RUN_ID='scheduled__2026-03-31T18:00:00+00:00'
[2026-04-01T22:36:38.297+0000] {subprocess.py:63} INFO - Tmp dir root location: /tmp
[2026-04-01T22:36:38.297+0000] {subprocess.py:75} INFO - Running command: ['/usr/bin/bash', '-c', 'cd /opt/*** && /opt/***/dbt-env/bin/python3 ingestion/ingestion_script.py']
[2026-04-01T22:36:38.301+0000] {subprocess.py:86} INFO - Output:
[2026-04-01T22:36:38.301+0000] {subprocess.py:93} INFO - /usr/bin/bash: line 1: /opt/***/dbt-env/bin/python3: No such file or directory
[2026-04-01T22:36:38.301+0000] {subprocess.py:97} INFO - Command exited with return code 127
[2026-04-01T22:36:38.305+0000] {taskinstance.py:2699} ERROR - Task failed with exception
Traceback (most recent call last):
  File "/home/airflow/.local/lib/python3.8/site-packages/airflow/models/taskinstance.py", line 433, in _execute_task
    result = execute_callable(context=context, **execute_callable_kwargs)
  File "/home/airflow/.local/lib/python3.8/site-packages/airflow/operators/bash.py", line 212, in execute
    raise AirflowException(
airflow.exceptions.AirflowException: Bash command failed. The command returned a non-zero exit code 127.
[2026-04-01T22:36:38.307+0000] {taskinstance.py:1138} INFO - Marking task as UP_FOR_RETRY. dag_id=market_intelligence_pipeline, task_id=ingest_yahoo_finance, execution_date=20260331T180000, start_date=20260401T223638, end_date=20260401T223638
[2026-04-01T22:36:38.311+0000] {standard_task_runner.py:107} ERROR - Failed to execute job 8 for task ingest_yahoo_finance (Bash command failed. The command returned a non-zero exit code 127.; 199)
[2026-04-01T22:36:38.343+0000] {local_task_job_runner.py:234} INFO - Task exited with return code 1
[2026-04-01T22:36:38.353+0000] {taskinstance.py:3281} INFO - 0 downstream tasks scheduled from follow-on schedule check
